2020-11-29 09:30:01,665 - Process-92 [MainThread] - BrowserManager       - DEBUG   : BROWSER 1: Spawn attempt 0 
2020-11-29 09:30:02,750 - Process-92 [MainThread] - deploy_firefox       - DEBUG   : BROWSER 1: OpenWPM Firefox extension loaded
2020-11-29 09:30:04,627 - Process-92 [log-interceptor-1] - selenium_firefox     - DEBUG   : BROWSER 1: driver: 1606660202790	geckodriver	INFO	Listening on 127.0.0.1:37139
2020-11-29 09:30:04,629 - Process-92 [log-interceptor-1] - selenium_firefox     - DEBUG   : BROWSER 1: driver: 1606660203858	mozprofile::profile	INFO	Using profile path /tmp/rust_mozprofile.xOT7hc8M6M0U
2020-11-29 09:30:04,629 - Process-92 [log-interceptor-1] - selenium_firefox     - DEBUG   : BROWSER 1: driver: 1606660203895	geckodriver::marionette	INFO	Starting browser /home/data/maaz/Ads/20v50/firefox-bin/firefox-bin with args []
2020-11-29 09:30:04,629 - Process-92 [log-interceptor-1] - selenium_firefox     - DEBUG   : BROWSER 1: driver: 1606660203917	geckodriver::marionette	INFO	Connecting to Marionette on localhost:45289
2020-11-29 09:30:04,629 - Process-92 [log-interceptor-1] - selenium_firefox     - DEBUG   : BROWSER 1: driver: 1606660204420	addons.manager	DEBUG	Application has been upgraded
2020-11-29 09:30:04,630 - Process-92 [log-interceptor-1] - selenium_firefox     - DEBUG   : BROWSER 1: driver: 1606660204442	addons.manager	DEBUG	Loaded provider scope for resource://gre/modules/addons/XPIProvider.jsm: ["XPIProvider"]
2020-11-29 09:30:04,630 - Process-92 [log-interceptor-1] - selenium_firefox     - DEBUG   : BROWSER 1: driver: 1606660204446	addons.manager	DEBUG	Loaded provider scope for resource://gre/modules/LightweightThemeManager.jsm: ["LightweightThemeManager"]
2020-11-29 09:30:04,630 - Process-92 [log-interceptor-1] - selenium_firefox     - DEBUG   : BROWSER 1: driver: 1606660204450	addons.manager	DEBUG	Loaded provider scope for resource://gre/modules/addons/GMPProvider.jsm
2020-11-29 09:30:04,630 - Process-92 [log-interceptor-1] - selenium_firefox     - DEBUG   : BROWSER 1: driver: 1606660204454	addons.manager	DEBUG	Loaded provider scope for resource://gre/modules/addons/PluginProvider.jsm
2020-11-29 09:30:04,630 - Process-92 [log-interceptor-1] - selenium_firefox     - DEBUG   : BROWSER 1: driver: 1606660204456	addons.manager	DEBUG	Starting provider: XPIProvider
2020-11-29 09:30:04,630 - Process-92 [log-interceptor-1] - selenium_firefox     - DEBUG   : BROWSER 1: driver: 1606660204456	addons.xpi	DEBUG	startup
2020-11-29 09:30:04,630 - Process-92 [log-interceptor-1] - selenium_firefox     - DEBUG   : BROWSER 1: driver: 1606660204458	addons.xpi	INFO	Mapping @openwpm to /home/data/tmp/rust_mozprofile.xOT7hc8M6M0U/extensions/@openwpm
2020-11-29 09:30:04,631 - Process-92 [log-interceptor-1] - selenium_firefox     - DEBUG   : BROWSER 1: driver: 1606660204458	addons.xpi	INFO	SystemAddonInstallLocation directory is missing
2020-11-29 09:30:04,631 - Process-92 [log-interceptor-1] - selenium_firefox     - DEBUG   : BROWSER 1: driver: 1606660204458	addons.xpi	INFO	Mapping e10srollout@mozilla.org to /home/data/maaz/Ads/20v50/firefox-bin/browser/features/e10srollout@mozilla.org.xpi
2020-11-29 09:30:04,631 - Process-92 [log-interceptor-1] - selenium_firefox     - DEBUG   : BROWSER 1: driver: 1606660204458	addons.xpi	INFO	Mapping webcompat@mozilla.org to /home/data/maaz/Ads/20v50/firefox-bin/browser/features/webcompat@mozilla.org.xpi
2020-11-29 09:30:04,631 - Process-92 [log-interceptor-1] - selenium_firefox     - DEBUG   : BROWSER 1: driver: 1606660204458	addons.xpi	INFO	Mapping firefox@getpocket.com to /home/data/maaz/Ads/20v50/firefox-bin/browser/features/firefox@getpocket.com.xpi
2020-11-29 09:30:04,631 - Process-92 [log-interceptor-1] - selenium_firefox     - DEBUG   : BROWSER 1: driver: 1606660204458	addons.xpi	INFO	Mapping aushelper@mozilla.org to /home/data/maaz/Ads/20v50/firefox-bin/browser/features/aushelper@mozilla.org.xpi
2020-11-29 09:30:04,631 - Process-92 [log-interceptor-1] - selenium_firefox     - DEBUG   : BROWSER 1: driver: 1606660204460	addons.xpi	INFO	Mapping {972ce4c6-7e08-4474-a285-3208198ce6fd} to /home/data/maaz/Ads/20v50/firefox-bin/browser/extensions/{972ce4c6-7e08-4474-a285-3208198ce6fd}.xpi
2020-11-29 09:30:04,632 - Process-92 [log-interceptor-1] - selenium_firefox     - DEBUG   : BROWSER 1: driver: 1606660204460	addons.xpi	DEBUG	checkForChanges
2020-11-29 09:30:04,632 - Process-92 [log-interceptor-1] - selenium_firefox     - DEBUG   : BROWSER 1: driver: 1606660204460	addons.xpi	INFO	SystemAddonInstallLocation directory is missing
2020-11-29 09:30:04,632 - Process-92 [log-interceptor-1] - selenium_firefox     - DEBUG   : BROWSER 1: driver: 1606660204460	addons.xpi	DEBUG	Loaded add-on state from prefs: {}
2020-11-29 09:30:04,632 - Process-92 [log-interceptor-1] - selenium_firefox     - DEBUG   : BROWSER 1: driver: 1606660204462	addons.xpi	DEBUG	New add-on @openwpm in app-profile
2020-11-29 09:30:04,632 - Process-92 [log-interceptor-1] - selenium_firefox     - DEBUG   : BROWSER 1: driver: 1606660204462	addons.xpi	DEBUG	getModTime: Recursive scan of @openwpm
2020-11-29 09:30:04,632 - Process-92 [log-interceptor-1] - selenium_firefox     - DEBUG   : BROWSER 1: driver: 1606660204464	addons.xpi	DEBUG	New add-on e10srollout@mozilla.org in app-system-defaults
2020-11-29 09:30:04,632 - Process-92 [log-interceptor-1] - selenium_firefox     - DEBUG   : BROWSER 1: driver: 1606660204464	addons.xpi	DEBUG	getModTime: Recursive scan of e10srollout@mozilla.org
2020-11-29 09:30:04,632 - Process-92 [log-interceptor-1] - selenium_firefox     - DEBUG   : BROWSER 1: driver: 1606660204466	addons.xpi	DEBUG	New add-on webcompat@mozilla.org in app-system-defaults
2020-11-29 09:30:04,633 - Process-92 [log-interceptor-1] - selenium_firefox     - DEBUG   : BROWSER 1: driver: 1606660204466	addons.xpi	DEBUG	getModTime: Recursive scan of webcompat@mozilla.org
2020-11-29 09:30:04,633 - Process-92 [log-interceptor-1] - selenium_firefox     - DEBUG   : BROWSER 1: driver: 1606660204466	addons.xpi	DEBUG	New add-on firefox@getpocket.com in app-system-defaults
2020-11-29 09:30:04,633 - Process-92 [log-interceptor-1] - selenium_firefox     - DEBUG   : BROWSER 1: driver: 1606660204466	addons.xpi	DEBUG	getModTime: Recursive scan of firefox@getpocket.com
2020-11-29 09:30:04,633 - Process-92 [log-interceptor-1] - selenium_firefox     - DEBUG   : BROWSER 1: driver: 1606660204466	addons.xpi	DEBUG	New add-on aushelper@mozilla.org in app-system-defaults
2020-11-29 09:30:04,633 - Process-92 [log-interceptor-1] - selenium_firefox     - DEBUG   : BROWSER 1: driver: 1606660204468	addons.xpi	DEBUG	getModTime: Recursive scan of aushelper@mozilla.org
2020-11-29 09:30:04,633 - Process-92 [log-interceptor-1] - selenium_firefox     - DEBUG   : BROWSER 1: driver: 1606660204468	addons.xpi	DEBUG	New add-on {972ce4c6-7e08-4474-a285-3208198ce6fd} in app-global
2020-11-29 09:30:04,633 - Process-92 [log-interceptor-1] - selenium_firefox     - DEBUG   : BROWSER 1: driver: 1606660204468	addons.xpi	DEBUG	getModTime: Recursive scan of {972ce4c6-7e08-4474-a285-3208198ce6fd}
2020-11-29 09:30:04,633 - Process-92 [log-interceptor-1] - selenium_firefox     - DEBUG   : BROWSER 1: driver: 1606660204468	addons.xpi	DEBUG	getInstallState changed: true, state: {"app-profile":{"@openwpm":{"d":"/home/data/tmp/rust_mozprofile.xOT7hc8M6M0U/extensions/@openwpm","st":1606660203000,"mt":1606660203000}},"app-system-defaults":{"e10srollout@mozilla.org":{"d":"/home/data/maaz/Ads/20v50/firefox-bin/browser/features/e10srollout@mozilla.org.xpi","st":1606628784000},"webcompat@mozilla.org":{"d":"/home/data/maaz/Ads/20v50/firefox-bin/browser/features/webcompat@mozilla.org.xpi","st":1606628784000},"firefox@getpocket.com":{"d":"/home/data/maaz/Ads/20v50/firefox-bin/browser/features/firefox@getpocket.com.xpi","st":1606628784000},"aushelper@mozilla.org":{"d":"/home/data/maaz/Ads/20v50/firefox-bin/browser/features/aushelper@mozilla.org.xpi","st":1606628784000}},"app-global":{"{972ce4c6-7e08-4474-a285-3208198ce6fd}":{"d":"/home/data/maaz/Ads/20v50/firefox-bin/browser/extensions/{972ce4c6-7e08-4474-a285-3208198ce6fd}.xpi","st":1606628784000}}}
2020-11-29 09:30:04,634 - Process-92 [log-interceptor-1] - selenium_firefox     - DEBUG   : BROWSER 1: driver: 1606660204478	addons.xpi-utils	DEBUG	Opening XPI database /home/data/tmp/rust_mozprofile.xOT7hc8M6M0U/extensions.json
2020-11-29 09:30:04,634 - Process-92 [log-interceptor-1] - selenium_firefox     - DEBUG   : BROWSER 1: driver: 1606660204480	addons.xpi-utils	DEBUG	New add-on @openwpm installed in app-profile
2020-11-29 09:30:04,634 - Process-92 [log-interceptor-1] - selenium_firefox     - DEBUG   : BROWSER 1: driver: *** Blocklist::_loadBlocklistFromFile: blocklist is disabled
2020-11-29 09:30:04,634 - Process-92 [log-interceptor-1] - selenium_firefox     - DEBUG   : BROWSER 1: driver: 1606660204494	DeferredSave.extensions.json	DEBUG	Save changes
2020-11-29 09:30:04,634 - Process-92 [log-interceptor-1] - selenium_firefox     - DEBUG   : BROWSER 1: driver: 1606660204494	addons.xpi-utils	DEBUG	New add-on e10srollout@mozilla.org installed in app-system-defaults
2020-11-29 09:30:04,634 - Process-92 [log-interceptor-1] - selenium_firefox     - DEBUG   : BROWSER 1: driver: 1606660204498	DeferredSave.extensions.json	DEBUG	Starting timer
2020-11-29 09:30:04,634 - Process-92 [log-interceptor-1] - selenium_firefox     - DEBUG   : BROWSER 1: driver: 1606660204500	DeferredSave.extensions.json	DEBUG	Save changes
2020-11-29 09:30:04,634 - Process-92 [log-interceptor-1] - selenium_firefox     - DEBUG   : BROWSER 1: driver: 1606660204500	addons.xpi-utils	DEBUG	New add-on webcompat@mozilla.org installed in app-system-defaults
2020-11-29 09:30:04,634 - Process-92 [log-interceptor-1] - selenium_firefox     - DEBUG   : BROWSER 1: driver: 1606660204504	DeferredSave.extensions.json	DEBUG	Save changes
2020-11-29 09:30:04,634 - Process-92 [log-interceptor-1] - selenium_firefox     - DEBUG   : BROWSER 1: driver: 1606660204506	addons.xpi-utils	DEBUG	New add-on firefox@getpocket.com installed in app-system-defaults
2020-11-29 09:30:04,635 - Process-92 [log-interceptor-1] - selenium_firefox     - DEBUG   : BROWSER 1: driver: 1606660204512	DeferredSave.extensions.json	DEBUG	Save changes
2020-11-29 09:30:04,635 - Process-92 [log-interceptor-1] - selenium_firefox     - DEBUG   : BROWSER 1: driver: 1606660204512	addons.xpi-utils	DEBUG	New add-on aushelper@mozilla.org installed in app-system-defaults
2020-11-29 09:30:04,635 - Process-92 [log-interceptor-1] - selenium_firefox     - DEBUG   : BROWSER 1: driver: 1606660204516	DeferredSave.extensions.json	DEBUG	Save changes
2020-11-29 09:30:04,635 - Process-92 [log-interceptor-1] - selenium_firefox     - DEBUG   : BROWSER 1: driver: 1606660204516	addons.xpi-utils	DEBUG	New add-on {972ce4c6-7e08-4474-a285-3208198ce6fd} installed in app-global
2020-11-29 09:30:04,635 - Process-92 [log-interceptor-1] - selenium_firefox     - DEBUG   : BROWSER 1: driver: 1606660204520	DeferredSave.extensions.json	DEBUG	Save changes
2020-11-29 09:30:04,635 - Process-92 [log-interceptor-1] - selenium_firefox     - DEBUG   : BROWSER 1: driver: 1606660204520	addons.manager	DEBUG	Registering startup change 'installed' for @openwpm
2020-11-29 09:30:04,635 - Process-92 [log-interceptor-1] - selenium_firefox     - DEBUG   : BROWSER 1: driver: 1606660204520	addons.manager	DEBUG	Registering startup change 'installed' for @openwpm
2020-11-29 09:30:04,635 - Process-92 [log-interceptor-1] - selenium_firefox     - DEBUG   : BROWSER 1: driver: 1606660204530	addons.xpi	DEBUG	Loading bootstrap scope from /home/data/tmp/rust_mozprofile.xOT7hc8M6M0U/extensions/@openwpm
2020-11-29 09:30:04,635 - Process-92 [log-interceptor-1] - selenium_firefox     - DEBUG   : BROWSER 1: driver: 1606660204600	addons.xpi	DEBUG	Calling bootstrap method install on @openwpm version 0.0.1
2020-11-29 09:30:04,636 - Process-92 [log-interceptor-1] - selenium_firefox     - DEBUG   : BROWSER 1: driver: 1606660204600	addons.xpi-utils	DEBUG	Make addon app-profile:@openwpm visible
2020-11-29 09:30:04,636 - Process-92 [log-interceptor-1] - selenium_firefox     - DEBUG   : BROWSER 1: driver: 1606660204606	addons.xpi	DEBUG	Add-on @openwpm blocks e10s rollout.
2020-11-29 09:30:04,636 - Process-92 [log-interceptor-1] - selenium_firefox     - DEBUG   : BROWSER 1: driver: 1606660204606	DeferredSave.extensions.json	DEBUG	Save changes
2020-11-29 09:30:04,636 - Process-92 [log-interceptor-1] - selenium_firefox     - DEBUG   : BROWSER 1: driver: 1606660204606	addons.manager	DEBUG	Registering startup change 'installed' for e10srollout@mozilla.org
2020-11-29 09:30:04,636 - Process-92 [log-interceptor-1] - selenium_firefox     - DEBUG   : BROWSER 1: driver: 1606660204608	addons.xpi	DEBUG	Loading bootstrap scope from /home/data/maaz/Ads/20v50/firefox-bin/browser/features/e10srollout@mozilla.org.xpi
2020-11-29 09:30:04,636 - Process-92 [log-interceptor-1] - selenium_firefox     - DEBUG   : BROWSER 1: driver: 1606660204610	addons.xpi	DEBUG	Calling bootstrap method install on e10srollout@mozilla.org version 1.10
2020-11-29 09:30:04,636 - Process-92 [log-interceptor-1] - selenium_firefox     - DEBUG   : BROWSER 1: driver: 1606660204610	addons.xpi	DEBUG	Add-on @openwpm blocks e10s rollout.
2020-11-29 09:30:04,636 - Process-92 [log-interceptor-1] - selenium_firefox     - DEBUG   : BROWSER 1: driver: 1606660204612	addons.xpi	DEBUG	Add-on @openwpm blocks e10s rollout.
2020-11-29 09:30:04,636 - Process-92 [log-interceptor-1] - selenium_firefox     - DEBUG   : BROWSER 1: driver: 1606660204612	addons.xpi-utils	DEBUG	Make addon app-system-defaults:e10srollout@mozilla.org visible
2020-11-29 09:30:04,637 - Process-92 [log-interceptor-1] - selenium_firefox     - DEBUG   : BROWSER 1: driver: 1606660204612	addons.xpi	DEBUG	Add-on @openwpm blocks e10s rollout.
2020-11-29 09:30:04,637 - Process-92 [log-interceptor-1] - selenium_firefox     - DEBUG   : BROWSER 1: driver: 1606660204612	DeferredSave.extensions.json	DEBUG	Save changes
2020-11-29 09:30:04,637 - Process-92 [log-interceptor-1] - selenium_firefox     - DEBUG   : BROWSER 1: driver: 1606660204614	addons.manager	DEBUG	Registering startup change 'installed' for webcompat@mozilla.org
2020-11-29 09:30:04,637 - Process-92 [log-interceptor-1] - selenium_firefox     - DEBUG   : BROWSER 1: driver: 1606660204614	addons.xpi	DEBUG	Loading bootstrap scope from /home/data/maaz/Ads/20v50/firefox-bin/browser/features/webcompat@mozilla.org.xpi
2020-11-29 09:30:04,637 - Process-92 [log-interceptor-1] - selenium_firefox     - DEBUG   : BROWSER 1: driver: 1606660204616	addons.xpi	DEBUG	Calling bootstrap method install on webcompat@mozilla.org version 1.0
2020-11-29 09:30:04,637 - Process-92 [log-interceptor-1] - selenium_firefox     - DEBUG   : BROWSER 1: driver: 1606660204616	addons.xpi-utils	DEBUG	Make addon app-system-defaults:webcompat@mozilla.org visible
2020-11-29 09:30:04,637 - Process-92 [log-interceptor-1] - selenium_firefox     - DEBUG   : BROWSER 1: driver: 1606660204616	addons.xpi	DEBUG	Add-on @openwpm blocks e10s rollout.
2020-11-29 09:30:04,637 - Process-92 [log-interceptor-1] - selenium_firefox     - DEBUG   : BROWSER 1: driver: 1606660204616	DeferredSave.extensions.json	DEBUG	Save changes
2020-11-29 09:30:04,638 - Process-92 [log-interceptor-1] - selenium_firefox     - DEBUG   : BROWSER 1: driver: 1606660204616	addons.manager	DEBUG	Registering startup change 'installed' for firefox@getpocket.com
2020-11-29 09:30:04,638 - Process-92 [log-interceptor-1] - selenium_firefox     - DEBUG   : BROWSER 1: driver: 1606660204618	addons.xpi	DEBUG	Loading bootstrap scope from /home/data/maaz/Ads/20v50/firefox-bin/browser/features/firefox@getpocket.com.xpi
2020-11-29 09:30:04,638 - Process-92 [log-interceptor-1] - selenium_firefox     - DEBUG   : BROWSER 1: driver: 1606660204622	addons.xpi	DEBUG	Calling bootstrap method install on firefox@getpocket.com version 1.0.5
2020-11-29 09:30:04,638 - Process-92 [log-interceptor-1] - selenium_firefox     - DEBUG   : BROWSER 1: driver: 1606660204622	addons.xpi-utils	DEBUG	Make addon app-system-defaults:firefox@getpocket.com visible
2020-11-29 09:30:04,638 - Process-92 [log-interceptor-1] - selenium_firefox     - DEBUG   : BROWSER 1: driver: 1606660204622	addons.xpi	DEBUG	Add-on @openwpm blocks e10s rollout.
2020-11-29 09:30:04,638 - Process-92 [log-interceptor-1] - selenium_firefox     - DEBUG   : BROWSER 1: driver: 1606660204622	DeferredSave.extensions.json	DEBUG	Save changes
2020-11-29 09:30:04,638 - Process-92 [log-interceptor-1] - selenium_firefox     - DEBUG   : BROWSER 1: driver: 1606660204622	addons.manager	DEBUG	Registering startup change 'installed' for aushelper@mozilla.org
2020-11-29 09:30:04,638 - Process-92 [log-interceptor-1] - selenium_firefox     - DEBUG   : BROWSER 1: driver: 1606660204624	addons.xpi	DEBUG	Loading bootstrap scope from /home/data/maaz/Ads/20v50/firefox-bin/browser/features/aushelper@mozilla.org.xpi
2020-11-29 09:30:04,638 - Process-92 [log-interceptor-1] - selenium_firefox     - DEBUG   : BROWSER 1: driver: 1606660204626	addons.xpi	DEBUG	Calling bootstrap method install on aushelper@mozilla.org version 2.0
2020-11-29 09:30:04,666 - Process-92 [log-interceptor-1] - selenium_firefox     - DEBUG   : BROWSER 1: driver: 1606660204626	addons.xpi-utils	DEBUG	Make addon app-system-defaults:aushelper@mozilla.org visible
2020-11-29 09:30:04,666 - Process-92 [log-interceptor-1] - selenium_firefox     - DEBUG   : BROWSER 1: driver: 1606660204628	addons.xpi	DEBUG	Add-on @openwpm blocks e10s rollout.
2020-11-29 09:30:04,666 - Process-92 [log-interceptor-1] - selenium_firefox     - DEBUG   : BROWSER 1: driver: 1606660204628	DeferredSave.extensions.json	DEBUG	Save changes
2020-11-29 09:30:04,666 - Process-92 [log-interceptor-1] - selenium_firefox     - DEBUG   : BROWSER 1: driver: 1606660204628	addons.xpi-utils	DEBUG	Make addon app-global:{972ce4c6-7e08-4474-a285-3208198ce6fd} visible
2020-11-29 09:30:04,667 - Process-92 [log-interceptor-1] - selenium_firefox     - DEBUG   : BROWSER 1: driver: 1606660204628	addons.xpi	DEBUG	Add-on @openwpm blocks e10s rollout.
2020-11-29 09:30:04,667 - Process-92 [log-interceptor-1] - selenium_firefox     - DEBUG   : BROWSER 1: driver: 1606660204628	DeferredSave.extensions.json	DEBUG	Save changes
2020-11-29 09:30:04,667 - Process-92 [log-interceptor-1] - selenium_firefox     - DEBUG   : BROWSER 1: driver: 1606660204628	addons.xpi	DEBUG	Updating XPIState for {"id":"@openwpm","syncGUID":"{a12bbd76-6ed0-4c9b-9fd7-f5a78f7babf6}","location":"app-profile","version":"0.0.1","type":"extension","internalName":null,"updateURL":null,"updateKey":null,"optionsURL":null,"optionsType":null,"aboutURL":null,"icons":{},"iconURL":null,"icon64URL":null,"defaultLocale":{"name":"openwpm","description":"Extension with socket interface into OpenWPM","creator":"Steven Englehardt","homepageURL":null},"visible":true,"active":true,"userDisabled":false,"appDisabled":false,"descriptor":"/home/data/tmp/rust_mozprofile.xOT7hc8M6M0U/extensions/@openwpm","installDate":1606660203000,"updateDate":1606660203000,"applyBackgroundUpdates":1,"bootstrap":true,"skinnable":false,"size":84784,"sourceURI":null,"releaseNotesURI":null,"softDisabled":false,"foreignInstall":true,"hasBinaryComponents":false,"strictCompatibility":false,"locales":[],"targetApplications":[{"id":"{ec8030f7-c20a-464f-9b0e-13a3a9e97384}","minVersion":"38.0a1","maxVersion":"*"}],"targetPlatforms":[],"multiprocessCompatible":false,"signedState":0,"seen":true,"dependencies":[],"hasEmbeddedWebExtension":false,"mpcOptedOut":false}
2020-11-29 09:30:04,667 - Process-92 [log-interceptor-1] - selenium_firefox     - DEBUG   : BROWSER 1: driver: 1606660204628	addons.xpi	DEBUG	getModTime: Recursive scan of @openwpm
2020-11-29 09:30:04,667 - Process-92 [log-interceptor-1] - selenium_firefox     - DEBUG   : BROWSER 1: driver: 1606660204630	addons.xpi	DEBUG	Updating XPIState for {"id":"e10srollout@mozilla.org","syncGUID":"{d3815b11-22e3-460b-a75a-350effe7a4aa}","location":"app-system-defaults","version":"1.10","type":"extension","internalName":null,"updateURL":null,"updateKey":null,"optionsURL":null,"optionsType":null,"aboutURL":null,"icons":{},"iconURL":null,"icon64URL":null,"defaultLocale":{"name":"Multi-process staged rollout","description":"Staged rollout of Firefox multi-process feature.","creator":null,"homepageURL":null},"visible":true,"active":true,"userDisabled":false,"appDisabled":false,"descriptor":"/home/data/maaz/Ads/20v50/firefox-bin/browser/features/e10srollout@mozilla.org.xpi","installDate":1606628784000,"updateDate":1606628784000,"applyBackgroundUpdates":1,"bootstrap":true,"skinnable":false,"size":8145,"sourceURI":null,"releaseNotesURI":null,"softDisabled":false,"foreignInstall":false,"hasBinaryComponents":false,"strictCompatibility":false,"locales":[],"targetApplications":[{"id":"{ec8030f7-c20a-464f-9b0e-13a3a9e97384}","minVersion":"52.9.0","maxVersion":"52.*"}],"targetPlatforms":[],"multiprocessCompatible":true,"seen":true,"dependencies":[],"hasEmbeddedWebExtension":false,"mpcOptedOut":false}
2020-11-29 09:30:04,667 - Process-92 [log-interceptor-1] - selenium_firefox     - DEBUG   : BROWSER 1: driver: 1606660204630	addons.xpi	DEBUG	getModTime: Recursive scan of e10srollout@mozilla.org
2020-11-29 09:30:04,668 - Process-92 [log-interceptor-1] - selenium_firefox     - DEBUG   : BROWSER 1: driver: 1606660204630	addons.xpi	DEBUG	Updating XPIState for {"id":"webcompat@mozilla.org","syncGUID":"{c871e9fc-6a31-4e60-aa5b-4fa648927095}","location":"app-system-defaults","version":"1.0","type":"extension","internalName":null,"updateURL":null,"updateKey":null,"optionsURL":null,"optionsType":null,"aboutURL":null,"icons":{},"iconURL":null,"icon64URL":null,"defaultLocale":{"name":"Web Compat","description":"Urgent post-release fixes for web compatibility.","creator":null,"homepageURL":null},"visible":true,"active":true,"userDisabled":false,"appDisabled":false,"descriptor":"/home/data/maaz/Ads/20v50/firefox-bin/browser/features/webcompat@mozilla.org.xpi","installDate":1606628784000,"updateDate":1606628784000,"applyBackgroundUpdates":1,"bootstrap":true,"skinnable":false,"size":1456,"sourceURI":null,"releaseNotesURI":null,"softDisabled":false,"foreignInstall":false,"hasBinaryComponents":false,"strictCompatibility":false,"locales":[],"targetApplications":[{"id":"{ec8030f7-c20a-464f-9b0e-13a3a9e97384}","minVersion":"52.9.0","maxVersion":"52.*"}],"targetPlatforms":[],"multiprocessCompatible":true,"seen":true,"dependencies":[],"hasEmbeddedWebExtension":false,"mpcOptedOut":false}
2020-11-29 09:30:04,668 - Process-92 [log-interceptor-1] - selenium_firefox     - DEBUG   : BROWSER 1: driver: 1606660204632	addons.xpi	DEBUG	getModTime: Recursive scan of webcompat@mozilla.org
2020-11-29 09:30:04,668 - Process-92 [log-interceptor-1] - selenium_firefox     - DEBUG   : BROWSER 1: driver: 1606660204632	addons.xpi	DEBUG	Updating XPIState for {"id":"firefox@getpocket.com","syncGUID":"{b177879e-9dd2-4583-88b2-592f941e3b89}","location":"app-system-defaults","version":"1.0.5","type":"extension","internalName":null,"updateURL":null,"updateKey":null,"optionsURL":null,"optionsType":null,"aboutURL":null,"icons":{},"iconURL":null,"icon64URL":null,"defaultLocale":{"name":"Pocket","description":"When you find something you want to view later, put it in Pocket.","creator":null,"homepageURL":null},"visible":true,"active":true,"userDisabled":false,"appDisabled":false,"descriptor":"/home/data/maaz/Ads/20v50/firefox-bin/browser/features/firefox@getpocket.com.xpi","installDate":1606628784000,"updateDate":1606628784000,"applyBackgroundUpdates":1,"bootstrap":true,"skinnable":false,"size":920281,"sourceURI":null,"releaseNotesURI":null,"softDisabled":false,"foreignInstall":false,"hasBinaryComponents":false,"strictCompatibility":false,"locales":[],"targetApplications":[{"id":"{ec8030f7-c20a-464f-9b0e-13a3a9e97384}","minVersion":"52.9.0","maxVersion":"52.*"}],"targetPlatforms":[],"multiprocessCompatible":true,"seen":true,"dependencies":[],"hasEmbeddedWebExtension":false,"mpcOptedOut":false}
2020-11-29 09:30:04,668 - Process-92 [log-interceptor-1] - selenium_firefox     - DEBUG   : BROWSER 1: driver: 1606660204632	addons.xpi	DEBUG	getModTime: Recursive scan of firefox@getpocket.com
2020-11-29 09:30:04,668 - Process-92 [log-interceptor-1] - selenium_firefox     - DEBUG   : BROWSER 1: driver: 1606660204632	addons.xpi	DEBUG	Updating XPIState for {"id":"aushelper@mozilla.org","syncGUID":"{32b8084b-7675-43da-afe0-ece7f87610ed}","location":"app-system-defaults","version":"2.0","type":"extension","internalName":null,"updateURL":null,"updateKey":null,"optionsURL":null,"optionsType":null,"aboutURL":null,"icons":{},"iconURL":null,"icon64URL":null,"defaultLocale":{"name":"Application Update Service Helper","description":"Sets value(s) in the update url based on custom checks.","creator":null,"homepageURL":null},"visible":true,"active":true,"userDisabled":false,"appDisabled":false,"descriptor":"/home/data/maaz/Ads/20v50/firefox-bin/browser/features/aushelper@mozilla.org.xpi","installDate":1606628784000,"updateDate":1606628784000,"applyBackgroundUpdates":1,"bootstrap":true,"skinnable":false,"size":8488,"sourceURI":null,"releaseNotesURI":null,"softDisabled":false,"foreignInstall":false,"hasBinaryComponents":false,"strictCompatibility":false,"locales":[],"targetApplications":[{"id":"{ec8030f7-c20a-464f-9b0e-13a3a9e97384}","minVersion":"52.9.0","maxVersion":"52.*"}],"targetPlatforms":[],"multiprocessCompatible":true,"seen":true,"dependencies":[],"hasEmbeddedWebExtension":false,"mpcOptedOut":false}
2020-11-29 09:30:04,668 - Process-92 [log-interceptor-1] - selenium_firefox     - DEBUG   : BROWSER 1: driver: 1606660204632	addons.xpi	DEBUG	getModTime: Recursive scan of aushelper@mozilla.org
2020-11-29 09:30:04,668 - Process-92 [log-interceptor-1] - selenium_firefox     - DEBUG   : BROWSER 1: driver: 1606660204634	addons.xpi	DEBUG	Updating XPIState for {"id":"{972ce4c6-7e08-4474-a285-3208198ce6fd}","syncGUID":"{6f72a565-3c34-478e-8800-b251462ae41d}","location":"app-global","version":"52.9.0","type":"theme","internalName":"classic/1.0","updateURL":null,"updateKey":null,"optionsURL":null,"optionsType":null,"aboutURL":null,"icons":{"32":"icon.png","48":"icon.png"},"iconURL":null,"icon64URL":null,"defaultLocale":{"name":"Default","description":"The default theme.","creator":"Mozilla","homepageURL":null,"contributors":["Mozilla Contributors"]},"visible":true,"active":true,"userDisabled":false,"appDisabled":false,"descriptor":"/home/data/maaz/Ads/20v50/firefox-bin/browser/extensions/{972ce4c6-7e08-4474-a285-3208198ce6fd}.xpi","installDate":1606628784000,"updateDate":1606628784000,"applyBackgroundUpdates":1,"skinnable":true,"size":4932,"sourceURI":null,"releaseNotesURI":null,"softDisabled":false,"foreignInstall":false,"hasBinaryComponents":false,"strictCompatibility":true,"locales":[],"targetApplications":[{"id":"{ec8030f7-c20a-464f-9b0e-13a3a9e97384}","minVersion":"52.9.0","maxVersion":"52.9.0"}],"targetPlatforms":[],"seen":true,"dependencies":[],"hasEmbeddedWebExtension":false}
2020-11-29 09:30:04,669 - Process-92 [log-interceptor-1] - selenium_firefox     - DEBUG   : BROWSER 1: driver: 1606660204634	addons.xpi	DEBUG	getModTime: Recursive scan of {972ce4c6-7e08-4474-a285-3208198ce6fd}
2020-11-29 09:30:04,669 - Process-92 [log-interceptor-1] - selenium_firefox     - DEBUG   : BROWSER 1: driver: 1606660204634	addons.xpi	DEBUG	Add-on @openwpm blocks e10s rollout.
2020-11-29 09:30:04,669 - Process-92 [log-interceptor-1] - selenium_firefox     - DEBUG   : BROWSER 1: driver: 1606660204634	DeferredSave.extensions.json	DEBUG	Save changes
2020-11-29 09:30:04,669 - Process-92 [log-interceptor-1] - selenium_firefox     - DEBUG   : BROWSER 1: driver: 1606660204634	addons.xpi	DEBUG	Updating database with changes to installed add-ons
2020-11-29 09:30:04,669 - Process-92 [log-interceptor-1] - selenium_firefox     - DEBUG   : BROWSER 1: driver: 1606660204634	addons.xpi-utils	DEBUG	Updating add-on states
2020-11-29 09:30:04,669 - Process-92 [log-interceptor-1] - selenium_firefox     - DEBUG   : BROWSER 1: driver: 1606660204636	addons.xpi-utils	DEBUG	Writing add-ons list
2020-11-29 09:30:04,669 - Process-92 [log-interceptor-1] - selenium_firefox     - DEBUG   : BROWSER 1: driver: 1606660204638	addons.xpi	DEBUG	Registering manifest for /home/data/tmp/rust_mozprofile.xOT7hc8M6M0U/extensions/@openwpm
2020-11-29 09:30:04,669 - Process-92 [log-interceptor-1] - selenium_firefox     - DEBUG   : BROWSER 1: driver: 1606660204638	addons.xpi	DEBUG	Calling bootstrap method startup on @openwpm version 0.0.1
2020-11-29 09:30:04,670 - Process-92 [log-interceptor-1] - selenium_firefox     - DEBUG   : BROWSER 1: driver: 1606660204644	addons.xpi	DEBUG	Registering manifest for /home/data/maaz/Ads/20v50/firefox-bin/browser/features/aushelper@mozilla.org.xpi
2020-11-29 09:30:04,670 - Process-92 [log-interceptor-1] - selenium_firefox     - DEBUG   : BROWSER 1: driver: 1606660204646	addons.xpi	DEBUG	Calling bootstrap method startup on aushelper@mozilla.org version 2.0
2020-11-29 09:30:04,670 - Process-92 [log-interceptor-1] - selenium_firefox     - DEBUG   : BROWSER 1: driver: 1606660204646	addons.xpi	DEBUG	Registering manifest for /home/data/maaz/Ads/20v50/firefox-bin/browser/features/e10srollout@mozilla.org.xpi
2020-11-29 09:30:04,670 - Process-92 [log-interceptor-1] - selenium_firefox     - DEBUG   : BROWSER 1: driver: 1606660204648	addons.xpi	DEBUG	Calling bootstrap method startup on e10srollout@mozilla.org version 1.10
2020-11-29 09:30:04,670 - Process-92 [log-interceptor-1] - selenium_firefox     - DEBUG   : BROWSER 1: driver: 1606660204648	addons.xpi	DEBUG	Registering manifest for /home/data/maaz/Ads/20v50/firefox-bin/browser/features/firefox@getpocket.com.xpi
2020-11-29 09:30:04,670 - Process-92 [log-interceptor-1] - selenium_firefox     - DEBUG   : BROWSER 1: driver: 1606660204648	addons.xpi	DEBUG	Calling bootstrap method startup on firefox@getpocket.com version 1.0.5
2020-11-29 09:30:04,670 - Process-92 [log-interceptor-1] - selenium_firefox     - DEBUG   : BROWSER 1: driver: 1606660204650	addons.xpi	DEBUG	Registering manifest for /home/data/maaz/Ads/20v50/firefox-bin/browser/features/webcompat@mozilla.org.xpi
2020-11-29 09:30:04,670 - Process-92 [log-interceptor-1] - selenium_firefox     - DEBUG   : BROWSER 1: driver: 1606660204652	addons.xpi	DEBUG	Calling bootstrap method startup on webcompat@mozilla.org version 1.0
2020-11-29 09:30:04,671 - Process-92 [log-interceptor-1] - selenium_firefox     - DEBUG   : BROWSER 1: driver: 1606660204656	addons.manager	DEBUG	Registering shutdown blocker for XPIProvider
2020-11-29 09:30:04,671 - Process-92 [log-interceptor-1] - selenium_firefox     - DEBUG   : BROWSER 1: driver: 1606660204656	addons.manager	DEBUG	Provider finished startup: XPIProvider
2020-11-29 09:30:04,671 - Process-92 [log-interceptor-1] - selenium_firefox     - DEBUG   : BROWSER 1: driver: 1606660204656	addons.manager	DEBUG	Starting provider: LightweightThemeManager
2020-11-29 09:30:04,671 - Process-92 [log-interceptor-1] - selenium_firefox     - DEBUG   : BROWSER 1: driver: 1606660204656	addons.manager	DEBUG	Registering shutdown blocker for LightweightThemeManager
2020-11-29 09:30:04,671 - Process-92 [log-interceptor-1] - selenium_firefox     - DEBUG   : BROWSER 1: driver: 1606660204656	addons.manager	DEBUG	Provider finished startup: LightweightThemeManager
2020-11-29 09:30:04,671 - Process-92 [log-interceptor-1] - selenium_firefox     - DEBUG   : BROWSER 1: driver: 1606660204658	addons.manager	DEBUG	Starting provider: GMPProvider
2020-11-29 09:30:04,671 - Process-92 [log-interceptor-1] - selenium_firefox     - DEBUG   : BROWSER 1: driver: 1606660204664	addons.manager	DEBUG	Registering shutdown blocker for GMPProvider
2020-11-29 09:30:04,671 - Process-92 [log-interceptor-1] - selenium_firefox     - DEBUG   : BROWSER 1: driver: 1606660204666	addons.manager	DEBUG	Provider finished startup: GMPProvider
2020-11-29 09:30:06,669 - Process-92 [MainThread] - BaseAggregator       - DEBUG   : Status update; current record queue size: 0
2020-11-29 09:30:11,124 - Process-92 [MainThread] - FirefoxExtension     - DEBUG   : Cookie instrumentation enabled
2020-11-29 09:30:11,124 - Process-92 [MainThread] - FirefoxExtension     - DEBUG   : HTTP Instrumentation enabled
2020-11-29 09:30:11,216 - Process-92 [MainThread] - BrowserManager       - DEBUG   : BROWSER 1: Looking for extension port information in /tmp/rust_mozprofile.xOT7hc8M6M0U/
2020-11-29 09:30:11,217 - Process-92 [MainThread] - BrowserManager       - DEBUG   : BROWSER 1: Connecting to extension on port 42917
2020-11-29 09:30:11,217 - Process-92 [MainThread] - BrowserManager       - DEBUG   : BROWSER 1: BrowserManager ready.
2020-11-29 09:30:11,218 - Process-92 [MainThread] - BrowserManager       - DEBUG   : BROWSER 1: Browser spawn sucessful!
2020-11-29 09:30:11,676 - Process-92 [MainThread] - BaseAggregator       - DEBUG   : Status update; current record queue size: 0
2020-11-29 09:30:11,873 - Process-92 [MainThread] - TaskManager          - INFO    : 

OpenWPM Version: 44dd020
Firefox Version: 52.9.0

========== Manager Configuration ==========
{
  "aggregator_address": [
    "127.0.0.1",
    51123
  ],
  "data_directory": "/home/data/maaz/Ads/20v50/data/20_50/control_5_6",
  "database_name": "/home/data/maaz/Ads/20v50/data/20_50/control_5_6/2_crawl-data.sqlite",
  "failure_limit": null,
  "log_directory": "/home/data/maaz/Ads/20v50/data/20_50/control_5_6",
  "log_file": "/home/data/maaz/Ads/20v50/data/20_50/control_5_6/openwpm.log",
  "logger_address": [
    "127.0.0.1",
    47581
  ],
  "num_browsers": 1,
  "output_format": "local",
  "screenshot_path": "/home/data/maaz/Ads/20v50/data/20_50/control_5_6/screenshots",
  "source_dump_path": "/home/data/maaz/Ads/20v50/data/20_50/control_5_6/sources",
  "testing": false
}

========== Browser Configuration ==========
Keys:
{
  "crawl_id": 0,
  "Ad_Sites": 1,
  "Browser_Config": 2,
  "Browser_Config_Def": 3,
  "Intent": 4,
  "Intent_Sites": 5,
  "Manager_Config": 6,
  "Manager_Config_Def": 7,
  "Number_of_Browsers": 8,
  "Persona_Name": 9,
  "Persona_Numb": 10,
  "Persona_Path": 11,
  "Sites": 12,
  "Storage_File": 13,
  "adblock-plus": 14,
  "bot_mitigation": 15,
  "browser": 16,
  "cookie_instrument": 17,
  "disable_flash": 18,
  "disconnect": 19,
  "donottrack": 20,
  "extension_enabled": 21,
  "ghostery": 22,
  "headless": 23,
  "http_instrument": 24,
  "https-everywhere": 25,
  "js_instrument": 26,
  "prefs": 27,
  "random_attributes": 28,
  "save_all_content": 29,
  "save_javascript": 30,
  "storage_file": 31,
  "tp_cookies": 32,
  "tracking-protection": 33,
  "ublock-origin": 34
}

  0  1                                 2                                                     3                            4         5    6                                                     7                              8  9               10  11             12    13          14     15    16       17    18     19     20     21    22     23    24    25     26     27    28     29     30     31          32      33     34
---  --------------------------------  ----------------------------------------------------  ---------------------------  --------  ---  ----------------------------------------------------  ---------------------------  ---  ------------  ----  -------------  ----  ----------  -----  ----  -------  ----  -----  -----  -----  ----  -----  ----  ----  -----  -----  ----  -----  -----  -----  ----------  ------  -----  -----
  1  [u'https://www.accuweather.com']  config/20_50/Control/5_Control_browser_params_6.json  default_browser_params.json  NoIntent  []   config/20_50/Control/5_Control_manager_params_6.json  default_manager_params.json    1  Control.json     6  data/personas  []    storage.js  False  True  firefox  True  False  False  False  True  False  True  True  False  False  {}    False  False  False  storage.js  always  False  False

========== Input profile tar files ==========
  No profile tar files specified

========== Output (archive) profile dirs ==========
{
  "1": "data/20_50/control_5_6"
}


2020-11-29 09:30:11,874 - Process-92 [MainThread] - TaskManager          - DEBUG   : Checking command failure status indicator...
2020-11-29 09:30:11,976 - Process-92 [MainThread] - BrowserManager       - DEBUG   : BROWSER 1: Joining command thread
2020-11-29 09:30:11,978 - Process-92 [MainThread] - BrowserManager       - INFO    : BROWSER 1: EXECUTING COMMAND: ('GET', u'https://www.accuweather.com', 1, 1)
2020-11-29 09:30:12,847 - Process-92 [MainThread] - FirefoxExtension     - DEBUG   : Visit Id: 1
2020-11-29 09:30:16,912 - Process-92 [MainThread] - BaseAggregator       - DEBUG   : Status update; current record queue size: 49
2020-11-29 09:30:22,152 - Process-92 [MainThread] - BaseAggregator       - DEBUG   : Status update; current record queue size: 0
2020-11-29 09:30:27,396 - Process-92 [MainThread] - BaseAggregator       - DEBUG   : Status update; current record queue size: 0
2020-11-29 09:30:32,402 - Process-92 [MainThread] - BaseAggregator       - DEBUG   : Status update; current record queue size: 0
2020-11-29 09:30:37,408 - Process-92 [MainThread] - BaseAggregator       - DEBUG   : Status update; current record queue size: 0
2020-11-29 09:30:42,414 - Process-92 [MainThread] - BaseAggregator       - DEBUG   : Status update; current record queue size: 0
2020-11-29 09:30:47,420 - Process-92 [MainThread] - BaseAggregator       - DEBUG   : Status update; current record queue size: 0
2020-11-29 09:30:52,426 - Process-92 [MainThread] - BaseAggregator       - DEBUG   : Status update; current record queue size: 0
2020-11-29 09:30:57,432 - Process-92 [MainThread] - BaseAggregator       - DEBUG   : Status update; current record queue size: 0
2020-11-29 09:31:02,439 - Process-92 [MainThread] - BaseAggregator       - DEBUG   : Status update; current record queue size: 0
2020-11-29 09:31:07,445 - Process-92 [MainThread] - BaseAggregator       - DEBUG   : Status update; current record queue size: 0
2020-11-29 09:31:12,450 - Process-92 [MainThread] - BaseAggregator       - DEBUG   : Status update; current record queue size: 0
2020-11-29 09:31:17,457 - Process-92 [MainThread] - BaseAggregator       - DEBUG   : Status update; current record queue size: 0
2020-11-29 09:31:22,463 - Process-92 [MainThread] - BaseAggregator       - DEBUG   : Status update; current record queue size: 0
2020-11-29 09:31:27,470 - Process-92 [MainThread] - BaseAggregator       - DEBUG   : Status update; current record queue size: 0
2020-11-29 09:31:32,475 - Process-92 [MainThread] - BaseAggregator       - DEBUG   : Status update; current record queue size: 0
2020-11-29 09:31:37,481 - Process-92 [MainThread] - BaseAggregator       - DEBUG   : Status update; current record queue size: 0
2020-11-29 09:31:42,487 - Process-92 [MainThread] - BaseAggregator       - DEBUG   : Status update; current record queue size: 0
2020-11-29 09:31:47,493 - Process-92 [MainThread] - BaseAggregator       - DEBUG   : Status update; current record queue size: 0
2020-11-29 09:31:52,500 - Process-92 [MainThread] - BaseAggregator       - DEBUG   : Status update; current record queue size: 0
2020-11-29 09:31:57,509 - Process-92 [MainThread] - BaseAggregator       - DEBUG   : Status update; current record queue size: 0
2020-11-29 09:32:02,515 - Process-92 [MainThread] - BaseAggregator       - DEBUG   : Status update; current record queue size: 0
2020-11-29 09:32:07,523 - Process-92 [MainThread] - BaseAggregator       - DEBUG   : Status update; current record queue size: 0
2020-11-29 09:32:12,529 - Process-92 [MainThread] - BaseAggregator       - DEBUG   : Status update; current record queue size: 0
2020-11-29 09:32:17,536 - Process-92 [MainThread] - BaseAggregator       - DEBUG   : Status update; current record queue size: 0
2020-11-29 09:32:22,547 - Process-92 [MainThread] - BaseAggregator       - DEBUG   : Status update; current record queue size: 0
2020-11-29 09:32:27,553 - Process-92 [MainThread] - BaseAggregator       - DEBUG   : Status update; current record queue size: 0
2020-11-29 09:32:32,559 - Process-92 [MainThread] - BaseAggregator       - DEBUG   : Status update; current record queue size: 0
2020-11-29 09:32:37,566 - Process-92 [MainThread] - BaseAggregator       - DEBUG   : Status update; current record queue size: 0
2020-11-29 09:32:42,572 - Process-92 [MainThread] - BaseAggregator       - DEBUG   : Status update; current record queue size: 0
2020-11-29 09:32:47,578 - Process-92 [MainThread] - BaseAggregator       - DEBUG   : Status update; current record queue size: 0
2020-11-29 09:32:52,586 - Process-92 [MainThread] - BaseAggregator       - DEBUG   : Status update; current record queue size: 0
2020-11-29 09:32:57,593 - Process-92 [MainThread] - BaseAggregator       - DEBUG   : Status update; current record queue size: 0
2020-11-29 09:33:02,599 - Process-92 [MainThread] - BaseAggregator       - DEBUG   : Status update; current record queue size: 0
2020-11-29 09:33:07,605 - Process-92 [MainThread] - BaseAggregator       - DEBUG   : Status update; current record queue size: 0
2020-11-29 09:33:12,611 - Process-92 [MainThread] - BaseAggregator       - DEBUG   : Status update; current record queue size: 0
2020-11-29 09:33:17,617 - Process-92 [MainThread] - BaseAggregator       - DEBUG   : Status update; current record queue size: 0
2020-11-29 09:33:22,623 - Process-92 [MainThread] - BaseAggregator       - DEBUG   : Status update; current record queue size: 0
2020-11-29 09:33:27,629 - Process-92 [MainThread] - BaseAggregator       - DEBUG   : Status update; current record queue size: 0
2020-11-29 09:33:32,636 - Process-92 [MainThread] - BaseAggregator       - DEBUG   : Status update; current record queue size: 0
2020-11-29 09:33:37,642 - Process-92 [MainThread] - BaseAggregator       - DEBUG   : Status update; current record queue size: 0
2020-11-29 09:33:42,649 - Process-92 [MainThread] - BaseAggregator       - DEBUG   : Status update; current record queue size: 0
2020-11-29 09:33:47,655 - Process-92 [MainThread] - BaseAggregator       - DEBUG   : Status update; current record queue size: 0
2020-11-29 09:33:52,661 - Process-92 [MainThread] - BaseAggregator       - DEBUG   : Status update; current record queue size: 0
2020-11-29 09:33:57,667 - Process-92 [MainThread] - BaseAggregator       - DEBUG   : Status update; current record queue size: 0
2020-11-29 09:34:02,674 - Process-92 [MainThread] - BaseAggregator       - DEBUG   : Status update; current record queue size: 0
2020-11-29 09:34:07,680 - Process-92 [MainThread] - BaseAggregator       - DEBUG   : Status update; current record queue size: 0
2020-11-29 09:34:12,685 - Process-92 [MainThread] - BaseAggregator       - DEBUG   : Status update; current record queue size: 0
2020-11-29 09:34:17,691 - Process-92 [MainThread] - BaseAggregator       - DEBUG   : Status update; current record queue size: 0
2020-11-29 09:34:22,696 - Process-92 [MainThread] - BaseAggregator       - DEBUG   : Status update; current record queue size: 0
2020-11-29 09:34:27,702 - Process-92 [MainThread] - BaseAggregator       - DEBUG   : Status update; current record queue size: 0
2020-11-29 09:34:32,709 - Process-92 [MainThread] - BaseAggregator       - DEBUG   : Status update; current record queue size: 0
2020-11-29 09:34:37,715 - Process-92 [MainThread] - BaseAggregator       - DEBUG   : Status update; current record queue size: 0
2020-11-29 09:34:42,721 - Process-92 [MainThread] - BaseAggregator       - DEBUG   : Status update; current record queue size: 0
2020-11-29 09:34:47,727 - Process-92 [MainThread] - BaseAggregator       - DEBUG   : Status update; current record queue size: 0
2020-11-29 09:34:52,733 - Process-92 [MainThread] - BaseAggregator       - DEBUG   : Status update; current record queue size: 0
2020-11-29 09:34:57,741 - Process-92 [MainThread] - BaseAggregator       - DEBUG   : Status update; current record queue size: 0
2020-11-29 09:35:02,747 - Process-92 [MainThread] - BaseAggregator       - DEBUG   : Status update; current record queue size: 0
2020-11-29 09:35:07,753 - Process-92 [MainThread] - BaseAggregator       - DEBUG   : Status update; current record queue size: 0
2020-11-29 09:35:12,759 - Process-92 [MainThread] - BaseAggregator       - DEBUG   : Status update; current record queue size: 0
2020-11-29 09:35:17,765 - Process-92 [MainThread] - BaseAggregator       - DEBUG   : Status update; current record queue size: 0
2020-11-29 09:35:22,771 - Process-92 [MainThread] - BaseAggregator       - DEBUG   : Status update; current record queue size: 0
2020-11-29 09:35:27,778 - Process-92 [MainThread] - BaseAggregator       - DEBUG   : Status update; current record queue size: 0
2020-11-29 09:35:32,784 - Process-92 [MainThread] - BaseAggregator       - DEBUG   : Status update; current record queue size: 0
2020-11-29 09:35:37,790 - Process-92 [MainThread] - BaseAggregator       - DEBUG   : Status update; current record queue size: 0
2020-11-29 09:35:42,796 - Process-92 [MainThread] - BaseAggregator       - DEBUG   : Status update; current record queue size: 0
2020-11-29 09:35:47,803 - Process-92 [MainThread] - BaseAggregator       - DEBUG   : Status update; current record queue size: 0
2020-11-29 09:35:52,808 - Process-92 [MainThread] - BaseAggregator       - DEBUG   : Status update; current record queue size: 0
2020-11-29 09:35:57,814 - Process-92 [MainThread] - BaseAggregator       - DEBUG   : Status update; current record queue size: 0
2020-11-29 09:36:02,820 - Process-92 [MainThread] - BaseAggregator       - DEBUG   : Status update; current record queue size: 0
2020-11-29 09:36:07,826 - Process-92 [MainThread] - BaseAggregator       - DEBUG   : Status update; current record queue size: 0
2020-11-29 09:36:12,832 - Process-92 [MainThread] - BaseAggregator       - DEBUG   : Status update; current record queue size: 0
2020-11-29 09:36:17,838 - Process-92 [MainThread] - BaseAggregator       - DEBUG   : Status update; current record queue size: 0
2020-11-29 09:36:22,844 - Process-92 [MainThread] - BaseAggregator       - DEBUG   : Status update; current record queue size: 0
2020-11-29 09:36:27,850 - Process-92 [MainThread] - BaseAggregator       - DEBUG   : Status update; current record queue size: 0
2020-11-29 09:36:32,856 - Process-92 [MainThread] - BaseAggregator       - DEBUG   : Status update; current record queue size: 0
2020-11-29 09:36:37,863 - Process-92 [MainThread] - BaseAggregator       - DEBUG   : Status update; current record queue size: 0
2020-11-29 09:36:42,869 - Process-92 [MainThread] - BaseAggregator       - DEBUG   : Status update; current record queue size: 0
2020-11-29 09:36:47,875 - Process-92 [MainThread] - BaseAggregator       - DEBUG   : Status update; current record queue size: 0
2020-11-29 09:36:52,882 - Process-92 [MainThread] - BaseAggregator       - DEBUG   : Status update; current record queue size: 0
2020-11-29 09:36:57,888 - Process-92 [MainThread] - BaseAggregator       - DEBUG   : Status update; current record queue size: 0
2020-11-29 09:37:02,895 - Process-92 [MainThread] - BaseAggregator       - DEBUG   : Status update; current record queue size: 0
2020-11-29 09:37:07,902 - Process-92 [MainThread] - BaseAggregator       - DEBUG   : Status update; current record queue size: 0
2020-11-29 09:37:12,908 - Process-92 [MainThread] - BaseAggregator       - DEBUG   : Status update; current record queue size: 0
2020-11-29 09:37:17,915 - Process-92 [MainThread] - BaseAggregator       - DEBUG   : Status update; current record queue size: 0
2020-11-29 09:37:22,922 - Process-92 [MainThread] - BaseAggregator       - DEBUG   : Status update; current record queue size: 0
2020-11-29 09:37:27,931 - Process-92 [MainThread] - BaseAggregator       - DEBUG   : Status update; current record queue size: 0
2020-11-29 09:37:32,937 - Process-92 [MainThread] - BaseAggregator       - DEBUG   : Status update; current record queue size: 0
2020-11-29 09:37:37,943 - Process-92 [MainThread] - BaseAggregator       - DEBUG   : Status update; current record queue size: 0
2020-11-29 09:37:42,950 - Process-92 [MainThread] - BaseAggregator       - DEBUG   : Status update; current record queue size: 0
2020-11-29 09:37:47,956 - Process-92 [MainThread] - BaseAggregator       - DEBUG   : Status update; current record queue size: 0
2020-11-29 09:37:52,961 - Process-92 [MainThread] - BaseAggregator       - DEBUG   : Status update; current record queue size: 0
2020-11-29 09:37:57,968 - Process-92 [MainThread] - BaseAggregator       - DEBUG   : Status update; current record queue size: 0
2020-11-29 09:38:02,974 - Process-92 [MainThread] - BaseAggregator       - DEBUG   : Status update; current record queue size: 0
2020-11-29 09:38:07,980 - Process-92 [MainThread] - BaseAggregator       - DEBUG   : Status update; current record queue size: 0
2020-11-29 09:38:12,985 - Process-92 [MainThread] - BaseAggregator       - DEBUG   : Status update; current record queue size: 0
2020-11-29 09:38:17,991 - Process-92 [MainThread] - BaseAggregator       - DEBUG   : Status update; current record queue size: 0
2020-11-29 09:38:22,998 - Process-92 [MainThread] - BaseAggregator       - DEBUG   : Status update; current record queue size: 0
2020-11-29 09:38:28,005 - Process-92 [MainThread] - BaseAggregator       - DEBUG   : Status update; current record queue size: 0
2020-11-29 09:38:32,051 - Process-92 [Thread-2  ] - TaskManager          - INFO    : BROWSER 1: Timeout while executing command, GET, killing browser manager
2020-11-29 09:38:32,052 - Process-92 [Thread-2  ] - TaskManager          - DEBUG   : BROWSER 1: Browser restart required
2020-11-29 09:38:33,012 - Process-92 [MainThread] - BaseAggregator       - DEBUG   : Status update; current record queue size: 1
2020-11-29 09:38:34,086 - Process-92 [MainThread] - BrowserManager       - DEBUG   : BROWSER 1: 502.108560 seconds to join command thread
2020-11-29 09:38:34,086 - Process-92 [MainThread] - BrowserManager       - DEBUG   : BROWSER 1: Killing browser manager...
2020-11-29 09:38:34,086 - Process-92 [MainThread] - BrowserManager       - DEBUG   : BROWSER 1: Attempting to kill BrowserManager with pid 34635. Display PID: 34653 | Display Port: 0 | Browser PID: 34735
2020-11-29 09:38:34,087 - Process-92 [MainThread] - BrowserManager       - DEBUG   : BROWSER 1: Screen lockfile (/tmp/.X0-lock) already removed
2020-11-29 09:38:34,285 - Process-92 [MainThread] - BrowserManager       - DEBUG   : BROWSER 1: Geckodriver process already killed.
2020-11-29 09:38:34,286 - Process-92 [MainThread] - BrowserManager       - DEBUG   : BROWSER 1: during_init=False | profile_archive_dir=data/20_50/control_5_6
2020-11-29 09:38:34,286 - Process-92 [MainThread] - BrowserManager       - DEBUG   : BROWSER 1: Archiving browser profile directory to data/20_50/control_5_6
2020-11-29 09:38:34,287 - Process-92 [MainThread] - profile_commands     - DEBUG   : BROWSER 1: Backing up full profile from /tmp/rust_mozprofile.xOT7hc8M6M0U/ to data/20_50/control_5_6/profile.tar.gz
2020-11-29 09:38:34,410 - Process-92 [MainThread] - profile_commands     - WARNING : BROWSER 1: /tmp/rust_mozprofile.xOT7hc8M6M0U/webapps NOT FOUND IN profile folder, skipping.
2020-11-29 09:38:34,413 - Process-92 [MainThread] - profile_commands     - DEBUG   : BROWSER 1: SAVING /home/maaz/.macromedia/Flash_Player/#SharedObjects during flash file archive
2020-11-29 09:38:34,415 - Process-92 [MainThread] - profile_commands     - DEBUG   : BROWSER 1: SAVING /home/maaz/.macromedia/Flash_Player/macromedia.com/support/flashplayer/sys during flash file archive
2020-11-29 09:38:34,424 - Process-92 [MainThread] - BaseAggregator       - DEBUG   : Sending the shutdown signal to the LocalAggregator listener process...
2020-11-29 09:38:35,211 - Process-92 [MainThread] - BaseAggregator       - INFO    : Received shutdown signal!
2020-11-29 09:38:38,249 - Process-92 [MainThread] - BaseAggregator       - DEBUG   : LocalAggregator took 3.8246281147 seconds to close.
2020-11-29 09:58:26,463 - Process-162[MainThread] - BrowserManager       - DEBUG   : BROWSER 1: Spawn attempt 0 
2020-11-29 09:58:26,487 - Process-162[MainThread] - deploy_firefox       - DEBUG   : BROWSER 1: Loading initial browser profile from: data/20_50/control_5_6
2020-11-29 09:58:26,488 - Process-162[MainThread] - profile_commands     - DEBUG   : BROWSER 1: Copying profile tar from data/20_50/control_5_6/profile.tar.gz to /tmp/tmptXtwJg/
2020-11-29 09:58:26,640 - Process-162[MainThread] - profile_commands     - DEBUG   : BROWSER 1: Tarfile extracted
2020-11-29 09:58:26,640 - Process-162[MainThread] - profile_commands     - DEBUG   : BROWSER 1: CLEARING /home/maaz/.macromedia/Flash_Player/#SharedObjects before loading flash files
2020-11-29 09:58:26,641 - Process-162[MainThread] - profile_commands     - DEBUG   : BROWSER 1: CLEARING /home/maaz/.macromedia/Flash_Player/macromedia.com/support/flashplayer/sys before loading flash files
2020-11-29 09:58:27,010 - Process-162[MainThread] - deploy_firefox       - DEBUG   : BROWSER 1: OpenWPM Firefox extension loaded
2020-11-29 09:58:28,989 - Process-162[log-interceptor-1] - selenium_firefox     - DEBUG   : BROWSER 1: driver: 1606661907050	geckodriver	INFO	Listening on 127.0.0.1:58627
2020-11-29 09:58:28,990 - Process-162[log-interceptor-1] - selenium_firefox     - DEBUG   : BROWSER 1: driver: 1606661908236	mozprofile::profile	INFO	Using profile path /tmp/rust_mozprofile.gPnXhv4O4tzS
2020-11-29 09:58:28,990 - Process-162[log-interceptor-1] - selenium_firefox     - DEBUG   : BROWSER 1: driver: 1606661908326	geckodriver::marionette	INFO	Starting browser /home/data/maaz/Ads/20v50/firefox-bin/firefox-bin with args []
2020-11-29 09:58:28,990 - Process-162[log-interceptor-1] - selenium_firefox     - DEBUG   : BROWSER 1: driver: 1606661908334	geckodriver::marionette	INFO	Connecting to Marionette on localhost:35321
2020-11-29 09:58:28,990 - Process-162[log-interceptor-1] - selenium_firefox     - DEBUG   : BROWSER 1: driver: 1606661908796	addons.manager	DEBUG	Application has been upgraded
2020-11-29 09:58:28,990 - Process-162[log-interceptor-1] - selenium_firefox     - DEBUG   : BROWSER 1: driver: 1606661908816	addons.manager	DEBUG	Loaded provider scope for resource://gre/modules/addons/XPIProvider.jsm: ["XPIProvider"]
2020-11-29 09:58:28,990 - Process-162[log-interceptor-1] - selenium_firefox     - DEBUG   : BROWSER 1: driver: 1606661908820	addons.manager	DEBUG	Loaded provider scope for resource://gre/modules/LightweightThemeManager.jsm: ["LightweightThemeManager"]
2020-11-29 09:58:28,990 - Process-162[log-interceptor-1] - selenium_firefox     - DEBUG   : BROWSER 1: driver: 1606661908824	addons.manager	DEBUG	Loaded provider scope for resource://gre/modules/addons/GMPProvider.jsm
2020-11-29 09:58:28,991 - Process-162[log-interceptor-1] - selenium_firefox     - DEBUG   : BROWSER 1: driver: 1606661908826	addons.manager	DEBUG	Loaded provider scope for resource://gre/modules/addons/PluginProvider.jsm
2020-11-29 09:58:28,991 - Process-162[log-interceptor-1] - selenium_firefox     - DEBUG   : BROWSER 1: driver: 1606661908826	addons.manager	DEBUG	Starting provider: XPIProvider
2020-11-29 09:58:28,991 - Process-162[log-interceptor-1] - selenium_firefox     - DEBUG   : BROWSER 1: driver: 1606661908828	addons.xpi	DEBUG	startup
2020-11-29 09:58:28,991 - Process-162[log-interceptor-1] - selenium_firefox     - DEBUG   : BROWSER 1: driver: 1606661908828	addons.xpi	INFO	Mapping @openwpm to /home/data/tmp/rust_mozprofile.gPnXhv4O4tzS/extensions/@openwpm
2020-11-29 09:58:28,991 - Process-162[log-interceptor-1] - selenium_firefox     - DEBUG   : BROWSER 1: driver: 1606661908828	addons.xpi	INFO	SystemAddonInstallLocation directory is missing
2020-11-29 09:58:28,991 - Process-162[log-interceptor-1] - selenium_firefox     - DEBUG   : BROWSER 1: driver: 1606661908828	addons.xpi	INFO	Mapping e10srollout@mozilla.org to /home/data/maaz/Ads/20v50/firefox-bin/browser/features/e10srollout@mozilla.org.xpi
2020-11-29 09:58:28,991 - Process-162[log-interceptor-1] - selenium_firefox     - DEBUG   : BROWSER 1: driver: 1606661908830	addons.xpi	INFO	Mapping webcompat@mozilla.org to /home/data/maaz/Ads/20v50/firefox-bin/browser/features/webcompat@mozilla.org.xpi
2020-11-29 09:58:28,992 - Process-162[log-interceptor-1] - selenium_firefox     - DEBUG   : BROWSER 1: driver: 1606661908830	addons.xpi	INFO	Mapping firefox@getpocket.com to /home/data/maaz/Ads/20v50/firefox-bin/browser/features/firefox@getpocket.com.xpi
2020-11-29 09:58:28,992 - Process-162[log-interceptor-1] - selenium_firefox     - DEBUG   : BROWSER 1: driver: 1606661908830	addons.xpi	INFO	Mapping aushelper@mozilla.org to /home/data/maaz/Ads/20v50/firefox-bin/browser/features/aushelper@mozilla.org.xpi
2020-11-29 09:58:28,992 - Process-162[log-interceptor-1] - selenium_firefox     - DEBUG   : BROWSER 1: driver: 1606661908830	addons.xpi	INFO	Mapping {972ce4c6-7e08-4474-a285-3208198ce6fd} to /home/data/maaz/Ads/20v50/firefox-bin/browser/extensions/{972ce4c6-7e08-4474-a285-3208198ce6fd}.xpi
2020-11-29 09:58:28,992 - Process-162[log-interceptor-1] - selenium_firefox     - DEBUG   : BROWSER 1: driver: 1606661908830	addons.xpi	DEBUG	checkForChanges
2020-11-29 09:58:28,992 - Process-162[log-interceptor-1] - selenium_firefox     - DEBUG   : BROWSER 1: driver: 1606661908832	addons.xpi	INFO	SystemAddonInstallLocation directory is missing
2020-11-29 09:58:28,992 - Process-162[log-interceptor-1] - selenium_firefox     - DEBUG   : BROWSER 1: driver: 1606661908832	addons.xpi	DEBUG	Loaded add-on state from prefs: {}
2020-11-29 09:58:28,992 - Process-162[log-interceptor-1] - selenium_firefox     - DEBUG   : BROWSER 1: driver: 1606661908832	addons.xpi	DEBUG	New add-on @openwpm in app-profile
2020-11-29 09:58:28,992 - Process-162[log-interceptor-1] - selenium_firefox     - DEBUG   : BROWSER 1: driver: 1606661908832	addons.xpi	DEBUG	getModTime: Recursive scan of @openwpm
2020-11-29 09:58:28,992 - Process-162[log-interceptor-1] - selenium_firefox     - DEBUG   : BROWSER 1: driver: 1606661908836	addons.xpi	DEBUG	New add-on e10srollout@mozilla.org in app-system-defaults
2020-11-29 09:58:28,992 - Process-162[log-interceptor-1] - selenium_firefox     - DEBUG   : BROWSER 1: driver: 1606661908836	addons.xpi	DEBUG	getModTime: Recursive scan of e10srollout@mozilla.org
2020-11-29 09:58:28,993 - Process-162[log-interceptor-1] - selenium_firefox     - DEBUG   : BROWSER 1: driver: 1606661908836	addons.xpi	DEBUG	New add-on webcompat@mozilla.org in app-system-defaults
2020-11-29 09:58:28,993 - Process-162[log-interceptor-1] - selenium_firefox     - DEBUG   : BROWSER 1: driver: 1606661908836	addons.xpi	DEBUG	getModTime: Recursive scan of webcompat@mozilla.org
2020-11-29 09:58:28,993 - Process-162[log-interceptor-1] - selenium_firefox     - DEBUG   : BROWSER 1: driver: 1606661908838	addons.xpi	DEBUG	New add-on firefox@getpocket.com in app-system-defaults
2020-11-29 09:58:28,993 - Process-162[log-interceptor-1] - selenium_firefox     - DEBUG   : BROWSER 1: driver: 1606661908838	addons.xpi	DEBUG	getModTime: Recursive scan of firefox@getpocket.com
2020-11-29 09:58:28,993 - Process-162[log-interceptor-1] - selenium_firefox     - DEBUG   : BROWSER 1: driver: 1606661908838	addons.xpi	DEBUG	New add-on aushelper@mozilla.org in app-system-defaults
2020-11-29 09:58:28,993 - Process-162[log-interceptor-1] - selenium_firefox     - DEBUG   : BROWSER 1: driver: 1606661908838	addons.xpi	DEBUG	getModTime: Recursive scan of aushelper@mozilla.org
2020-11-29 09:58:28,993 - Process-162[log-interceptor-1] - selenium_firefox     - DEBUG   : BROWSER 1: driver: 1606661908838	addons.xpi	DEBUG	New add-on {972ce4c6-7e08-4474-a285-3208198ce6fd} in app-global
2020-11-29 09:58:28,993 - Process-162[log-interceptor-1] - selenium_firefox     - DEBUG   : BROWSER 1: driver: 1606661908838	addons.xpi	DEBUG	getModTime: Recursive scan of {972ce4c6-7e08-4474-a285-3208198ce6fd}
2020-11-29 09:58:28,993 - Process-162[log-interceptor-1] - selenium_firefox     - DEBUG   : BROWSER 1: driver: 1606661908838	addons.xpi	DEBUG	getInstallState changed: true, state: {"app-profile":{"@openwpm":{"d":"/home/data/tmp/rust_mozprofile.gPnXhv4O4tzS/extensions/@openwpm","st":1606661908000,"mt":1606661908000}},"app-system-defaults":{"e10srollout@mozilla.org":{"d":"/home/data/maaz/Ads/20v50/firefox-bin/browser/features/e10srollout@mozilla.org.xpi","st":1606628784000},"webcompat@mozilla.org":{"d":"/home/data/maaz/Ads/20v50/firefox-bin/browser/features/webcompat@mozilla.org.xpi","st":1606628784000},"firefox@getpocket.com":{"d":"/home/data/maaz/Ads/20v50/firefox-bin/browser/features/firefox@getpocket.com.xpi","st":1606628784000},"aushelper@mozilla.org":{"d":"/home/data/maaz/Ads/20v50/firefox-bin/browser/features/aushelper@mozilla.org.xpi","st":1606628784000}},"app-global":{"{972ce4c6-7e08-4474-a285-3208198ce6fd}":{"d":"/home/data/maaz/Ads/20v50/firefox-bin/browser/extensions/{972ce4c6-7e08-4474-a285-3208198ce6fd}.xpi","st":1606628784000}}}
2020-11-29 09:58:28,993 - Process-162[log-interceptor-1] - selenium_firefox     - DEBUG   : BROWSER 1: driver: 1606661908848	addons.xpi-utils	DEBUG	Opening XPI database /home/data/tmp/rust_mozprofile.gPnXhv4O4tzS/extensions.json
2020-11-29 09:58:28,994 - Process-162[log-interceptor-1] - selenium_firefox     - DEBUG   : BROWSER 1: driver: 1606661908850	addons.xpi-utils	DEBUG	New add-on @openwpm installed in app-profile
2020-11-29 09:58:28,994 - Process-162[log-interceptor-1] - selenium_firefox     - DEBUG   : BROWSER 1: driver: *** Blocklist::_loadBlocklistFromFile: blocklist is disabled
2020-11-29 09:58:28,994 - Process-162[log-interceptor-1] - selenium_firefox     - DEBUG   : BROWSER 1: driver: 1606661908864	DeferredSave.extensions.json	DEBUG	Save changes
2020-11-29 09:58:28,994 - Process-162[log-interceptor-1] - selenium_firefox     - DEBUG   : BROWSER 1: driver: 1606661908866	addons.xpi-utils	DEBUG	New add-on e10srollout@mozilla.org installed in app-system-defaults
2020-11-29 09:58:28,994 - Process-162[log-interceptor-1] - selenium_firefox     - DEBUG   : BROWSER 1: driver: 1606661908868	DeferredSave.extensions.json	DEBUG	Starting timer
2020-11-29 09:58:28,994 - Process-162[log-interceptor-1] - selenium_firefox     - DEBUG   : BROWSER 1: driver: 1606661908872	DeferredSave.extensions.json	DEBUG	Save changes
2020-11-29 09:58:28,994 - Process-162[log-interceptor-1] - selenium_firefox     - DEBUG   : BROWSER 1: driver: 1606661908872	addons.xpi-utils	DEBUG	New add-on webcompat@mozilla.org installed in app-system-defaults
2020-11-29 09:58:28,994 - Process-162[log-interceptor-1] - selenium_firefox     - DEBUG   : BROWSER 1: driver: 1606661908878	DeferredSave.extensions.json	DEBUG	Save changes
2020-11-29 09:58:28,994 - Process-162[log-interceptor-1] - selenium_firefox     - DEBUG   : BROWSER 1: driver: 1606661908880	addons.xpi-utils	DEBUG	New add-on firefox@getpocket.com installed in app-system-defaults
2020-11-29 09:58:28,994 - Process-162[log-interceptor-1] - selenium_firefox     - DEBUG   : BROWSER 1: driver: 1606661908888	DeferredSave.extensions.json	DEBUG	Save changes
2020-11-29 09:58:28,994 - Process-162[log-interceptor-1] - selenium_firefox     - DEBUG   : BROWSER 1: driver: 1606661908888	addons.xpi-utils	DEBUG	New add-on aushelper@mozilla.org installed in app-system-defaults
2020-11-29 09:58:28,995 - Process-162[log-interceptor-1] - selenium_firefox     - DEBUG   : BROWSER 1: driver: 1606661908894	DeferredSave.extensions.json	DEBUG	Save changes
2020-11-29 09:58:28,995 - Process-162[log-interceptor-1] - selenium_firefox     - DEBUG   : BROWSER 1: driver: 1606661908894	addons.xpi-utils	DEBUG	New add-on {972ce4c6-7e08-4474-a285-3208198ce6fd} installed in app-global
2020-11-29 09:58:28,995 - Process-162[log-interceptor-1] - selenium_firefox     - DEBUG   : BROWSER 1: driver: 1606661908902	DeferredSave.extensions.json	DEBUG	Starting write
2020-11-29 09:58:28,995 - Process-162[log-interceptor-1] - selenium_firefox     - DEBUG   : BROWSER 1: driver: 1606661908906	DeferredSave.extensions.json	DEBUG	Save changes
2020-11-29 09:58:28,995 - Process-162[log-interceptor-1] - selenium_firefox     - DEBUG   : BROWSER 1: driver: 1606661908906	DeferredSave.extensions.json	DEBUG	Data changed while write in progress
2020-11-29 09:58:28,995 - Process-162[log-interceptor-1] - selenium_firefox     - DEBUG   : BROWSER 1: driver: 1606661908906	addons.manager	DEBUG	Registering startup change 'installed' for @openwpm
2020-11-29 09:58:28,995 - Process-162[log-interceptor-1] - selenium_firefox     - DEBUG   : BROWSER 1: driver: 1606661908906	addons.manager	DEBUG	Registering startup change 'installed' for @openwpm
2020-11-29 09:58:28,995 - Process-162[log-interceptor-1] - selenium_firefox     - DEBUG   : BROWSER 1: driver: 1606661908914	addons.xpi	DEBUG	Loading bootstrap scope from /home/data/tmp/rust_mozprofile.gPnXhv4O4tzS/extensions/@openwpm
2020-11-29 09:58:28,995 - Process-162[log-interceptor-1] - selenium_firefox     - DEBUG   : BROWSER 1: driver: 1606661908970	addons.xpi	DEBUG	Calling bootstrap method install on @openwpm version 0.0.1
2020-11-29 09:58:28,995 - Process-162[log-interceptor-1] - selenium_firefox     - DEBUG   : BROWSER 1: driver: 1606661908970	addons.xpi-utils	DEBUG	Make addon app-profile:@openwpm visible
2020-11-29 09:58:28,995 - Process-162[log-interceptor-1] - selenium_firefox     - DEBUG   : BROWSER 1: driver: 1606661908974	addons.xpi	DEBUG	Add-on @openwpm blocks e10s rollout.
2020-11-29 09:58:28,996 - Process-162[log-interceptor-1] - selenium_firefox     - DEBUG   : BROWSER 1: driver: 1606661908974	DeferredSave.extensions.json	DEBUG	Save changes
2020-11-29 09:58:28,996 - Process-162[log-interceptor-1] - selenium_firefox     - DEBUG   : BROWSER 1: driver: 1606661908974	addons.manager	DEBUG	Registering startup change 'installed' for e10srollout@mozilla.org
2020-11-29 09:58:28,996 - Process-162[log-interceptor-1] - selenium_firefox     - DEBUG   : BROWSER 1: driver: 1606661908974	addons.xpi	DEBUG	Loading bootstrap scope from /home/data/maaz/Ads/20v50/firefox-bin/browser/features/e10srollout@mozilla.org.xpi
2020-11-29 09:58:28,996 - Process-162[log-interceptor-1] - selenium_firefox     - DEBUG   : BROWSER 1: driver: 1606661908976	addons.xpi	DEBUG	Calling bootstrap method install on e10srollout@mozilla.org version 1.10
2020-11-29 09:58:28,996 - Process-162[log-interceptor-1] - selenium_firefox     - DEBUG   : BROWSER 1: driver: 1606661908978	addons.xpi	DEBUG	Add-on @openwpm blocks e10s rollout.
2020-11-29 09:58:28,996 - Process-162[log-interceptor-1] - selenium_firefox     - DEBUG   : BROWSER 1: driver: 1606661908978	addons.xpi	DEBUG	Add-on @openwpm blocks e10s rollout.
2020-11-29 09:58:28,996 - Process-162[log-interceptor-1] - selenium_firefox     - DEBUG   : BROWSER 1: driver: 1606661908978	addons.xpi-utils	DEBUG	Make addon app-system-defaults:e10srollout@mozilla.org visible
2020-11-29 09:58:28,996 - Process-162[log-interceptor-1] - selenium_firefox     - DEBUG   : BROWSER 1: driver: 1606661908978	addons.xpi	DEBUG	Add-on @openwpm blocks e10s rollout.
2020-11-29 09:58:28,996 - Process-162[log-interceptor-1] - selenium_firefox     - DEBUG   : BROWSER 1: driver: 1606661908978	DeferredSave.extensions.json	DEBUG	Save changes
2020-11-29 09:58:28,996 - Process-162[log-interceptor-1] - selenium_firefox     - DEBUG   : BROWSER 1: driver: 1606661908978	addons.manager	DEBUG	Registering startup change 'installed' for webcompat@mozilla.org
2020-11-29 09:58:28,997 - Process-162[log-interceptor-1] - selenium_firefox     - DEBUG   : BROWSER 1: driver: 1606661908980	addons.xpi	DEBUG	Loading bootstrap scope from /home/data/maaz/Ads/20v50/firefox-bin/browser/features/webcompat@mozilla.org.xpi
2020-11-29 09:58:28,997 - Process-162[log-interceptor-1] - selenium_firefox     - DEBUG   : BROWSER 1: driver: 1606661908980	addons.xpi	DEBUG	Calling bootstrap method install on webcompat@mozilla.org version 1.0
2020-11-29 09:58:28,997 - Process-162[log-interceptor-1] - selenium_firefox     - DEBUG   : BROWSER 1: driver: 1606661908980	addons.xpi-utils	DEBUG	Make addon app-system-defaults:webcompat@mozilla.org visible
2020-11-29 09:58:28,997 - Process-162[log-interceptor-1] - selenium_firefox     - DEBUG   : BROWSER 1: driver: 1606661908982	addons.xpi	DEBUG	Add-on @openwpm blocks e10s rollout.
2020-11-29 09:58:28,997 - Process-162[log-interceptor-1] - selenium_firefox     - DEBUG   : BROWSER 1: driver: 1606661908982	DeferredSave.extensions.json	DEBUG	Save changes
2020-11-29 09:58:28,997 - Process-162[log-interceptor-1] - selenium_firefox     - DEBUG   : BROWSER 1: driver: 1606661908982	addons.manager	DEBUG	Registering startup change 'installed' for firefox@getpocket.com
2020-11-29 09:58:28,997 - Process-162[log-interceptor-1] - selenium_firefox     - DEBUG   : BROWSER 1: driver: 1606661908982	addons.xpi	DEBUG	Loading bootstrap scope from /home/data/maaz/Ads/20v50/firefox-bin/browser/features/firefox@getpocket.com.xpi
2020-11-29 09:58:28,997 - Process-162[log-interceptor-1] - selenium_firefox     - DEBUG   : BROWSER 1: driver: 1606661908986	addons.xpi	DEBUG	Calling bootstrap method install on firefox@getpocket.com version 1.0.5
2020-11-29 09:58:28,997 - Process-162[log-interceptor-1] - selenium_firefox     - DEBUG   : BROWSER 1: driver: 1606661908986	addons.xpi-utils	DEBUG	Make addon app-system-defaults:firefox@getpocket.com visible
2020-11-29 09:58:28,997 - Process-162[log-interceptor-1] - selenium_firefox     - DEBUG   : BROWSER 1: driver: 1606661908986	addons.xpi	DEBUG	Add-on @openwpm blocks e10s rollout.
2020-11-29 09:58:28,998 - Process-162[log-interceptor-1] - selenium_firefox     - DEBUG   : BROWSER 1: driver: 1606661908986	DeferredSave.extensions.json	DEBUG	Save changes
2020-11-29 09:58:28,998 - Process-162[log-interceptor-1] - selenium_firefox     - DEBUG   : BROWSER 1: driver: 1606661908986	addons.manager	DEBUG	Registering startup change 'installed' for aushelper@mozilla.org
2020-11-29 09:58:28,998 - Process-162[log-interceptor-1] - selenium_firefox     - DEBUG   : BROWSER 1: driver: 1606661908986	addons.xpi	DEBUG	Loading bootstrap scope from /home/data/maaz/Ads/20v50/firefox-bin/browser/features/aushelper@mozilla.org.xpi
2020-11-29 09:58:29,019 - Process-162[log-interceptor-1] - selenium_firefox     - DEBUG   : BROWSER 1: driver: 1606661908988	addons.xpi	DEBUG	Calling bootstrap method install on aushelper@mozilla.org version 2.0
2020-11-29 09:58:29,019 - Process-162[log-interceptor-1] - selenium_firefox     - DEBUG   : BROWSER 1: driver: 1606661908988	addons.xpi-utils	DEBUG	Make addon app-system-defaults:aushelper@mozilla.org visible
2020-11-29 09:58:29,019 - Process-162[log-interceptor-1] - selenium_firefox     - DEBUG   : BROWSER 1: driver: 1606661908990	addons.xpi	DEBUG	Add-on @openwpm blocks e10s rollout.
2020-11-29 09:58:29,019 - Process-162[log-interceptor-1] - selenium_firefox     - DEBUG   : BROWSER 1: driver: 1606661908990	DeferredSave.extensions.json	DEBUG	Save changes
2020-11-29 09:58:29,019 - Process-162[log-interceptor-1] - selenium_firefox     - DEBUG   : BROWSER 1: driver: 1606661908990	addons.xpi-utils	DEBUG	Make addon app-global:{972ce4c6-7e08-4474-a285-3208198ce6fd} visible
2020-11-29 09:58:29,019 - Process-162[log-interceptor-1] - selenium_firefox     - DEBUG   : BROWSER 1: driver: 1606661908990	addons.xpi	DEBUG	Add-on @openwpm blocks e10s rollout.
2020-11-29 09:58:29,019 - Process-162[log-interceptor-1] - selenium_firefox     - DEBUG   : BROWSER 1: driver: 1606661908990	DeferredSave.extensions.json	DEBUG	Save changes
2020-11-29 09:58:29,020 - Process-162[log-interceptor-1] - selenium_firefox     - DEBUG   : BROWSER 1: driver: 1606661908990	addons.xpi	DEBUG	Updating XPIState for {"id":"@openwpm","syncGUID":"{ee33621c-543e-41c9-bf34-0281b8397fcb}","location":"app-profile","version":"0.0.1","type":"extension","internalName":null,"updateURL":null,"updateKey":null,"optionsURL":null,"optionsType":null,"aboutURL":null,"icons":{},"iconURL":null,"icon64URL":null,"defaultLocale":{"name":"openwpm","description":"Extension with socket interface into OpenWPM","creator":"Steven Englehardt","homepageURL":null},"visible":true,"active":true,"userDisabled":false,"appDisabled":false,"descriptor":"/home/data/tmp/rust_mozprofile.gPnXhv4O4tzS/extensions/@openwpm","installDate":1606661908000,"updateDate":1606661908000,"applyBackgroundUpdates":1,"bootstrap":true,"skinnable":false,"size":84784,"sourceURI":null,"releaseNotesURI":null,"softDisabled":false,"foreignInstall":true,"hasBinaryComponents":false,"strictCompatibility":false,"locales":[],"targetApplications":[{"id":"{ec8030f7-c20a-464f-9b0e-13a3a9e97384}","minVersion":"38.0a1","maxVersion":"*"}],"targetPlatforms":[],"multiprocessCompatible":false,"signedState":0,"seen":true,"dependencies":[],"hasEmbeddedWebExtension":false,"mpcOptedOut":false}
2020-11-29 09:58:29,020 - Process-162[log-interceptor-1] - selenium_firefox     - DEBUG   : BROWSER 1: driver: 1606661908990	addons.xpi	DEBUG	getModTime: Recursive scan of @openwpm
2020-11-29 09:58:29,020 - Process-162[log-interceptor-1] - selenium_firefox     - DEBUG   : BROWSER 1: driver: 1606661908992	addons.xpi	DEBUG	Updating XPIState for {"id":"e10srollout@mozilla.org","syncGUID":"{467b5a9c-fe29-43fd-b31c-d50a84463303}","location":"app-system-defaults","version":"1.10","type":"extension","internalName":null,"updateURL":null,"updateKey":null,"optionsURL":null,"optionsType":null,"aboutURL":null,"icons":{},"iconURL":null,"icon64URL":null,"defaultLocale":{"name":"Multi-process staged rollout","description":"Staged rollout of Firefox multi-process feature.","creator":null,"homepageURL":null},"visible":true,"active":true,"userDisabled":false,"appDisabled":false,"descriptor":"/home/data/maaz/Ads/20v50/firefox-bin/browser/features/e10srollout@mozilla.org.xpi","installDate":1606628784000,"updateDate":1606628784000,"applyBackgroundUpdates":1,"bootstrap":true,"skinnable":false,"size":8145,"sourceURI":null,"releaseNotesURI":null,"softDisabled":false,"foreignInstall":false,"hasBinaryComponents":false,"strictCompatibility":false,"locales":[],"targetApplications":[{"id":"{ec8030f7-c20a-464f-9b0e-13a3a9e97384}","minVersion":"52.9.0","maxVersion":"52.*"}],"targetPlatforms":[],"multiprocessCompatible":true,"seen":true,"dependencies":[],"hasEmbeddedWebExtension":false,"mpcOptedOut":false}
2020-11-29 09:58:29,020 - Process-162[log-interceptor-1] - selenium_firefox     - DEBUG   : BROWSER 1: driver: 1606661908992	addons.xpi	DEBUG	getModTime: Recursive scan of e10srollout@mozilla.org
2020-11-29 09:58:29,020 - Process-162[log-interceptor-1] - selenium_firefox     - DEBUG   : BROWSER 1: driver: 1606661908992	addons.xpi	DEBUG	Updating XPIState for {"id":"webcompat@mozilla.org","syncGUID":"{9bd1bac9-2238-4642-8d01-b03b52fe7d19}","location":"app-system-defaults","version":"1.0","type":"extension","internalName":null,"updateURL":null,"updateKey":null,"optionsURL":null,"optionsType":null,"aboutURL":null,"icons":{},"iconURL":null,"icon64URL":null,"defaultLocale":{"name":"Web Compat","description":"Urgent post-release fixes for web compatibility.","creator":null,"homepageURL":null},"visible":true,"active":true,"userDisabled":false,"appDisabled":false,"descriptor":"/home/data/maaz/Ads/20v50/firefox-bin/browser/features/webcompat@mozilla.org.xpi","installDate":1606628784000,"updateDate":1606628784000,"applyBackgroundUpdates":1,"bootstrap":true,"skinnable":false,"size":1456,"sourceURI":null,"releaseNotesURI":null,"softDisabled":false,"foreignInstall":false,"hasBinaryComponents":false,"strictCompatibility":false,"locales":[],"targetApplications":[{"id":"{ec8030f7-c20a-464f-9b0e-13a3a9e97384}","minVersion":"52.9.0","maxVersion":"52.*"}],"targetPlatforms":[],"multiprocessCompatible":true,"seen":true,"dependencies":[],"hasEmbeddedWebExtension":false,"mpcOptedOut":false}
2020-11-29 09:58:29,020 - Process-162[log-interceptor-1] - selenium_firefox     - DEBUG   : BROWSER 1: driver: 1606661908992	addons.xpi	DEBUG	getModTime: Recursive scan of webcompat@mozilla.org
2020-11-29 09:58:29,020 - Process-162[log-interceptor-1] - selenium_firefox     - DEBUG   : BROWSER 1: driver: 1606661908992	addons.xpi	DEBUG	Updating XPIState for {"id":"firefox@getpocket.com","syncGUID":"{701c94c7-ebef-4c17-a2d2-6717e8eb29c0}","location":"app-system-defaults","version":"1.0.5","type":"extension","internalName":null,"updateURL":null,"updateKey":null,"optionsURL":null,"optionsType":null,"aboutURL":null,"icons":{},"iconURL":null,"icon64URL":null,"defaultLocale":{"name":"Pocket","description":"When you find something you want to view later, put it in Pocket.","creator":null,"homepageURL":null},"visible":true,"active":true,"userDisabled":false,"appDisabled":false,"descriptor":"/home/data/maaz/Ads/20v50/firefox-bin/browser/features/firefox@getpocket.com.xpi","installDate":1606628784000,"updateDate":1606628784000,"applyBackgroundUpdates":1,"bootstrap":true,"skinnable":false,"size":920281,"sourceURI":null,"releaseNotesURI":null,"softDisabled":false,"foreignInstall":false,"hasBinaryComponents":false,"strictCompatibility":false,"locales":[],"targetApplications":[{"id":"{ec8030f7-c20a-464f-9b0e-13a3a9e97384}","minVersion":"52.9.0","maxVersion":"52.*"}],"targetPlatforms":[],"multiprocessCompatible":true,"seen":true,"dependencies":[],"hasEmbeddedWebExtension":false,"mpcOptedOut":false}
2020-11-29 09:58:29,020 - Process-162[log-interceptor-1] - selenium_firefox     - DEBUG   : BROWSER 1: driver: 1606661908992	addons.xpi	DEBUG	getModTime: Recursive scan of firefox@getpocket.com
2020-11-29 09:58:29,021 - Process-162[log-interceptor-1] - selenium_firefox     - DEBUG   : BROWSER 1: driver: 1606661908992	addons.xpi	DEBUG	Updating XPIState for {"id":"aushelper@mozilla.org","syncGUID":"{36978b36-a5e0-4fbb-844a-f88e56d418d6}","location":"app-system-defaults","version":"2.0","type":"extension","internalName":null,"updateURL":null,"updateKey":null,"optionsURL":null,"optionsType":null,"aboutURL":null,"icons":{},"iconURL":null,"icon64URL":null,"defaultLocale":{"name":"Application Update Service Helper","description":"Sets value(s) in the update url based on custom checks.","creator":null,"homepageURL":null},"visible":true,"active":true,"userDisabled":false,"appDisabled":false,"descriptor":"/home/data/maaz/Ads/20v50/firefox-bin/browser/features/aushelper@mozilla.org.xpi","installDate":1606628784000,"updateDate":1606628784000,"applyBackgroundUpdates":1,"bootstrap":true,"skinnable":false,"size":8488,"sourceURI":null,"releaseNotesURI":null,"softDisabled":false,"foreignInstall":false,"hasBinaryComponents":false,"strictCompatibility":false,"locales":[],"targetApplications":[{"id":"{ec8030f7-c20a-464f-9b0e-13a3a9e97384}","minVersion":"52.9.0","maxVersion":"52.*"}],"targetPlatforms":[],"multiprocessCompatible":true,"seen":true,"dependencies":[],"hasEmbeddedWebExtension":false,"mpcOptedOut":false}
2020-11-29 09:58:29,021 - Process-162[log-interceptor-1] - selenium_firefox     - DEBUG   : BROWSER 1: driver: 1606661908992	addons.xpi	DEBUG	getModTime: Recursive scan of aushelper@mozilla.org
2020-11-29 09:58:29,021 - Process-162[log-interceptor-1] - selenium_firefox     - DEBUG   : BROWSER 1: driver: 1606661908994	addons.xpi	DEBUG	Updating XPIState for {"id":"{972ce4c6-7e08-4474-a285-3208198ce6fd}","syncGUID":"{42819956-4893-4fc2-9154-5d355e685346}","location":"app-global","version":"52.9.0","type":"theme","internalName":"classic/1.0","updateURL":null,"updateKey":null,"optionsURL":null,"optionsType":null,"aboutURL":null,"icons":{"32":"icon.png","48":"icon.png"},"iconURL":null,"icon64URL":null,"defaultLocale":{"name":"Default","description":"The default theme.","creator":"Mozilla","homepageURL":null,"contributors":["Mozilla Contributors"]},"visible":true,"active":true,"userDisabled":false,"appDisabled":false,"descriptor":"/home/data/maaz/Ads/20v50/firefox-bin/browser/extensions/{972ce4c6-7e08-4474-a285-3208198ce6fd}.xpi","installDate":1606628784000,"updateDate":1606628784000,"applyBackgroundUpdates":1,"skinnable":true,"size":4932,"sourceURI":null,"releaseNotesURI":null,"softDisabled":false,"foreignInstall":false,"hasBinaryComponents":false,"strictCompatibility":true,"locales":[],"targetApplications":[{"id":"{ec8030f7-c20a-464f-9b0e-13a3a9e97384}","minVersion":"52.9.0","maxVersion":"52.9.0"}],"targetPlatforms":[],"seen":true,"dependencies":[],"hasEmbeddedWebExtension":false}
2020-11-29 09:58:29,021 - Process-162[log-interceptor-1] - selenium_firefox     - DEBUG   : BROWSER 1: driver: 1606661908994	addons.xpi	DEBUG	getModTime: Recursive scan of {972ce4c6-7e08-4474-a285-3208198ce6fd}
2020-11-29 09:58:29,021 - Process-162[log-interceptor-1] - selenium_firefox     - DEBUG   : BROWSER 1: driver: 1606661908994	addons.xpi	DEBUG	Add-on @openwpm blocks e10s rollout.
2020-11-29 09:58:29,021 - Process-162[log-interceptor-1] - selenium_firefox     - DEBUG   : BROWSER 1: driver: 1606661908994	DeferredSave.extensions.json	DEBUG	Save changes
2020-11-29 09:58:29,021 - Process-162[log-interceptor-1] - selenium_firefox     - DEBUG   : BROWSER 1: driver: 1606661908994	addons.xpi	DEBUG	Updating database with changes to installed add-ons
2020-11-29 09:58:29,021 - Process-162[log-interceptor-1] - selenium_firefox     - DEBUG   : BROWSER 1: driver: 1606661908994	addons.xpi-utils	DEBUG	Updating add-on states
2020-11-29 09:58:29,021 - Process-162[log-interceptor-1] - selenium_firefox     - DEBUG   : BROWSER 1: driver: 1606661908994	addons.xpi-utils	DEBUG	Writing add-ons list
2020-11-29 09:58:29,022 - Process-162[log-interceptor-1] - selenium_firefox     - DEBUG   : BROWSER 1: driver: 1606661908996	addons.xpi	DEBUG	Registering manifest for /home/data/tmp/rust_mozprofile.gPnXhv4O4tzS/extensions/@openwpm
2020-11-29 09:58:29,022 - Process-162[log-interceptor-1] - selenium_firefox     - DEBUG   : BROWSER 1: driver: 1606661908998	addons.xpi	DEBUG	Calling bootstrap method startup on @openwpm version 0.0.1
2020-11-29 09:58:29,022 - Process-162[log-interceptor-1] - selenium_firefox     - DEBUG   : BROWSER 1: driver: 1606661909002	addons.xpi	DEBUG	Registering manifest for /home/data/maaz/Ads/20v50/firefox-bin/browser/features/aushelper@mozilla.org.xpi
2020-11-29 09:58:29,022 - Process-162[log-interceptor-1] - selenium_firefox     - DEBUG   : BROWSER 1: driver: 1606661909002	addons.xpi	DEBUG	Calling bootstrap method startup on aushelper@mozilla.org version 2.0
2020-11-29 09:58:29,022 - Process-162[log-interceptor-1] - selenium_firefox     - DEBUG   : BROWSER 1: driver: 1606661909002	addons.xpi	DEBUG	Registering manifest for /home/data/maaz/Ads/20v50/firefox-bin/browser/features/e10srollout@mozilla.org.xpi
2020-11-29 09:58:29,022 - Process-162[log-interceptor-1] - selenium_firefox     - DEBUG   : BROWSER 1: driver: 1606661909004	addons.xpi	DEBUG	Calling bootstrap method startup on e10srollout@mozilla.org version 1.10
2020-11-29 09:58:29,022 - Process-162[log-interceptor-1] - selenium_firefox     - DEBUG   : BROWSER 1: driver: 1606661909004	addons.xpi	DEBUG	Registering manifest for /home/data/maaz/Ads/20v50/firefox-bin/browser/features/firefox@getpocket.com.xpi
2020-11-29 09:58:29,022 - Process-162[log-interceptor-1] - selenium_firefox     - DEBUG   : BROWSER 1: driver: 1606661909004	addons.xpi	DEBUG	Calling bootstrap method startup on firefox@getpocket.com version 1.0.5
2020-11-29 09:58:29,022 - Process-162[log-interceptor-1] - selenium_firefox     - DEBUG   : BROWSER 1: driver: 1606661909006	addons.xpi	DEBUG	Registering manifest for /home/data/maaz/Ads/20v50/firefox-bin/browser/features/webcompat@mozilla.org.xpi
2020-11-29 09:58:29,023 - Process-162[log-interceptor-1] - selenium_firefox     - DEBUG   : BROWSER 1: driver: 1606661909006	addons.xpi	DEBUG	Calling bootstrap method startup on webcompat@mozilla.org version 1.0
2020-11-29 09:58:29,023 - Process-162[log-interceptor-1] - selenium_firefox     - DEBUG   : BROWSER 1: driver: 1606661909008	addons.manager	DEBUG	Registering shutdown blocker for XPIProvider
2020-11-29 09:58:29,023 - Process-162[log-interceptor-1] - selenium_firefox     - DEBUG   : BROWSER 1: driver: 1606661909008	addons.manager	DEBUG	Provider finished startup: XPIProvider
2020-11-29 09:58:29,023 - Process-162[log-interceptor-1] - selenium_firefox     - DEBUG   : BROWSER 1: driver: 1606661909010	addons.manager	DEBUG	Starting provider: LightweightThemeManager
2020-11-29 09:58:29,023 - Process-162[log-interceptor-1] - selenium_firefox     - DEBUG   : BROWSER 1: driver: 1606661909010	addons.manager	DEBUG	Registering shutdown blocker for LightweightThemeManager
2020-11-29 09:58:29,023 - Process-162[log-interceptor-1] - selenium_firefox     - DEBUG   : BROWSER 1: driver: 1606661909010	addons.manager	DEBUG	Provider finished startup: LightweightThemeManager
2020-11-29 09:58:29,023 - Process-162[log-interceptor-1] - selenium_firefox     - DEBUG   : BROWSER 1: driver: 1606661909010	addons.manager	DEBUG	Starting provider: GMPProvider
2020-11-29 09:58:31,466 - Process-162[MainThread] - BaseAggregator       - DEBUG   : Status update; current record queue size: 0
2020-11-29 09:58:34,193 - Process-162[MainThread] - FirefoxExtension     - DEBUG   : Cookie instrumentation enabled
2020-11-29 09:58:34,194 - Process-162[MainThread] - FirefoxExtension     - DEBUG   : HTTP Instrumentation enabled
2020-11-29 09:58:34,299 - Process-162[MainThread] - BrowserManager       - DEBUG   : BROWSER 1: Looking for extension port information in /tmp/rust_mozprofile.gPnXhv4O4tzS/
2020-11-29 09:58:34,299 - Process-162[MainThread] - BrowserManager       - DEBUG   : BROWSER 1: Connecting to extension on port 39071
2020-11-29 09:58:34,300 - Process-162[MainThread] - BrowserManager       - DEBUG   : BROWSER 1: BrowserManager ready.
2020-11-29 09:58:34,300 - Process-162[MainThread] - BrowserManager       - DEBUG   : BROWSER 1: Browser spawn sucessful!
2020-11-29 09:58:34,746 - Process-162[MainThread] - TaskManager          - INFO    : 

OpenWPM Version: 44dd020
Firefox Version: 52.9.0

========== Manager Configuration ==========
{
  "aggregator_address": [
    "127.0.0.1",
    54753
  ],
  "data_directory": "/home/data/maaz/Ads/20v50/data/20_50/control_5_6",
  "database_name": "/home/data/maaz/Ads/20v50/data/20_50/control_5_6/3_crawl-data.sqlite",
  "failure_limit": null,
  "log_directory": "/home/data/maaz/Ads/20v50/data/20_50/control_5_6",
  "log_file": "/home/data/maaz/Ads/20v50/data/20_50/control_5_6/openwpm.log",
  "logger_address": [
    "127.0.0.1",
    39795
  ],
  "num_browsers": 1,
  "output_format": "local",
  "screenshot_path": "/home/data/maaz/Ads/20v50/data/20_50/control_5_6/screenshots",
  "source_dump_path": "/home/data/maaz/Ads/20v50/data/20_50/control_5_6/sources",
  "testing": false
}

========== Browser Configuration ==========
Keys:
{
  "crawl_id": 0,
  "Ad_Sites": 1,
  "Browser_Config": 2,
  "Browser_Config_Def": 3,
  "Intent": 4,
  "Intent_Sites": 5,
  "Manager_Config": 6,
  "Manager_Config_Def": 7,
  "Number_of_Browsers": 8,
  "Persona_Name": 9,
  "Persona_Numb": 10,
  "Persona_Path": 11,
  "Sites": 12,
  "Storage_File": 13,
  "adblock-plus": 14,
  "bot_mitigation": 15,
  "browser": 16,
  "cookie_instrument": 17,
  "disable_flash": 18,
  "disconnect": 19,
  "donottrack": 20,
  "extension_enabled": 21,
  "ghostery": 22,
  "headless": 23,
  "http_instrument": 24,
  "https-everywhere": 25,
  "js_instrument": 26,
  "prefs": 27,
  "random_attributes": 28,
  "save_all_content": 29,
  "save_javascript": 30,
  "storage_file": 31,
  "tp_cookies": 32,
  "tracking-protection": 33,
  "ublock-origin": 34
}

  0  1                                 2                                                     3                            4         5    6                                                     7                              8  9               10  11             12    13          14     15    16       17    18     19     20     21    22     23    24    25     26     27    28     29     30     31          32      33     34
---  --------------------------------  ----------------------------------------------------  ---------------------------  --------  ---  ----------------------------------------------------  ---------------------------  ---  ------------  ----  -------------  ----  ----------  -----  ----  -------  ----  -----  -----  -----  ----  -----  ----  ----  -----  -----  ----  -----  -----  -----  ----------  ------  -----  -----
  1  [u'https://www.accuweather.com']  config/20_50/Control/5_Control_browser_params_6.json  default_browser_params.json  NoIntent  []   config/20_50/Control/5_Control_manager_params_6.json  default_manager_params.json    1  Control.json     6  data/personas  []    storage.js  False  True  firefox  True  False  False  False  True  False  True  True  False  False  {}    False  False  False  storage.js  always  False  False

========== Input profile tar files ==========
{
  "1": "data/20_50/control_5_6"
}

========== Output (archive) profile dirs ==========
{
  "1": "data/20_50/control_5_6"
}


2020-11-29 09:58:36,472 - Process-162[MainThread] - BaseAggregator       - DEBUG   : Status update; current record queue size: 0
2020-11-29 09:58:41,119 - Process-162[MainThread] - BrowserManager       - DEBUG   : BROWSER 1: Killing browser manager...
2020-11-29 09:58:41,119 - Process-162[MainThread] - BrowserManager       - DEBUG   : BROWSER 1: Attempting to kill BrowserManager with pid 47954. Display PID: 48126 | Display Port: 0 | Browser PID: 48344
2020-11-29 09:58:41,120 - Process-162[MainThread] - BrowserManager       - DEBUG   : BROWSER 1: Screen lockfile (/tmp/.X0-lock) already removed
2020-11-29 09:58:41,201 - Process-162[MainThread] - BrowserManager       - DEBUG   : BROWSER 1: Geckodriver process already killed.
2020-11-29 09:58:41,201 - Process-162[MainThread] - BrowserManager       - DEBUG   : BROWSER 1: during_init=False | profile_archive_dir=data/20_50/control_5_6
2020-11-29 09:58:41,201 - Process-162[MainThread] - BrowserManager       - DEBUG   : BROWSER 1: Archiving browser profile directory to data/20_50/control_5_6
2020-11-29 09:58:41,202 - Process-162[MainThread] - profile_commands     - DEBUG   : BROWSER 1: Backing up full profile from /tmp/rust_mozprofile.gPnXhv4O4tzS/ to data/20_50/control_5_6/profile.tar.gz
2020-11-29 09:58:41,310 - Process-162[MainThread] - profile_commands     - WARNING : BROWSER 1: /tmp/rust_mozprofile.gPnXhv4O4tzS/webapps NOT FOUND IN profile folder, skipping.
2020-11-29 09:58:41,314 - Process-162[MainThread] - profile_commands     - DEBUG   : BROWSER 1: SAVING /home/maaz/.macromedia/Flash_Player/#SharedObjects during flash file archive
2020-11-29 09:58:41,316 - Process-162[MainThread] - profile_commands     - DEBUG   : BROWSER 1: SAVING /home/maaz/.macromedia/Flash_Player/macromedia.com/support/flashplayer/sys during flash file archive
2020-11-29 09:58:41,322 - Process-162[MainThread] - BaseAggregator       - DEBUG   : Sending the shutdown signal to the LocalAggregator listener process...
2020-11-29 09:58:41,478 - Process-162[MainThread] - BaseAggregator       - DEBUG   : Status update; current record queue size: 0
2020-11-29 09:58:41,478 - Process-162[MainThread] - BaseAggregator       - INFO    : Received shutdown signal!
2020-11-29 09:58:44,546 - Process-162[MainThread] - BaseAggregator       - DEBUG   : LocalAggregator took 3.22285604477 seconds to close.
