2020-11-28 20:57:43,417 - Process-2  [MainThread] - BrowserManager       - DEBUG   : BROWSER 1: Spawn attempt 0 
2020-11-28 20:57:43,548 - Process-2  [MainThread] - deploy_firefox       - DEBUG   : BROWSER 1: OpenWPM Firefox extension loaded
2020-11-28 20:57:45,264 - Process-2  [log-interceptor-1] - selenium_firefox     - DEBUG   : BROWSER 1: driver: 1606618663579	geckodriver	INFO	Listening on 127.0.0.1:53363
2020-11-28 20:57:45,265 - Process-2  [log-interceptor-1] - selenium_firefox     - DEBUG   : BROWSER 1: driver: 1606618664639	mozprofile::profile	INFO	Using profile path /tmp/rust_mozprofile.R6UgwrP2GUQV
2020-11-28 20:57:45,265 - Process-2  [log-interceptor-1] - selenium_firefox     - DEBUG   : BROWSER 1: driver: 1606618664644	geckodriver::marionette	INFO	Starting browser /home/maazbinmusa/Desktop/20v50/firefox-bin/firefox-bin with args []
2020-11-28 20:57:45,265 - Process-2  [log-interceptor-1] - selenium_firefox     - DEBUG   : BROWSER 1: driver: 1606618664649	geckodriver::marionette	INFO	Connecting to Marionette on localhost:41801
2020-11-28 20:57:45,265 - Process-2  [log-interceptor-1] - selenium_firefox     - DEBUG   : BROWSER 1: driver: 1606618665088	addons.manager	DEBUG	Application has been upgraded
2020-11-28 20:57:45,266 - Process-2  [log-interceptor-1] - selenium_firefox     - DEBUG   : BROWSER 1: driver: 1606618665114	addons.manager	DEBUG	Loaded provider scope for resource://gre/modules/addons/XPIProvider.jsm: ["XPIProvider"]
2020-11-28 20:57:45,266 - Process-2  [log-interceptor-1] - selenium_firefox     - DEBUG   : BROWSER 1: driver: 1606618665116	addons.manager	DEBUG	Loaded provider scope for resource://gre/modules/LightweightThemeManager.jsm: ["LightweightThemeManager"]
2020-11-28 20:57:45,266 - Process-2  [log-interceptor-1] - selenium_firefox     - DEBUG   : BROWSER 1: driver: 1606618665120	addons.manager	DEBUG	Loaded provider scope for resource://gre/modules/addons/GMPProvider.jsm
2020-11-28 20:57:45,266 - Process-2  [log-interceptor-1] - selenium_firefox     - DEBUG   : BROWSER 1: driver: 1606618665124	addons.manager	DEBUG	Loaded provider scope for resource://gre/modules/addons/PluginProvider.jsm
2020-11-28 20:57:45,266 - Process-2  [log-interceptor-1] - selenium_firefox     - DEBUG   : BROWSER 1: driver: 1606618665124	addons.manager	DEBUG	Starting provider: XPIProvider
2020-11-28 20:57:45,266 - Process-2  [log-interceptor-1] - selenium_firefox     - DEBUG   : BROWSER 1: driver: 1606618665124	addons.xpi	DEBUG	startup
2020-11-28 20:57:45,266 - Process-2  [log-interceptor-1] - selenium_firefox     - DEBUG   : BROWSER 1: driver: 1606618665126	addons.xpi	INFO	Mapping @openwpm to /tmp/rust_mozprofile.R6UgwrP2GUQV/extensions/@openwpm
2020-11-28 20:57:45,266 - Process-2  [log-interceptor-1] - selenium_firefox     - DEBUG   : BROWSER 1: driver: 1606618665126	addons.xpi	INFO	SystemAddonInstallLocation directory is missing
2020-11-28 20:57:45,266 - Process-2  [log-interceptor-1] - selenium_firefox     - DEBUG   : BROWSER 1: driver: 1606618665126	addons.xpi	INFO	Mapping webcompat@mozilla.org to /home/maazbinmusa/Desktop/20v50/firefox-bin/browser/features/webcompat@mozilla.org.xpi
2020-11-28 20:57:45,266 - Process-2  [log-interceptor-1] - selenium_firefox     - DEBUG   : BROWSER 1: driver: 1606618665126	addons.xpi	INFO	Mapping e10srollout@mozilla.org to /home/maazbinmusa/Desktop/20v50/firefox-bin/browser/features/e10srollout@mozilla.org.xpi
2020-11-28 20:57:45,267 - Process-2  [log-interceptor-1] - selenium_firefox     - DEBUG   : BROWSER 1: driver: 1606618665128	addons.xpi	INFO	Mapping firefox@getpocket.com to /home/maazbinmusa/Desktop/20v50/firefox-bin/browser/features/firefox@getpocket.com.xpi
2020-11-28 20:57:45,267 - Process-2  [log-interceptor-1] - selenium_firefox     - DEBUG   : BROWSER 1: driver: 1606618665128	addons.xpi	INFO	Mapping aushelper@mozilla.org to /home/maazbinmusa/Desktop/20v50/firefox-bin/browser/features/aushelper@mozilla.org.xpi
2020-11-28 20:57:45,267 - Process-2  [log-interceptor-1] - selenium_firefox     - DEBUG   : BROWSER 1: driver: 1606618665128	addons.xpi	INFO	Mapping {972ce4c6-7e08-4474-a285-3208198ce6fd} to /home/maazbinmusa/Desktop/20v50/firefox-bin/browser/extensions/{972ce4c6-7e08-4474-a285-3208198ce6fd}.xpi
2020-11-28 20:57:45,267 - Process-2  [log-interceptor-1] - selenium_firefox     - DEBUG   : BROWSER 1: driver: 1606618665130	addons.xpi	DEBUG	checkForChanges
2020-11-28 20:57:45,267 - Process-2  [log-interceptor-1] - selenium_firefox     - DEBUG   : BROWSER 1: driver: 1606618665130	addons.xpi	INFO	SystemAddonInstallLocation directory is missing
2020-11-28 20:57:45,267 - Process-2  [log-interceptor-1] - selenium_firefox     - DEBUG   : BROWSER 1: driver: 1606618665130	addons.xpi	DEBUG	Loaded add-on state from prefs: {}
2020-11-28 20:57:45,270 - Process-2  [log-interceptor-1] - selenium_firefox     - DEBUG   : BROWSER 1: driver: 1606618665130	addons.xpi	DEBUG	New add-on @openwpm in app-profile
2020-11-28 20:57:45,270 - Process-2  [log-interceptor-1] - selenium_firefox     - DEBUG   : BROWSER 1: driver: 1606618665132	addons.xpi	DEBUG	getModTime: Recursive scan of @openwpm
2020-11-28 20:57:45,270 - Process-2  [log-interceptor-1] - selenium_firefox     - DEBUG   : BROWSER 1: driver: 1606618665134	addons.xpi	DEBUG	New add-on webcompat@mozilla.org in app-system-defaults
2020-11-28 20:57:45,270 - Process-2  [log-interceptor-1] - selenium_firefox     - DEBUG   : BROWSER 1: driver: 1606618665134	addons.xpi	DEBUG	getModTime: Recursive scan of webcompat@mozilla.org
2020-11-28 20:57:45,270 - Process-2  [log-interceptor-1] - selenium_firefox     - DEBUG   : BROWSER 1: driver: 1606618665136	addons.xpi	DEBUG	New add-on e10srollout@mozilla.org in app-system-defaults
2020-11-28 20:57:45,270 - Process-2  [log-interceptor-1] - selenium_firefox     - DEBUG   : BROWSER 1: driver: 1606618665136	addons.xpi	DEBUG	getModTime: Recursive scan of e10srollout@mozilla.org
2020-11-28 20:57:45,270 - Process-2  [log-interceptor-1] - selenium_firefox     - DEBUG   : BROWSER 1: driver: 1606618665136	addons.xpi	DEBUG	New add-on firefox@getpocket.com in app-system-defaults
2020-11-28 20:57:45,270 - Process-2  [log-interceptor-1] - selenium_firefox     - DEBUG   : BROWSER 1: driver: 1606618665136	addons.xpi	DEBUG	getModTime: Recursive scan of firefox@getpocket.com
2020-11-28 20:57:45,270 - Process-2  [log-interceptor-1] - selenium_firefox     - DEBUG   : BROWSER 1: driver: 1606618665136	addons.xpi	DEBUG	New add-on aushelper@mozilla.org in app-system-defaults
2020-11-28 20:57:45,270 - Process-2  [log-interceptor-1] - selenium_firefox     - DEBUG   : BROWSER 1: driver: 1606618665138	addons.xpi	DEBUG	getModTime: Recursive scan of aushelper@mozilla.org
2020-11-28 20:57:45,271 - Process-2  [log-interceptor-1] - selenium_firefox     - DEBUG   : BROWSER 1: driver: 1606618665138	addons.xpi	DEBUG	New add-on {972ce4c6-7e08-4474-a285-3208198ce6fd} in app-global
2020-11-28 20:57:45,271 - Process-2  [log-interceptor-1] - selenium_firefox     - DEBUG   : BROWSER 1: driver: 1606618665138	addons.xpi	DEBUG	getModTime: Recursive scan of {972ce4c6-7e08-4474-a285-3208198ce6fd}
2020-11-28 20:57:45,271 - Process-2  [log-interceptor-1] - selenium_firefox     - DEBUG   : BROWSER 1: driver: 1606618665138	addons.xpi	DEBUG	getInstallState changed: true, state: {"app-profile":{"@openwpm":{"d":"/tmp/rust_mozprofile.R6UgwrP2GUQV/extensions/@openwpm","st":1606618664000,"mt":1606618664000}},"app-system-defaults":{"webcompat@mozilla.org":{"d":"/home/maazbinmusa/Desktop/20v50/firefox-bin/browser/features/webcompat@mozilla.org.xpi","st":1606554842000},"e10srollout@mozilla.org":{"d":"/home/maazbinmusa/Desktop/20v50/firefox-bin/browser/features/e10srollout@mozilla.org.xpi","st":1606554842000},"firefox@getpocket.com":{"d":"/home/maazbinmusa/Desktop/20v50/firefox-bin/browser/features/firefox@getpocket.com.xpi","st":1606554842000},"aushelper@mozilla.org":{"d":"/home/maazbinmusa/Desktop/20v50/firefox-bin/browser/features/aushelper@mozilla.org.xpi","st":1606554842000}},"app-global":{"{972ce4c6-7e08-4474-a285-3208198ce6fd}":{"d":"/home/maazbinmusa/Desktop/20v50/firefox-bin/browser/extensions/{972ce4c6-7e08-4474-a285-3208198ce6fd}.xpi","st":1606554842000}}}
2020-11-28 20:57:45,271 - Process-2  [log-interceptor-1] - selenium_firefox     - DEBUG   : BROWSER 1: driver: 1606618665148	addons.xpi-utils	DEBUG	Opening XPI database /tmp/rust_mozprofile.R6UgwrP2GUQV/extensions.json
2020-11-28 20:57:45,271 - Process-2  [log-interceptor-1] - selenium_firefox     - DEBUG   : BROWSER 1: driver: 1606618665148	addons.xpi-utils	DEBUG	New add-on @openwpm installed in app-profile
2020-11-28 20:57:45,271 - Process-2  [log-interceptor-1] - selenium_firefox     - DEBUG   : BROWSER 1: driver: *** Blocklist::_loadBlocklistFromFile: blocklist is disabled
2020-11-28 20:57:45,271 - Process-2  [log-interceptor-1] - selenium_firefox     - DEBUG   : BROWSER 1: driver: 1606618665160	DeferredSave.extensions.json	DEBUG	Save changes
2020-11-28 20:57:45,271 - Process-2  [log-interceptor-1] - selenium_firefox     - DEBUG   : BROWSER 1: driver: 1606618665160	addons.xpi-utils	DEBUG	New add-on webcompat@mozilla.org installed in app-system-defaults
2020-11-28 20:57:45,271 - Process-2  [log-interceptor-1] - selenium_firefox     - DEBUG   : BROWSER 1: driver: 1606618665162	DeferredSave.extensions.json	DEBUG	Starting timer
2020-11-28 20:57:45,271 - Process-2  [log-interceptor-1] - selenium_firefox     - DEBUG   : BROWSER 1: driver: 1606618665164	DeferredSave.extensions.json	DEBUG	Save changes
2020-11-28 20:57:45,271 - Process-2  [log-interceptor-1] - selenium_firefox     - DEBUG   : BROWSER 1: driver: 1606618665164	addons.xpi-utils	DEBUG	New add-on e10srollout@mozilla.org installed in app-system-defaults
2020-11-28 20:57:45,271 - Process-2  [log-interceptor-1] - selenium_firefox     - DEBUG   : BROWSER 1: driver: 1606618665168	DeferredSave.extensions.json	DEBUG	Save changes
2020-11-28 20:57:45,271 - Process-2  [log-interceptor-1] - selenium_firefox     - DEBUG   : BROWSER 1: driver: 1606618665170	addons.xpi-utils	DEBUG	New add-on firefox@getpocket.com installed in app-system-defaults
2020-11-28 20:57:45,271 - Process-2  [log-interceptor-1] - selenium_firefox     - DEBUG   : BROWSER 1: driver: 1606618665174	DeferredSave.extensions.json	DEBUG	Save changes
2020-11-28 20:57:45,272 - Process-2  [log-interceptor-1] - selenium_firefox     - DEBUG   : BROWSER 1: driver: 1606618665174	addons.xpi-utils	DEBUG	New add-on aushelper@mozilla.org installed in app-system-defaults
2020-11-28 20:57:45,272 - Process-2  [log-interceptor-1] - selenium_firefox     - DEBUG   : BROWSER 1: driver: 1606618665178	DeferredSave.extensions.json	DEBUG	Save changes
2020-11-28 20:57:45,272 - Process-2  [log-interceptor-1] - selenium_firefox     - DEBUG   : BROWSER 1: driver: 1606618665178	addons.xpi-utils	DEBUG	New add-on {972ce4c6-7e08-4474-a285-3208198ce6fd} installed in app-global
2020-11-28 20:57:45,272 - Process-2  [log-interceptor-1] - selenium_firefox     - DEBUG   : BROWSER 1: driver: 1606618665182	DeferredSave.extensions.json	DEBUG	Save changes
2020-11-28 20:57:45,272 - Process-2  [log-interceptor-1] - selenium_firefox     - DEBUG   : BROWSER 1: driver: 1606618665182	addons.manager	DEBUG	Registering startup change 'installed' for @openwpm
2020-11-28 20:57:45,272 - Process-2  [log-interceptor-1] - selenium_firefox     - DEBUG   : BROWSER 1: driver: 1606618665182	addons.manager	DEBUG	Registering startup change 'installed' for @openwpm
2020-11-28 20:57:45,272 - Process-2  [log-interceptor-1] - selenium_firefox     - DEBUG   : BROWSER 1: driver: 1606618665190	addons.xpi	DEBUG	Loading bootstrap scope from /tmp/rust_mozprofile.R6UgwrP2GUQV/extensions/@openwpm
2020-11-28 20:57:45,272 - Process-2  [log-interceptor-1] - selenium_firefox     - DEBUG   : BROWSER 1: driver: 1606618665242	addons.xpi	DEBUG	Calling bootstrap method install on @openwpm version 0.0.1
2020-11-28 20:57:45,272 - Process-2  [log-interceptor-1] - selenium_firefox     - DEBUG   : BROWSER 1: driver: 1606618665242	addons.xpi-utils	DEBUG	Make addon app-profile:@openwpm visible
2020-11-28 20:57:45,272 - Process-2  [log-interceptor-1] - selenium_firefox     - DEBUG   : BROWSER 1: driver: 1606618665246	addons.xpi	DEBUG	Add-on @openwpm blocks e10s rollout.
2020-11-28 20:57:45,272 - Process-2  [log-interceptor-1] - selenium_firefox     - DEBUG   : BROWSER 1: driver: 1606618665246	DeferredSave.extensions.json	DEBUG	Save changes
2020-11-28 20:57:45,272 - Process-2  [log-interceptor-1] - selenium_firefox     - DEBUG   : BROWSER 1: driver: 1606618665246	addons.manager	DEBUG	Registering startup change 'installed' for webcompat@mozilla.org
2020-11-28 20:57:45,272 - Process-2  [log-interceptor-1] - selenium_firefox     - DEBUG   : BROWSER 1: driver: 1606618665248	addons.xpi	DEBUG	Loading bootstrap scope from /home/maazbinmusa/Desktop/20v50/firefox-bin/browser/features/webcompat@mozilla.org.xpi
2020-11-28 20:57:45,272 - Process-2  [log-interceptor-1] - selenium_firefox     - DEBUG   : BROWSER 1: driver: 1606618665248	addons.xpi	DEBUG	Calling bootstrap method install on webcompat@mozilla.org version 1.0
2020-11-28 20:57:45,273 - Process-2  [log-interceptor-1] - selenium_firefox     - DEBUG   : BROWSER 1: driver: 1606618665248	addons.xpi-utils	DEBUG	Make addon app-system-defaults:webcompat@mozilla.org visible
2020-11-28 20:57:45,273 - Process-2  [log-interceptor-1] - selenium_firefox     - DEBUG   : BROWSER 1: driver: 1606618665250	addons.xpi	DEBUG	Add-on @openwpm blocks e10s rollout.
2020-11-28 20:57:45,273 - Process-2  [log-interceptor-1] - selenium_firefox     - DEBUG   : BROWSER 1: driver: 1606618665250	DeferredSave.extensions.json	DEBUG	Save changes
2020-11-28 20:57:45,273 - Process-2  [log-interceptor-1] - selenium_firefox     - DEBUG   : BROWSER 1: driver: 1606618665250	addons.manager	DEBUG	Registering startup change 'installed' for e10srollout@mozilla.org
2020-11-28 20:57:45,273 - Process-2  [log-interceptor-1] - selenium_firefox     - DEBUG   : BROWSER 1: driver: 1606618665250	addons.xpi	DEBUG	Loading bootstrap scope from /home/maazbinmusa/Desktop/20v50/firefox-bin/browser/features/e10srollout@mozilla.org.xpi
2020-11-28 20:57:45,273 - Process-2  [log-interceptor-1] - selenium_firefox     - DEBUG   : BROWSER 1: driver: 1606618665252	addons.xpi	DEBUG	Calling bootstrap method install on e10srollout@mozilla.org version 1.10
2020-11-28 20:57:45,273 - Process-2  [log-interceptor-1] - selenium_firefox     - DEBUG   : BROWSER 1: driver: 1606618665252	addons.xpi	DEBUG	Add-on @openwpm blocks e10s rollout.
2020-11-28 20:57:45,273 - Process-2  [log-interceptor-1] - selenium_firefox     - DEBUG   : BROWSER 1: driver: 1606618665254	addons.xpi	DEBUG	Add-on @openwpm blocks e10s rollout.
2020-11-28 20:57:45,273 - Process-2  [log-interceptor-1] - selenium_firefox     - DEBUG   : BROWSER 1: driver: 1606618665254	addons.xpi-utils	DEBUG	Make addon app-system-defaults:e10srollout@mozilla.org visible
2020-11-28 20:57:45,273 - Process-2  [log-interceptor-1] - selenium_firefox     - DEBUG   : BROWSER 1: driver: 1606618665254	addons.xpi	DEBUG	Add-on @openwpm blocks e10s rollout.
2020-11-28 20:57:45,273 - Process-2  [log-interceptor-1] - selenium_firefox     - DEBUG   : BROWSER 1: driver: 1606618665254	DeferredSave.extensions.json	DEBUG	Save changes
2020-11-28 20:57:45,274 - Process-2  [log-interceptor-1] - selenium_firefox     - DEBUG   : BROWSER 1: driver: 1606618665254	addons.manager	DEBUG	Registering startup change 'installed' for firefox@getpocket.com
2020-11-28 20:57:45,274 - Process-2  [log-interceptor-1] - selenium_firefox     - DEBUG   : BROWSER 1: driver: 1606618665256	addons.xpi	DEBUG	Loading bootstrap scope from /home/maazbinmusa/Desktop/20v50/firefox-bin/browser/features/firefox@getpocket.com.xpi
2020-11-28 20:57:45,276 - Process-2  [log-interceptor-1] - selenium_firefox     - DEBUG   : BROWSER 1: driver: 1606618665260	addons.xpi	DEBUG	Calling bootstrap method install on firefox@getpocket.com version 1.0.5
2020-11-28 20:57:45,277 - Process-2  [log-interceptor-1] - selenium_firefox     - DEBUG   : BROWSER 1: driver: 1606618665260	addons.xpi-utils	DEBUG	Make addon app-system-defaults:firefox@getpocket.com visible
2020-11-28 20:57:45,277 - Process-2  [log-interceptor-1] - selenium_firefox     - DEBUG   : BROWSER 1: driver: 1606618665260	addons.xpi	DEBUG	Add-on @openwpm blocks e10s rollout.
2020-11-28 20:57:45,277 - Process-2  [log-interceptor-1] - selenium_firefox     - DEBUG   : BROWSER 1: driver: 1606618665260	DeferredSave.extensions.json	DEBUG	Save changes
2020-11-28 20:57:45,278 - Process-2  [log-interceptor-1] - selenium_firefox     - DEBUG   : BROWSER 1: driver: 1606618665260	addons.manager	DEBUG	Registering startup change 'installed' for aushelper@mozilla.org
2020-11-28 20:57:45,279 - Process-2  [log-interceptor-1] - selenium_firefox     - DEBUG   : BROWSER 1: driver: 1606618665260	addons.xpi	DEBUG	Loading bootstrap scope from /home/maazbinmusa/Desktop/20v50/firefox-bin/browser/features/aushelper@mozilla.org.xpi
2020-11-28 20:57:45,279 - Process-2  [log-interceptor-1] - selenium_firefox     - DEBUG   : BROWSER 1: driver: 1606618665262	addons.xpi	DEBUG	Calling bootstrap method install on aushelper@mozilla.org version 2.0
2020-11-28 20:57:45,307 - Process-2  [log-interceptor-1] - selenium_firefox     - DEBUG   : BROWSER 1: driver: 1606618665264	addons.xpi-utils	DEBUG	Make addon app-system-defaults:aushelper@mozilla.org visible
2020-11-28 20:57:45,307 - Process-2  [log-interceptor-1] - selenium_firefox     - DEBUG   : BROWSER 1: driver: 1606618665264	addons.xpi	DEBUG	Add-on @openwpm blocks e10s rollout.
2020-11-28 20:57:45,307 - Process-2  [log-interceptor-1] - selenium_firefox     - DEBUG   : BROWSER 1: driver: 1606618665266	DeferredSave.extensions.json	DEBUG	Save changes
2020-11-28 20:57:45,308 - Process-2  [log-interceptor-1] - selenium_firefox     - DEBUG   : BROWSER 1: driver: 1606618665266	addons.xpi-utils	DEBUG	Make addon app-global:{972ce4c6-7e08-4474-a285-3208198ce6fd} visible
2020-11-28 20:57:45,308 - Process-2  [log-interceptor-1] - selenium_firefox     - DEBUG   : BROWSER 1: driver: 1606618665266	addons.xpi	DEBUG	Add-on @openwpm blocks e10s rollout.
2020-11-28 20:57:45,308 - Process-2  [log-interceptor-1] - selenium_firefox     - DEBUG   : BROWSER 1: driver: 1606618665266	DeferredSave.extensions.json	DEBUG	Save changes
2020-11-28 20:57:45,308 - Process-2  [log-interceptor-1] - selenium_firefox     - DEBUG   : BROWSER 1: driver: 1606618665266	addons.xpi	DEBUG	Updating XPIState for {"id":"@openwpm","syncGUID":"{3aa670de-8e5a-4062-9454-149bebe9c6dd}","location":"app-profile","version":"0.0.1","type":"extension","internalName":null,"updateURL":null,"updateKey":null,"optionsURL":null,"optionsType":null,"aboutURL":null,"icons":{},"iconURL":null,"icon64URL":null,"defaultLocale":{"name":"openwpm","description":"Extension with socket interface into OpenWPM","creator":"Steven Englehardt","homepageURL":null},"visible":true,"active":true,"userDisabled":false,"appDisabled":false,"descriptor":"/tmp/rust_mozprofile.R6UgwrP2GUQV/extensions/@openwpm","installDate":1606618664000,"updateDate":1606618664000,"applyBackgroundUpdates":1,"bootstrap":true,"skinnable":false,"size":84784,"sourceURI":null,"releaseNotesURI":null,"softDisabled":false,"foreignInstall":true,"hasBinaryComponents":false,"strictCompatibility":false,"locales":[],"targetApplications":[{"id":"{ec8030f7-c20a-464f-9b0e-13a3a9e97384}","minVersion":"38.0a1","maxVersion":"*"}],"targetPlatforms":[],"multiprocessCompatible":false,"signedState":0,"seen":true,"dependencies":[],"hasEmbeddedWebExtension":false,"mpcOptedOut":false}
2020-11-28 20:57:45,308 - Process-2  [log-interceptor-1] - selenium_firefox     - DEBUG   : BROWSER 1: driver: 1606618665266	addons.xpi	DEBUG	getModTime: Recursive scan of @openwpm
2020-11-28 20:57:45,308 - Process-2  [log-interceptor-1] - selenium_firefox     - DEBUG   : BROWSER 1: driver: 1606618665268	addons.xpi	DEBUG	Updating XPIState for {"id":"webcompat@mozilla.org","syncGUID":"{7bff3c76-a581-40e8-8afb-91e62fcc4359}","location":"app-system-defaults","version":"1.0","type":"extension","internalName":null,"updateURL":null,"updateKey":null,"optionsURL":null,"optionsType":null,"aboutURL":null,"icons":{},"iconURL":null,"icon64URL":null,"defaultLocale":{"name":"Web Compat","description":"Urgent post-release fixes for web compatibility.","creator":null,"homepageURL":null},"visible":true,"active":true,"userDisabled":false,"appDisabled":false,"descriptor":"/home/maazbinmusa/Desktop/20v50/firefox-bin/browser/features/webcompat@mozilla.org.xpi","installDate":1606554842000,"updateDate":1606554842000,"applyBackgroundUpdates":1,"bootstrap":true,"skinnable":false,"size":1456,"sourceURI":null,"releaseNotesURI":null,"softDisabled":false,"foreignInstall":false,"hasBinaryComponents":false,"strictCompatibility":false,"locales":[],"targetApplications":[{"id":"{ec8030f7-c20a-464f-9b0e-13a3a9e97384}","minVersion":"52.9.0","maxVersion":"52.*"}],"targetPlatforms":[],"multiprocessCompatible":true,"seen":true,"dependencies":[],"hasEmbeddedWebExtension":false,"mpcOptedOut":false}
2020-11-28 20:57:45,308 - Process-2  [log-interceptor-1] - selenium_firefox     - DEBUG   : BROWSER 1: driver: 1606618665268	addons.xpi	DEBUG	getModTime: Recursive scan of webcompat@mozilla.org
2020-11-28 20:57:45,308 - Process-2  [log-interceptor-1] - selenium_firefox     - DEBUG   : BROWSER 1: driver: 1606618665268	addons.xpi	DEBUG	Updating XPIState for {"id":"e10srollout@mozilla.org","syncGUID":"{b1ef01be-b9d7-42b9-90c7-22921dea772e}","location":"app-system-defaults","version":"1.10","type":"extension","internalName":null,"updateURL":null,"updateKey":null,"optionsURL":null,"optionsType":null,"aboutURL":null,"icons":{},"iconURL":null,"icon64URL":null,"defaultLocale":{"name":"Multi-process staged rollout","description":"Staged rollout of Firefox multi-process feature.","creator":null,"homepageURL":null},"visible":true,"active":true,"userDisabled":false,"appDisabled":false,"descriptor":"/home/maazbinmusa/Desktop/20v50/firefox-bin/browser/features/e10srollout@mozilla.org.xpi","installDate":1606554842000,"updateDate":1606554842000,"applyBackgroundUpdates":1,"bootstrap":true,"skinnable":false,"size":8145,"sourceURI":null,"releaseNotesURI":null,"softDisabled":false,"foreignInstall":false,"hasBinaryComponents":false,"strictCompatibility":false,"locales":[],"targetApplications":[{"id":"{ec8030f7-c20a-464f-9b0e-13a3a9e97384}","minVersion":"52.9.0","maxVersion":"52.*"}],"targetPlatforms":[],"multiprocessCompatible":true,"seen":true,"dependencies":[],"hasEmbeddedWebExtension":false,"mpcOptedOut":false}
2020-11-28 20:57:45,308 - Process-2  [log-interceptor-1] - selenium_firefox     - DEBUG   : BROWSER 1: driver: 1606618665268	addons.xpi	DEBUG	getModTime: Recursive scan of e10srollout@mozilla.org
2020-11-28 20:57:45,308 - Process-2  [log-interceptor-1] - selenium_firefox     - DEBUG   : BROWSER 1: driver: 1606618665268	addons.xpi	DEBUG	Updating XPIState for {"id":"firefox@getpocket.com","syncGUID":"{cf59ee3f-36a1-4605-859b-036ccd0ff463}","location":"app-system-defaults","version":"1.0.5","type":"extension","internalName":null,"updateURL":null,"updateKey":null,"optionsURL":null,"optionsType":null,"aboutURL":null,"icons":{},"iconURL":null,"icon64URL":null,"defaultLocale":{"name":"Pocket","description":"When you find something you want to view later, put it in Pocket.","creator":null,"homepageURL":null},"visible":true,"active":true,"userDisabled":false,"appDisabled":false,"descriptor":"/home/maazbinmusa/Desktop/20v50/firefox-bin/browser/features/firefox@getpocket.com.xpi","installDate":1606554842000,"updateDate":1606554842000,"applyBackgroundUpdates":1,"bootstrap":true,"skinnable":false,"size":920281,"sourceURI":null,"releaseNotesURI":null,"softDisabled":false,"foreignInstall":false,"hasBinaryComponents":false,"strictCompatibility":false,"locales":[],"targetApplications":[{"id":"{ec8030f7-c20a-464f-9b0e-13a3a9e97384}","minVersion":"52.9.0","maxVersion":"52.*"}],"targetPlatforms":[],"multiprocessCompatible":true,"seen":true,"dependencies":[],"hasEmbeddedWebExtension":false,"mpcOptedOut":false}
2020-11-28 20:57:45,308 - Process-2  [log-interceptor-1] - selenium_firefox     - DEBUG   : BROWSER 1: driver: 1606618665270	addons.xpi	DEBUG	getModTime: Recursive scan of firefox@getpocket.com
2020-11-28 20:57:45,308 - Process-2  [log-interceptor-1] - selenium_firefox     - DEBUG   : BROWSER 1: driver: 1606618665270	addons.xpi	DEBUG	Updating XPIState for {"id":"aushelper@mozilla.org","syncGUID":"{74d10b0c-582d-4541-b1d2-55ade685581c}","location":"app-system-defaults","version":"2.0","type":"extension","internalName":null,"updateURL":null,"updateKey":null,"optionsURL":null,"optionsType":null,"aboutURL":null,"icons":{},"iconURL":null,"icon64URL":null,"defaultLocale":{"name":"Application Update Service Helper","description":"Sets value(s) in the update url based on custom checks.","creator":null,"homepageURL":null},"visible":true,"active":true,"userDisabled":false,"appDisabled":false,"descriptor":"/home/maazbinmusa/Desktop/20v50/firefox-bin/browser/features/aushelper@mozilla.org.xpi","installDate":1606554842000,"updateDate":1606554842000,"applyBackgroundUpdates":1,"bootstrap":true,"skinnable":false,"size":8488,"sourceURI":null,"releaseNotesURI":null,"softDisabled":false,"foreignInstall":false,"hasBinaryComponents":false,"strictCompatibility":false,"locales":[],"targetApplications":[{"id":"{ec8030f7-c20a-464f-9b0e-13a3a9e97384}","minVersion":"52.9.0","maxVersion":"52.*"}],"targetPlatforms":[],"multiprocessCompatible":true,"seen":true,"dependencies":[],"hasEmbeddedWebExtension":false,"mpcOptedOut":false}
2020-11-28 20:57:45,308 - Process-2  [log-interceptor-1] - selenium_firefox     - DEBUG   : BROWSER 1: driver: 1606618665270	addons.xpi	DEBUG	getModTime: Recursive scan of aushelper@mozilla.org
2020-11-28 20:57:45,308 - Process-2  [log-interceptor-1] - selenium_firefox     - DEBUG   : BROWSER 1: driver: 1606618665270	addons.xpi	DEBUG	Updating XPIState for {"id":"{972ce4c6-7e08-4474-a285-3208198ce6fd}","syncGUID":"{c42db294-fef6-4f57-bff6-6282180b9a42}","location":"app-global","version":"52.9.0","type":"theme","internalName":"classic/1.0","updateURL":null,"updateKey":null,"optionsURL":null,"optionsType":null,"aboutURL":null,"icons":{"32":"icon.png","48":"icon.png"},"iconURL":null,"icon64URL":null,"defaultLocale":{"name":"Default","description":"The default theme.","creator":"Mozilla","homepageURL":null,"contributors":["Mozilla Contributors"]},"visible":true,"active":true,"userDisabled":false,"appDisabled":false,"descriptor":"/home/maazbinmusa/Desktop/20v50/firefox-bin/browser/extensions/{972ce4c6-7e08-4474-a285-3208198ce6fd}.xpi","installDate":1606554842000,"updateDate":1606554842000,"applyBackgroundUpdates":1,"skinnable":true,"size":4932,"sourceURI":null,"releaseNotesURI":null,"softDisabled":false,"foreignInstall":false,"hasBinaryComponents":false,"strictCompatibility":true,"locales":[],"targetApplications":[{"id":"{ec8030f7-c20a-464f-9b0e-13a3a9e97384}","minVersion":"52.9.0","maxVersion":"52.9.0"}],"targetPlatforms":[],"seen":true,"dependencies":[],"hasEmbeddedWebExtension":false}
2020-11-28 20:57:45,308 - Process-2  [log-interceptor-1] - selenium_firefox     - DEBUG   : BROWSER 1: driver: 1606618665270	addons.xpi	DEBUG	getModTime: Recursive scan of {972ce4c6-7e08-4474-a285-3208198ce6fd}
2020-11-28 20:57:45,308 - Process-2  [log-interceptor-1] - selenium_firefox     - DEBUG   : BROWSER 1: driver: 1606618665272	addons.xpi	DEBUG	Add-on @openwpm blocks e10s rollout.
2020-11-28 20:57:45,308 - Process-2  [log-interceptor-1] - selenium_firefox     - DEBUG   : BROWSER 1: driver: 1606618665272	DeferredSave.extensions.json	DEBUG	Save changes
2020-11-28 20:57:45,308 - Process-2  [log-interceptor-1] - selenium_firefox     - DEBUG   : BROWSER 1: driver: 1606618665272	addons.xpi	DEBUG	Updating database with changes to installed add-ons
2020-11-28 20:57:45,308 - Process-2  [log-interceptor-1] - selenium_firefox     - DEBUG   : BROWSER 1: driver: 1606618665272	addons.xpi-utils	DEBUG	Updating add-on states
2020-11-28 20:57:45,308 - Process-2  [log-interceptor-1] - selenium_firefox     - DEBUG   : BROWSER 1: driver: 1606618665272	addons.xpi-utils	DEBUG	Writing add-ons list
2020-11-28 20:57:45,308 - Process-2  [log-interceptor-1] - selenium_firefox     - DEBUG   : BROWSER 1: driver: 1606618665274	addons.xpi	DEBUG	Registering manifest for /tmp/rust_mozprofile.R6UgwrP2GUQV/extensions/@openwpm
2020-11-28 20:57:45,309 - Process-2  [log-interceptor-1] - selenium_firefox     - DEBUG   : BROWSER 1: driver: 1606618665278	addons.xpi	DEBUG	Calling bootstrap method startup on @openwpm version 0.0.1
2020-11-28 20:57:45,309 - Process-2  [log-interceptor-1] - selenium_firefox     - DEBUG   : BROWSER 1: driver: 1606618665290	addons.xpi	DEBUG	Registering manifest for /home/maazbinmusa/Desktop/20v50/firefox-bin/browser/features/aushelper@mozilla.org.xpi
2020-11-28 20:57:45,309 - Process-2  [log-interceptor-1] - selenium_firefox     - DEBUG   : BROWSER 1: driver: 1606618665290	addons.xpi	DEBUG	Calling bootstrap method startup on aushelper@mozilla.org version 2.0
2020-11-28 20:57:45,309 - Process-2  [log-interceptor-1] - selenium_firefox     - DEBUG   : BROWSER 1: driver: 1606618665292	addons.xpi	DEBUG	Registering manifest for /home/maazbinmusa/Desktop/20v50/firefox-bin/browser/features/e10srollout@mozilla.org.xpi
2020-11-28 20:57:45,309 - Process-2  [log-interceptor-1] - selenium_firefox     - DEBUG   : BROWSER 1: driver: 1606618665292	addons.xpi	DEBUG	Calling bootstrap method startup on e10srollout@mozilla.org version 1.10
2020-11-28 20:57:45,309 - Process-2  [log-interceptor-1] - selenium_firefox     - DEBUG   : BROWSER 1: driver: 1606618665292	addons.xpi	DEBUG	Registering manifest for /home/maazbinmusa/Desktop/20v50/firefox-bin/browser/features/firefox@getpocket.com.xpi
2020-11-28 20:57:45,309 - Process-2  [log-interceptor-1] - selenium_firefox     - DEBUG   : BROWSER 1: driver: 1606618665294	addons.xpi	DEBUG	Calling bootstrap method startup on firefox@getpocket.com version 1.0.5
2020-11-28 20:57:45,309 - Process-2  [log-interceptor-1] - selenium_firefox     - DEBUG   : BROWSER 1: driver: 1606618665294	addons.xpi	DEBUG	Registering manifest for /home/maazbinmusa/Desktop/20v50/firefox-bin/browser/features/webcompat@mozilla.org.xpi
2020-11-28 20:57:45,309 - Process-2  [log-interceptor-1] - selenium_firefox     - DEBUG   : BROWSER 1: driver: 1606618665296	addons.xpi	DEBUG	Calling bootstrap method startup on webcompat@mozilla.org version 1.0
2020-11-28 20:57:45,309 - Process-2  [log-interceptor-1] - selenium_firefox     - DEBUG   : BROWSER 1: driver: 1606618665300	addons.manager	DEBUG	Registering shutdown blocker for XPIProvider
2020-11-28 20:57:45,309 - Process-2  [log-interceptor-1] - selenium_firefox     - DEBUG   : BROWSER 1: driver: 1606618665300	addons.manager	DEBUG	Provider finished startup: XPIProvider
2020-11-28 20:57:45,309 - Process-2  [log-interceptor-1] - selenium_firefox     - DEBUG   : BROWSER 1: driver: 1606618665300	addons.manager	DEBUG	Starting provider: LightweightThemeManager
2020-11-28 20:57:45,309 - Process-2  [log-interceptor-1] - selenium_firefox     - DEBUG   : BROWSER 1: driver: 1606618665300	addons.manager	DEBUG	Registering shutdown blocker for LightweightThemeManager
2020-11-28 20:57:45,309 - Process-2  [log-interceptor-1] - selenium_firefox     - DEBUG   : BROWSER 1: driver: 1606618665300	addons.manager	DEBUG	Provider finished startup: LightweightThemeManager
2020-11-28 20:57:45,309 - Process-2  [log-interceptor-1] - selenium_firefox     - DEBUG   : BROWSER 1: driver: 1606618665300	addons.manager	DEBUG	Starting provider: GMPProvider
2020-11-28 20:57:45,309 - Process-2  [log-interceptor-1] - selenium_firefox     - DEBUG   : BROWSER 1: driver: 1606618665306	addons.manager	DEBUG	Registering shutdown blocker for GMPProvider
2020-11-28 20:57:48,421 - Process-2  [MainThread] - BaseAggregator       - DEBUG   : Status update; current record queue size: 0
2020-11-28 20:57:49,613 - Process-2  [MainThread] - FirefoxExtension     - DEBUG   : Cookie instrumentation enabled
2020-11-28 20:57:49,613 - Process-2  [MainThread] - FirefoxExtension     - DEBUG   : HTTP Instrumentation enabled
2020-11-28 20:57:49,810 - Process-2  [MainThread] - BrowserManager       - DEBUG   : BROWSER 1: Looking for extension port information in /tmp/rust_mozprofile.R6UgwrP2GUQV/
2020-11-28 20:57:49,811 - Process-2  [MainThread] - BrowserManager       - DEBUG   : BROWSER 1: Connecting to extension on port 38871
2020-11-28 20:57:49,811 - Process-2  [MainThread] - BrowserManager       - DEBUG   : BROWSER 1: BrowserManager ready.
2020-11-28 20:57:49,811 - Process-2  [MainThread] - BrowserManager       - DEBUG   : BROWSER 1: Browser spawn sucessful!
2020-11-28 20:57:52,736 - Process-2  [MainThread] - TaskManager          - INFO    : 

OpenWPM Version: 9a70964
Firefox Version: 52.9.0

========== Manager Configuration ==========
{
  "aggregator_address": [
    "127.0.0.1",
    36323
  ],
  "data_directory": "/home/maazbinmusa/Desktop/20v50/data/20_50/control_5_2",
  "database_name": "/home/maazbinmusa/Desktop/20v50/data/20_50/control_5_2/2_crawl-data.sqlite",
  "failure_limit": null,
  "log_directory": "/home/maazbinmusa/Desktop/20v50/data/20_50/control_5_2",
  "log_file": "/home/maazbinmusa/Desktop/20v50/data/20_50/control_5_2/openwpm.log",
  "logger_address": [
    "127.0.0.1",
    45721
  ],
  "num_browsers": 1,
  "output_format": "local",
  "screenshot_path": "/home/maazbinmusa/Desktop/20v50/data/20_50/control_5_2/screenshots",
  "source_dump_path": "/home/maazbinmusa/Desktop/20v50/data/20_50/control_5_2/sources",
  "testing": false
}

========== Browser Configuration ==========
Keys:
{
  "crawl_id": 0,
  "Ad_Sites": 1,
  "Browser_Config": 2,
  "Browser_Config_Def": 3,
  "Intent": 4,
  "Intent_Sites": 5,
  "Manager_Config": 6,
  "Manager_Config_Def": 7,
  "Number_of_Browsers": 8,
  "Persona_Name": 9,
  "Persona_Numb": 10,
  "Persona_Path": 11,
  "Sites": 12,
  "Storage_File": 13,
  "adblock-plus": 14,
  "bot_mitigation": 15,
  "browser": 16,
  "cookie_instrument": 17,
  "disable_flash": 18,
  "disconnect": 19,
  "donottrack": 20,
  "extension_enabled": 21,
  "ghostery": 22,
  "headless": 23,
  "http_instrument": 24,
  "https-everywhere": 25,
  "js_instrument": 26,
  "prefs": 27,
  "random_attributes": 28,
  "save_all_content": 29,
  "save_javascript": 30,
  "storage_file": 31,
  "tp_cookies": 32,
  "tracking-protection": 33,
  "ublock-origin": 34
}

  0  1                                 2                                                     3                            4         5    6                                                     7                              8  9               10  11             12    13          14     15    16       17    18     19     20     21    22     23    24    25     26     27    28     29     30     31          32      33     34
---  --------------------------------  ----------------------------------------------------  ---------------------------  --------  ---  ----------------------------------------------------  ---------------------------  ---  ------------  ----  -------------  ----  ----------  -----  ----  -------  ----  -----  -----  -----  ----  -----  ----  ----  -----  -----  ----  -----  -----  -----  ----------  ------  -----  -----
  1  [u'https://www.accuweather.com']  config/20_50/Control/5_Control_browser_params_2.json  default_browser_params.json  NoIntent  []   config/20_50/Control/5_Control_manager_params_2.json  default_manager_params.json    1  Control.json     2  data/personas  []    storage.js  False  True  firefox  True  False  False  False  True  False  True  True  False  False  {}    False  False  False  storage.js  always  False  False

========== Input profile tar files ==========
  No profile tar files specified

========== Output (archive) profile dirs ==========
{
  "1": "data/20_50/control_5_2"
}


2020-11-28 20:57:52,738 - Process-2  [MainThread] - TaskManager          - DEBUG   : Checking command failure status indicator...
2020-11-28 20:57:52,839 - Process-2  [MainThread] - BrowserManager       - DEBUG   : BROWSER 1: Joining command thread
2020-11-28 20:57:52,843 - Process-2  [MainThread] - BrowserManager       - INFO    : BROWSER 1: EXECUTING COMMAND: ('GET', u'https://www.accuweather.com', 1, 1)
2020-11-28 20:57:53,279 - Process-2  [MainThread] - FirefoxExtension     - DEBUG   : Visit Id: 1
2020-11-28 20:57:53,427 - Process-2  [MainThread] - BaseAggregator       - DEBUG   : Status update; current record queue size: 2
2020-11-28 20:57:59,007 - Process-2  [MainThread] - BaseAggregator       - DEBUG   : Status update; current record queue size: 65
2020-11-28 20:58:04,258 - Process-2  [MainThread] - BaseAggregator       - DEBUG   : Status update; current record queue size: 151
2020-11-28 20:58:09,519 - Process-2  [MainThread] - BaseAggregator       - DEBUG   : Status update; current record queue size: 92
2020-11-28 20:58:14,927 - Process-2  [MainThread] - BaseAggregator       - DEBUG   : Status update; current record queue size: 131
2020-11-28 20:58:17,319 - Process-2  [MainThread] - FirefoxExtension     - DEBUG   : POST request parser: unknown stream type
2020-11-28 20:58:19,136 - Process-2  [MainThread] - FirefoxExtension     - DEBUG   : POST request parser: unknown stream type
2020-11-28 20:58:20,181 - Process-2  [MainThread] - BaseAggregator       - DEBUG   : Status update; current record queue size: 28
2020-11-28 20:58:23,199 - Process-2  [MainThread] - BrowserManager       - INFO    : BROWSER 1: EXECUTING COMMAND: ('RUN_CUSTOM_FUNCTION', <function callGet at 0x7f73d4c97d50>, (u'data/20_50/control_5_2', '2'))
2020-11-28 20:58:23,264 - Process-2  [MainThread] - BrowserManager       - INFO    : BROWSER 1: EXECUTING COMMAND: ('RUN_CUSTOM_FUNCTION', <function real_time_ad at 0x7f73cf6e0150>, (u'data/20_50/control_5_2', '2'))
2020-11-28 20:58:24,291 - Process-2  [MainThread] - BrowserManager       - INFO    : BROWSER 1: EXECUTING COMMAND: ('RUN_CUSTOM_FUNCTION', <function real_time_img at 0x7f73cf6e01d0>, (u'data/20_50/control_5_2', '2'))
2020-11-28 20:58:24,372 - Process-2  [MainThread] - FirefoxExtension     - DEBUG   : POST request parser: unknown stream type
2020-11-28 20:58:25,433 - Process-2  [MainThread] - BaseAggregator       - DEBUG   : Status update; current record queue size: 43
2020-11-28 20:58:30,711 - Process-2  [MainThread] - BaseAggregator       - DEBUG   : Status update; current record queue size: 42
2020-11-28 20:58:35,932 - Process-2  [MainThread] - BaseAggregator       - DEBUG   : Status update; current record queue size: 10
2020-11-28 20:58:41,244 - Process-2  [MainThread] - BaseAggregator       - DEBUG   : Status update; current record queue size: 10
2020-11-28 20:58:46,635 - Process-2  [MainThread] - BaseAggregator       - DEBUG   : Status update; current record queue size: 60
2020-11-28 20:58:51,980 - Process-2  [MainThread] - BaseAggregator       - DEBUG   : Status update; current record queue size: 32
2020-11-28 20:58:57,260 - Process-2  [MainThread] - BaseAggregator       - DEBUG   : Status update; current record queue size: 0
2020-11-28 20:59:02,265 - Process-2  [MainThread] - BaseAggregator       - DEBUG   : Status update; current record queue size: 0
2020-11-28 20:59:07,271 - Process-2  [MainThread] - BaseAggregator       - DEBUG   : Status update; current record queue size: 0
2020-11-28 20:59:12,277 - Process-2  [MainThread] - BaseAggregator       - DEBUG   : Status update; current record queue size: 0
2020-11-28 20:59:17,284 - Process-2  [MainThread] - BaseAggregator       - DEBUG   : Status update; current record queue size: 0
2020-11-28 20:59:22,290 - Process-2  [MainThread] - BaseAggregator       - DEBUG   : Status update; current record queue size: 0
2020-11-28 20:59:27,296 - Process-2  [MainThread] - BaseAggregator       - DEBUG   : Status update; current record queue size: 0
2020-11-28 20:59:32,302 - Process-2  [MainThread] - BaseAggregator       - DEBUG   : Status update; current record queue size: 0
2020-11-28 20:59:35,981 - Process-2  [MainThread] - BrowserManager       - INFO    : BROWSER 1: EXECUTING COMMAND: ('DUMP_PROFILE_COOKIES', 1606618672.840085, 1)
2020-11-28 20:59:37,455 - Process-2  [MainThread] - BaseAggregator       - DEBUG   : Status update; current record queue size: 2
2020-11-28 20:59:38,420 - Process-2  [MainThread] - BrowserManager       - DEBUG   : BROWSER 1: 105.579303 seconds to join command thread
2020-11-28 20:59:38,421 - Process-2  [MainThread] - BrowserManager       - DEBUG   : BROWSER 1: Killing browser manager...
2020-11-28 20:59:38,422 - Process-2  [MainThread] - BrowserManager       - DEBUG   : BROWSER 1: Attempting to kill BrowserManager with pid 17348. Display PID: 17352 | Display Port: 0 | Browser PID: 17395
2020-11-28 20:59:38,422 - Process-2  [MainThread] - BrowserManager       - DEBUG   : BROWSER 1: Screen lockfile (/tmp/.X0-lock) already removed
2020-11-28 20:59:38,461 - Process-2  [MainThread] - BrowserManager       - DEBUG   : BROWSER 1: Geckodriver process already killed.
2020-11-28 20:59:38,461 - Process-2  [MainThread] - BrowserManager       - DEBUG   : BROWSER 1: during_init=False | profile_archive_dir=data/20_50/control_5_2
2020-11-28 20:59:38,462 - Process-2  [MainThread] - BrowserManager       - DEBUG   : BROWSER 1: Archiving browser profile directory to data/20_50/control_5_2
2020-11-28 20:59:38,526 - Process-2  [MainThread] - profile_commands     - DEBUG   : BROWSER 1: Backing up full profile from /tmp/rust_mozprofile.R6UgwrP2GUQV/ to data/20_50/control_5_2/profile.tar.gz
2020-11-28 20:59:38,755 - Process-2  [MainThread] - profile_commands     - WARNING : BROWSER 1: /tmp/rust_mozprofile.R6UgwrP2GUQV/webapps NOT FOUND IN profile folder, skipping.
2020-11-28 20:59:38,812 - Process-2  [MainThread] - profile_commands     - DEBUG   : BROWSER 1: SAVING /home/maazbinmusa/.macromedia/Flash_Player/#SharedObjects during flash file archive
2020-11-28 20:59:38,821 - Process-2  [MainThread] - profile_commands     - DEBUG   : BROWSER 1: SAVING /home/maazbinmusa/.macromedia/Flash_Player/macromedia.com/support/flashplayer/sys during flash file archive
2020-11-28 20:59:38,882 - Process-2  [MainThread] - BaseAggregator       - DEBUG   : Sending the shutdown signal to the LocalAggregator listener process...
2020-11-28 20:59:39,460 - Process-2  [MainThread] - BaseAggregator       - INFO    : Received shutdown signal!
2020-11-28 20:59:42,711 - Process-2  [MainThread] - BaseAggregator       - DEBUG   : LocalAggregator took 3.82853198051 seconds to close.
