2020-11-29 09:30:01,660 - Process-91 [MainThread] - BrowserManager       - DEBUG   : BROWSER 1: Spawn attempt 0 
2020-11-29 09:30:02,753 - Process-91 [MainThread] - deploy_firefox       - DEBUG   : BROWSER 1: OpenWPM Firefox extension loaded
2020-11-29 09:30:04,684 - Process-91 [log-interceptor-1] - selenium_firefox     - DEBUG   : BROWSER 1: driver: 1606660202909	geckodriver	INFO	Listening on 127.0.0.1:50015
2020-11-29 09:30:04,684 - Process-91 [log-interceptor-1] - selenium_firefox     - DEBUG   : BROWSER 1: driver: 1606660203968	mozprofile::profile	INFO	Using profile path /tmp/rust_mozprofile.jFD8OMY7hila
2020-11-29 09:30:04,685 - Process-91 [log-interceptor-1] - selenium_firefox     - DEBUG   : BROWSER 1: driver: 1606660203973	geckodriver::marionette	INFO	Starting browser /home/data/maaz/Ads/20v50/firefox-bin/firefox-bin with args []
2020-11-29 09:30:04,685 - Process-91 [log-interceptor-1] - selenium_firefox     - DEBUG   : BROWSER 1: driver: 1606660204013	geckodriver::marionette	INFO	Connecting to Marionette on localhost:46719
2020-11-29 09:30:04,685 - Process-91 [log-interceptor-1] - selenium_firefox     - DEBUG   : BROWSER 1: driver: 1606660204450	addons.manager	DEBUG	Application has been upgraded
2020-11-29 09:30:04,685 - Process-91 [log-interceptor-1] - selenium_firefox     - DEBUG   : BROWSER 1: driver: 1606660204478	addons.manager	DEBUG	Loaded provider scope for resource://gre/modules/addons/XPIProvider.jsm: ["XPIProvider"]
2020-11-29 09:30:04,685 - Process-91 [log-interceptor-1] - selenium_firefox     - DEBUG   : BROWSER 1: driver: 1606660204482	addons.manager	DEBUG	Loaded provider scope for resource://gre/modules/LightweightThemeManager.jsm: ["LightweightThemeManager"]
2020-11-29 09:30:04,685 - Process-91 [log-interceptor-1] - selenium_firefox     - DEBUG   : BROWSER 1: driver: 1606660204488	addons.manager	DEBUG	Loaded provider scope for resource://gre/modules/addons/GMPProvider.jsm
2020-11-29 09:30:04,685 - Process-91 [log-interceptor-1] - selenium_firefox     - DEBUG   : BROWSER 1: driver: 1606660204490	addons.manager	DEBUG	Loaded provider scope for resource://gre/modules/addons/PluginProvider.jsm
2020-11-29 09:30:04,686 - Process-91 [log-interceptor-1] - selenium_firefox     - DEBUG   : BROWSER 1: driver: 1606660204492	addons.manager	DEBUG	Starting provider: XPIProvider
2020-11-29 09:30:04,686 - Process-91 [log-interceptor-1] - selenium_firefox     - DEBUG   : BROWSER 1: driver: 1606660204492	addons.xpi	DEBUG	startup
2020-11-29 09:30:04,686 - Process-91 [log-interceptor-1] - selenium_firefox     - DEBUG   : BROWSER 1: driver: 1606660204492	addons.xpi	INFO	Mapping @openwpm to /home/data/tmp/rust_mozprofile.jFD8OMY7hila/extensions/@openwpm
2020-11-29 09:30:04,686 - Process-91 [log-interceptor-1] - selenium_firefox     - DEBUG   : BROWSER 1: driver: 1606660204492	addons.xpi	INFO	SystemAddonInstallLocation directory is missing
2020-11-29 09:30:04,686 - Process-91 [log-interceptor-1] - selenium_firefox     - DEBUG   : BROWSER 1: driver: 1606660204492	addons.xpi	INFO	Mapping e10srollout@mozilla.org to /home/data/maaz/Ads/20v50/firefox-bin/browser/features/e10srollout@mozilla.org.xpi
2020-11-29 09:30:04,686 - Process-91 [log-interceptor-1] - selenium_firefox     - DEBUG   : BROWSER 1: driver: 1606660204494	addons.xpi	INFO	Mapping webcompat@mozilla.org to /home/data/maaz/Ads/20v50/firefox-bin/browser/features/webcompat@mozilla.org.xpi
2020-11-29 09:30:04,686 - Process-91 [log-interceptor-1] - selenium_firefox     - DEBUG   : BROWSER 1: driver: 1606660204494	addons.xpi	INFO	Mapping firefox@getpocket.com to /home/data/maaz/Ads/20v50/firefox-bin/browser/features/firefox@getpocket.com.xpi
2020-11-29 09:30:04,686 - Process-91 [log-interceptor-1] - selenium_firefox     - DEBUG   : BROWSER 1: driver: 1606660204494	addons.xpi	INFO	Mapping aushelper@mozilla.org to /home/data/maaz/Ads/20v50/firefox-bin/browser/features/aushelper@mozilla.org.xpi
2020-11-29 09:30:04,687 - Process-91 [log-interceptor-1] - selenium_firefox     - DEBUG   : BROWSER 1: driver: 1606660204494	addons.xpi	INFO	Mapping {972ce4c6-7e08-4474-a285-3208198ce6fd} to /home/data/maaz/Ads/20v50/firefox-bin/browser/extensions/{972ce4c6-7e08-4474-a285-3208198ce6fd}.xpi
2020-11-29 09:30:04,687 - Process-91 [log-interceptor-1] - selenium_firefox     - DEBUG   : BROWSER 1: driver: 1606660204494	addons.xpi	DEBUG	checkForChanges
2020-11-29 09:30:04,687 - Process-91 [log-interceptor-1] - selenium_firefox     - DEBUG   : BROWSER 1: driver: 1606660204496	addons.xpi	INFO	SystemAddonInstallLocation directory is missing
2020-11-29 09:30:04,687 - Process-91 [log-interceptor-1] - selenium_firefox     - DEBUG   : BROWSER 1: driver: 1606660204496	addons.xpi	DEBUG	Loaded add-on state from prefs: {}
2020-11-29 09:30:04,687 - Process-91 [log-interceptor-1] - selenium_firefox     - DEBUG   : BROWSER 1: driver: 1606660204496	addons.xpi	DEBUG	New add-on @openwpm in app-profile
2020-11-29 09:30:04,687 - Process-91 [log-interceptor-1] - selenium_firefox     - DEBUG   : BROWSER 1: driver: 1606660204496	addons.xpi	DEBUG	getModTime: Recursive scan of @openwpm
2020-11-29 09:30:04,687 - Process-91 [log-interceptor-1] - selenium_firefox     - DEBUG   : BROWSER 1: driver: 1606660204498	addons.xpi	DEBUG	New add-on e10srollout@mozilla.org in app-system-defaults
2020-11-29 09:30:04,687 - Process-91 [log-interceptor-1] - selenium_firefox     - DEBUG   : BROWSER 1: driver: 1606660204498	addons.xpi	DEBUG	getModTime: Recursive scan of e10srollout@mozilla.org
2020-11-29 09:30:04,687 - Process-91 [log-interceptor-1] - selenium_firefox     - DEBUG   : BROWSER 1: driver: 1606660204500	addons.xpi	DEBUG	New add-on webcompat@mozilla.org in app-system-defaults
2020-11-29 09:30:04,687 - Process-91 [log-interceptor-1] - selenium_firefox     - DEBUG   : BROWSER 1: driver: 1606660204500	addons.xpi	DEBUG	getModTime: Recursive scan of webcompat@mozilla.org
2020-11-29 09:30:04,687 - Process-91 [log-interceptor-1] - selenium_firefox     - DEBUG   : BROWSER 1: driver: 1606660204500	addons.xpi	DEBUG	New add-on firefox@getpocket.com in app-system-defaults
2020-11-29 09:30:04,688 - Process-91 [log-interceptor-1] - selenium_firefox     - DEBUG   : BROWSER 1: driver: 1606660204500	addons.xpi	DEBUG	getModTime: Recursive scan of firefox@getpocket.com
2020-11-29 09:30:04,688 - Process-91 [log-interceptor-1] - selenium_firefox     - DEBUG   : BROWSER 1: driver: 1606660204500	addons.xpi	DEBUG	New add-on aushelper@mozilla.org in app-system-defaults
2020-11-29 09:30:04,688 - Process-91 [log-interceptor-1] - selenium_firefox     - DEBUG   : BROWSER 1: driver: 1606660204502	addons.xpi	DEBUG	getModTime: Recursive scan of aushelper@mozilla.org
2020-11-29 09:30:04,688 - Process-91 [log-interceptor-1] - selenium_firefox     - DEBUG   : BROWSER 1: driver: 1606660204502	addons.xpi	DEBUG	New add-on {972ce4c6-7e08-4474-a285-3208198ce6fd} in app-global
2020-11-29 09:30:04,688 - Process-91 [log-interceptor-1] - selenium_firefox     - DEBUG   : BROWSER 1: driver: 1606660204502	addons.xpi	DEBUG	getModTime: Recursive scan of {972ce4c6-7e08-4474-a285-3208198ce6fd}
2020-11-29 09:30:04,688 - Process-91 [log-interceptor-1] - selenium_firefox     - DEBUG   : BROWSER 1: driver: 1606660204502	addons.xpi	DEBUG	getInstallState changed: true, state: {"app-profile":{"@openwpm":{"d":"/home/data/tmp/rust_mozprofile.jFD8OMY7hila/extensions/@openwpm","st":1606660203000,"mt":1606660203000}},"app-system-defaults":{"e10srollout@mozilla.org":{"d":"/home/data/maaz/Ads/20v50/firefox-bin/browser/features/e10srollout@mozilla.org.xpi","st":1606628784000},"webcompat@mozilla.org":{"d":"/home/data/maaz/Ads/20v50/firefox-bin/browser/features/webcompat@mozilla.org.xpi","st":1606628784000},"firefox@getpocket.com":{"d":"/home/data/maaz/Ads/20v50/firefox-bin/browser/features/firefox@getpocket.com.xpi","st":1606628784000},"aushelper@mozilla.org":{"d":"/home/data/maaz/Ads/20v50/firefox-bin/browser/features/aushelper@mozilla.org.xpi","st":1606628784000}},"app-global":{"{972ce4c6-7e08-4474-a285-3208198ce6fd}":{"d":"/home/data/maaz/Ads/20v50/firefox-bin/browser/extensions/{972ce4c6-7e08-4474-a285-3208198ce6fd}.xpi","st":1606628784000}}}
2020-11-29 09:30:04,688 - Process-91 [log-interceptor-1] - selenium_firefox     - DEBUG   : BROWSER 1: driver: 1606660204510	addons.xpi-utils	DEBUG	Opening XPI database /home/data/tmp/rust_mozprofile.jFD8OMY7hila/extensions.json
2020-11-29 09:30:04,688 - Process-91 [log-interceptor-1] - selenium_firefox     - DEBUG   : BROWSER 1: driver: 1606660204510	addons.xpi-utils	DEBUG	New add-on @openwpm installed in app-profile
2020-11-29 09:30:04,688 - Process-91 [log-interceptor-1] - selenium_firefox     - DEBUG   : BROWSER 1: driver: *** Blocklist::_loadBlocklistFromFile: blocklist is disabled
2020-11-29 09:30:04,688 - Process-91 [log-interceptor-1] - selenium_firefox     - DEBUG   : BROWSER 1: driver: 1606660204526	DeferredSave.extensions.json	DEBUG	Save changes
2020-11-29 09:30:04,689 - Process-91 [log-interceptor-1] - selenium_firefox     - DEBUG   : BROWSER 1: driver: 1606660204526	addons.xpi-utils	DEBUG	New add-on e10srollout@mozilla.org installed in app-system-defaults
2020-11-29 09:30:04,689 - Process-91 [log-interceptor-1] - selenium_firefox     - DEBUG   : BROWSER 1: driver: 1606660204530	DeferredSave.extensions.json	DEBUG	Starting timer
2020-11-29 09:30:04,689 - Process-91 [log-interceptor-1] - selenium_firefox     - DEBUG   : BROWSER 1: driver: 1606660204532	DeferredSave.extensions.json	DEBUG	Save changes
2020-11-29 09:30:04,689 - Process-91 [log-interceptor-1] - selenium_firefox     - DEBUG   : BROWSER 1: driver: 1606660204534	addons.xpi-utils	DEBUG	New add-on webcompat@mozilla.org installed in app-system-defaults
2020-11-29 09:30:04,689 - Process-91 [log-interceptor-1] - selenium_firefox     - DEBUG   : BROWSER 1: driver: 1606660204540	DeferredSave.extensions.json	DEBUG	Save changes
2020-11-29 09:30:04,689 - Process-91 [log-interceptor-1] - selenium_firefox     - DEBUG   : BROWSER 1: driver: 1606660204540	addons.xpi-utils	DEBUG	New add-on firefox@getpocket.com installed in app-system-defaults
2020-11-29 09:30:04,689 - Process-91 [log-interceptor-1] - selenium_firefox     - DEBUG   : BROWSER 1: driver: 1606660204548	DeferredSave.extensions.json	DEBUG	Save changes
2020-11-29 09:30:04,689 - Process-91 [log-interceptor-1] - selenium_firefox     - DEBUG   : BROWSER 1: driver: 1606660204548	addons.xpi-utils	DEBUG	New add-on aushelper@mozilla.org installed in app-system-defaults
2020-11-29 09:30:04,689 - Process-91 [log-interceptor-1] - selenium_firefox     - DEBUG   : BROWSER 1: driver: 1606660204554	DeferredSave.extensions.json	DEBUG	Save changes
2020-11-29 09:30:04,689 - Process-91 [log-interceptor-1] - selenium_firefox     - DEBUG   : BROWSER 1: driver: 1606660204554	addons.xpi-utils	DEBUG	New add-on {972ce4c6-7e08-4474-a285-3208198ce6fd} installed in app-global
2020-11-29 09:30:04,690 - Process-91 [log-interceptor-1] - selenium_firefox     - DEBUG   : BROWSER 1: driver: 1606660204560	DeferredSave.extensions.json	DEBUG	Starting write
2020-11-29 09:30:04,690 - Process-91 [log-interceptor-1] - selenium_firefox     - DEBUG   : BROWSER 1: driver: 1606660204566	DeferredSave.extensions.json	DEBUG	Save changes
2020-11-29 09:30:04,690 - Process-91 [log-interceptor-1] - selenium_firefox     - DEBUG   : BROWSER 1: driver: 1606660204566	DeferredSave.extensions.json	DEBUG	Data changed while write in progress
2020-11-29 09:30:04,690 - Process-91 [log-interceptor-1] - selenium_firefox     - DEBUG   : BROWSER 1: driver: 1606660204566	addons.manager	DEBUG	Registering startup change 'installed' for @openwpm
2020-11-29 09:30:04,690 - Process-91 [log-interceptor-1] - selenium_firefox     - DEBUG   : BROWSER 1: driver: 1606660204566	addons.manager	DEBUG	Registering startup change 'installed' for @openwpm
2020-11-29 09:30:04,690 - Process-91 [log-interceptor-1] - selenium_firefox     - DEBUG   : BROWSER 1: driver: 1606660204578	addons.xpi	DEBUG	Loading bootstrap scope from /home/data/tmp/rust_mozprofile.jFD8OMY7hila/extensions/@openwpm
2020-11-29 09:30:04,690 - Process-91 [log-interceptor-1] - selenium_firefox     - DEBUG   : BROWSER 1: driver: 1606660204656	addons.xpi	DEBUG	Calling bootstrap method install on @openwpm version 0.0.1
2020-11-29 09:30:04,690 - Process-91 [log-interceptor-1] - selenium_firefox     - DEBUG   : BROWSER 1: driver: 1606660204658	addons.xpi-utils	DEBUG	Make addon app-profile:@openwpm visible
2020-11-29 09:30:04,690 - Process-91 [log-interceptor-1] - selenium_firefox     - DEBUG   : BROWSER 1: driver: 1606660204664	addons.xpi	DEBUG	Add-on @openwpm blocks e10s rollout.
2020-11-29 09:30:04,690 - Process-91 [log-interceptor-1] - selenium_firefox     - DEBUG   : BROWSER 1: driver: 1606660204664	DeferredSave.extensions.json	DEBUG	Save changes
2020-11-29 09:30:04,690 - Process-91 [log-interceptor-1] - selenium_firefox     - DEBUG   : BROWSER 1: driver: 1606660204664	addons.manager	DEBUG	Registering startup change 'installed' for e10srollout@mozilla.org
2020-11-29 09:30:04,691 - Process-91 [log-interceptor-1] - selenium_firefox     - DEBUG   : BROWSER 1: driver: 1606660204664	addons.xpi	DEBUG	Loading bootstrap scope from /home/data/maaz/Ads/20v50/firefox-bin/browser/features/e10srollout@mozilla.org.xpi
2020-11-29 09:30:04,691 - Process-91 [log-interceptor-1] - selenium_firefox     - DEBUG   : BROWSER 1: driver: 1606660204666	addons.xpi	DEBUG	Calling bootstrap method install on e10srollout@mozilla.org version 1.10
2020-11-29 09:30:04,691 - Process-91 [log-interceptor-1] - selenium_firefox     - DEBUG   : BROWSER 1: driver: 1606660204668	addons.xpi	DEBUG	Add-on @openwpm blocks e10s rollout.
2020-11-29 09:30:04,691 - Process-91 [log-interceptor-1] - selenium_firefox     - DEBUG   : BROWSER 1: driver: 1606660204668	addons.xpi	DEBUG	Add-on @openwpm blocks e10s rollout.
2020-11-29 09:30:04,691 - Process-91 [log-interceptor-1] - selenium_firefox     - DEBUG   : BROWSER 1: driver: 1606660204668	addons.xpi-utils	DEBUG	Make addon app-system-defaults:e10srollout@mozilla.org visible
2020-11-29 09:30:04,691 - Process-91 [log-interceptor-1] - selenium_firefox     - DEBUG   : BROWSER 1: driver: 1606660204670	addons.xpi	DEBUG	Add-on @openwpm blocks e10s rollout.
2020-11-29 09:30:04,691 - Process-91 [log-interceptor-1] - selenium_firefox     - DEBUG   : BROWSER 1: driver: 1606660204670	DeferredSave.extensions.json	DEBUG	Save changes
2020-11-29 09:30:04,691 - Process-91 [log-interceptor-1] - selenium_firefox     - DEBUG   : BROWSER 1: driver: 1606660204670	addons.manager	DEBUG	Registering startup change 'installed' for webcompat@mozilla.org
2020-11-29 09:30:04,691 - Process-91 [log-interceptor-1] - selenium_firefox     - DEBUG   : BROWSER 1: driver: 1606660204670	addons.xpi	DEBUG	Loading bootstrap scope from /home/data/maaz/Ads/20v50/firefox-bin/browser/features/webcompat@mozilla.org.xpi
2020-11-29 09:30:04,691 - Process-91 [log-interceptor-1] - selenium_firefox     - DEBUG   : BROWSER 1: driver: 1606660204672	addons.xpi	DEBUG	Calling bootstrap method install on webcompat@mozilla.org version 1.0
2020-11-29 09:30:04,692 - Process-91 [log-interceptor-1] - selenium_firefox     - DEBUG   : BROWSER 1: driver: 1606660204672	addons.xpi-utils	DEBUG	Make addon app-system-defaults:webcompat@mozilla.org visible
2020-11-29 09:30:04,692 - Process-91 [log-interceptor-1] - selenium_firefox     - DEBUG   : BROWSER 1: driver: 1606660204672	addons.xpi	DEBUG	Add-on @openwpm blocks e10s rollout.
2020-11-29 09:30:04,692 - Process-91 [log-interceptor-1] - selenium_firefox     - DEBUG   : BROWSER 1: driver: 1606660204674	DeferredSave.extensions.json	DEBUG	Save changes
2020-11-29 09:30:04,692 - Process-91 [log-interceptor-1] - selenium_firefox     - DEBUG   : BROWSER 1: driver: 1606660204674	addons.manager	DEBUG	Registering startup change 'installed' for firefox@getpocket.com
2020-11-29 09:30:04,692 - Process-91 [log-interceptor-1] - selenium_firefox     - DEBUG   : BROWSER 1: driver: 1606660204674	addons.xpi	DEBUG	Loading bootstrap scope from /home/data/maaz/Ads/20v50/firefox-bin/browser/features/firefox@getpocket.com.xpi
2020-11-29 09:30:04,692 - Process-91 [log-interceptor-1] - selenium_firefox     - DEBUG   : BROWSER 1: driver: 1606660204678	addons.xpi	DEBUG	Calling bootstrap method install on firefox@getpocket.com version 1.0.5
2020-11-29 09:30:04,692 - Process-91 [log-interceptor-1] - selenium_firefox     - DEBUG   : BROWSER 1: driver: 1606660204678	addons.xpi-utils	DEBUG	Make addon app-system-defaults:firefox@getpocket.com visible
2020-11-29 09:30:04,692 - Process-91 [log-interceptor-1] - selenium_firefox     - DEBUG   : BROWSER 1: driver: 1606660204680	addons.xpi	DEBUG	Add-on @openwpm blocks e10s rollout.
2020-11-29 09:30:04,692 - Process-91 [log-interceptor-1] - selenium_firefox     - DEBUG   : BROWSER 1: driver: 1606660204680	DeferredSave.extensions.json	DEBUG	Save changes
2020-11-29 09:30:04,692 - Process-91 [log-interceptor-1] - selenium_firefox     - DEBUG   : BROWSER 1: driver: 1606660204680	addons.manager	DEBUG	Registering startup change 'installed' for aushelper@mozilla.org
2020-11-29 09:30:04,693 - Process-91 [log-interceptor-1] - selenium_firefox     - DEBUG   : BROWSER 1: driver: 1606660204680	addons.xpi	DEBUG	Loading bootstrap scope from /home/data/maaz/Ads/20v50/firefox-bin/browser/features/aushelper@mozilla.org.xpi
2020-11-29 09:30:04,734 - Process-91 [log-interceptor-1] - selenium_firefox     - DEBUG   : BROWSER 1: driver: 1606660204684	addons.xpi	DEBUG	Calling bootstrap method install on aushelper@mozilla.org version 2.0
2020-11-29 09:30:04,734 - Process-91 [log-interceptor-1] - selenium_firefox     - DEBUG   : BROWSER 1: driver: 1606660204684	addons.xpi-utils	DEBUG	Make addon app-system-defaults:aushelper@mozilla.org visible
2020-11-29 09:30:04,734 - Process-91 [log-interceptor-1] - selenium_firefox     - DEBUG   : BROWSER 1: driver: 1606660204684	addons.xpi	DEBUG	Add-on @openwpm blocks e10s rollout.
2020-11-29 09:30:04,734 - Process-91 [log-interceptor-1] - selenium_firefox     - DEBUG   : BROWSER 1: driver: 1606660204684	DeferredSave.extensions.json	DEBUG	Save changes
2020-11-29 09:30:04,734 - Process-91 [log-interceptor-1] - selenium_firefox     - DEBUG   : BROWSER 1: driver: 1606660204684	addons.xpi-utils	DEBUG	Make addon app-global:{972ce4c6-7e08-4474-a285-3208198ce6fd} visible
2020-11-29 09:30:04,734 - Process-91 [log-interceptor-1] - selenium_firefox     - DEBUG   : BROWSER 1: driver: 1606660204684	addons.xpi	DEBUG	Add-on @openwpm blocks e10s rollout.
2020-11-29 09:30:04,734 - Process-91 [log-interceptor-1] - selenium_firefox     - DEBUG   : BROWSER 1: driver: 1606660204684	DeferredSave.extensions.json	DEBUG	Save changes
2020-11-29 09:30:04,735 - Process-91 [log-interceptor-1] - selenium_firefox     - DEBUG   : BROWSER 1: driver: 1606660204686	addons.xpi	DEBUG	Updating XPIState for {"id":"@openwpm","syncGUID":"{831138cd-b71c-4e09-861e-0a03e9720e8d}","location":"app-profile","version":"0.0.1","type":"extension","internalName":null,"updateURL":null,"updateKey":null,"optionsURL":null,"optionsType":null,"aboutURL":null,"icons":{},"iconURL":null,"icon64URL":null,"defaultLocale":{"name":"openwpm","description":"Extension with socket interface into OpenWPM","creator":"Steven Englehardt","homepageURL":null},"visible":true,"active":true,"userDisabled":false,"appDisabled":false,"descriptor":"/home/data/tmp/rust_mozprofile.jFD8OMY7hila/extensions/@openwpm","installDate":1606660203000,"updateDate":1606660203000,"applyBackgroundUpdates":1,"bootstrap":true,"skinnable":false,"size":84784,"sourceURI":null,"releaseNotesURI":null,"softDisabled":false,"foreignInstall":true,"hasBinaryComponents":false,"strictCompatibility":false,"locales":[],"targetApplications":[{"id":"{ec8030f7-c20a-464f-9b0e-13a3a9e97384}","minVersion":"38.0a1","maxVersion":"*"}],"targetPlatforms":[],"multiprocessCompatible":false,"signedState":0,"seen":true,"dependencies":[],"hasEmbeddedWebExtension":false,"mpcOptedOut":false}
2020-11-29 09:30:04,735 - Process-91 [log-interceptor-1] - selenium_firefox     - DEBUG   : BROWSER 1: driver: 1606660204686	addons.xpi	DEBUG	getModTime: Recursive scan of @openwpm
2020-11-29 09:30:04,735 - Process-91 [log-interceptor-1] - selenium_firefox     - DEBUG   : BROWSER 1: driver: 1606660204686	addons.xpi	DEBUG	Updating XPIState for {"id":"e10srollout@mozilla.org","syncGUID":"{597bbda3-70d9-4cc2-ac0e-11de16e5e723}","location":"app-system-defaults","version":"1.10","type":"extension","internalName":null,"updateURL":null,"updateKey":null,"optionsURL":null,"optionsType":null,"aboutURL":null,"icons":{},"iconURL":null,"icon64URL":null,"defaultLocale":{"name":"Multi-process staged rollout","description":"Staged rollout of Firefox multi-process feature.","creator":null,"homepageURL":null},"visible":true,"active":true,"userDisabled":false,"appDisabled":false,"descriptor":"/home/data/maaz/Ads/20v50/firefox-bin/browser/features/e10srollout@mozilla.org.xpi","installDate":1606628784000,"updateDate":1606628784000,"applyBackgroundUpdates":1,"bootstrap":true,"skinnable":false,"size":8145,"sourceURI":null,"releaseNotesURI":null,"softDisabled":false,"foreignInstall":false,"hasBinaryComponents":false,"strictCompatibility":false,"locales":[],"targetApplications":[{"id":"{ec8030f7-c20a-464f-9b0e-13a3a9e97384}","minVersion":"52.9.0","maxVersion":"52.*"}],"targetPlatforms":[],"multiprocessCompatible":true,"seen":true,"dependencies":[],"hasEmbeddedWebExtension":false,"mpcOptedOut":false}
2020-11-29 09:30:04,735 - Process-91 [log-interceptor-1] - selenium_firefox     - DEBUG   : BROWSER 1: driver: 1606660204686	addons.xpi	DEBUG	getModTime: Recursive scan of e10srollout@mozilla.org
2020-11-29 09:30:04,735 - Process-91 [log-interceptor-1] - selenium_firefox     - DEBUG   : BROWSER 1: driver: 1606660204688	addons.xpi	DEBUG	Updating XPIState for {"id":"webcompat@mozilla.org","syncGUID":"{fd0e2443-6724-4cda-8e04-22efeb218d3d}","location":"app-system-defaults","version":"1.0","type":"extension","internalName":null,"updateURL":null,"updateKey":null,"optionsURL":null,"optionsType":null,"aboutURL":null,"icons":{},"iconURL":null,"icon64URL":null,"defaultLocale":{"name":"Web Compat","description":"Urgent post-release fixes for web compatibility.","creator":null,"homepageURL":null},"visible":true,"active":true,"userDisabled":false,"appDisabled":false,"descriptor":"/home/data/maaz/Ads/20v50/firefox-bin/browser/features/webcompat@mozilla.org.xpi","installDate":1606628784000,"updateDate":1606628784000,"applyBackgroundUpdates":1,"bootstrap":true,"skinnable":false,"size":1456,"sourceURI":null,"releaseNotesURI":null,"softDisabled":false,"foreignInstall":false,"hasBinaryComponents":false,"strictCompatibility":false,"locales":[],"targetApplications":[{"id":"{ec8030f7-c20a-464f-9b0e-13a3a9e97384}","minVersion":"52.9.0","maxVersion":"52.*"}],"targetPlatforms":[],"multiprocessCompatible":true,"seen":true,"dependencies":[],"hasEmbeddedWebExtension":false,"mpcOptedOut":false}
2020-11-29 09:30:04,735 - Process-91 [log-interceptor-1] - selenium_firefox     - DEBUG   : BROWSER 1: driver: 1606660204688	addons.xpi	DEBUG	getModTime: Recursive scan of webcompat@mozilla.org
2020-11-29 09:30:04,735 - Process-91 [log-interceptor-1] - selenium_firefox     - DEBUG   : BROWSER 1: driver: 1606660204688	addons.xpi	DEBUG	Updating XPIState for {"id":"firefox@getpocket.com","syncGUID":"{68754cfc-2baa-4427-8c89-96109b5e8d21}","location":"app-system-defaults","version":"1.0.5","type":"extension","internalName":null,"updateURL":null,"updateKey":null,"optionsURL":null,"optionsType":null,"aboutURL":null,"icons":{},"iconURL":null,"icon64URL":null,"defaultLocale":{"name":"Pocket","description":"When you find something you want to view later, put it in Pocket.","creator":null,"homepageURL":null},"visible":true,"active":true,"userDisabled":false,"appDisabled":false,"descriptor":"/home/data/maaz/Ads/20v50/firefox-bin/browser/features/firefox@getpocket.com.xpi","installDate":1606628784000,"updateDate":1606628784000,"applyBackgroundUpdates":1,"bootstrap":true,"skinnable":false,"size":920281,"sourceURI":null,"releaseNotesURI":null,"softDisabled":false,"foreignInstall":false,"hasBinaryComponents":false,"strictCompatibility":false,"locales":[],"targetApplications":[{"id":"{ec8030f7-c20a-464f-9b0e-13a3a9e97384}","minVersion":"52.9.0","maxVersion":"52.*"}],"targetPlatforms":[],"multiprocessCompatible":true,"seen":true,"dependencies":[],"hasEmbeddedWebExtension":false,"mpcOptedOut":false}
2020-11-29 09:30:04,735 - Process-91 [log-interceptor-1] - selenium_firefox     - DEBUG   : BROWSER 1: driver: 1606660204700	addons.xpi	DEBUG	getModTime: Recursive scan of firefox@getpocket.com
2020-11-29 09:30:04,736 - Process-91 [log-interceptor-1] - selenium_firefox     - DEBUG   : BROWSER 1: driver: 1606660204700	addons.xpi	DEBUG	Updating XPIState for {"id":"aushelper@mozilla.org","syncGUID":"{53e97fba-22fe-432c-82d3-e9451325fdae}","location":"app-system-defaults","version":"2.0","type":"extension","internalName":null,"updateURL":null,"updateKey":null,"optionsURL":null,"optionsType":null,"aboutURL":null,"icons":{},"iconURL":null,"icon64URL":null,"defaultLocale":{"name":"Application Update Service Helper","description":"Sets value(s) in the update url based on custom checks.","creator":null,"homepageURL":null},"visible":true,"active":true,"userDisabled":false,"appDisabled":false,"descriptor":"/home/data/maaz/Ads/20v50/firefox-bin/browser/features/aushelper@mozilla.org.xpi","installDate":1606628784000,"updateDate":1606628784000,"applyBackgroundUpdates":1,"bootstrap":true,"skinnable":false,"size":8488,"sourceURI":null,"releaseNotesURI":null,"softDisabled":false,"foreignInstall":false,"hasBinaryComponents":false,"strictCompatibility":false,"locales":[],"targetApplications":[{"id":"{ec8030f7-c20a-464f-9b0e-13a3a9e97384}","minVersion":"52.9.0","maxVersion":"52.*"}],"targetPlatforms":[],"multiprocessCompatible":true,"seen":true,"dependencies":[],"hasEmbeddedWebExtension":false,"mpcOptedOut":false}
2020-11-29 09:30:04,736 - Process-91 [log-interceptor-1] - selenium_firefox     - DEBUG   : BROWSER 1: driver: 1606660204700	addons.xpi	DEBUG	getModTime: Recursive scan of aushelper@mozilla.org
2020-11-29 09:30:04,736 - Process-91 [log-interceptor-1] - selenium_firefox     - DEBUG   : BROWSER 1: driver: 1606660204700	addons.xpi	DEBUG	Updating XPIState for {"id":"{972ce4c6-7e08-4474-a285-3208198ce6fd}","syncGUID":"{a1a3f02d-8d25-4674-96ef-bc50af366b8a}","location":"app-global","version":"52.9.0","type":"theme","internalName":"classic/1.0","updateURL":null,"updateKey":null,"optionsURL":null,"optionsType":null,"aboutURL":null,"icons":{"32":"icon.png","48":"icon.png"},"iconURL":null,"icon64URL":null,"defaultLocale":{"name":"Default","description":"The default theme.","creator":"Mozilla","homepageURL":null,"contributors":["Mozilla Contributors"]},"visible":true,"active":true,"userDisabled":false,"appDisabled":false,"descriptor":"/home/data/maaz/Ads/20v50/firefox-bin/browser/extensions/{972ce4c6-7e08-4474-a285-3208198ce6fd}.xpi","installDate":1606628784000,"updateDate":1606628784000,"applyBackgroundUpdates":1,"skinnable":true,"size":4932,"sourceURI":null,"releaseNotesURI":null,"softDisabled":false,"foreignInstall":false,"hasBinaryComponents":false,"strictCompatibility":true,"locales":[],"targetApplications":[{"id":"{ec8030f7-c20a-464f-9b0e-13a3a9e97384}","minVersion":"52.9.0","maxVersion":"52.9.0"}],"targetPlatforms":[],"seen":true,"dependencies":[],"hasEmbeddedWebExtension":false}
2020-11-29 09:30:04,736 - Process-91 [log-interceptor-1] - selenium_firefox     - DEBUG   : BROWSER 1: driver: 1606660204700	addons.xpi	DEBUG	getModTime: Recursive scan of {972ce4c6-7e08-4474-a285-3208198ce6fd}
2020-11-29 09:30:04,736 - Process-91 [log-interceptor-1] - selenium_firefox     - DEBUG   : BROWSER 1: driver: 1606660204702	addons.xpi	DEBUG	Add-on @openwpm blocks e10s rollout.
2020-11-29 09:30:04,736 - Process-91 [log-interceptor-1] - selenium_firefox     - DEBUG   : BROWSER 1: driver: 1606660204702	DeferredSave.extensions.json	DEBUG	Save changes
2020-11-29 09:30:04,736 - Process-91 [log-interceptor-1] - selenium_firefox     - DEBUG   : BROWSER 1: driver: 1606660204702	addons.xpi	DEBUG	Updating database with changes to installed add-ons
2020-11-29 09:30:04,737 - Process-91 [log-interceptor-1] - selenium_firefox     - DEBUG   : BROWSER 1: driver: 1606660204702	addons.xpi-utils	DEBUG	Updating add-on states
2020-11-29 09:30:04,737 - Process-91 [log-interceptor-1] - selenium_firefox     - DEBUG   : BROWSER 1: driver: 1606660204702	addons.xpi-utils	DEBUG	Writing add-ons list
2020-11-29 09:30:04,737 - Process-91 [log-interceptor-1] - selenium_firefox     - DEBUG   : BROWSER 1: driver: 1606660204706	addons.xpi	DEBUG	Registering manifest for /home/data/tmp/rust_mozprofile.jFD8OMY7hila/extensions/@openwpm
2020-11-29 09:30:04,737 - Process-91 [log-interceptor-1] - selenium_firefox     - DEBUG   : BROWSER 1: driver: 1606660204706	addons.xpi	DEBUG	Calling bootstrap method startup on @openwpm version 0.0.1
2020-11-29 09:30:04,737 - Process-91 [log-interceptor-1] - selenium_firefox     - DEBUG   : BROWSER 1: driver: 1606660204712	addons.xpi	DEBUG	Registering manifest for /home/data/maaz/Ads/20v50/firefox-bin/browser/features/aushelper@mozilla.org.xpi
2020-11-29 09:30:04,737 - Process-91 [log-interceptor-1] - selenium_firefox     - DEBUG   : BROWSER 1: driver: 1606660204712	addons.xpi	DEBUG	Calling bootstrap method startup on aushelper@mozilla.org version 2.0
2020-11-29 09:30:04,737 - Process-91 [log-interceptor-1] - selenium_firefox     - DEBUG   : BROWSER 1: driver: 1606660204714	addons.xpi	DEBUG	Registering manifest for /home/data/maaz/Ads/20v50/firefox-bin/browser/features/e10srollout@mozilla.org.xpi
2020-11-29 09:30:04,737 - Process-91 [log-interceptor-1] - selenium_firefox     - DEBUG   : BROWSER 1: driver: 1606660204714	addons.xpi	DEBUG	Calling bootstrap method startup on e10srollout@mozilla.org version 1.10
2020-11-29 09:30:04,737 - Process-91 [log-interceptor-1] - selenium_firefox     - DEBUG   : BROWSER 1: driver: 1606660204714	addons.xpi	DEBUG	Registering manifest for /home/data/maaz/Ads/20v50/firefox-bin/browser/features/firefox@getpocket.com.xpi
2020-11-29 09:30:04,738 - Process-91 [log-interceptor-1] - selenium_firefox     - DEBUG   : BROWSER 1: driver: 1606660204716	addons.xpi	DEBUG	Calling bootstrap method startup on firefox@getpocket.com version 1.0.5
2020-11-29 09:30:04,738 - Process-91 [log-interceptor-1] - selenium_firefox     - DEBUG   : BROWSER 1: driver: 1606660204718	addons.xpi	DEBUG	Registering manifest for /home/data/maaz/Ads/20v50/firefox-bin/browser/features/webcompat@mozilla.org.xpi
2020-11-29 09:30:04,738 - Process-91 [log-interceptor-1] - selenium_firefox     - DEBUG   : BROWSER 1: driver: 1606660204718	addons.xpi	DEBUG	Calling bootstrap method startup on webcompat@mozilla.org version 1.0
2020-11-29 09:30:04,738 - Process-91 [log-interceptor-1] - selenium_firefox     - DEBUG   : BROWSER 1: driver: 1606660204720	addons.manager	DEBUG	Registering shutdown blocker for XPIProvider
2020-11-29 09:30:04,738 - Process-91 [log-interceptor-1] - selenium_firefox     - DEBUG   : BROWSER 1: driver: 1606660204722	addons.manager	DEBUG	Provider finished startup: XPIProvider
2020-11-29 09:30:04,738 - Process-91 [log-interceptor-1] - selenium_firefox     - DEBUG   : BROWSER 1: driver: 1606660204722	addons.manager	DEBUG	Starting provider: LightweightThemeManager
2020-11-29 09:30:04,738 - Process-91 [log-interceptor-1] - selenium_firefox     - DEBUG   : BROWSER 1: driver: 1606660204722	addons.manager	DEBUG	Registering shutdown blocker for LightweightThemeManager
2020-11-29 09:30:04,738 - Process-91 [log-interceptor-1] - selenium_firefox     - DEBUG   : BROWSER 1: driver: 1606660204722	addons.manager	DEBUG	Provider finished startup: LightweightThemeManager
2020-11-29 09:30:04,739 - Process-91 [log-interceptor-1] - selenium_firefox     - DEBUG   : BROWSER 1: driver: 1606660204722	addons.manager	DEBUG	Starting provider: GMPProvider
2020-11-29 09:30:06,665 - Process-91 [MainThread] - BaseAggregator       - DEBUG   : Status update; current record queue size: 0
2020-11-29 09:30:10,540 - Process-91 [MainThread] - FirefoxExtension     - DEBUG   : Cookie instrumentation enabled
2020-11-29 09:30:10,541 - Process-91 [MainThread] - FirefoxExtension     - DEBUG   : HTTP Instrumentation enabled
2020-11-29 09:30:10,595 - Process-91 [MainThread] - BrowserManager       - DEBUG   : BROWSER 1: Looking for extension port information in /tmp/rust_mozprofile.jFD8OMY7hila/
2020-11-29 09:30:10,596 - Process-91 [MainThread] - BrowserManager       - DEBUG   : BROWSER 1: Connecting to extension on port 38149
2020-11-29 09:30:10,596 - Process-91 [MainThread] - BrowserManager       - DEBUG   : BROWSER 1: BrowserManager ready.
2020-11-29 09:30:10,597 - Process-91 [MainThread] - BrowserManager       - DEBUG   : BROWSER 1: Browser spawn sucessful!
2020-11-29 09:30:11,109 - Process-91 [MainThread] - TaskManager          - INFO    : 

OpenWPM Version: 44dd020
Firefox Version: 52.9.0

========== Manager Configuration ==========
{
  "aggregator_address": [
    "127.0.0.1",
    41241
  ],
  "data_directory": "/home/data/maaz/Ads/20v50/data/20_50/control_5_5",
  "database_name": "/home/data/maaz/Ads/20v50/data/20_50/control_5_5/2_crawl-data.sqlite",
  "failure_limit": null,
  "log_directory": "/home/data/maaz/Ads/20v50/data/20_50/control_5_5",
  "log_file": "/home/data/maaz/Ads/20v50/data/20_50/control_5_5/openwpm.log",
  "logger_address": [
    "127.0.0.1",
    40493
  ],
  "num_browsers": 1,
  "output_format": "local",
  "screenshot_path": "/home/data/maaz/Ads/20v50/data/20_50/control_5_5/screenshots",
  "source_dump_path": "/home/data/maaz/Ads/20v50/data/20_50/control_5_5/sources",
  "testing": false
}

========== Browser Configuration ==========
Keys:
{
  "crawl_id": 0,
  "Ad_Sites": 1,
  "Browser_Config": 2,
  "Browser_Config_Def": 3,
  "Intent": 4,
  "Intent_Sites": 5,
  "Manager_Config": 6,
  "Manager_Config_Def": 7,
  "Number_of_Browsers": 8,
  "Persona_Name": 9,
  "Persona_Numb": 10,
  "Persona_Path": 11,
  "Sites": 12,
  "Storage_File": 13,
  "adblock-plus": 14,
  "bot_mitigation": 15,
  "browser": 16,
  "cookie_instrument": 17,
  "disable_flash": 18,
  "disconnect": 19,
  "donottrack": 20,
  "extension_enabled": 21,
  "ghostery": 22,
  "headless": 23,
  "http_instrument": 24,
  "https-everywhere": 25,
  "js_instrument": 26,
  "prefs": 27,
  "random_attributes": 28,
  "save_all_content": 29,
  "save_javascript": 30,
  "storage_file": 31,
  "tp_cookies": 32,
  "tracking-protection": 33,
  "ublock-origin": 34
}

  0  1                                 2                                                     3                            4         5    6                                                     7                              8  9               10  11             12    13          14     15    16       17    18     19     20     21    22     23    24    25     26     27    28     29     30     31          32      33     34
---  --------------------------------  ----------------------------------------------------  ---------------------------  --------  ---  ----------------------------------------------------  ---------------------------  ---  ------------  ----  -------------  ----  ----------  -----  ----  -------  ----  -----  -----  -----  ----  -----  ----  ----  -----  -----  ----  -----  -----  -----  ----------  ------  -----  -----
  1  [u'https://www.accuweather.com']  config/20_50/Control/5_Control_browser_params_5.json  default_browser_params.json  NoIntent  []   config/20_50/Control/5_Control_manager_params_5.json  default_manager_params.json    1  Control.json     5  data/personas  []    storage.js  False  True  firefox  True  False  False  False  True  False  True  True  False  False  {}    False  False  False  storage.js  always  False  False

========== Input profile tar files ==========
  No profile tar files specified

========== Output (archive) profile dirs ==========
{
  "1": "data/20_50/control_5_5"
}


2020-11-29 09:30:11,110 - Process-91 [MainThread] - TaskManager          - DEBUG   : Checking command failure status indicator...
2020-11-29 09:30:11,211 - Process-91 [MainThread] - BrowserManager       - DEBUG   : BROWSER 1: Joining command thread
2020-11-29 09:30:11,213 - Process-91 [MainThread] - BrowserManager       - INFO    : BROWSER 1: EXECUTING COMMAND: ('GET', u'https://www.accuweather.com', 1, 1)
2020-11-29 09:30:11,672 - Process-91 [MainThread] - BaseAggregator       - DEBUG   : Status update; current record queue size: 1
2020-11-29 09:30:12,163 - Process-91 [MainThread] - FirefoxExtension     - DEBUG   : Visit Id: 1
2020-11-29 09:30:17,322 - Process-91 [MainThread] - BaseAggregator       - DEBUG   : Status update; current record queue size: 64
2020-11-29 09:30:22,558 - Process-91 [MainThread] - BaseAggregator       - DEBUG   : Status update; current record queue size: 0
2020-11-29 09:30:27,563 - Process-91 [MainThread] - BaseAggregator       - DEBUG   : Status update; current record queue size: 0
2020-11-29 09:30:32,569 - Process-91 [MainThread] - BaseAggregator       - DEBUG   : Status update; current record queue size: 0
2020-11-29 09:30:37,576 - Process-91 [MainThread] - BaseAggregator       - DEBUG   : Status update; current record queue size: 0
2020-11-29 09:30:42,582 - Process-91 [MainThread] - BaseAggregator       - DEBUG   : Status update; current record queue size: 0
2020-11-29 09:30:47,588 - Process-91 [MainThread] - BaseAggregator       - DEBUG   : Status update; current record queue size: 0
2020-11-29 09:30:52,594 - Process-91 [MainThread] - BaseAggregator       - DEBUG   : Status update; current record queue size: 0
2020-11-29 09:30:57,601 - Process-91 [MainThread] - BaseAggregator       - DEBUG   : Status update; current record queue size: 0
2020-11-29 09:31:02,607 - Process-91 [MainThread] - BaseAggregator       - DEBUG   : Status update; current record queue size: 0
2020-11-29 09:31:07,613 - Process-91 [MainThread] - BaseAggregator       - DEBUG   : Status update; current record queue size: 0
2020-11-29 09:31:12,620 - Process-91 [MainThread] - BaseAggregator       - DEBUG   : Status update; current record queue size: 0
2020-11-29 09:31:17,627 - Process-91 [MainThread] - BaseAggregator       - DEBUG   : Status update; current record queue size: 0
2020-11-29 09:31:22,634 - Process-91 [MainThread] - BaseAggregator       - DEBUG   : Status update; current record queue size: 0
2020-11-29 09:31:27,640 - Process-91 [MainThread] - BaseAggregator       - DEBUG   : Status update; current record queue size: 0
2020-11-29 09:31:32,647 - Process-91 [MainThread] - BaseAggregator       - DEBUG   : Status update; current record queue size: 0
2020-11-29 09:31:37,653 - Process-91 [MainThread] - BaseAggregator       - DEBUG   : Status update; current record queue size: 0
2020-11-29 09:31:42,659 - Process-91 [MainThread] - BaseAggregator       - DEBUG   : Status update; current record queue size: 0
2020-11-29 09:31:47,665 - Process-91 [MainThread] - BaseAggregator       - DEBUG   : Status update; current record queue size: 0
2020-11-29 09:31:52,672 - Process-91 [MainThread] - BaseAggregator       - DEBUG   : Status update; current record queue size: 0
2020-11-29 09:31:57,678 - Process-91 [MainThread] - BaseAggregator       - DEBUG   : Status update; current record queue size: 0
2020-11-29 09:32:02,684 - Process-91 [MainThread] - BaseAggregator       - DEBUG   : Status update; current record queue size: 0
2020-11-29 09:32:07,690 - Process-91 [MainThread] - BaseAggregator       - DEBUG   : Status update; current record queue size: 0
2020-11-29 09:32:12,696 - Process-91 [MainThread] - BaseAggregator       - DEBUG   : Status update; current record queue size: 0
2020-11-29 09:32:17,703 - Process-91 [MainThread] - BaseAggregator       - DEBUG   : Status update; current record queue size: 0
2020-11-29 09:32:22,709 - Process-91 [MainThread] - BaseAggregator       - DEBUG   : Status update; current record queue size: 0
2020-11-29 09:32:27,715 - Process-91 [MainThread] - BaseAggregator       - DEBUG   : Status update; current record queue size: 0
2020-11-29 09:32:32,722 - Process-91 [MainThread] - BaseAggregator       - DEBUG   : Status update; current record queue size: 0
2020-11-29 09:32:37,728 - Process-91 [MainThread] - BaseAggregator       - DEBUG   : Status update; current record queue size: 0
2020-11-29 09:32:42,734 - Process-91 [MainThread] - BaseAggregator       - DEBUG   : Status update; current record queue size: 0
2020-11-29 09:32:47,740 - Process-91 [MainThread] - BaseAggregator       - DEBUG   : Status update; current record queue size: 0
2020-11-29 09:32:52,745 - Process-91 [MainThread] - BaseAggregator       - DEBUG   : Status update; current record queue size: 0
2020-11-29 09:32:57,752 - Process-91 [MainThread] - BaseAggregator       - DEBUG   : Status update; current record queue size: 0
2020-11-29 09:33:02,759 - Process-91 [MainThread] - BaseAggregator       - DEBUG   : Status update; current record queue size: 0
2020-11-29 09:33:07,766 - Process-91 [MainThread] - BaseAggregator       - DEBUG   : Status update; current record queue size: 0
2020-11-29 09:33:12,773 - Process-91 [MainThread] - BaseAggregator       - DEBUG   : Status update; current record queue size: 0
2020-11-29 09:33:17,783 - Process-91 [MainThread] - BaseAggregator       - DEBUG   : Status update; current record queue size: 0
2020-11-29 09:33:22,792 - Process-91 [MainThread] - BaseAggregator       - DEBUG   : Status update; current record queue size: 0
2020-11-29 09:33:27,798 - Process-91 [MainThread] - BaseAggregator       - DEBUG   : Status update; current record queue size: 0
2020-11-29 09:33:32,805 - Process-91 [MainThread] - BaseAggregator       - DEBUG   : Status update; current record queue size: 0
2020-11-29 09:33:37,812 - Process-91 [MainThread] - BaseAggregator       - DEBUG   : Status update; current record queue size: 0
2020-11-29 09:33:42,824 - Process-91 [MainThread] - BaseAggregator       - DEBUG   : Status update; current record queue size: 0
2020-11-29 09:33:47,830 - Process-91 [MainThread] - BaseAggregator       - DEBUG   : Status update; current record queue size: 0
2020-11-29 09:33:52,837 - Process-91 [MainThread] - BaseAggregator       - DEBUG   : Status update; current record queue size: 0
2020-11-29 09:33:57,843 - Process-91 [MainThread] - BaseAggregator       - DEBUG   : Status update; current record queue size: 0
2020-11-29 09:34:02,849 - Process-91 [MainThread] - BaseAggregator       - DEBUG   : Status update; current record queue size: 0
2020-11-29 09:34:07,856 - Process-91 [MainThread] - BaseAggregator       - DEBUG   : Status update; current record queue size: 0
2020-11-29 09:34:12,862 - Process-91 [MainThread] - BaseAggregator       - DEBUG   : Status update; current record queue size: 0
2020-11-29 09:34:17,868 - Process-91 [MainThread] - BaseAggregator       - DEBUG   : Status update; current record queue size: 0
2020-11-29 09:34:22,875 - Process-91 [MainThread] - BaseAggregator       - DEBUG   : Status update; current record queue size: 0
2020-11-29 09:34:27,880 - Process-91 [MainThread] - BaseAggregator       - DEBUG   : Status update; current record queue size: 0
2020-11-29 09:34:32,887 - Process-91 [MainThread] - BaseAggregator       - DEBUG   : Status update; current record queue size: 0
2020-11-29 09:34:37,893 - Process-91 [MainThread] - BaseAggregator       - DEBUG   : Status update; current record queue size: 0
2020-11-29 09:34:42,900 - Process-91 [MainThread] - BaseAggregator       - DEBUG   : Status update; current record queue size: 0
2020-11-29 09:34:47,905 - Process-91 [MainThread] - BaseAggregator       - DEBUG   : Status update; current record queue size: 0
2020-11-29 09:34:52,912 - Process-91 [MainThread] - BaseAggregator       - DEBUG   : Status update; current record queue size: 0
2020-11-29 09:34:57,918 - Process-91 [MainThread] - BaseAggregator       - DEBUG   : Status update; current record queue size: 0
2020-11-29 09:35:02,924 - Process-91 [MainThread] - BaseAggregator       - DEBUG   : Status update; current record queue size: 0
2020-11-29 09:35:07,930 - Process-91 [MainThread] - BaseAggregator       - DEBUG   : Status update; current record queue size: 0
2020-11-29 09:35:12,936 - Process-91 [MainThread] - BaseAggregator       - DEBUG   : Status update; current record queue size: 0
2020-11-29 09:35:17,942 - Process-91 [MainThread] - BaseAggregator       - DEBUG   : Status update; current record queue size: 0
2020-11-29 09:35:22,948 - Process-91 [MainThread] - BaseAggregator       - DEBUG   : Status update; current record queue size: 0
2020-11-29 09:35:27,954 - Process-91 [MainThread] - BaseAggregator       - DEBUG   : Status update; current record queue size: 0
2020-11-29 09:35:32,960 - Process-91 [MainThread] - BaseAggregator       - DEBUG   : Status update; current record queue size: 0
2020-11-29 09:35:37,966 - Process-91 [MainThread] - BaseAggregator       - DEBUG   : Status update; current record queue size: 0
2020-11-29 09:35:42,972 - Process-91 [MainThread] - BaseAggregator       - DEBUG   : Status update; current record queue size: 0
2020-11-29 09:35:47,978 - Process-91 [MainThread] - BaseAggregator       - DEBUG   : Status update; current record queue size: 0
2020-11-29 09:35:52,984 - Process-91 [MainThread] - BaseAggregator       - DEBUG   : Status update; current record queue size: 0
2020-11-29 09:35:57,990 - Process-91 [MainThread] - BaseAggregator       - DEBUG   : Status update; current record queue size: 0
2020-11-29 09:36:02,996 - Process-91 [MainThread] - BaseAggregator       - DEBUG   : Status update; current record queue size: 0
2020-11-29 09:36:08,003 - Process-91 [MainThread] - BaseAggregator       - DEBUG   : Status update; current record queue size: 0
2020-11-29 09:36:13,012 - Process-91 [MainThread] - BaseAggregator       - DEBUG   : Status update; current record queue size: 0
2020-11-29 09:36:18,019 - Process-91 [MainThread] - BaseAggregator       - DEBUG   : Status update; current record queue size: 0
2020-11-29 09:36:23,025 - Process-91 [MainThread] - BaseAggregator       - DEBUG   : Status update; current record queue size: 0
2020-11-29 09:36:28,031 - Process-91 [MainThread] - BaseAggregator       - DEBUG   : Status update; current record queue size: 0
2020-11-29 09:36:33,038 - Process-91 [MainThread] - BaseAggregator       - DEBUG   : Status update; current record queue size: 0
2020-11-29 09:36:38,047 - Process-91 [MainThread] - BaseAggregator       - DEBUG   : Status update; current record queue size: 0
2020-11-29 09:36:43,054 - Process-91 [MainThread] - BaseAggregator       - DEBUG   : Status update; current record queue size: 0
2020-11-29 09:36:48,060 - Process-91 [MainThread] - BaseAggregator       - DEBUG   : Status update; current record queue size: 0
2020-11-29 09:36:53,068 - Process-91 [MainThread] - BaseAggregator       - DEBUG   : Status update; current record queue size: 0
2020-11-29 09:36:58,074 - Process-91 [MainThread] - BaseAggregator       - DEBUG   : Status update; current record queue size: 0
2020-11-29 09:37:03,082 - Process-91 [MainThread] - BaseAggregator       - DEBUG   : Status update; current record queue size: 0
2020-11-29 09:37:08,090 - Process-91 [MainThread] - BaseAggregator       - DEBUG   : Status update; current record queue size: 0
2020-11-29 09:37:13,099 - Process-91 [MainThread] - BaseAggregator       - DEBUG   : Status update; current record queue size: 0
2020-11-29 09:37:18,108 - Process-91 [MainThread] - BaseAggregator       - DEBUG   : Status update; current record queue size: 0
2020-11-29 09:37:23,114 - Process-91 [MainThread] - BaseAggregator       - DEBUG   : Status update; current record queue size: 0
2020-11-29 09:37:28,121 - Process-91 [MainThread] - BaseAggregator       - DEBUG   : Status update; current record queue size: 0
2020-11-29 09:37:33,127 - Process-91 [MainThread] - BaseAggregator       - DEBUG   : Status update; current record queue size: 0
2020-11-29 09:37:38,134 - Process-91 [MainThread] - BaseAggregator       - DEBUG   : Status update; current record queue size: 0
2020-11-29 09:37:43,141 - Process-91 [MainThread] - BaseAggregator       - DEBUG   : Status update; current record queue size: 0
2020-11-29 09:37:48,147 - Process-91 [MainThread] - BaseAggregator       - DEBUG   : Status update; current record queue size: 0
2020-11-29 09:37:53,153 - Process-91 [MainThread] - BaseAggregator       - DEBUG   : Status update; current record queue size: 0
2020-11-29 09:37:58,160 - Process-91 [MainThread] - BaseAggregator       - DEBUG   : Status update; current record queue size: 0
2020-11-29 09:38:03,166 - Process-91 [MainThread] - BaseAggregator       - DEBUG   : Status update; current record queue size: 0
2020-11-29 09:38:08,172 - Process-91 [MainThread] - BaseAggregator       - DEBUG   : Status update; current record queue size: 0
2020-11-29 09:38:13,178 - Process-91 [MainThread] - BaseAggregator       - DEBUG   : Status update; current record queue size: 0
2020-11-29 09:38:18,184 - Process-91 [MainThread] - BaseAggregator       - DEBUG   : Status update; current record queue size: 0
2020-11-29 09:38:23,191 - Process-91 [MainThread] - BaseAggregator       - DEBUG   : Status update; current record queue size: 0
2020-11-29 09:38:28,197 - Process-91 [MainThread] - BaseAggregator       - DEBUG   : Status update; current record queue size: 0
2020-11-29 09:38:31,308 - Process-91 [Thread-2  ] - TaskManager          - INFO    : BROWSER 1: Timeout while executing command, GET, killing browser manager
2020-11-29 09:38:31,309 - Process-91 [Thread-2  ] - TaskManager          - DEBUG   : BROWSER 1: Browser restart required
2020-11-29 09:38:33,317 - Process-91 [MainThread] - BrowserManager       - DEBUG   : BROWSER 1: 502.105315 seconds to join command thread
2020-11-29 09:38:33,317 - Process-91 [MainThread] - BrowserManager       - DEBUG   : BROWSER 1: Killing browser manager...
2020-11-29 09:38:33,318 - Process-91 [MainThread] - BrowserManager       - DEBUG   : BROWSER 1: Attempting to kill BrowserManager with pid 34642. Display PID: 34654 | Display Port: 0 | Browser PID: 34738
2020-11-29 09:38:33,318 - Process-91 [MainThread] - BrowserManager       - DEBUG   : BROWSER 1: Display process does not exit
2020-11-29 09:38:33,319 - Process-91 [MainThread] - BrowserManager       - DEBUG   : BROWSER 1: Screen lockfile (/tmp/.X0-lock) already removed
2020-11-29 09:38:33,364 - Process-91 [MainThread] - BaseAggregator       - DEBUG   : Status update; current record queue size: 0
2020-11-29 09:38:33,410 - Process-91 [MainThread] - BrowserManager       - DEBUG   : BROWSER 1: Geckodriver process already killed.
2020-11-29 09:38:33,410 - Process-91 [MainThread] - BrowserManager       - DEBUG   : BROWSER 1: during_init=False | profile_archive_dir=data/20_50/control_5_5
2020-11-29 09:38:33,410 - Process-91 [MainThread] - BrowserManager       - DEBUG   : BROWSER 1: Archiving browser profile directory to data/20_50/control_5_5
2020-11-29 09:38:33,412 - Process-91 [MainThread] - profile_commands     - DEBUG   : BROWSER 1: Backing up full profile from /tmp/rust_mozprofile.jFD8OMY7hila/ to data/20_50/control_5_5/profile.tar.gz
2020-11-29 09:38:33,525 - Process-91 [MainThread] - profile_commands     - WARNING : BROWSER 1: /tmp/rust_mozprofile.jFD8OMY7hila/webapps NOT FOUND IN profile folder, skipping.
2020-11-29 09:38:33,529 - Process-91 [MainThread] - profile_commands     - DEBUG   : BROWSER 1: SAVING /home/maaz/.macromedia/Flash_Player/#SharedObjects during flash file archive
2020-11-29 09:38:33,530 - Process-91 [MainThread] - profile_commands     - DEBUG   : BROWSER 1: SAVING /home/maaz/.macromedia/Flash_Player/macromedia.com/support/flashplayer/sys during flash file archive
2020-11-29 09:38:33,539 - Process-91 [MainThread] - BaseAggregator       - DEBUG   : Sending the shutdown signal to the LocalAggregator listener process...
2020-11-29 09:38:34,366 - Process-91 [MainThread] - BaseAggregator       - INFO    : Received shutdown signal!
2020-11-29 09:38:37,415 - Process-91 [MainThread] - BaseAggregator       - DEBUG   : LocalAggregator took 3.87518906593 seconds to close.
2020-11-29 09:58:26,689 - Process-161[MainThread] - BrowserManager       - DEBUG   : BROWSER 1: Spawn attempt 0 
2020-11-29 09:58:26,712 - Process-161[MainThread] - deploy_firefox       - DEBUG   : BROWSER 1: Loading initial browser profile from: data/20_50/control_5_5
2020-11-29 09:58:26,713 - Process-161[MainThread] - profile_commands     - DEBUG   : BROWSER 1: Copying profile tar from data/20_50/control_5_5/profile.tar.gz to /tmp/tmp0SnzvF/
2020-11-29 09:58:26,784 - Process-161[MainThread] - profile_commands     - DEBUG   : BROWSER 1: Tarfile extracted
2020-11-29 09:58:26,784 - Process-161[MainThread] - profile_commands     - DEBUG   : BROWSER 1: CLEARING /home/maaz/.macromedia/Flash_Player/#SharedObjects before loading flash files
2020-11-29 09:58:26,785 - Process-161[MainThread] - profile_commands     - DEBUG   : BROWSER 1: CLEARING /home/maaz/.macromedia/Flash_Player/macromedia.com/support/flashplayer/sys before loading flash files
2020-11-29 09:58:26,999 - Process-161[MainThread] - deploy_firefox       - DEBUG   : BROWSER 1: OpenWPM Firefox extension loaded
2020-11-29 09:58:28,985 - Process-161[log-interceptor-1] - selenium_firefox     - DEBUG   : BROWSER 1: driver: 1606661907049	geckodriver	INFO	Listening on 127.0.0.1:49853
2020-11-29 09:58:28,986 - Process-161[log-interceptor-1] - selenium_firefox     - DEBUG   : BROWSER 1: driver: 1606661908215	mozprofile::profile	INFO	Using profile path /tmp/rust_mozprofile.kOZ7tPkTXg2j
2020-11-29 09:58:28,986 - Process-161[log-interceptor-1] - selenium_firefox     - DEBUG   : BROWSER 1: driver: 1606661908304	geckodriver::marionette	INFO	Starting browser /home/data/maaz/Ads/20v50/firefox-bin/firefox-bin with args []
2020-11-29 09:58:28,986 - Process-161[log-interceptor-1] - selenium_firefox     - DEBUG   : BROWSER 1: driver: 1606661908311	geckodriver::marionette	INFO	Connecting to Marionette on localhost:38225
2020-11-29 09:58:28,986 - Process-161[log-interceptor-1] - selenium_firefox     - DEBUG   : BROWSER 1: driver: 1606661908796	addons.manager	DEBUG	Application has been upgraded
2020-11-29 09:58:28,987 - Process-161[log-interceptor-1] - selenium_firefox     - DEBUG   : BROWSER 1: driver: 1606661908814	addons.manager	DEBUG	Loaded provider scope for resource://gre/modules/addons/XPIProvider.jsm: ["XPIProvider"]
2020-11-29 09:58:28,987 - Process-161[log-interceptor-1] - selenium_firefox     - DEBUG   : BROWSER 1: driver: 1606661908818	addons.manager	DEBUG	Loaded provider scope for resource://gre/modules/LightweightThemeManager.jsm: ["LightweightThemeManager"]
2020-11-29 09:58:28,987 - Process-161[log-interceptor-1] - selenium_firefox     - DEBUG   : BROWSER 1: driver: 1606661908820	addons.manager	DEBUG	Loaded provider scope for resource://gre/modules/addons/GMPProvider.jsm
2020-11-29 09:58:28,987 - Process-161[log-interceptor-1] - selenium_firefox     - DEBUG   : BROWSER 1: driver: 1606661908822	addons.manager	DEBUG	Loaded provider scope for resource://gre/modules/addons/PluginProvider.jsm
2020-11-29 09:58:28,987 - Process-161[log-interceptor-1] - selenium_firefox     - DEBUG   : BROWSER 1: driver: 1606661908824	addons.manager	DEBUG	Starting provider: XPIProvider
2020-11-29 09:58:28,987 - Process-161[log-interceptor-1] - selenium_firefox     - DEBUG   : BROWSER 1: driver: 1606661908824	addons.xpi	DEBUG	startup
2020-11-29 09:58:28,988 - Process-161[log-interceptor-1] - selenium_firefox     - DEBUG   : BROWSER 1: driver: 1606661908824	addons.xpi	INFO	Mapping @openwpm to /home/data/tmp/rust_mozprofile.kOZ7tPkTXg2j/extensions/@openwpm
2020-11-29 09:58:28,988 - Process-161[log-interceptor-1] - selenium_firefox     - DEBUG   : BROWSER 1: driver: 1606661908824	addons.xpi	INFO	SystemAddonInstallLocation directory is missing
2020-11-29 09:58:28,988 - Process-161[log-interceptor-1] - selenium_firefox     - DEBUG   : BROWSER 1: driver: 1606661908826	addons.xpi	INFO	Mapping e10srollout@mozilla.org to /home/data/maaz/Ads/20v50/firefox-bin/browser/features/e10srollout@mozilla.org.xpi
2020-11-29 09:58:28,988 - Process-161[log-interceptor-1] - selenium_firefox     - DEBUG   : BROWSER 1: driver: 1606661908826	addons.xpi	INFO	Mapping webcompat@mozilla.org to /home/data/maaz/Ads/20v50/firefox-bin/browser/features/webcompat@mozilla.org.xpi
2020-11-29 09:58:28,988 - Process-161[log-interceptor-1] - selenium_firefox     - DEBUG   : BROWSER 1: driver: 1606661908826	addons.xpi	INFO	Mapping firefox@getpocket.com to /home/data/maaz/Ads/20v50/firefox-bin/browser/features/firefox@getpocket.com.xpi
2020-11-29 09:58:28,988 - Process-161[log-interceptor-1] - selenium_firefox     - DEBUG   : BROWSER 1: driver: 1606661908826	addons.xpi	INFO	Mapping aushelper@mozilla.org to /home/data/maaz/Ads/20v50/firefox-bin/browser/features/aushelper@mozilla.org.xpi
2020-11-29 09:58:28,989 - Process-161[log-interceptor-1] - selenium_firefox     - DEBUG   : BROWSER 1: driver: 1606661908826	addons.xpi	INFO	Mapping {972ce4c6-7e08-4474-a285-3208198ce6fd} to /home/data/maaz/Ads/20v50/firefox-bin/browser/extensions/{972ce4c6-7e08-4474-a285-3208198ce6fd}.xpi
2020-11-29 09:58:28,989 - Process-161[log-interceptor-1] - selenium_firefox     - DEBUG   : BROWSER 1: driver: 1606661908828	addons.xpi	DEBUG	checkForChanges
2020-11-29 09:58:28,989 - Process-161[log-interceptor-1] - selenium_firefox     - DEBUG   : BROWSER 1: driver: 1606661908828	addons.xpi	INFO	SystemAddonInstallLocation directory is missing
2020-11-29 09:58:28,989 - Process-161[log-interceptor-1] - selenium_firefox     - DEBUG   : BROWSER 1: driver: 1606661908828	addons.xpi	DEBUG	Loaded add-on state from prefs: {}
2020-11-29 09:58:28,989 - Process-161[log-interceptor-1] - selenium_firefox     - DEBUG   : BROWSER 1: driver: 1606661908828	addons.xpi	DEBUG	New add-on @openwpm in app-profile
2020-11-29 09:58:28,989 - Process-161[log-interceptor-1] - selenium_firefox     - DEBUG   : BROWSER 1: driver: 1606661908830	addons.xpi	DEBUG	getModTime: Recursive scan of @openwpm
2020-11-29 09:58:28,989 - Process-161[log-interceptor-1] - selenium_firefox     - DEBUG   : BROWSER 1: driver: 1606661908830	addons.xpi	DEBUG	New add-on e10srollout@mozilla.org in app-system-defaults
2020-11-29 09:58:28,989 - Process-161[log-interceptor-1] - selenium_firefox     - DEBUG   : BROWSER 1: driver: 1606661908832	addons.xpi	DEBUG	getModTime: Recursive scan of e10srollout@mozilla.org
2020-11-29 09:58:28,989 - Process-161[log-interceptor-1] - selenium_firefox     - DEBUG   : BROWSER 1: driver: 1606661908832	addons.xpi	DEBUG	New add-on webcompat@mozilla.org in app-system-defaults
2020-11-29 09:58:28,990 - Process-161[log-interceptor-1] - selenium_firefox     - DEBUG   : BROWSER 1: driver: 1606661908832	addons.xpi	DEBUG	getModTime: Recursive scan of webcompat@mozilla.org
2020-11-29 09:58:28,990 - Process-161[log-interceptor-1] - selenium_firefox     - DEBUG   : BROWSER 1: driver: 1606661908832	addons.xpi	DEBUG	New add-on firefox@getpocket.com in app-system-defaults
2020-11-29 09:58:28,990 - Process-161[log-interceptor-1] - selenium_firefox     - DEBUG   : BROWSER 1: driver: 1606661908834	addons.xpi	DEBUG	getModTime: Recursive scan of firefox@getpocket.com
2020-11-29 09:58:28,990 - Process-161[log-interceptor-1] - selenium_firefox     - DEBUG   : BROWSER 1: driver: 1606661908834	addons.xpi	DEBUG	New add-on aushelper@mozilla.org in app-system-defaults
2020-11-29 09:58:28,990 - Process-161[log-interceptor-1] - selenium_firefox     - DEBUG   : BROWSER 1: driver: 1606661908834	addons.xpi	DEBUG	getModTime: Recursive scan of aushelper@mozilla.org
2020-11-29 09:58:28,990 - Process-161[log-interceptor-1] - selenium_firefox     - DEBUG   : BROWSER 1: driver: 1606661908834	addons.xpi	DEBUG	New add-on {972ce4c6-7e08-4474-a285-3208198ce6fd} in app-global
2020-11-29 09:58:28,990 - Process-161[log-interceptor-1] - selenium_firefox     - DEBUG   : BROWSER 1: driver: 1606661908834	addons.xpi	DEBUG	getModTime: Recursive scan of {972ce4c6-7e08-4474-a285-3208198ce6fd}
2020-11-29 09:58:28,990 - Process-161[log-interceptor-1] - selenium_firefox     - DEBUG   : BROWSER 1: driver: 1606661908834	addons.xpi	DEBUG	getInstallState changed: true, state: {"app-profile":{"@openwpm":{"d":"/home/data/tmp/rust_mozprofile.kOZ7tPkTXg2j/extensions/@openwpm","st":1606661908000,"mt":1606661908000}},"app-system-defaults":{"e10srollout@mozilla.org":{"d":"/home/data/maaz/Ads/20v50/firefox-bin/browser/features/e10srollout@mozilla.org.xpi","st":1606628784000},"webcompat@mozilla.org":{"d":"/home/data/maaz/Ads/20v50/firefox-bin/browser/features/webcompat@mozilla.org.xpi","st":1606628784000},"firefox@getpocket.com":{"d":"/home/data/maaz/Ads/20v50/firefox-bin/browser/features/firefox@getpocket.com.xpi","st":1606628784000},"aushelper@mozilla.org":{"d":"/home/data/maaz/Ads/20v50/firefox-bin/browser/features/aushelper@mozilla.org.xpi","st":1606628784000}},"app-global":{"{972ce4c6-7e08-4474-a285-3208198ce6fd}":{"d":"/home/data/maaz/Ads/20v50/firefox-bin/browser/extensions/{972ce4c6-7e08-4474-a285-3208198ce6fd}.xpi","st":1606628784000}}}
2020-11-29 09:58:28,990 - Process-161[log-interceptor-1] - selenium_firefox     - DEBUG   : BROWSER 1: driver: 1606661908842	addons.xpi-utils	DEBUG	Opening XPI database /home/data/tmp/rust_mozprofile.kOZ7tPkTXg2j/extensions.json
2020-11-29 09:58:28,991 - Process-161[log-interceptor-1] - selenium_firefox     - DEBUG   : BROWSER 1: driver: 1606661908844	addons.xpi-utils	DEBUG	New add-on @openwpm installed in app-profile
2020-11-29 09:58:28,991 - Process-161[log-interceptor-1] - selenium_firefox     - DEBUG   : BROWSER 1: driver: *** Blocklist::_loadBlocklistFromFile: blocklist is disabled
2020-11-29 09:58:28,991 - Process-161[log-interceptor-1] - selenium_firefox     - DEBUG   : BROWSER 1: driver: 1606661908860	DeferredSave.extensions.json	DEBUG	Save changes
2020-11-29 09:58:28,991 - Process-161[log-interceptor-1] - selenium_firefox     - DEBUG   : BROWSER 1: driver: 1606661908860	addons.xpi-utils	DEBUG	New add-on e10srollout@mozilla.org installed in app-system-defaults
2020-11-29 09:58:28,991 - Process-161[log-interceptor-1] - selenium_firefox     - DEBUG   : BROWSER 1: driver: 1606661908866	DeferredSave.extensions.json	DEBUG	Starting timer
2020-11-29 09:58:28,991 - Process-161[log-interceptor-1] - selenium_firefox     - DEBUG   : BROWSER 1: driver: 1606661908870	DeferredSave.extensions.json	DEBUG	Save changes
2020-11-29 09:58:28,991 - Process-161[log-interceptor-1] - selenium_firefox     - DEBUG   : BROWSER 1: driver: 1606661908870	addons.xpi-utils	DEBUG	New add-on webcompat@mozilla.org installed in app-system-defaults
2020-11-29 09:58:28,991 - Process-161[log-interceptor-1] - selenium_firefox     - DEBUG   : BROWSER 1: driver: 1606661908874	DeferredSave.extensions.json	DEBUG	Save changes
2020-11-29 09:58:28,992 - Process-161[log-interceptor-1] - selenium_firefox     - DEBUG   : BROWSER 1: driver: 1606661908876	addons.xpi-utils	DEBUG	New add-on firefox@getpocket.com installed in app-system-defaults
2020-11-29 09:58:28,992 - Process-161[log-interceptor-1] - selenium_firefox     - DEBUG   : BROWSER 1: driver: 1606661908882	DeferredSave.extensions.json	DEBUG	Save changes
2020-11-29 09:58:28,992 - Process-161[log-interceptor-1] - selenium_firefox     - DEBUG   : BROWSER 1: driver: 1606661908882	addons.xpi-utils	DEBUG	New add-on aushelper@mozilla.org installed in app-system-defaults
2020-11-29 09:58:28,992 - Process-161[log-interceptor-1] - selenium_firefox     - DEBUG   : BROWSER 1: driver: 1606661908886	DeferredSave.extensions.json	DEBUG	Save changes
2020-11-29 09:58:28,992 - Process-161[log-interceptor-1] - selenium_firefox     - DEBUG   : BROWSER 1: driver: 1606661908886	addons.xpi-utils	DEBUG	New add-on {972ce4c6-7e08-4474-a285-3208198ce6fd} installed in app-global
2020-11-29 09:58:28,992 - Process-161[log-interceptor-1] - selenium_firefox     - DEBUG   : BROWSER 1: driver: 1606661908892	DeferredSave.extensions.json	DEBUG	Save changes
2020-11-29 09:58:28,992 - Process-161[log-interceptor-1] - selenium_firefox     - DEBUG   : BROWSER 1: driver: 1606661908892	addons.manager	DEBUG	Registering startup change 'installed' for @openwpm
2020-11-29 09:58:28,992 - Process-161[log-interceptor-1] - selenium_firefox     - DEBUG   : BROWSER 1: driver: 1606661908892	addons.manager	DEBUG	Registering startup change 'installed' for @openwpm
2020-11-29 09:58:28,993 - Process-161[log-interceptor-1] - selenium_firefox     - DEBUG   : BROWSER 1: driver: 1606661908902	addons.xpi	DEBUG	Loading bootstrap scope from /home/data/tmp/rust_mozprofile.kOZ7tPkTXg2j/extensions/@openwpm
2020-11-29 09:58:28,993 - Process-161[log-interceptor-1] - selenium_firefox     - DEBUG   : BROWSER 1: driver: 1606661908962	addons.xpi	DEBUG	Calling bootstrap method install on @openwpm version 0.0.1
2020-11-29 09:58:28,993 - Process-161[log-interceptor-1] - selenium_firefox     - DEBUG   : BROWSER 1: driver: 1606661908962	addons.xpi-utils	DEBUG	Make addon app-profile:@openwpm visible
2020-11-29 09:58:28,993 - Process-161[log-interceptor-1] - selenium_firefox     - DEBUG   : BROWSER 1: driver: 1606661908968	addons.xpi	DEBUG	Add-on @openwpm blocks e10s rollout.
2020-11-29 09:58:28,993 - Process-161[log-interceptor-1] - selenium_firefox     - DEBUG   : BROWSER 1: driver: 1606661908968	DeferredSave.extensions.json	DEBUG	Save changes
2020-11-29 09:58:28,993 - Process-161[log-interceptor-1] - selenium_firefox     - DEBUG   : BROWSER 1: driver: 1606661908968	addons.manager	DEBUG	Registering startup change 'installed' for e10srollout@mozilla.org
2020-11-29 09:58:28,993 - Process-161[log-interceptor-1] - selenium_firefox     - DEBUG   : BROWSER 1: driver: 1606661908968	addons.xpi	DEBUG	Loading bootstrap scope from /home/data/maaz/Ads/20v50/firefox-bin/browser/features/e10srollout@mozilla.org.xpi
2020-11-29 09:58:28,993 - Process-161[log-interceptor-1] - selenium_firefox     - DEBUG   : BROWSER 1: driver: 1606661908970	addons.xpi	DEBUG	Calling bootstrap method install on e10srollout@mozilla.org version 1.10
2020-11-29 09:58:28,993 - Process-161[log-interceptor-1] - selenium_firefox     - DEBUG   : BROWSER 1: driver: 1606661908972	addons.xpi	DEBUG	Add-on @openwpm blocks e10s rollout.
2020-11-29 09:58:28,994 - Process-161[log-interceptor-1] - selenium_firefox     - DEBUG   : BROWSER 1: driver: 1606661908972	addons.xpi	DEBUG	Add-on @openwpm blocks e10s rollout.
2020-11-29 09:58:28,994 - Process-161[log-interceptor-1] - selenium_firefox     - DEBUG   : BROWSER 1: driver: 1606661908972	addons.xpi-utils	DEBUG	Make addon app-system-defaults:e10srollout@mozilla.org visible
2020-11-29 09:58:28,994 - Process-161[log-interceptor-1] - selenium_firefox     - DEBUG   : BROWSER 1: driver: 1606661908972	addons.xpi	DEBUG	Add-on @openwpm blocks e10s rollout.
2020-11-29 09:58:28,994 - Process-161[log-interceptor-1] - selenium_firefox     - DEBUG   : BROWSER 1: driver: 1606661908974	DeferredSave.extensions.json	DEBUG	Save changes
2020-11-29 09:58:28,994 - Process-161[log-interceptor-1] - selenium_firefox     - DEBUG   : BROWSER 1: driver: 1606661908974	addons.manager	DEBUG	Registering startup change 'installed' for webcompat@mozilla.org
2020-11-29 09:58:28,994 - Process-161[log-interceptor-1] - selenium_firefox     - DEBUG   : BROWSER 1: driver: 1606661908974	addons.xpi	DEBUG	Loading bootstrap scope from /home/data/maaz/Ads/20v50/firefox-bin/browser/features/webcompat@mozilla.org.xpi
2020-11-29 09:58:28,994 - Process-161[log-interceptor-1] - selenium_firefox     - DEBUG   : BROWSER 1: driver: 1606661908976	addons.xpi	DEBUG	Calling bootstrap method install on webcompat@mozilla.org version 1.0
2020-11-29 09:58:28,994 - Process-161[log-interceptor-1] - selenium_firefox     - DEBUG   : BROWSER 1: driver: 1606661908976	addons.xpi-utils	DEBUG	Make addon app-system-defaults:webcompat@mozilla.org visible
2020-11-29 09:58:28,994 - Process-161[log-interceptor-1] - selenium_firefox     - DEBUG   : BROWSER 1: driver: 1606661908976	addons.xpi	DEBUG	Add-on @openwpm blocks e10s rollout.
2020-11-29 09:58:28,994 - Process-161[log-interceptor-1] - selenium_firefox     - DEBUG   : BROWSER 1: driver: 1606661908976	DeferredSave.extensions.json	DEBUG	Save changes
2020-11-29 09:58:28,994 - Process-161[log-interceptor-1] - selenium_firefox     - DEBUG   : BROWSER 1: driver: 1606661908976	addons.manager	DEBUG	Registering startup change 'installed' for firefox@getpocket.com
2020-11-29 09:58:28,994 - Process-161[log-interceptor-1] - selenium_firefox     - DEBUG   : BROWSER 1: driver: 1606661908978	addons.xpi	DEBUG	Loading bootstrap scope from /home/data/maaz/Ads/20v50/firefox-bin/browser/features/firefox@getpocket.com.xpi
2020-11-29 09:58:28,994 - Process-161[log-interceptor-1] - selenium_firefox     - DEBUG   : BROWSER 1: driver: 1606661908980	addons.xpi	DEBUG	Calling bootstrap method install on firefox@getpocket.com version 1.0.5
2020-11-29 09:58:28,994 - Process-161[log-interceptor-1] - selenium_firefox     - DEBUG   : BROWSER 1: driver: 1606661908980	addons.xpi-utils	DEBUG	Make addon app-system-defaults:firefox@getpocket.com visible
2020-11-29 09:58:28,995 - Process-161[log-interceptor-1] - selenium_firefox     - DEBUG   : BROWSER 1: driver: 1606661908982	addons.xpi	DEBUG	Add-on @openwpm blocks e10s rollout.
2020-11-29 09:58:28,995 - Process-161[log-interceptor-1] - selenium_firefox     - DEBUG   : BROWSER 1: driver: 1606661908982	DeferredSave.extensions.json	DEBUG	Save changes
2020-11-29 09:58:28,995 - Process-161[log-interceptor-1] - selenium_firefox     - DEBUG   : BROWSER 1: driver: 1606661908982	addons.manager	DEBUG	Registering startup change 'installed' for aushelper@mozilla.org
2020-11-29 09:58:28,995 - Process-161[log-interceptor-1] - selenium_firefox     - DEBUG   : BROWSER 1: driver: 1606661908982	addons.xpi	DEBUG	Loading bootstrap scope from /home/data/maaz/Ads/20v50/firefox-bin/browser/features/aushelper@mozilla.org.xpi
2020-11-29 09:58:28,995 - Process-161[log-interceptor-1] - selenium_firefox     - DEBUG   : BROWSER 1: driver: 1606661908984	addons.xpi	DEBUG	Calling bootstrap method install on aushelper@mozilla.org version 2.0
2020-11-29 09:58:29,018 - Process-161[log-interceptor-1] - selenium_firefox     - DEBUG   : BROWSER 1: driver: 1606661908984	addons.xpi-utils	DEBUG	Make addon app-system-defaults:aushelper@mozilla.org visible
2020-11-29 09:58:29,019 - Process-161[log-interceptor-1] - selenium_firefox     - DEBUG   : BROWSER 1: driver: 1606661908986	addons.xpi	DEBUG	Add-on @openwpm blocks e10s rollout.
2020-11-29 09:58:29,019 - Process-161[log-interceptor-1] - selenium_firefox     - DEBUG   : BROWSER 1: driver: 1606661908986	DeferredSave.extensions.json	DEBUG	Save changes
2020-11-29 09:58:29,019 - Process-161[log-interceptor-1] - selenium_firefox     - DEBUG   : BROWSER 1: driver: 1606661908986	addons.xpi-utils	DEBUG	Make addon app-global:{972ce4c6-7e08-4474-a285-3208198ce6fd} visible
2020-11-29 09:58:29,019 - Process-161[log-interceptor-1] - selenium_firefox     - DEBUG   : BROWSER 1: driver: 1606661908986	addons.xpi	DEBUG	Add-on @openwpm blocks e10s rollout.
2020-11-29 09:58:29,019 - Process-161[log-interceptor-1] - selenium_firefox     - DEBUG   : BROWSER 1: driver: 1606661908986	DeferredSave.extensions.json	DEBUG	Save changes
2020-11-29 09:58:29,019 - Process-161[log-interceptor-1] - selenium_firefox     - DEBUG   : BROWSER 1: driver: 1606661908986	addons.xpi	DEBUG	Updating XPIState for {"id":"@openwpm","syncGUID":"{ba5d2fe8-1977-4723-bea7-45bb425e8daa}","location":"app-profile","version":"0.0.1","type":"extension","internalName":null,"updateURL":null,"updateKey":null,"optionsURL":null,"optionsType":null,"aboutURL":null,"icons":{},"iconURL":null,"icon64URL":null,"defaultLocale":{"name":"openwpm","description":"Extension with socket interface into OpenWPM","creator":"Steven Englehardt","homepageURL":null},"visible":true,"active":true,"userDisabled":false,"appDisabled":false,"descriptor":"/home/data/tmp/rust_mozprofile.kOZ7tPkTXg2j/extensions/@openwpm","installDate":1606661908000,"updateDate":1606661908000,"applyBackgroundUpdates":1,"bootstrap":true,"skinnable":false,"size":84784,"sourceURI":null,"releaseNotesURI":null,"softDisabled":false,"foreignInstall":true,"hasBinaryComponents":false,"strictCompatibility":false,"locales":[],"targetApplications":[{"id":"{ec8030f7-c20a-464f-9b0e-13a3a9e97384}","minVersion":"38.0a1","maxVersion":"*"}],"targetPlatforms":[],"multiprocessCompatible":false,"signedState":0,"seen":true,"dependencies":[],"hasEmbeddedWebExtension":false,"mpcOptedOut":false}
2020-11-29 09:58:29,019 - Process-161[log-interceptor-1] - selenium_firefox     - DEBUG   : BROWSER 1: driver: 1606661908986	addons.xpi	DEBUG	getModTime: Recursive scan of @openwpm
2020-11-29 09:58:29,019 - Process-161[log-interceptor-1] - selenium_firefox     - DEBUG   : BROWSER 1: driver: 1606661908988	addons.xpi	DEBUG	Updating XPIState for {"id":"e10srollout@mozilla.org","syncGUID":"{d343026a-655f-41fd-a952-29f3a18c7c43}","location":"app-system-defaults","version":"1.10","type":"extension","internalName":null,"updateURL":null,"updateKey":null,"optionsURL":null,"optionsType":null,"aboutURL":null,"icons":{},"iconURL":null,"icon64URL":null,"defaultLocale":{"name":"Multi-process staged rollout","description":"Staged rollout of Firefox multi-process feature.","creator":null,"homepageURL":null},"visible":true,"active":true,"userDisabled":false,"appDisabled":false,"descriptor":"/home/data/maaz/Ads/20v50/firefox-bin/browser/features/e10srollout@mozilla.org.xpi","installDate":1606628784000,"updateDate":1606628784000,"applyBackgroundUpdates":1,"bootstrap":true,"skinnable":false,"size":8145,"sourceURI":null,"releaseNotesURI":null,"softDisabled":false,"foreignInstall":false,"hasBinaryComponents":false,"strictCompatibility":false,"locales":[],"targetApplications":[{"id":"{ec8030f7-c20a-464f-9b0e-13a3a9e97384}","minVersion":"52.9.0","maxVersion":"52.*"}],"targetPlatforms":[],"multiprocessCompatible":true,"seen":true,"dependencies":[],"hasEmbeddedWebExtension":false,"mpcOptedOut":false}
2020-11-29 09:58:29,020 - Process-161[log-interceptor-1] - selenium_firefox     - DEBUG   : BROWSER 1: driver: 1606661908988	addons.xpi	DEBUG	getModTime: Recursive scan of e10srollout@mozilla.org
2020-11-29 09:58:29,020 - Process-161[log-interceptor-1] - selenium_firefox     - DEBUG   : BROWSER 1: driver: 1606661908988	addons.xpi	DEBUG	Updating XPIState for {"id":"webcompat@mozilla.org","syncGUID":"{c60813c1-cede-46f5-8e9a-487cdfa33f32}","location":"app-system-defaults","version":"1.0","type":"extension","internalName":null,"updateURL":null,"updateKey":null,"optionsURL":null,"optionsType":null,"aboutURL":null,"icons":{},"iconURL":null,"icon64URL":null,"defaultLocale":{"name":"Web Compat","description":"Urgent post-release fixes for web compatibility.","creator":null,"homepageURL":null},"visible":true,"active":true,"userDisabled":false,"appDisabled":false,"descriptor":"/home/data/maaz/Ads/20v50/firefox-bin/browser/features/webcompat@mozilla.org.xpi","installDate":1606628784000,"updateDate":1606628784000,"applyBackgroundUpdates":1,"bootstrap":true,"skinnable":false,"size":1456,"sourceURI":null,"releaseNotesURI":null,"softDisabled":false,"foreignInstall":false,"hasBinaryComponents":false,"strictCompatibility":false,"locales":[],"targetApplications":[{"id":"{ec8030f7-c20a-464f-9b0e-13a3a9e97384}","minVersion":"52.9.0","maxVersion":"52.*"}],"targetPlatforms":[],"multiprocessCompatible":true,"seen":true,"dependencies":[],"hasEmbeddedWebExtension":false,"mpcOptedOut":false}
2020-11-29 09:58:29,020 - Process-161[log-interceptor-1] - selenium_firefox     - DEBUG   : BROWSER 1: driver: 1606661908988	addons.xpi	DEBUG	getModTime: Recursive scan of webcompat@mozilla.org
2020-11-29 09:58:29,020 - Process-161[log-interceptor-1] - selenium_firefox     - DEBUG   : BROWSER 1: driver: 1606661908988	addons.xpi	DEBUG	Updating XPIState for {"id":"firefox@getpocket.com","syncGUID":"{6b8037ae-2ad0-48c3-baa3-33c4f3621731}","location":"app-system-defaults","version":"1.0.5","type":"extension","internalName":null,"updateURL":null,"updateKey":null,"optionsURL":null,"optionsType":null,"aboutURL":null,"icons":{},"iconURL":null,"icon64URL":null,"defaultLocale":{"name":"Pocket","description":"When you find something you want to view later, put it in Pocket.","creator":null,"homepageURL":null},"visible":true,"active":true,"userDisabled":false,"appDisabled":false,"descriptor":"/home/data/maaz/Ads/20v50/firefox-bin/browser/features/firefox@getpocket.com.xpi","installDate":1606628784000,"updateDate":1606628784000,"applyBackgroundUpdates":1,"bootstrap":true,"skinnable":false,"size":920281,"sourceURI":null,"releaseNotesURI":null,"softDisabled":false,"foreignInstall":false,"hasBinaryComponents":false,"strictCompatibility":false,"locales":[],"targetApplications":[{"id":"{ec8030f7-c20a-464f-9b0e-13a3a9e97384}","minVersion":"52.9.0","maxVersion":"52.*"}],"targetPlatforms":[],"multiprocessCompatible":true,"seen":true,"dependencies":[],"hasEmbeddedWebExtension":false,"mpcOptedOut":false}
2020-11-29 09:58:29,020 - Process-161[log-interceptor-1] - selenium_firefox     - DEBUG   : BROWSER 1: driver: 1606661908988	addons.xpi	DEBUG	getModTime: Recursive scan of firefox@getpocket.com
2020-11-29 09:58:29,020 - Process-161[log-interceptor-1] - selenium_firefox     - DEBUG   : BROWSER 1: driver: 1606661908990	addons.xpi	DEBUG	Updating XPIState for {"id":"aushelper@mozilla.org","syncGUID":"{97de6d4f-bc75-42e5-b446-94121659d84b}","location":"app-system-defaults","version":"2.0","type":"extension","internalName":null,"updateURL":null,"updateKey":null,"optionsURL":null,"optionsType":null,"aboutURL":null,"icons":{},"iconURL":null,"icon64URL":null,"defaultLocale":{"name":"Application Update Service Helper","description":"Sets value(s) in the update url based on custom checks.","creator":null,"homepageURL":null},"visible":true,"active":true,"userDisabled":false,"appDisabled":false,"descriptor":"/home/data/maaz/Ads/20v50/firefox-bin/browser/features/aushelper@mozilla.org.xpi","installDate":1606628784000,"updateDate":1606628784000,"applyBackgroundUpdates":1,"bootstrap":true,"skinnable":false,"size":8488,"sourceURI":null,"releaseNotesURI":null,"softDisabled":false,"foreignInstall":false,"hasBinaryComponents":false,"strictCompatibility":false,"locales":[],"targetApplications":[{"id":"{ec8030f7-c20a-464f-9b0e-13a3a9e97384}","minVersion":"52.9.0","maxVersion":"52.*"}],"targetPlatforms":[],"multiprocessCompatible":true,"seen":true,"dependencies":[],"hasEmbeddedWebExtension":false,"mpcOptedOut":false}
2020-11-29 09:58:29,021 - Process-161[log-interceptor-1] - selenium_firefox     - DEBUG   : BROWSER 1: driver: 1606661908990	addons.xpi	DEBUG	getModTime: Recursive scan of aushelper@mozilla.org
2020-11-29 09:58:29,021 - Process-161[log-interceptor-1] - selenium_firefox     - DEBUG   : BROWSER 1: driver: 1606661908990	addons.xpi	DEBUG	Updating XPIState for {"id":"{972ce4c6-7e08-4474-a285-3208198ce6fd}","syncGUID":"{fe9f2997-3588-4105-a4bb-20dea5cef048}","location":"app-global","version":"52.9.0","type":"theme","internalName":"classic/1.0","updateURL":null,"updateKey":null,"optionsURL":null,"optionsType":null,"aboutURL":null,"icons":{"32":"icon.png","48":"icon.png"},"iconURL":null,"icon64URL":null,"defaultLocale":{"name":"Default","description":"The default theme.","creator":"Mozilla","homepageURL":null,"contributors":["Mozilla Contributors"]},"visible":true,"active":true,"userDisabled":false,"appDisabled":false,"descriptor":"/home/data/maaz/Ads/20v50/firefox-bin/browser/extensions/{972ce4c6-7e08-4474-a285-3208198ce6fd}.xpi","installDate":1606628784000,"updateDate":1606628784000,"applyBackgroundUpdates":1,"skinnable":true,"size":4932,"sourceURI":null,"releaseNotesURI":null,"softDisabled":false,"foreignInstall":false,"hasBinaryComponents":false,"strictCompatibility":true,"locales":[],"targetApplications":[{"id":"{ec8030f7-c20a-464f-9b0e-13a3a9e97384}","minVersion":"52.9.0","maxVersion":"52.9.0"}],"targetPlatforms":[],"seen":true,"dependencies":[],"hasEmbeddedWebExtension":false}
2020-11-29 09:58:29,021 - Process-161[log-interceptor-1] - selenium_firefox     - DEBUG   : BROWSER 1: driver: 1606661908990	addons.xpi	DEBUG	getModTime: Recursive scan of {972ce4c6-7e08-4474-a285-3208198ce6fd}
2020-11-29 09:58:29,021 - Process-161[log-interceptor-1] - selenium_firefox     - DEBUG   : BROWSER 1: driver: 1606661908990	addons.xpi	DEBUG	Add-on @openwpm blocks e10s rollout.
2020-11-29 09:58:29,021 - Process-161[log-interceptor-1] - selenium_firefox     - DEBUG   : BROWSER 1: driver: 1606661908990	DeferredSave.extensions.json	DEBUG	Save changes
2020-11-29 09:58:29,021 - Process-161[log-interceptor-1] - selenium_firefox     - DEBUG   : BROWSER 1: driver: 1606661908990	addons.xpi	DEBUG	Updating database with changes to installed add-ons
2020-11-29 09:58:29,021 - Process-161[log-interceptor-1] - selenium_firefox     - DEBUG   : BROWSER 1: driver: 1606661908990	addons.xpi-utils	DEBUG	Updating add-on states
2020-11-29 09:58:29,022 - Process-161[log-interceptor-1] - selenium_firefox     - DEBUG   : BROWSER 1: driver: 1606661908992	addons.xpi-utils	DEBUG	Writing add-ons list
2020-11-29 09:58:29,022 - Process-161[log-interceptor-1] - selenium_firefox     - DEBUG   : BROWSER 1: driver: 1606661908994	addons.xpi	DEBUG	Registering manifest for /home/data/tmp/rust_mozprofile.kOZ7tPkTXg2j/extensions/@openwpm
2020-11-29 09:58:29,022 - Process-161[log-interceptor-1] - selenium_firefox     - DEBUG   : BROWSER 1: driver: 1606661908994	addons.xpi	DEBUG	Calling bootstrap method startup on @openwpm version 0.0.1
2020-11-29 09:58:29,022 - Process-161[log-interceptor-1] - selenium_firefox     - DEBUG   : BROWSER 1: driver: 1606661909000	addons.xpi	DEBUG	Registering manifest for /home/data/maaz/Ads/20v50/firefox-bin/browser/features/aushelper@mozilla.org.xpi
2020-11-29 09:58:29,022 - Process-161[log-interceptor-1] - selenium_firefox     - DEBUG   : BROWSER 1: driver: 1606661909000	addons.xpi	DEBUG	Calling bootstrap method startup on aushelper@mozilla.org version 2.0
2020-11-29 09:58:29,022 - Process-161[log-interceptor-1] - selenium_firefox     - DEBUG   : BROWSER 1: driver: 1606661909002	addons.xpi	DEBUG	Registering manifest for /home/data/maaz/Ads/20v50/firefox-bin/browser/features/e10srollout@mozilla.org.xpi
2020-11-29 09:58:29,022 - Process-161[log-interceptor-1] - selenium_firefox     - DEBUG   : BROWSER 1: driver: 1606661909002	addons.xpi	DEBUG	Calling bootstrap method startup on e10srollout@mozilla.org version 1.10
2020-11-29 09:58:29,022 - Process-161[log-interceptor-1] - selenium_firefox     - DEBUG   : BROWSER 1: driver: 1606661909002	addons.xpi	DEBUG	Registering manifest for /home/data/maaz/Ads/20v50/firefox-bin/browser/features/firefox@getpocket.com.xpi
2020-11-29 09:58:29,023 - Process-161[log-interceptor-1] - selenium_firefox     - DEBUG   : BROWSER 1: driver: 1606661909002	addons.xpi	DEBUG	Calling bootstrap method startup on firefox@getpocket.com version 1.0.5
2020-11-29 09:58:29,023 - Process-161[log-interceptor-1] - selenium_firefox     - DEBUG   : BROWSER 1: driver: 1606661909004	addons.xpi	DEBUG	Registering manifest for /home/data/maaz/Ads/20v50/firefox-bin/browser/features/webcompat@mozilla.org.xpi
2020-11-29 09:58:29,023 - Process-161[log-interceptor-1] - selenium_firefox     - DEBUG   : BROWSER 1: driver: 1606661909006	addons.xpi	DEBUG	Calling bootstrap method startup on webcompat@mozilla.org version 1.0
2020-11-29 09:58:29,023 - Process-161[log-interceptor-1] - selenium_firefox     - DEBUG   : BROWSER 1: driver: 1606661909008	addons.manager	DEBUG	Registering shutdown blocker for XPIProvider
2020-11-29 09:58:29,023 - Process-161[log-interceptor-1] - selenium_firefox     - DEBUG   : BROWSER 1: driver: 1606661909008	addons.manager	DEBUG	Provider finished startup: XPIProvider
2020-11-29 09:58:29,023 - Process-161[log-interceptor-1] - selenium_firefox     - DEBUG   : BROWSER 1: driver: 1606661909008	addons.manager	DEBUG	Starting provider: LightweightThemeManager
2020-11-29 09:58:29,023 - Process-161[log-interceptor-1] - selenium_firefox     - DEBUG   : BROWSER 1: driver: 1606661909008	addons.manager	DEBUG	Registering shutdown blocker for LightweightThemeManager
2020-11-29 09:58:29,024 - Process-161[log-interceptor-1] - selenium_firefox     - DEBUG   : BROWSER 1: driver: 1606661909010	addons.manager	DEBUG	Provider finished startup: LightweightThemeManager
2020-11-29 09:58:29,024 - Process-161[log-interceptor-1] - selenium_firefox     - DEBUG   : BROWSER 1: driver: 1606661909010	addons.manager	DEBUG	Starting provider: GMPProvider
2020-11-29 09:58:29,024 - Process-161[log-interceptor-1] - selenium_firefox     - DEBUG   : BROWSER 1: driver: 1606661909018	addons.manager	DEBUG	Registering shutdown blocker for GMPProvider
2020-11-29 09:58:29,024 - Process-161[log-interceptor-1] - selenium_firefox     - DEBUG   : BROWSER 1: driver: 1606661909018	addons.manager	DEBUG	Provider finished startup: GMPProvider
2020-11-29 09:58:31,694 - Process-161[MainThread] - BaseAggregator       - DEBUG   : Status update; current record queue size: 0
2020-11-29 09:58:34,947 - Process-161[MainThread] - FirefoxExtension     - DEBUG   : Cookie instrumentation enabled
2020-11-29 09:58:34,948 - Process-161[MainThread] - FirefoxExtension     - DEBUG   : HTTP Instrumentation enabled
2020-11-29 09:58:35,075 - Process-161[MainThread] - BrowserManager       - DEBUG   : BROWSER 1: Looking for extension port information in /tmp/rust_mozprofile.kOZ7tPkTXg2j/
2020-11-29 09:58:35,075 - Process-161[MainThread] - BrowserManager       - DEBUG   : BROWSER 1: Connecting to extension on port 43469
2020-11-29 09:58:35,075 - Process-161[MainThread] - BrowserManager       - DEBUG   : BROWSER 1: BrowserManager ready.
2020-11-29 09:58:35,076 - Process-161[MainThread] - BrowserManager       - DEBUG   : BROWSER 1: Browser spawn sucessful!
2020-11-29 09:58:35,659 - Process-161[MainThread] - TaskManager          - INFO    : 

OpenWPM Version: 44dd020
Firefox Version: 52.9.0

========== Manager Configuration ==========
{
  "aggregator_address": [
    "127.0.0.1",
    60345
  ],
  "data_directory": "/home/data/maaz/Ads/20v50/data/20_50/control_5_5",
  "database_name": "/home/data/maaz/Ads/20v50/data/20_50/control_5_5/3_crawl-data.sqlite",
  "failure_limit": null,
  "log_directory": "/home/data/maaz/Ads/20v50/data/20_50/control_5_5",
  "log_file": "/home/data/maaz/Ads/20v50/data/20_50/control_5_5/openwpm.log",
  "logger_address": [
    "127.0.0.1",
    39373
  ],
  "num_browsers": 1,
  "output_format": "local",
  "screenshot_path": "/home/data/maaz/Ads/20v50/data/20_50/control_5_5/screenshots",
  "source_dump_path": "/home/data/maaz/Ads/20v50/data/20_50/control_5_5/sources",
  "testing": false
}

========== Browser Configuration ==========
Keys:
{
  "crawl_id": 0,
  "Ad_Sites": 1,
  "Browser_Config": 2,
  "Browser_Config_Def": 3,
  "Intent": 4,
  "Intent_Sites": 5,
  "Manager_Config": 6,
  "Manager_Config_Def": 7,
  "Number_of_Browsers": 8,
  "Persona_Name": 9,
  "Persona_Numb": 10,
  "Persona_Path": 11,
  "Sites": 12,
  "Storage_File": 13,
  "adblock-plus": 14,
  "bot_mitigation": 15,
  "browser": 16,
  "cookie_instrument": 17,
  "disable_flash": 18,
  "disconnect": 19,
  "donottrack": 20,
  "extension_enabled": 21,
  "ghostery": 22,
  "headless": 23,
  "http_instrument": 24,
  "https-everywhere": 25,
  "js_instrument": 26,
  "prefs": 27,
  "random_attributes": 28,
  "save_all_content": 29,
  "save_javascript": 30,
  "storage_file": 31,
  "tp_cookies": 32,
  "tracking-protection": 33,
  "ublock-origin": 34
}

  0  1                                 2                                                     3                            4         5    6                                                     7                              8  9               10  11             12    13          14     15    16       17    18     19     20     21    22     23    24    25     26     27    28     29     30     31          32      33     34
---  --------------------------------  ----------------------------------------------------  ---------------------------  --------  ---  ----------------------------------------------------  ---------------------------  ---  ------------  ----  -------------  ----  ----------  -----  ----  -------  ----  -----  -----  -----  ----  -----  ----  ----  -----  -----  ----  -----  -----  -----  ----------  ------  -----  -----
  1  [u'https://www.accuweather.com']  config/20_50/Control/5_Control_browser_params_5.json  default_browser_params.json  NoIntent  []   config/20_50/Control/5_Control_manager_params_5.json  default_manager_params.json    1  Control.json     5  data/personas  []    storage.js  False  True  firefox  True  False  False  False  True  False  True  True  False  False  {}    False  False  False  storage.js  always  False  False

========== Input profile tar files ==========
{
  "1": "data/20_50/control_5_5"
}

========== Output (archive) profile dirs ==========
{
  "1": "data/20_50/control_5_5"
}


2020-11-29 09:58:36,700 - Process-161[MainThread] - BaseAggregator       - DEBUG   : Status update; current record queue size: 0
2020-11-29 09:58:41,706 - Process-161[MainThread] - BaseAggregator       - DEBUG   : Status update; current record queue size: 0
2020-11-29 09:58:46,713 - Process-161[MainThread] - BaseAggregator       - DEBUG   : Status update; current record queue size: 0
2020-11-29 09:58:48,152 - Process-161[MainThread] - BrowserManager       - DEBUG   : BROWSER 1: Killing browser manager...
2020-11-29 09:58:48,152 - Process-161[MainThread] - BrowserManager       - DEBUG   : BROWSER 1: Attempting to kill BrowserManager with pid 48032. Display PID: 48103 | Display Port: 0 | Browser PID: 48342
2020-11-29 09:58:48,153 - Process-161[MainThread] - BrowserManager       - DEBUG   : BROWSER 1: Screen lockfile (/tmp/.X0-lock) already removed
2020-11-29 09:58:48,226 - Process-161[MainThread] - BrowserManager       - DEBUG   : BROWSER 1: Geckodriver process already killed.
2020-11-29 09:58:48,227 - Process-161[MainThread] - BrowserManager       - DEBUG   : BROWSER 1: during_init=False | profile_archive_dir=data/20_50/control_5_5
2020-11-29 09:58:48,227 - Process-161[MainThread] - BrowserManager       - DEBUG   : BROWSER 1: Archiving browser profile directory to data/20_50/control_5_5
2020-11-29 09:58:48,228 - Process-161[MainThread] - profile_commands     - DEBUG   : BROWSER 1: Backing up full profile from /tmp/rust_mozprofile.kOZ7tPkTXg2j/ to data/20_50/control_5_5/profile.tar.gz
2020-11-29 09:58:48,383 - Process-161[MainThread] - profile_commands     - WARNING : BROWSER 1: /tmp/rust_mozprofile.kOZ7tPkTXg2j/webapps NOT FOUND IN profile folder, skipping.
2020-11-29 09:58:48,387 - Process-161[MainThread] - profile_commands     - DEBUG   : BROWSER 1: SAVING /home/maaz/.macromedia/Flash_Player/#SharedObjects during flash file archive
2020-11-29 09:58:48,389 - Process-161[MainThread] - profile_commands     - DEBUG   : BROWSER 1: SAVING /home/maaz/.macromedia/Flash_Player/macromedia.com/support/flashplayer/sys during flash file archive
2020-11-29 09:58:48,395 - Process-161[MainThread] - BaseAggregator       - DEBUG   : Sending the shutdown signal to the LocalAggregator listener process...
2020-11-29 09:58:48,716 - Process-161[MainThread] - BaseAggregator       - INFO    : Received shutdown signal!
2020-11-29 09:58:51,768 - Process-161[MainThread] - BaseAggregator       - DEBUG   : LocalAggregator took 3.37285995483 seconds to close.
