2020-11-29 09:47:57,362 - Process-120[MainThread] - BrowserManager       - DEBUG   : BROWSER 1: Spawn attempt 0 
2020-11-29 09:47:57,649 - Process-120[MainThread] - deploy_firefox       - DEBUG   : BROWSER 1: OpenWPM Firefox extension loaded
2020-11-29 09:48:00,102 - Process-120[log-interceptor-1] - selenium_firefox     - DEBUG   : BROWSER 1: driver: 1606661277705	geckodriver	INFO	Listening on 127.0.0.1:58559
2020-11-29 09:48:00,103 - Process-120[log-interceptor-1] - selenium_firefox     - DEBUG   : BROWSER 1: driver: 1606661278767	mozprofile::profile	INFO	Using profile path /tmp/rust_mozprofile.eggyYthep1Nz
2020-11-29 09:48:00,103 - Process-120[log-interceptor-1] - selenium_firefox     - DEBUG   : BROWSER 1: driver: 1606661278985	geckodriver::marionette	INFO	Starting browser /home/data/maaz/Ads/20v50/firefox-bin/firefox-bin with args []
2020-11-29 09:48:00,103 - Process-120[log-interceptor-1] - selenium_firefox     - DEBUG   : BROWSER 1: driver: 1606661279011	geckodriver::marionette	INFO	Connecting to Marionette on localhost:43401
2020-11-29 09:48:00,103 - Process-120[log-interceptor-1] - selenium_firefox     - DEBUG   : BROWSER 1: driver: 1606661279904	addons.manager	DEBUG	Application has been upgraded
2020-11-29 09:48:00,103 - Process-120[log-interceptor-1] - selenium_firefox     - DEBUG   : BROWSER 1: driver: 1606661279930	addons.manager	DEBUG	Loaded provider scope for resource://gre/modules/addons/XPIProvider.jsm: ["XPIProvider"]
2020-11-29 09:48:00,103 - Process-120[log-interceptor-1] - selenium_firefox     - DEBUG   : BROWSER 1: driver: 1606661279932	addons.manager	DEBUG	Loaded provider scope for resource://gre/modules/LightweightThemeManager.jsm: ["LightweightThemeManager"]
2020-11-29 09:48:00,103 - Process-120[log-interceptor-1] - selenium_firefox     - DEBUG   : BROWSER 1: driver: 1606661279934	addons.manager	DEBUG	Loaded provider scope for resource://gre/modules/addons/GMPProvider.jsm
2020-11-29 09:48:00,103 - Process-120[log-interceptor-1] - selenium_firefox     - DEBUG   : BROWSER 1: driver: 1606661279936	addons.manager	DEBUG	Loaded provider scope for resource://gre/modules/addons/PluginProvider.jsm
2020-11-29 09:48:00,103 - Process-120[log-interceptor-1] - selenium_firefox     - DEBUG   : BROWSER 1: driver: 1606661279938	addons.manager	DEBUG	Starting provider: XPIProvider
2020-11-29 09:48:00,104 - Process-120[log-interceptor-1] - selenium_firefox     - DEBUG   : BROWSER 1: driver: 1606661279938	addons.xpi	DEBUG	startup
2020-11-29 09:48:00,104 - Process-120[log-interceptor-1] - selenium_firefox     - DEBUG   : BROWSER 1: driver: 1606661279940	addons.xpi	INFO	Mapping @openwpm to /home/data/tmp/rust_mozprofile.eggyYthep1Nz/extensions/@openwpm
2020-11-29 09:48:00,104 - Process-120[log-interceptor-1] - selenium_firefox     - DEBUG   : BROWSER 1: driver: 1606661279940	addons.xpi	INFO	SystemAddonInstallLocation directory is missing
2020-11-29 09:48:00,104 - Process-120[log-interceptor-1] - selenium_firefox     - DEBUG   : BROWSER 1: driver: 1606661279940	addons.xpi	INFO	Mapping e10srollout@mozilla.org to /home/data/maaz/Ads/20v50/firefox-bin/browser/features/e10srollout@mozilla.org.xpi
2020-11-29 09:48:00,104 - Process-120[log-interceptor-1] - selenium_firefox     - DEBUG   : BROWSER 1: driver: 1606661279940	addons.xpi	INFO	Mapping webcompat@mozilla.org to /home/data/maaz/Ads/20v50/firefox-bin/browser/features/webcompat@mozilla.org.xpi
2020-11-29 09:48:00,104 - Process-120[log-interceptor-1] - selenium_firefox     - DEBUG   : BROWSER 1: driver: 1606661279940	addons.xpi	INFO	Mapping firefox@getpocket.com to /home/data/maaz/Ads/20v50/firefox-bin/browser/features/firefox@getpocket.com.xpi
2020-11-29 09:48:00,104 - Process-120[log-interceptor-1] - selenium_firefox     - DEBUG   : BROWSER 1: driver: 1606661279940	addons.xpi	INFO	Mapping aushelper@mozilla.org to /home/data/maaz/Ads/20v50/firefox-bin/browser/features/aushelper@mozilla.org.xpi
2020-11-29 09:48:00,104 - Process-120[log-interceptor-1] - selenium_firefox     - DEBUG   : BROWSER 1: driver: 1606661279942	addons.xpi	INFO	Mapping {972ce4c6-7e08-4474-a285-3208198ce6fd} to /home/data/maaz/Ads/20v50/firefox-bin/browser/extensions/{972ce4c6-7e08-4474-a285-3208198ce6fd}.xpi
2020-11-29 09:48:00,105 - Process-120[log-interceptor-1] - selenium_firefox     - DEBUG   : BROWSER 1: driver: 1606661279942	addons.xpi	DEBUG	checkForChanges
2020-11-29 09:48:00,105 - Process-120[log-interceptor-1] - selenium_firefox     - DEBUG   : BROWSER 1: driver: 1606661279942	addons.xpi	INFO	SystemAddonInstallLocation directory is missing
2020-11-29 09:48:00,105 - Process-120[log-interceptor-1] - selenium_firefox     - DEBUG   : BROWSER 1: driver: 1606661279942	addons.xpi	DEBUG	Loaded add-on state from prefs: {}
2020-11-29 09:48:00,105 - Process-120[log-interceptor-1] - selenium_firefox     - DEBUG   : BROWSER 1: driver: 1606661279942	addons.xpi	DEBUG	New add-on @openwpm in app-profile
2020-11-29 09:48:00,105 - Process-120[log-interceptor-1] - selenium_firefox     - DEBUG   : BROWSER 1: driver: 1606661279944	addons.xpi	DEBUG	getModTime: Recursive scan of @openwpm
2020-11-29 09:48:00,105 - Process-120[log-interceptor-1] - selenium_firefox     - DEBUG   : BROWSER 1: driver: 1606661279946	addons.xpi	DEBUG	New add-on e10srollout@mozilla.org in app-system-defaults
2020-11-29 09:48:00,105 - Process-120[log-interceptor-1] - selenium_firefox     - DEBUG   : BROWSER 1: driver: 1606661279946	addons.xpi	DEBUG	getModTime: Recursive scan of e10srollout@mozilla.org
2020-11-29 09:48:00,105 - Process-120[log-interceptor-1] - selenium_firefox     - DEBUG   : BROWSER 1: driver: 1606661279946	addons.xpi	DEBUG	New add-on webcompat@mozilla.org in app-system-defaults
2020-11-29 09:48:00,105 - Process-120[log-interceptor-1] - selenium_firefox     - DEBUG   : BROWSER 1: driver: 1606661279946	addons.xpi	DEBUG	getModTime: Recursive scan of webcompat@mozilla.org
2020-11-29 09:48:00,105 - Process-120[log-interceptor-1] - selenium_firefox     - DEBUG   : BROWSER 1: driver: 1606661279946	addons.xpi	DEBUG	New add-on firefox@getpocket.com in app-system-defaults
2020-11-29 09:48:00,105 - Process-120[log-interceptor-1] - selenium_firefox     - DEBUG   : BROWSER 1: driver: 1606661279948	addons.xpi	DEBUG	getModTime: Recursive scan of firefox@getpocket.com
2020-11-29 09:48:00,105 - Process-120[log-interceptor-1] - selenium_firefox     - DEBUG   : BROWSER 1: driver: 1606661279948	addons.xpi	DEBUG	New add-on aushelper@mozilla.org in app-system-defaults
2020-11-29 09:48:00,106 - Process-120[log-interceptor-1] - selenium_firefox     - DEBUG   : BROWSER 1: driver: 1606661279948	addons.xpi	DEBUG	getModTime: Recursive scan of aushelper@mozilla.org
2020-11-29 09:48:00,106 - Process-120[log-interceptor-1] - selenium_firefox     - DEBUG   : BROWSER 1: driver: 1606661279948	addons.xpi	DEBUG	New add-on {972ce4c6-7e08-4474-a285-3208198ce6fd} in app-global
2020-11-29 09:48:00,106 - Process-120[log-interceptor-1] - selenium_firefox     - DEBUG   : BROWSER 1: driver: 1606661279948	addons.xpi	DEBUG	getModTime: Recursive scan of {972ce4c6-7e08-4474-a285-3208198ce6fd}
2020-11-29 09:48:00,106 - Process-120[log-interceptor-1] - selenium_firefox     - DEBUG   : BROWSER 1: driver: 1606661279948	addons.xpi	DEBUG	getInstallState changed: true, state: {"app-profile":{"@openwpm":{"d":"/home/data/tmp/rust_mozprofile.eggyYthep1Nz/extensions/@openwpm","st":1606661278000,"mt":1606661278000}},"app-system-defaults":{"e10srollout@mozilla.org":{"d":"/home/data/maaz/Ads/20v50/firefox-bin/browser/features/e10srollout@mozilla.org.xpi","st":1606628784000},"webcompat@mozilla.org":{"d":"/home/data/maaz/Ads/20v50/firefox-bin/browser/features/webcompat@mozilla.org.xpi","st":1606628784000},"firefox@getpocket.com":{"d":"/home/data/maaz/Ads/20v50/firefox-bin/browser/features/firefox@getpocket.com.xpi","st":1606628784000},"aushelper@mozilla.org":{"d":"/home/data/maaz/Ads/20v50/firefox-bin/browser/features/aushelper@mozilla.org.xpi","st":1606628784000}},"app-global":{"{972ce4c6-7e08-4474-a285-3208198ce6fd}":{"d":"/home/data/maaz/Ads/20v50/firefox-bin/browser/extensions/{972ce4c6-7e08-4474-a285-3208198ce6fd}.xpi","st":1606628784000}}}
2020-11-29 09:48:00,106 - Process-120[log-interceptor-1] - selenium_firefox     - DEBUG   : BROWSER 1: driver: 1606661279956	addons.xpi-utils	DEBUG	Opening XPI database /home/data/tmp/rust_mozprofile.eggyYthep1Nz/extensions.json
2020-11-29 09:48:00,106 - Process-120[log-interceptor-1] - selenium_firefox     - DEBUG   : BROWSER 1: driver: 1606661279956	addons.xpi-utils	DEBUG	New add-on @openwpm installed in app-profile
2020-11-29 09:48:00,106 - Process-120[log-interceptor-1] - selenium_firefox     - DEBUG   : BROWSER 1: driver: *** Blocklist::_loadBlocklistFromFile: blocklist is disabled
2020-11-29 09:48:00,106 - Process-120[log-interceptor-1] - selenium_firefox     - DEBUG   : BROWSER 1: driver: 1606661279972	DeferredSave.extensions.json	DEBUG	Save changes
2020-11-29 09:48:00,106 - Process-120[log-interceptor-1] - selenium_firefox     - DEBUG   : BROWSER 1: driver: 1606661279974	addons.xpi-utils	DEBUG	New add-on e10srollout@mozilla.org installed in app-system-defaults
2020-11-29 09:48:00,106 - Process-120[log-interceptor-1] - selenium_firefox     - DEBUG   : BROWSER 1: driver: 1606661279978	DeferredSave.extensions.json	DEBUG	Starting timer
2020-11-29 09:48:00,106 - Process-120[log-interceptor-1] - selenium_firefox     - DEBUG   : BROWSER 1: driver: 1606661279980	DeferredSave.extensions.json	DEBUG	Save changes
2020-11-29 09:48:00,106 - Process-120[log-interceptor-1] - selenium_firefox     - DEBUG   : BROWSER 1: driver: 1606661279980	addons.xpi-utils	DEBUG	New add-on webcompat@mozilla.org installed in app-system-defaults
2020-11-29 09:48:00,107 - Process-120[log-interceptor-1] - selenium_firefox     - DEBUG   : BROWSER 1: driver: 1606661279984	DeferredSave.extensions.json	DEBUG	Save changes
2020-11-29 09:48:00,107 - Process-120[log-interceptor-1] - selenium_firefox     - DEBUG   : BROWSER 1: driver: 1606661279986	addons.xpi-utils	DEBUG	New add-on firefox@getpocket.com installed in app-system-defaults
2020-11-29 09:48:00,107 - Process-120[log-interceptor-1] - selenium_firefox     - DEBUG   : BROWSER 1: driver: 1606661279992	DeferredSave.extensions.json	DEBUG	Save changes
2020-11-29 09:48:00,107 - Process-120[log-interceptor-1] - selenium_firefox     - DEBUG   : BROWSER 1: driver: 1606661279992	addons.xpi-utils	DEBUG	New add-on aushelper@mozilla.org installed in app-system-defaults
2020-11-29 09:48:00,107 - Process-120[log-interceptor-1] - selenium_firefox     - DEBUG   : BROWSER 1: driver: 1606661279996	DeferredSave.extensions.json	DEBUG	Save changes
2020-11-29 09:48:00,107 - Process-120[log-interceptor-1] - selenium_firefox     - DEBUG   : BROWSER 1: driver: 1606661279996	addons.xpi-utils	DEBUG	New add-on {972ce4c6-7e08-4474-a285-3208198ce6fd} installed in app-global
2020-11-29 09:48:00,107 - Process-120[log-interceptor-1] - selenium_firefox     - DEBUG   : BROWSER 1: driver: 1606661280000	DeferredSave.extensions.json	DEBUG	Save changes
2020-11-29 09:48:00,107 - Process-120[log-interceptor-1] - selenium_firefox     - DEBUG   : BROWSER 1: driver: 1606661280002	addons.manager	DEBUG	Registering startup change 'installed' for @openwpm
2020-11-29 09:48:00,107 - Process-120[log-interceptor-1] - selenium_firefox     - DEBUG   : BROWSER 1: driver: 1606661280002	addons.manager	DEBUG	Registering startup change 'installed' for @openwpm
2020-11-29 09:48:00,107 - Process-120[log-interceptor-1] - selenium_firefox     - DEBUG   : BROWSER 1: driver: 1606661280010	addons.xpi	DEBUG	Loading bootstrap scope from /home/data/tmp/rust_mozprofile.eggyYthep1Nz/extensions/@openwpm
2020-11-29 09:48:00,107 - Process-120[log-interceptor-1] - selenium_firefox     - DEBUG   : BROWSER 1: driver: 1606661280072	addons.xpi	DEBUG	Calling bootstrap method install on @openwpm version 0.0.1
2020-11-29 09:48:00,108 - Process-120[log-interceptor-1] - selenium_firefox     - DEBUG   : BROWSER 1: driver: 1606661280072	addons.xpi-utils	DEBUG	Make addon app-profile:@openwpm visible
2020-11-29 09:48:00,108 - Process-120[log-interceptor-1] - selenium_firefox     - DEBUG   : BROWSER 1: driver: 1606661280076	addons.xpi	DEBUG	Add-on @openwpm blocks e10s rollout.
2020-11-29 09:48:00,108 - Process-120[log-interceptor-1] - selenium_firefox     - DEBUG   : BROWSER 1: driver: 1606661280078	DeferredSave.extensions.json	DEBUG	Save changes
2020-11-29 09:48:00,108 - Process-120[log-interceptor-1] - selenium_firefox     - DEBUG   : BROWSER 1: driver: 1606661280078	addons.manager	DEBUG	Registering startup change 'installed' for e10srollout@mozilla.org
2020-11-29 09:48:00,108 - Process-120[log-interceptor-1] - selenium_firefox     - DEBUG   : BROWSER 1: driver: 1606661280080	addons.xpi	DEBUG	Loading bootstrap scope from /home/data/maaz/Ads/20v50/firefox-bin/browser/features/e10srollout@mozilla.org.xpi
2020-11-29 09:48:00,108 - Process-120[log-interceptor-1] - selenium_firefox     - DEBUG   : BROWSER 1: driver: 1606661280084	addons.xpi	DEBUG	Calling bootstrap method install on e10srollout@mozilla.org version 1.10
2020-11-29 09:48:00,108 - Process-120[log-interceptor-1] - selenium_firefox     - DEBUG   : BROWSER 1: driver: 1606661280086	addons.xpi	DEBUG	Add-on @openwpm blocks e10s rollout.
2020-11-29 09:48:00,108 - Process-120[log-interceptor-1] - selenium_firefox     - DEBUG   : BROWSER 1: driver: 1606661280086	addons.xpi	DEBUG	Add-on @openwpm blocks e10s rollout.
2020-11-29 09:48:00,108 - Process-120[log-interceptor-1] - selenium_firefox     - DEBUG   : BROWSER 1: driver: 1606661280086	addons.xpi-utils	DEBUG	Make addon app-system-defaults:e10srollout@mozilla.org visible
2020-11-29 09:48:00,108 - Process-120[log-interceptor-1] - selenium_firefox     - DEBUG   : BROWSER 1: driver: 1606661280088	addons.xpi	DEBUG	Add-on @openwpm blocks e10s rollout.
2020-11-29 09:48:00,108 - Process-120[log-interceptor-1] - selenium_firefox     - DEBUG   : BROWSER 1: driver: 1606661280088	DeferredSave.extensions.json	DEBUG	Save changes
2020-11-29 09:48:00,108 - Process-120[log-interceptor-1] - selenium_firefox     - DEBUG   : BROWSER 1: driver: 1606661280088	addons.manager	DEBUG	Registering startup change 'installed' for webcompat@mozilla.org
2020-11-29 09:48:00,109 - Process-120[log-interceptor-1] - selenium_firefox     - DEBUG   : BROWSER 1: driver: 1606661280090	addons.xpi	DEBUG	Loading bootstrap scope from /home/data/maaz/Ads/20v50/firefox-bin/browser/features/webcompat@mozilla.org.xpi
2020-11-29 09:48:00,109 - Process-120[log-interceptor-1] - selenium_firefox     - DEBUG   : BROWSER 1: driver: 1606661280092	addons.xpi	DEBUG	Calling bootstrap method install on webcompat@mozilla.org version 1.0
2020-11-29 09:48:00,109 - Process-120[log-interceptor-1] - selenium_firefox     - DEBUG   : BROWSER 1: driver: 1606661280092	addons.xpi-utils	DEBUG	Make addon app-system-defaults:webcompat@mozilla.org visible
2020-11-29 09:48:00,109 - Process-120[log-interceptor-1] - selenium_firefox     - DEBUG   : BROWSER 1: driver: 1606661280092	addons.xpi	DEBUG	Add-on @openwpm blocks e10s rollout.
2020-11-29 09:48:00,109 - Process-120[log-interceptor-1] - selenium_firefox     - DEBUG   : BROWSER 1: driver: 1606661280092	DeferredSave.extensions.json	DEBUG	Save changes
2020-11-29 09:48:00,109 - Process-120[log-interceptor-1] - selenium_firefox     - DEBUG   : BROWSER 1: driver: 1606661280092	addons.manager	DEBUG	Registering startup change 'installed' for firefox@getpocket.com
2020-11-29 09:48:00,109 - Process-120[log-interceptor-1] - selenium_firefox     - DEBUG   : BROWSER 1: driver: 1606661280094	addons.xpi	DEBUG	Loading bootstrap scope from /home/data/maaz/Ads/20v50/firefox-bin/browser/features/firefox@getpocket.com.xpi
2020-11-29 09:48:00,109 - Process-120[log-interceptor-1] - selenium_firefox     - DEBUG   : BROWSER 1: driver: 1606661280098	addons.xpi	DEBUG	Calling bootstrap method install on firefox@getpocket.com version 1.0.5
2020-11-29 09:48:00,109 - Process-120[log-interceptor-1] - selenium_firefox     - DEBUG   : BROWSER 1: driver: 1606661280098	addons.xpi-utils	DEBUG	Make addon app-system-defaults:firefox@getpocket.com visible
2020-11-29 09:48:00,109 - Process-120[log-interceptor-1] - selenium_firefox     - DEBUG   : BROWSER 1: driver: 1606661280098	addons.xpi	DEBUG	Add-on @openwpm blocks e10s rollout.
2020-11-29 09:48:00,109 - Process-120[log-interceptor-1] - selenium_firefox     - DEBUG   : BROWSER 1: driver: 1606661280098	DeferredSave.extensions.json	DEBUG	Save changes
2020-11-29 09:48:00,110 - Process-120[log-interceptor-1] - selenium_firefox     - DEBUG   : BROWSER 1: driver: 1606661280098	addons.manager	DEBUG	Registering startup change 'installed' for aushelper@mozilla.org
2020-11-29 09:48:00,110 - Process-120[log-interceptor-1] - selenium_firefox     - DEBUG   : BROWSER 1: driver: 1606661280098	addons.xpi	DEBUG	Loading bootstrap scope from /home/data/maaz/Ads/20v50/firefox-bin/browser/features/aushelper@mozilla.org.xpi
2020-11-29 09:48:00,110 - Process-120[log-interceptor-1] - selenium_firefox     - DEBUG   : BROWSER 1: driver: 1606661280102	addons.xpi	DEBUG	Calling bootstrap method install on aushelper@mozilla.org version 2.0
2020-11-29 09:48:00,134 - Process-120[log-interceptor-1] - selenium_firefox     - DEBUG   : BROWSER 1: driver: 1606661280102	addons.xpi-utils	DEBUG	Make addon app-system-defaults:aushelper@mozilla.org visible
2020-11-29 09:48:00,135 - Process-120[log-interceptor-1] - selenium_firefox     - DEBUG   : BROWSER 1: driver: 1606661280102	addons.xpi	DEBUG	Add-on @openwpm blocks e10s rollout.
2020-11-29 09:48:00,135 - Process-120[log-interceptor-1] - selenium_firefox     - DEBUG   : BROWSER 1: driver: 1606661280102	DeferredSave.extensions.json	DEBUG	Save changes
2020-11-29 09:48:00,135 - Process-120[log-interceptor-1] - selenium_firefox     - DEBUG   : BROWSER 1: driver: 1606661280102	addons.xpi-utils	DEBUG	Make addon app-global:{972ce4c6-7e08-4474-a285-3208198ce6fd} visible
2020-11-29 09:48:00,135 - Process-120[log-interceptor-1] - selenium_firefox     - DEBUG   : BROWSER 1: driver: 1606661280102	addons.xpi	DEBUG	Add-on @openwpm blocks e10s rollout.
2020-11-29 09:48:00,135 - Process-120[log-interceptor-1] - selenium_firefox     - DEBUG   : BROWSER 1: driver: 1606661280102	DeferredSave.extensions.json	DEBUG	Save changes
2020-11-29 09:48:00,136 - Process-120[log-interceptor-1] - selenium_firefox     - DEBUG   : BROWSER 1: driver: 1606661280104	addons.xpi	DEBUG	Updating XPIState for {"id":"@openwpm","syncGUID":"{bf4ccf1f-4b44-4bcd-9b62-58932f8df1f4}","location":"app-profile","version":"0.0.1","type":"extension","internalName":null,"updateURL":null,"updateKey":null,"optionsURL":null,"optionsType":null,"aboutURL":null,"icons":{},"iconURL":null,"icon64URL":null,"defaultLocale":{"name":"openwpm","description":"Extension with socket interface into OpenWPM","creator":"Steven Englehardt","homepageURL":null},"visible":true,"active":true,"userDisabled":false,"appDisabled":false,"descriptor":"/home/data/tmp/rust_mozprofile.eggyYthep1Nz/extensions/@openwpm","installDate":1606661278000,"updateDate":1606661278000,"applyBackgroundUpdates":1,"bootstrap":true,"skinnable":false,"size":84784,"sourceURI":null,"releaseNotesURI":null,"softDisabled":false,"foreignInstall":true,"hasBinaryComponents":false,"strictCompatibility":false,"locales":[],"targetApplications":[{"id":"{ec8030f7-c20a-464f-9b0e-13a3a9e97384}","minVersion":"38.0a1","maxVersion":"*"}],"targetPlatforms":[],"multiprocessCompatible":false,"signedState":0,"seen":true,"dependencies":[],"hasEmbeddedWebExtension":false,"mpcOptedOut":false}
2020-11-29 09:48:00,136 - Process-120[log-interceptor-1] - selenium_firefox     - DEBUG   : BROWSER 1: driver: 1606661280104	addons.xpi	DEBUG	getModTime: Recursive scan of @openwpm
2020-11-29 09:48:00,136 - Process-120[log-interceptor-1] - selenium_firefox     - DEBUG   : BROWSER 1: driver: 1606661280106	addons.xpi	DEBUG	Updating XPIState for {"id":"e10srollout@mozilla.org","syncGUID":"{43847f94-c59e-430d-ae9e-45222d2144c3}","location":"app-system-defaults","version":"1.10","type":"extension","internalName":null,"updateURL":null,"updateKey":null,"optionsURL":null,"optionsType":null,"aboutURL":null,"icons":{},"iconURL":null,"icon64URL":null,"defaultLocale":{"name":"Multi-process staged rollout","description":"Staged rollout of Firefox multi-process feature.","creator":null,"homepageURL":null},"visible":true,"active":true,"userDisabled":false,"appDisabled":false,"descriptor":"/home/data/maaz/Ads/20v50/firefox-bin/browser/features/e10srollout@mozilla.org.xpi","installDate":1606628784000,"updateDate":1606628784000,"applyBackgroundUpdates":1,"bootstrap":true,"skinnable":false,"size":8145,"sourceURI":null,"releaseNotesURI":null,"softDisabled":false,"foreignInstall":false,"hasBinaryComponents":false,"strictCompatibility":false,"locales":[],"targetApplications":[{"id":"{ec8030f7-c20a-464f-9b0e-13a3a9e97384}","minVersion":"52.9.0","maxVersion":"52.*"}],"targetPlatforms":[],"multiprocessCompatible":true,"seen":true,"dependencies":[],"hasEmbeddedWebExtension":false,"mpcOptedOut":false}
2020-11-29 09:48:00,136 - Process-120[log-interceptor-1] - selenium_firefox     - DEBUG   : BROWSER 1: driver: 1606661280106	addons.xpi	DEBUG	getModTime: Recursive scan of e10srollout@mozilla.org
2020-11-29 09:48:00,137 - Process-120[log-interceptor-1] - selenium_firefox     - DEBUG   : BROWSER 1: driver: 1606661280106	addons.xpi	DEBUG	Updating XPIState for {"id":"webcompat@mozilla.org","syncGUID":"{b19538df-0892-486e-85c3-d7c0ada71183}","location":"app-system-defaults","version":"1.0","type":"extension","internalName":null,"updateURL":null,"updateKey":null,"optionsURL":null,"optionsType":null,"aboutURL":null,"icons":{},"iconURL":null,"icon64URL":null,"defaultLocale":{"name":"Web Compat","description":"Urgent post-release fixes for web compatibility.","creator":null,"homepageURL":null},"visible":true,"active":true,"userDisabled":false,"appDisabled":false,"descriptor":"/home/data/maaz/Ads/20v50/firefox-bin/browser/features/webcompat@mozilla.org.xpi","installDate":1606628784000,"updateDate":1606628784000,"applyBackgroundUpdates":1,"bootstrap":true,"skinnable":false,"size":1456,"sourceURI":null,"releaseNotesURI":null,"softDisabled":false,"foreignInstall":false,"hasBinaryComponents":false,"strictCompatibility":false,"locales":[],"targetApplications":[{"id":"{ec8030f7-c20a-464f-9b0e-13a3a9e97384}","minVersion":"52.9.0","maxVersion":"52.*"}],"targetPlatforms":[],"multiprocessCompatible":true,"seen":true,"dependencies":[],"hasEmbeddedWebExtension":false,"mpcOptedOut":false}
2020-11-29 09:48:00,137 - Process-120[log-interceptor-1] - selenium_firefox     - DEBUG   : BROWSER 1: driver: 1606661280106	addons.xpi	DEBUG	getModTime: Recursive scan of webcompat@mozilla.org
2020-11-29 09:48:00,137 - Process-120[log-interceptor-1] - selenium_firefox     - DEBUG   : BROWSER 1: driver: 1606661280106	addons.xpi	DEBUG	Updating XPIState for {"id":"firefox@getpocket.com","syncGUID":"{d5b899ff-cfc9-4408-8060-56ea90377172}","location":"app-system-defaults","version":"1.0.5","type":"extension","internalName":null,"updateURL":null,"updateKey":null,"optionsURL":null,"optionsType":null,"aboutURL":null,"icons":{},"iconURL":null,"icon64URL":null,"defaultLocale":{"name":"Pocket","description":"When you find something you want to view later, put it in Pocket.","creator":null,"homepageURL":null},"visible":true,"active":true,"userDisabled":false,"appDisabled":false,"descriptor":"/home/data/maaz/Ads/20v50/firefox-bin/browser/features/firefox@getpocket.com.xpi","installDate":1606628784000,"updateDate":1606628784000,"applyBackgroundUpdates":1,"bootstrap":true,"skinnable":false,"size":920281,"sourceURI":null,"releaseNotesURI":null,"softDisabled":false,"foreignInstall":false,"hasBinaryComponents":false,"strictCompatibility":false,"locales":[],"targetApplications":[{"id":"{ec8030f7-c20a-464f-9b0e-13a3a9e97384}","minVersion":"52.9.0","maxVersion":"52.*"}],"targetPlatforms":[],"multiprocessCompatible":true,"seen":true,"dependencies":[],"hasEmbeddedWebExtension":false,"mpcOptedOut":false}
2020-11-29 09:48:00,137 - Process-120[log-interceptor-1] - selenium_firefox     - DEBUG   : BROWSER 1: driver: 1606661280106	addons.xpi	DEBUG	getModTime: Recursive scan of firefox@getpocket.com
2020-11-29 09:48:00,138 - Process-120[log-interceptor-1] - selenium_firefox     - DEBUG   : BROWSER 1: driver: 1606661280108	addons.xpi	DEBUG	Updating XPIState for {"id":"aushelper@mozilla.org","syncGUID":"{1ac780bf-24ee-4654-ad3e-f20e5eab0561}","location":"app-system-defaults","version":"2.0","type":"extension","internalName":null,"updateURL":null,"updateKey":null,"optionsURL":null,"optionsType":null,"aboutURL":null,"icons":{},"iconURL":null,"icon64URL":null,"defaultLocale":{"name":"Application Update Service Helper","description":"Sets value(s) in the update url based on custom checks.","creator":null,"homepageURL":null},"visible":true,"active":true,"userDisabled":false,"appDisabled":false,"descriptor":"/home/data/maaz/Ads/20v50/firefox-bin/browser/features/aushelper@mozilla.org.xpi","installDate":1606628784000,"updateDate":1606628784000,"applyBackgroundUpdates":1,"bootstrap":true,"skinnable":false,"size":8488,"sourceURI":null,"releaseNotesURI":null,"softDisabled":false,"foreignInstall":false,"hasBinaryComponents":false,"strictCompatibility":false,"locales":[],"targetApplications":[{"id":"{ec8030f7-c20a-464f-9b0e-13a3a9e97384}","minVersion":"52.9.0","maxVersion":"52.*"}],"targetPlatforms":[],"multiprocessCompatible":true,"seen":true,"dependencies":[],"hasEmbeddedWebExtension":false,"mpcOptedOut":false}
2020-11-29 09:48:00,138 - Process-120[log-interceptor-1] - selenium_firefox     - DEBUG   : BROWSER 1: driver: 1606661280108	addons.xpi	DEBUG	getModTime: Recursive scan of aushelper@mozilla.org
2020-11-29 09:48:00,138 - Process-120[log-interceptor-1] - selenium_firefox     - DEBUG   : BROWSER 1: driver: 1606661280108	addons.xpi	DEBUG	Updating XPIState for {"id":"{972ce4c6-7e08-4474-a285-3208198ce6fd}","syncGUID":"{7e1a9ae0-527a-4e21-92ad-4636e0d2e550}","location":"app-global","version":"52.9.0","type":"theme","internalName":"classic/1.0","updateURL":null,"updateKey":null,"optionsURL":null,"optionsType":null,"aboutURL":null,"icons":{"32":"icon.png","48":"icon.png"},"iconURL":null,"icon64URL":null,"defaultLocale":{"name":"Default","description":"The default theme.","creator":"Mozilla","homepageURL":null,"contributors":["Mozilla Contributors"]},"visible":true,"active":true,"userDisabled":false,"appDisabled":false,"descriptor":"/home/data/maaz/Ads/20v50/firefox-bin/browser/extensions/{972ce4c6-7e08-4474-a285-3208198ce6fd}.xpi","installDate":1606628784000,"updateDate":1606628784000,"applyBackgroundUpdates":1,"skinnable":true,"size":4932,"sourceURI":null,"releaseNotesURI":null,"softDisabled":false,"foreignInstall":false,"hasBinaryComponents":false,"strictCompatibility":true,"locales":[],"targetApplications":[{"id":"{ec8030f7-c20a-464f-9b0e-13a3a9e97384}","minVersion":"52.9.0","maxVersion":"52.9.0"}],"targetPlatforms":[],"seen":true,"dependencies":[],"hasEmbeddedWebExtension":false}
2020-11-29 09:48:00,138 - Process-120[log-interceptor-1] - selenium_firefox     - DEBUG   : BROWSER 1: driver: 1606661280108	addons.xpi	DEBUG	getModTime: Recursive scan of {972ce4c6-7e08-4474-a285-3208198ce6fd}
2020-11-29 09:48:00,138 - Process-120[log-interceptor-1] - selenium_firefox     - DEBUG   : BROWSER 1: driver: 1606661280110	addons.xpi	DEBUG	Add-on @openwpm blocks e10s rollout.
2020-11-29 09:48:00,139 - Process-120[log-interceptor-1] - selenium_firefox     - DEBUG   : BROWSER 1: driver: 1606661280110	DeferredSave.extensions.json	DEBUG	Save changes
2020-11-29 09:48:00,139 - Process-120[log-interceptor-1] - selenium_firefox     - DEBUG   : BROWSER 1: driver: 1606661280110	addons.xpi	DEBUG	Updating database with changes to installed add-ons
2020-11-29 09:48:00,139 - Process-120[log-interceptor-1] - selenium_firefox     - DEBUG   : BROWSER 1: driver: 1606661280110	addons.xpi-utils	DEBUG	Updating add-on states
2020-11-29 09:48:00,139 - Process-120[log-interceptor-1] - selenium_firefox     - DEBUG   : BROWSER 1: driver: 1606661280110	addons.xpi-utils	DEBUG	Writing add-ons list
2020-11-29 09:48:00,139 - Process-120[log-interceptor-1] - selenium_firefox     - DEBUG   : BROWSER 1: driver: 1606661280112	addons.xpi	DEBUG	Registering manifest for /home/data/tmp/rust_mozprofile.eggyYthep1Nz/extensions/@openwpm
2020-11-29 09:48:00,140 - Process-120[log-interceptor-1] - selenium_firefox     - DEBUG   : BROWSER 1: driver: 1606661280112	addons.xpi	DEBUG	Calling bootstrap method startup on @openwpm version 0.0.1
2020-11-29 09:48:00,140 - Process-120[log-interceptor-1] - selenium_firefox     - DEBUG   : BROWSER 1: driver: 1606661280118	addons.xpi	DEBUG	Registering manifest for /home/data/maaz/Ads/20v50/firefox-bin/browser/features/aushelper@mozilla.org.xpi
2020-11-29 09:48:00,140 - Process-120[log-interceptor-1] - selenium_firefox     - DEBUG   : BROWSER 1: driver: 1606661280118	addons.xpi	DEBUG	Calling bootstrap method startup on aushelper@mozilla.org version 2.0
2020-11-29 09:48:00,140 - Process-120[log-interceptor-1] - selenium_firefox     - DEBUG   : BROWSER 1: driver: 1606661280120	addons.xpi	DEBUG	Registering manifest for /home/data/maaz/Ads/20v50/firefox-bin/browser/features/e10srollout@mozilla.org.xpi
2020-11-29 09:48:00,140 - Process-120[log-interceptor-1] - selenium_firefox     - DEBUG   : BROWSER 1: driver: 1606661280120	addons.xpi	DEBUG	Calling bootstrap method startup on e10srollout@mozilla.org version 1.10
2020-11-29 09:48:00,141 - Process-120[log-interceptor-1] - selenium_firefox     - DEBUG   : BROWSER 1: driver: 1606661280120	addons.xpi	DEBUG	Registering manifest for /home/data/maaz/Ads/20v50/firefox-bin/browser/features/firefox@getpocket.com.xpi
2020-11-29 09:48:00,141 - Process-120[log-interceptor-1] - selenium_firefox     - DEBUG   : BROWSER 1: driver: 1606661280120	addons.xpi	DEBUG	Calling bootstrap method startup on firefox@getpocket.com version 1.0.5
2020-11-29 09:48:00,141 - Process-120[log-interceptor-1] - selenium_firefox     - DEBUG   : BROWSER 1: driver: 1606661280122	addons.xpi	DEBUG	Registering manifest for /home/data/maaz/Ads/20v50/firefox-bin/browser/features/webcompat@mozilla.org.xpi
2020-11-29 09:48:00,141 - Process-120[log-interceptor-1] - selenium_firefox     - DEBUG   : BROWSER 1: driver: 1606661280122	addons.xpi	DEBUG	Calling bootstrap method startup on webcompat@mozilla.org version 1.0
2020-11-29 09:48:00,141 - Process-120[log-interceptor-1] - selenium_firefox     - DEBUG   : BROWSER 1: driver: 1606661280126	addons.manager	DEBUG	Registering shutdown blocker for XPIProvider
2020-11-29 09:48:00,142 - Process-120[log-interceptor-1] - selenium_firefox     - DEBUG   : BROWSER 1: driver: 1606661280126	addons.manager	DEBUG	Provider finished startup: XPIProvider
2020-11-29 09:48:00,142 - Process-120[log-interceptor-1] - selenium_firefox     - DEBUG   : BROWSER 1: driver: 1606661280126	addons.manager	DEBUG	Starting provider: LightweightThemeManager
2020-11-29 09:48:00,142 - Process-120[log-interceptor-1] - selenium_firefox     - DEBUG   : BROWSER 1: driver: 1606661280126	addons.manager	DEBUG	Registering shutdown blocker for LightweightThemeManager
2020-11-29 09:48:00,142 - Process-120[log-interceptor-1] - selenium_firefox     - DEBUG   : BROWSER 1: driver: 1606661280126	addons.manager	DEBUG	Provider finished startup: LightweightThemeManager
2020-11-29 09:48:00,142 - Process-120[log-interceptor-1] - selenium_firefox     - DEBUG   : BROWSER 1: driver: 1606661280126	addons.manager	DEBUG	Starting provider: GMPProvider
2020-11-29 09:48:00,142 - Process-120[log-interceptor-1] - selenium_firefox     - DEBUG   : BROWSER 1: driver: 1606661280134	addons.manager	DEBUG	Registering shutdown blocker for GMPProvider
2020-11-29 09:48:00,143 - Process-120[log-interceptor-1] - selenium_firefox     - DEBUG   : BROWSER 1: driver: 1606661280134	addons.manager	DEBUG	Provider finished startup: GMPProvider
2020-11-29 09:48:02,367 - Process-120[MainThread] - BaseAggregator       - DEBUG   : Status update; current record queue size: 0
2020-11-29 09:48:06,850 - Process-120[MainThread] - FirefoxExtension     - DEBUG   : Cookie instrumentation enabled
2020-11-29 09:48:06,851 - Process-120[MainThread] - FirefoxExtension     - DEBUG   : HTTP Instrumentation enabled
2020-11-29 09:48:06,976 - Process-120[MainThread] - BrowserManager       - DEBUG   : BROWSER 1: Looking for extension port information in /tmp/rust_mozprofile.eggyYthep1Nz/
2020-11-29 09:48:06,976 - Process-120[MainThread] - BrowserManager       - DEBUG   : BROWSER 1: Connecting to extension on port 45669
2020-11-29 09:48:06,977 - Process-120[MainThread] - BrowserManager       - DEBUG   : BROWSER 1: BrowserManager ready.
2020-11-29 09:48:06,977 - Process-120[MainThread] - BrowserManager       - DEBUG   : BROWSER 1: Browser spawn sucessful!
2020-11-29 09:48:07,373 - Process-120[MainThread] - BaseAggregator       - DEBUG   : Status update; current record queue size: 0
2020-11-29 09:48:07,542 - Process-120[MainThread] - TaskManager          - INFO    : 

OpenWPM Version: 44dd020
Firefox Version: 52.9.0

========== Manager Configuration ==========
{
  "aggregator_address": [
    "127.0.0.1",
    47375
  ],
  "data_directory": "/home/data/maaz/Ads/20v50/data/20_50/control_5_10",
  "database_name": "/home/data/maaz/Ads/20v50/data/20_50/control_5_10/2_crawl-data.sqlite",
  "failure_limit": null,
  "log_directory": "/home/data/maaz/Ads/20v50/data/20_50/control_5_10",
  "log_file": "/home/data/maaz/Ads/20v50/data/20_50/control_5_10/openwpm.log",
  "logger_address": [
    "127.0.0.1",
    56371
  ],
  "num_browsers": 1,
  "output_format": "local",
  "screenshot_path": "/home/data/maaz/Ads/20v50/data/20_50/control_5_10/screenshots",
  "source_dump_path": "/home/data/maaz/Ads/20v50/data/20_50/control_5_10/sources",
  "testing": false
}

========== Browser Configuration ==========
Keys:
{
  "crawl_id": 0,
  "Ad_Sites": 1,
  "Browser_Config": 2,
  "Browser_Config_Def": 3,
  "Intent": 4,
  "Intent_Sites": 5,
  "Manager_Config": 6,
  "Manager_Config_Def": 7,
  "Number_of_Browsers": 8,
  "Persona_Name": 9,
  "Persona_Numb": 10,
  "Persona_Path": 11,
  "Sites": 12,
  "Storage_File": 13,
  "adblock-plus": 14,
  "bot_mitigation": 15,
  "browser": 16,
  "cookie_instrument": 17,
  "disable_flash": 18,
  "disconnect": 19,
  "donottrack": 20,
  "extension_enabled": 21,
  "ghostery": 22,
  "headless": 23,
  "http_instrument": 24,
  "https-everywhere": 25,
  "js_instrument": 26,
  "prefs": 27,
  "random_attributes": 28,
  "save_all_content": 29,
  "save_javascript": 30,
  "storage_file": 31,
  "tp_cookies": 32,
  "tracking-protection": 33,
  "ublock-origin": 34
}

  0  1                                 2                                                      3                            4         5    6                                                      7                              8  9               10  11             12    13          14     15    16       17    18     19     20     21    22     23    24    25     26     27    28     29     30     31          32      33     34
---  --------------------------------  -----------------------------------------------------  ---------------------------  --------  ---  -----------------------------------------------------  ---------------------------  ---  ------------  ----  -------------  ----  ----------  -----  ----  -------  ----  -----  -----  -----  ----  -----  ----  ----  -----  -----  ----  -----  -----  -----  ----------  ------  -----  -----
  1  [u'https://www.accuweather.com']  config/20_50/Control/5_Control_browser_params_10.json  default_browser_params.json  NoIntent  []   config/20_50/Control/5_Control_manager_params_10.json  default_manager_params.json    1  Control.json    10  data/personas  []    storage.js  False  True  firefox  True  False  False  False  True  False  True  True  False  False  {}    False  False  False  storage.js  always  False  False

========== Input profile tar files ==========
  No profile tar files specified

========== Output (archive) profile dirs ==========
{
  "1": "data/20_50/control_5_10"
}


2020-11-29 09:48:07,544 - Process-120[MainThread] - TaskManager          - DEBUG   : Checking command failure status indicator...
2020-11-29 09:48:07,645 - Process-120[MainThread] - BrowserManager       - DEBUG   : BROWSER 1: Joining command thread
2020-11-29 09:48:07,649 - Process-120[MainThread] - BrowserManager       - INFO    : BROWSER 1: EXECUTING COMMAND: ('GET', u'https://www.accuweather.com', 1, 1)
2020-11-29 09:48:08,425 - Process-120[MainThread] - FirefoxExtension     - DEBUG   : Visit Id: 1
2020-11-29 09:48:12,580 - Process-120[MainThread] - BaseAggregator       - DEBUG   : Status update; current record queue size: 56
2020-11-29 09:48:17,790 - Process-120[MainThread] - BaseAggregator       - DEBUG   : Status update; current record queue size: 0
2020-11-29 09:48:22,931 - Process-120[MainThread] - BaseAggregator       - DEBUG   : Status update; current record queue size: 0
2020-11-29 09:48:27,936 - Process-120[MainThread] - BaseAggregator       - DEBUG   : Status update; current record queue size: 0
2020-11-29 09:48:32,943 - Process-120[MainThread] - BaseAggregator       - DEBUG   : Status update; current record queue size: 0
2020-11-29 09:48:37,950 - Process-120[MainThread] - BaseAggregator       - DEBUG   : Status update; current record queue size: 0
2020-11-29 09:48:42,956 - Process-120[MainThread] - BaseAggregator       - DEBUG   : Status update; current record queue size: 0
2020-11-29 09:48:47,962 - Process-120[MainThread] - BaseAggregator       - DEBUG   : Status update; current record queue size: 0
2020-11-29 09:48:52,968 - Process-120[MainThread] - BaseAggregator       - DEBUG   : Status update; current record queue size: 0
2020-11-29 09:48:57,973 - Process-120[MainThread] - BaseAggregator       - DEBUG   : Status update; current record queue size: 0
2020-11-29 09:49:02,979 - Process-120[MainThread] - BaseAggregator       - DEBUG   : Status update; current record queue size: 0
2020-11-29 09:49:07,984 - Process-120[MainThread] - BaseAggregator       - DEBUG   : Status update; current record queue size: 0
2020-11-29 09:49:12,990 - Process-120[MainThread] - BaseAggregator       - DEBUG   : Status update; current record queue size: 0
2020-11-29 09:49:17,997 - Process-120[MainThread] - BaseAggregator       - DEBUG   : Status update; current record queue size: 0
2020-11-29 09:49:23,004 - Process-120[MainThread] - BaseAggregator       - DEBUG   : Status update; current record queue size: 0
2020-11-29 09:49:28,010 - Process-120[MainThread] - BaseAggregator       - DEBUG   : Status update; current record queue size: 0
2020-11-29 09:49:33,016 - Process-120[MainThread] - BaseAggregator       - DEBUG   : Status update; current record queue size: 0
2020-11-29 09:49:38,023 - Process-120[MainThread] - BaseAggregator       - DEBUG   : Status update; current record queue size: 0
2020-11-29 09:49:43,029 - Process-120[MainThread] - BaseAggregator       - DEBUG   : Status update; current record queue size: 0
2020-11-29 09:49:48,035 - Process-120[MainThread] - BaseAggregator       - DEBUG   : Status update; current record queue size: 0
2020-11-29 09:49:53,041 - Process-120[MainThread] - BaseAggregator       - DEBUG   : Status update; current record queue size: 0
2020-11-29 09:49:58,046 - Process-120[MainThread] - BaseAggregator       - DEBUG   : Status update; current record queue size: 0
2020-11-29 09:50:03,052 - Process-120[MainThread] - BaseAggregator       - DEBUG   : Status update; current record queue size: 0
2020-11-29 09:50:08,058 - Process-120[MainThread] - BaseAggregator       - DEBUG   : Status update; current record queue size: 0
2020-11-29 09:50:13,064 - Process-120[MainThread] - BaseAggregator       - DEBUG   : Status update; current record queue size: 0
2020-11-29 09:50:18,070 - Process-120[MainThread] - BaseAggregator       - DEBUG   : Status update; current record queue size: 0
2020-11-29 09:50:23,076 - Process-120[MainThread] - BaseAggregator       - DEBUG   : Status update; current record queue size: 0
2020-11-29 09:50:28,083 - Process-120[MainThread] - BaseAggregator       - DEBUG   : Status update; current record queue size: 0
2020-11-29 09:50:33,089 - Process-120[MainThread] - BaseAggregator       - DEBUG   : Status update; current record queue size: 0
2020-11-29 09:50:38,095 - Process-120[MainThread] - BaseAggregator       - DEBUG   : Status update; current record queue size: 0
2020-11-29 09:50:43,100 - Process-120[MainThread] - BaseAggregator       - DEBUG   : Status update; current record queue size: 0
2020-11-29 09:50:48,108 - Process-120[MainThread] - BaseAggregator       - DEBUG   : Status update; current record queue size: 0
2020-11-29 09:50:53,115 - Process-120[MainThread] - BaseAggregator       - DEBUG   : Status update; current record queue size: 0
2020-11-29 09:50:58,121 - Process-120[MainThread] - BaseAggregator       - DEBUG   : Status update; current record queue size: 0
2020-11-29 09:51:03,128 - Process-120[MainThread] - BaseAggregator       - DEBUG   : Status update; current record queue size: 0
2020-11-29 09:51:08,134 - Process-120[MainThread] - BaseAggregator       - DEBUG   : Status update; current record queue size: 0
2020-11-29 09:51:13,143 - Process-120[MainThread] - BaseAggregator       - DEBUG   : Status update; current record queue size: 0
2020-11-29 09:51:18,149 - Process-120[MainThread] - BaseAggregator       - DEBUG   : Status update; current record queue size: 0
2020-11-29 09:51:23,155 - Process-120[MainThread] - BaseAggregator       - DEBUG   : Status update; current record queue size: 0
2020-11-29 09:51:28,161 - Process-120[MainThread] - BaseAggregator       - DEBUG   : Status update; current record queue size: 0
2020-11-29 09:51:33,168 - Process-120[MainThread] - BaseAggregator       - DEBUG   : Status update; current record queue size: 0
2020-11-29 09:51:38,174 - Process-120[MainThread] - BaseAggregator       - DEBUG   : Status update; current record queue size: 0
2020-11-29 09:51:43,180 - Process-120[MainThread] - BaseAggregator       - DEBUG   : Status update; current record queue size: 0
2020-11-29 09:51:48,187 - Process-120[MainThread] - BaseAggregator       - DEBUG   : Status update; current record queue size: 0
2020-11-29 09:51:53,194 - Process-120[MainThread] - BaseAggregator       - DEBUG   : Status update; current record queue size: 0
2020-11-29 09:51:58,200 - Process-120[MainThread] - BaseAggregator       - DEBUG   : Status update; current record queue size: 0
2020-11-29 09:52:03,206 - Process-120[MainThread] - BaseAggregator       - DEBUG   : Status update; current record queue size: 0
2020-11-29 09:52:08,213 - Process-120[MainThread] - BaseAggregator       - DEBUG   : Status update; current record queue size: 0
2020-11-29 09:52:13,220 - Process-120[MainThread] - BaseAggregator       - DEBUG   : Status update; current record queue size: 0
2020-11-29 09:52:18,226 - Process-120[MainThread] - BaseAggregator       - DEBUG   : Status update; current record queue size: 0
2020-11-29 09:52:23,232 - Process-120[MainThread] - BaseAggregator       - DEBUG   : Status update; current record queue size: 0
2020-11-29 09:52:28,238 - Process-120[MainThread] - BaseAggregator       - DEBUG   : Status update; current record queue size: 0
2020-11-29 09:52:33,245 - Process-120[MainThread] - BaseAggregator       - DEBUG   : Status update; current record queue size: 0
2020-11-29 09:52:38,252 - Process-120[MainThread] - BaseAggregator       - DEBUG   : Status update; current record queue size: 0
2020-11-29 09:52:43,258 - Process-120[MainThread] - BaseAggregator       - DEBUG   : Status update; current record queue size: 0
2020-11-29 09:52:48,264 - Process-120[MainThread] - BaseAggregator       - DEBUG   : Status update; current record queue size: 0
2020-11-29 09:52:53,270 - Process-120[MainThread] - BaseAggregator       - DEBUG   : Status update; current record queue size: 0
2020-11-29 09:52:58,276 - Process-120[MainThread] - BaseAggregator       - DEBUG   : Status update; current record queue size: 0
2020-11-29 09:53:03,282 - Process-120[MainThread] - BaseAggregator       - DEBUG   : Status update; current record queue size: 0
2020-11-29 09:53:08,289 - Process-120[MainThread] - BaseAggregator       - DEBUG   : Status update; current record queue size: 0
2020-11-29 09:53:13,295 - Process-120[MainThread] - BaseAggregator       - DEBUG   : Status update; current record queue size: 0
2020-11-29 09:53:18,301 - Process-120[MainThread] - BaseAggregator       - DEBUG   : Status update; current record queue size: 0
2020-11-29 09:53:23,307 - Process-120[MainThread] - BaseAggregator       - DEBUG   : Status update; current record queue size: 0
2020-11-29 09:53:28,316 - Process-120[MainThread] - BaseAggregator       - DEBUG   : Status update; current record queue size: 0
2020-11-29 09:53:33,324 - Process-120[MainThread] - BaseAggregator       - DEBUG   : Status update; current record queue size: 0
2020-11-29 09:53:38,329 - Process-120[MainThread] - BaseAggregator       - DEBUG   : Status update; current record queue size: 0
2020-11-29 09:53:43,336 - Process-120[MainThread] - BaseAggregator       - DEBUG   : Status update; current record queue size: 0
2020-11-29 09:53:48,342 - Process-120[MainThread] - BaseAggregator       - DEBUG   : Status update; current record queue size: 0
2020-11-29 09:53:53,348 - Process-120[MainThread] - BaseAggregator       - DEBUG   : Status update; current record queue size: 0
2020-11-29 09:53:58,354 - Process-120[MainThread] - BaseAggregator       - DEBUG   : Status update; current record queue size: 0
2020-11-29 09:54:03,361 - Process-120[MainThread] - BaseAggregator       - DEBUG   : Status update; current record queue size: 0
2020-11-29 09:54:08,366 - Process-120[MainThread] - BaseAggregator       - DEBUG   : Status update; current record queue size: 0
2020-11-29 09:54:13,372 - Process-120[MainThread] - BaseAggregator       - DEBUG   : Status update; current record queue size: 0
2020-11-29 09:54:18,378 - Process-120[MainThread] - BaseAggregator       - DEBUG   : Status update; current record queue size: 0
2020-11-29 09:54:23,385 - Process-120[MainThread] - BaseAggregator       - DEBUG   : Status update; current record queue size: 0
2020-11-29 09:54:28,391 - Process-120[MainThread] - BaseAggregator       - DEBUG   : Status update; current record queue size: 0
2020-11-29 09:54:33,397 - Process-120[MainThread] - BaseAggregator       - DEBUG   : Status update; current record queue size: 0
2020-11-29 09:54:38,403 - Process-120[MainThread] - BaseAggregator       - DEBUG   : Status update; current record queue size: 0
2020-11-29 09:54:43,409 - Process-120[MainThread] - BaseAggregator       - DEBUG   : Status update; current record queue size: 0
2020-11-29 09:54:48,414 - Process-120[MainThread] - BaseAggregator       - DEBUG   : Status update; current record queue size: 0
2020-11-29 09:54:53,420 - Process-120[MainThread] - BaseAggregator       - DEBUG   : Status update; current record queue size: 0
2020-11-29 09:54:58,427 - Process-120[MainThread] - BaseAggregator       - DEBUG   : Status update; current record queue size: 0
2020-11-29 09:55:03,433 - Process-120[MainThread] - BaseAggregator       - DEBUG   : Status update; current record queue size: 0
2020-11-29 09:55:08,440 - Process-120[MainThread] - BaseAggregator       - DEBUG   : Status update; current record queue size: 0
2020-11-29 09:55:13,446 - Process-120[MainThread] - BaseAggregator       - DEBUG   : Status update; current record queue size: 0
2020-11-29 09:55:18,452 - Process-120[MainThread] - BaseAggregator       - DEBUG   : Status update; current record queue size: 0
2020-11-29 09:55:23,458 - Process-120[MainThread] - BaseAggregator       - DEBUG   : Status update; current record queue size: 0
2020-11-29 09:55:28,464 - Process-120[MainThread] - BaseAggregator       - DEBUG   : Status update; current record queue size: 0
2020-11-29 09:55:33,470 - Process-120[MainThread] - BaseAggregator       - DEBUG   : Status update; current record queue size: 0
2020-11-29 09:55:38,476 - Process-120[MainThread] - BaseAggregator       - DEBUG   : Status update; current record queue size: 0
2020-11-29 09:55:43,483 - Process-120[MainThread] - BaseAggregator       - DEBUG   : Status update; current record queue size: 0
2020-11-29 09:55:48,489 - Process-120[MainThread] - BaseAggregator       - DEBUG   : Status update; current record queue size: 0
2020-11-29 09:55:53,495 - Process-120[MainThread] - BaseAggregator       - DEBUG   : Status update; current record queue size: 0
2020-11-29 09:55:58,501 - Process-120[MainThread] - BaseAggregator       - DEBUG   : Status update; current record queue size: 0
2020-11-29 09:56:03,507 - Process-120[MainThread] - BaseAggregator       - DEBUG   : Status update; current record queue size: 0
2020-11-29 09:56:08,512 - Process-120[MainThread] - BaseAggregator       - DEBUG   : Status update; current record queue size: 0
2020-11-29 09:56:13,517 - Process-120[MainThread] - BaseAggregator       - DEBUG   : Status update; current record queue size: 0
2020-11-29 09:56:18,523 - Process-120[MainThread] - BaseAggregator       - DEBUG   : Status update; current record queue size: 0
2020-11-29 09:56:23,529 - Process-120[MainThread] - BaseAggregator       - DEBUG   : Status update; current record queue size: 0
2020-11-29 09:56:27,744 - Process-120[Thread-2  ] - TaskManager          - INFO    : BROWSER 1: Timeout while executing command, GET, killing browser manager
2020-11-29 09:56:27,745 - Process-120[Thread-2  ] - TaskManager          - DEBUG   : BROWSER 1: Browser restart required
2020-11-29 09:56:28,535 - Process-120[MainThread] - BaseAggregator       - DEBUG   : Status update; current record queue size: 1
2020-11-29 09:56:29,761 - Process-120[MainThread] - BrowserManager       - DEBUG   : BROWSER 1: 502.114930 seconds to join command thread
2020-11-29 09:56:29,761 - Process-120[MainThread] - BrowserManager       - DEBUG   : BROWSER 1: Killing browser manager...
2020-11-29 09:56:29,761 - Process-120[MainThread] - BrowserManager       - DEBUG   : BROWSER 1: Attempting to kill BrowserManager with pid 42121. Display PID: 42154 | Display Port: 0 | Browser PID: 42317
2020-11-29 09:56:29,763 - Process-120[MainThread] - BrowserManager       - DEBUG   : BROWSER 1: Screen lockfile (/tmp/.X0-lock) already removed
2020-11-29 09:56:29,847 - Process-120[MainThread] - BrowserManager       - DEBUG   : BROWSER 1: Geckodriver process already killed.
2020-11-29 09:56:29,847 - Process-120[MainThread] - BrowserManager       - DEBUG   : BROWSER 1: during_init=False | profile_archive_dir=data/20_50/control_5_10
2020-11-29 09:56:29,847 - Process-120[MainThread] - BrowserManager       - DEBUG   : BROWSER 1: Archiving browser profile directory to data/20_50/control_5_10
2020-11-29 09:56:29,848 - Process-120[MainThread] - profile_commands     - DEBUG   : BROWSER 1: Backing up full profile from /tmp/rust_mozprofile.eggyYthep1Nz/ to data/20_50/control_5_10/profile.tar.gz
2020-11-29 09:56:29,963 - Process-120[MainThread] - profile_commands     - WARNING : BROWSER 1: /tmp/rust_mozprofile.eggyYthep1Nz/webapps NOT FOUND IN profile folder, skipping.
2020-11-29 09:56:29,967 - Process-120[MainThread] - profile_commands     - DEBUG   : BROWSER 1: SAVING /home/maaz/.macromedia/Flash_Player/#SharedObjects during flash file archive
2020-11-29 09:56:29,968 - Process-120[MainThread] - profile_commands     - DEBUG   : BROWSER 1: SAVING /home/maaz/.macromedia/Flash_Player/macromedia.com/support/flashplayer/sys during flash file archive
2020-11-29 09:56:29,979 - Process-120[MainThread] - BaseAggregator       - DEBUG   : Sending the shutdown signal to the LocalAggregator listener process...
2020-11-29 09:56:30,707 - Process-120[MainThread] - BaseAggregator       - INFO    : Received shutdown signal!
2020-11-29 09:56:33,754 - Process-120[MainThread] - BaseAggregator       - DEBUG   : LocalAggregator took 3.77487802505 seconds to close.
2020-11-29 09:59:38,903 - Process-190[MainThread] - BrowserManager       - DEBUG   : BROWSER 1: Spawn attempt 0 
2020-11-29 09:59:38,929 - Process-190[MainThread] - deploy_firefox       - DEBUG   : BROWSER 1: Loading initial browser profile from: data/20_50/control_5_10
2020-11-29 09:59:38,930 - Process-190[MainThread] - profile_commands     - DEBUG   : BROWSER 1: Copying profile tar from data/20_50/control_5_10/profile.tar.gz to /tmp/tmpOQf0LW/
2020-11-29 09:59:39,005 - Process-190[MainThread] - profile_commands     - DEBUG   : BROWSER 1: Tarfile extracted
2020-11-29 09:59:39,005 - Process-190[MainThread] - profile_commands     - DEBUG   : BROWSER 1: CLEARING /home/maaz/.macromedia/Flash_Player/#SharedObjects before loading flash files
2020-11-29 09:59:39,006 - Process-190[MainThread] - profile_commands     - DEBUG   : BROWSER 1: CLEARING /home/maaz/.macromedia/Flash_Player/macromedia.com/support/flashplayer/sys before loading flash files
2020-11-29 09:59:39,187 - Process-190[MainThread] - deploy_firefox       - DEBUG   : BROWSER 1: OpenWPM Firefox extension loaded
2020-11-29 09:59:41,136 - Process-190[log-interceptor-1] - selenium_firefox     - DEBUG   : BROWSER 1: driver: 1606661979223	geckodriver	INFO	Listening on 127.0.0.1:45141
2020-11-29 09:59:41,137 - Process-190[log-interceptor-1] - selenium_firefox     - DEBUG   : BROWSER 1: driver: 1606661980400	mozprofile::profile	INFO	Using profile path /tmp/rust_mozprofile.toK0p9BWstZC
2020-11-29 09:59:41,137 - Process-190[log-interceptor-1] - selenium_firefox     - DEBUG   : BROWSER 1: driver: 1606661980536	geckodriver::marionette	INFO	Starting browser /home/data/maaz/Ads/20v50/firefox-bin/firefox-bin with args []
2020-11-29 09:59:41,137 - Process-190[log-interceptor-1] - selenium_firefox     - DEBUG   : BROWSER 1: driver: 1606661980561	geckodriver::marionette	INFO	Connecting to Marionette on localhost:44685
2020-11-29 09:59:41,137 - Process-190[log-interceptor-1] - selenium_firefox     - DEBUG   : BROWSER 1: driver: 1606661980938	addons.manager	DEBUG	Application has been upgraded
2020-11-29 09:59:41,137 - Process-190[log-interceptor-1] - selenium_firefox     - DEBUG   : BROWSER 1: driver: 1606661980958	addons.manager	DEBUG	Loaded provider scope for resource://gre/modules/addons/XPIProvider.jsm: ["XPIProvider"]
2020-11-29 09:59:41,137 - Process-190[log-interceptor-1] - selenium_firefox     - DEBUG   : BROWSER 1: driver: 1606661980960	addons.manager	DEBUG	Loaded provider scope for resource://gre/modules/LightweightThemeManager.jsm: ["LightweightThemeManager"]
2020-11-29 09:59:41,138 - Process-190[log-interceptor-1] - selenium_firefox     - DEBUG   : BROWSER 1: driver: 1606661980964	addons.manager	DEBUG	Loaded provider scope for resource://gre/modules/addons/GMPProvider.jsm
2020-11-29 09:59:41,138 - Process-190[log-interceptor-1] - selenium_firefox     - DEBUG   : BROWSER 1: driver: 1606661980966	addons.manager	DEBUG	Loaded provider scope for resource://gre/modules/addons/PluginProvider.jsm
2020-11-29 09:59:41,138 - Process-190[log-interceptor-1] - selenium_firefox     - DEBUG   : BROWSER 1: driver: 1606661980968	addons.manager	DEBUG	Starting provider: XPIProvider
2020-11-29 09:59:41,138 - Process-190[log-interceptor-1] - selenium_firefox     - DEBUG   : BROWSER 1: driver: 1606661980968	addons.xpi	DEBUG	startup
2020-11-29 09:59:41,138 - Process-190[log-interceptor-1] - selenium_firefox     - DEBUG   : BROWSER 1: driver: 1606661980968	addons.xpi	INFO	Mapping @openwpm to /home/data/tmp/rust_mozprofile.toK0p9BWstZC/extensions/@openwpm
2020-11-29 09:59:41,138 - Process-190[log-interceptor-1] - selenium_firefox     - DEBUG   : BROWSER 1: driver: 1606661980968	addons.xpi	INFO	SystemAddonInstallLocation directory is missing
2020-11-29 09:59:41,138 - Process-190[log-interceptor-1] - selenium_firefox     - DEBUG   : BROWSER 1: driver: 1606661980970	addons.xpi	INFO	Mapping e10srollout@mozilla.org to /home/data/maaz/Ads/20v50/firefox-bin/browser/features/e10srollout@mozilla.org.xpi
2020-11-29 09:59:41,138 - Process-190[log-interceptor-1] - selenium_firefox     - DEBUG   : BROWSER 1: driver: 1606661980970	addons.xpi	INFO	Mapping webcompat@mozilla.org to /home/data/maaz/Ads/20v50/firefox-bin/browser/features/webcompat@mozilla.org.xpi
2020-11-29 09:59:41,138 - Process-190[log-interceptor-1] - selenium_firefox     - DEBUG   : BROWSER 1: driver: 1606661980970	addons.xpi	INFO	Mapping firefox@getpocket.com to /home/data/maaz/Ads/20v50/firefox-bin/browser/features/firefox@getpocket.com.xpi
2020-11-29 09:59:41,138 - Process-190[log-interceptor-1] - selenium_firefox     - DEBUG   : BROWSER 1: driver: 1606661980970	addons.xpi	INFO	Mapping aushelper@mozilla.org to /home/data/maaz/Ads/20v50/firefox-bin/browser/features/aushelper@mozilla.org.xpi
2020-11-29 09:59:41,139 - Process-190[log-interceptor-1] - selenium_firefox     - DEBUG   : BROWSER 1: driver: 1606661980972	addons.xpi	INFO	Mapping {972ce4c6-7e08-4474-a285-3208198ce6fd} to /home/data/maaz/Ads/20v50/firefox-bin/browser/extensions/{972ce4c6-7e08-4474-a285-3208198ce6fd}.xpi
2020-11-29 09:59:41,139 - Process-190[log-interceptor-1] - selenium_firefox     - DEBUG   : BROWSER 1: driver: 1606661980972	addons.xpi	DEBUG	checkForChanges
2020-11-29 09:59:41,139 - Process-190[log-interceptor-1] - selenium_firefox     - DEBUG   : BROWSER 1: driver: 1606661980972	addons.xpi	INFO	SystemAddonInstallLocation directory is missing
2020-11-29 09:59:41,139 - Process-190[log-interceptor-1] - selenium_firefox     - DEBUG   : BROWSER 1: driver: 1606661980972	addons.xpi	DEBUG	Loaded add-on state from prefs: {}
2020-11-29 09:59:41,139 - Process-190[log-interceptor-1] - selenium_firefox     - DEBUG   : BROWSER 1: driver: 1606661980972	addons.xpi	DEBUG	New add-on @openwpm in app-profile
2020-11-29 09:59:41,139 - Process-190[log-interceptor-1] - selenium_firefox     - DEBUG   : BROWSER 1: driver: 1606661980974	addons.xpi	DEBUG	getModTime: Recursive scan of @openwpm
2020-11-29 09:59:41,139 - Process-190[log-interceptor-1] - selenium_firefox     - DEBUG   : BROWSER 1: driver: 1606661980976	addons.xpi	DEBUG	New add-on e10srollout@mozilla.org in app-system-defaults
2020-11-29 09:59:41,139 - Process-190[log-interceptor-1] - selenium_firefox     - DEBUG   : BROWSER 1: driver: 1606661980976	addons.xpi	DEBUG	getModTime: Recursive scan of e10srollout@mozilla.org
2020-11-29 09:59:41,139 - Process-190[log-interceptor-1] - selenium_firefox     - DEBUG   : BROWSER 1: driver: 1606661980976	addons.xpi	DEBUG	New add-on webcompat@mozilla.org in app-system-defaults
2020-11-29 09:59:41,139 - Process-190[log-interceptor-1] - selenium_firefox     - DEBUG   : BROWSER 1: driver: 1606661980978	addons.xpi	DEBUG	getModTime: Recursive scan of webcompat@mozilla.org
2020-11-29 09:59:41,139 - Process-190[log-interceptor-1] - selenium_firefox     - DEBUG   : BROWSER 1: driver: 1606661980978	addons.xpi	DEBUG	New add-on firefox@getpocket.com in app-system-defaults
2020-11-29 09:59:41,139 - Process-190[log-interceptor-1] - selenium_firefox     - DEBUG   : BROWSER 1: driver: 1606661980978	addons.xpi	DEBUG	getModTime: Recursive scan of firefox@getpocket.com
2020-11-29 09:59:41,139 - Process-190[log-interceptor-1] - selenium_firefox     - DEBUG   : BROWSER 1: driver: 1606661980978	addons.xpi	DEBUG	New add-on aushelper@mozilla.org in app-system-defaults
2020-11-29 09:59:41,140 - Process-190[log-interceptor-1] - selenium_firefox     - DEBUG   : BROWSER 1: driver: 1606661980978	addons.xpi	DEBUG	getModTime: Recursive scan of aushelper@mozilla.org
2020-11-29 09:59:41,140 - Process-190[log-interceptor-1] - selenium_firefox     - DEBUG   : BROWSER 1: driver: 1606661980978	addons.xpi	DEBUG	New add-on {972ce4c6-7e08-4474-a285-3208198ce6fd} in app-global
2020-11-29 09:59:41,140 - Process-190[log-interceptor-1] - selenium_firefox     - DEBUG   : BROWSER 1: driver: 1606661980980	addons.xpi	DEBUG	getModTime: Recursive scan of {972ce4c6-7e08-4474-a285-3208198ce6fd}
2020-11-29 09:59:41,140 - Process-190[log-interceptor-1] - selenium_firefox     - DEBUG   : BROWSER 1: driver: 1606661980980	addons.xpi	DEBUG	getInstallState changed: true, state: {"app-profile":{"@openwpm":{"d":"/home/data/tmp/rust_mozprofile.toK0p9BWstZC/extensions/@openwpm","st":1606661980000,"mt":1606661980000}},"app-system-defaults":{"e10srollout@mozilla.org":{"d":"/home/data/maaz/Ads/20v50/firefox-bin/browser/features/e10srollout@mozilla.org.xpi","st":1606628784000},"webcompat@mozilla.org":{"d":"/home/data/maaz/Ads/20v50/firefox-bin/browser/features/webcompat@mozilla.org.xpi","st":1606628784000},"firefox@getpocket.com":{"d":"/home/data/maaz/Ads/20v50/firefox-bin/browser/features/firefox@getpocket.com.xpi","st":1606628784000},"aushelper@mozilla.org":{"d":"/home/data/maaz/Ads/20v50/firefox-bin/browser/features/aushelper@mozilla.org.xpi","st":1606628784000}},"app-global":{"{972ce4c6-7e08-4474-a285-3208198ce6fd}":{"d":"/home/data/maaz/Ads/20v50/firefox-bin/browser/extensions/{972ce4c6-7e08-4474-a285-3208198ce6fd}.xpi","st":1606628784000}}}
2020-11-29 09:59:41,140 - Process-190[log-interceptor-1] - selenium_firefox     - DEBUG   : BROWSER 1: driver: 1606661980988	addons.xpi-utils	DEBUG	Opening XPI database /home/data/tmp/rust_mozprofile.toK0p9BWstZC/extensions.json
2020-11-29 09:59:41,140 - Process-190[log-interceptor-1] - selenium_firefox     - DEBUG   : BROWSER 1: driver: 1606661980988	addons.xpi-utils	DEBUG	New add-on @openwpm installed in app-profile
2020-11-29 09:59:41,140 - Process-190[log-interceptor-1] - selenium_firefox     - DEBUG   : BROWSER 1: driver: *** Blocklist::_loadBlocklistFromFile: blocklist is disabled
2020-11-29 09:59:41,140 - Process-190[log-interceptor-1] - selenium_firefox     - DEBUG   : BROWSER 1: driver: 1606661981006	DeferredSave.extensions.json	DEBUG	Save changes
2020-11-29 09:59:41,140 - Process-190[log-interceptor-1] - selenium_firefox     - DEBUG   : BROWSER 1: driver: 1606661981006	addons.xpi-utils	DEBUG	New add-on e10srollout@mozilla.org installed in app-system-defaults
2020-11-29 09:59:41,140 - Process-190[log-interceptor-1] - selenium_firefox     - DEBUG   : BROWSER 1: driver: 1606661981010	DeferredSave.extensions.json	DEBUG	Starting timer
2020-11-29 09:59:41,140 - Process-190[log-interceptor-1] - selenium_firefox     - DEBUG   : BROWSER 1: driver: 1606661981014	DeferredSave.extensions.json	DEBUG	Save changes
2020-11-29 09:59:41,140 - Process-190[log-interceptor-1] - selenium_firefox     - DEBUG   : BROWSER 1: driver: 1606661981014	addons.xpi-utils	DEBUG	New add-on webcompat@mozilla.org installed in app-system-defaults
2020-11-29 09:59:41,140 - Process-190[log-interceptor-1] - selenium_firefox     - DEBUG   : BROWSER 1: driver: 1606661981020	DeferredSave.extensions.json	DEBUG	Save changes
2020-11-29 09:59:41,141 - Process-190[log-interceptor-1] - selenium_firefox     - DEBUG   : BROWSER 1: driver: 1606661981020	addons.xpi-utils	DEBUG	New add-on firefox@getpocket.com installed in app-system-defaults
2020-11-29 09:59:41,141 - Process-190[log-interceptor-1] - selenium_firefox     - DEBUG   : BROWSER 1: driver: 1606661981026	DeferredSave.extensions.json	DEBUG	Save changes
2020-11-29 09:59:41,141 - Process-190[log-interceptor-1] - selenium_firefox     - DEBUG   : BROWSER 1: driver: 1606661981026	addons.xpi-utils	DEBUG	New add-on aushelper@mozilla.org installed in app-system-defaults
2020-11-29 09:59:41,141 - Process-190[log-interceptor-1] - selenium_firefox     - DEBUG   : BROWSER 1: driver: 1606661981032	DeferredSave.extensions.json	DEBUG	Save changes
2020-11-29 09:59:41,141 - Process-190[log-interceptor-1] - selenium_firefox     - DEBUG   : BROWSER 1: driver: 1606661981032	addons.xpi-utils	DEBUG	New add-on {972ce4c6-7e08-4474-a285-3208198ce6fd} installed in app-global
2020-11-29 09:59:41,141 - Process-190[log-interceptor-1] - selenium_firefox     - DEBUG   : BROWSER 1: driver: 1606661981040	DeferredSave.extensions.json	DEBUG	Starting write
2020-11-29 09:59:41,141 - Process-190[log-interceptor-1] - selenium_firefox     - DEBUG   : BROWSER 1: driver: 1606661981046	DeferredSave.extensions.json	DEBUG	Save changes
2020-11-29 09:59:41,141 - Process-190[log-interceptor-1] - selenium_firefox     - DEBUG   : BROWSER 1: driver: 1606661981046	DeferredSave.extensions.json	DEBUG	Data changed while write in progress
2020-11-29 09:59:41,141 - Process-190[log-interceptor-1] - selenium_firefox     - DEBUG   : BROWSER 1: driver: 1606661981046	addons.manager	DEBUG	Registering startup change 'installed' for @openwpm
2020-11-29 09:59:41,141 - Process-190[log-interceptor-1] - selenium_firefox     - DEBUG   : BROWSER 1: driver: 1606661981046	addons.manager	DEBUG	Registering startup change 'installed' for @openwpm
2020-11-29 09:59:41,141 - Process-190[log-interceptor-1] - selenium_firefox     - DEBUG   : BROWSER 1: driver: 1606661981054	addons.xpi	DEBUG	Loading bootstrap scope from /home/data/tmp/rust_mozprofile.toK0p9BWstZC/extensions/@openwpm
2020-11-29 09:59:41,141 - Process-190[log-interceptor-1] - selenium_firefox     - DEBUG   : BROWSER 1: driver: 1606661981116	addons.xpi	DEBUG	Calling bootstrap method install on @openwpm version 0.0.1
2020-11-29 09:59:41,141 - Process-190[log-interceptor-1] - selenium_firefox     - DEBUG   : BROWSER 1: driver: 1606661981118	addons.xpi-utils	DEBUG	Make addon app-profile:@openwpm visible
2020-11-29 09:59:41,142 - Process-190[log-interceptor-1] - selenium_firefox     - DEBUG   : BROWSER 1: driver: 1606661981120	addons.xpi	DEBUG	Add-on @openwpm blocks e10s rollout.
2020-11-29 09:59:41,142 - Process-190[log-interceptor-1] - selenium_firefox     - DEBUG   : BROWSER 1: driver: 1606661981120	DeferredSave.extensions.json	DEBUG	Save changes
2020-11-29 09:59:41,142 - Process-190[log-interceptor-1] - selenium_firefox     - DEBUG   : BROWSER 1: driver: 1606661981122	addons.manager	DEBUG	Registering startup change 'installed' for e10srollout@mozilla.org
2020-11-29 09:59:41,142 - Process-190[log-interceptor-1] - selenium_firefox     - DEBUG   : BROWSER 1: driver: 1606661981122	addons.xpi	DEBUG	Loading bootstrap scope from /home/data/maaz/Ads/20v50/firefox-bin/browser/features/e10srollout@mozilla.org.xpi
2020-11-29 09:59:41,142 - Process-190[log-interceptor-1] - selenium_firefox     - DEBUG   : BROWSER 1: driver: 1606661981124	addons.xpi	DEBUG	Calling bootstrap method install on e10srollout@mozilla.org version 1.10
2020-11-29 09:59:41,142 - Process-190[log-interceptor-1] - selenium_firefox     - DEBUG   : BROWSER 1: driver: 1606661981124	addons.xpi	DEBUG	Add-on @openwpm blocks e10s rollout.
2020-11-29 09:59:41,142 - Process-190[log-interceptor-1] - selenium_firefox     - DEBUG   : BROWSER 1: driver: 1606661981124	addons.xpi	DEBUG	Add-on @openwpm blocks e10s rollout.
2020-11-29 09:59:41,142 - Process-190[log-interceptor-1] - selenium_firefox     - DEBUG   : BROWSER 1: driver: 1606661981124	addons.xpi-utils	DEBUG	Make addon app-system-defaults:e10srollout@mozilla.org visible
2020-11-29 09:59:41,142 - Process-190[log-interceptor-1] - selenium_firefox     - DEBUG   : BROWSER 1: driver: 1606661981126	addons.xpi	DEBUG	Add-on @openwpm blocks e10s rollout.
2020-11-29 09:59:41,142 - Process-190[log-interceptor-1] - selenium_firefox     - DEBUG   : BROWSER 1: driver: 1606661981126	DeferredSave.extensions.json	DEBUG	Save changes
2020-11-29 09:59:41,142 - Process-190[log-interceptor-1] - selenium_firefox     - DEBUG   : BROWSER 1: driver: 1606661981126	addons.manager	DEBUG	Registering startup change 'installed' for webcompat@mozilla.org
2020-11-29 09:59:41,142 - Process-190[log-interceptor-1] - selenium_firefox     - DEBUG   : BROWSER 1: driver: 1606661981126	addons.xpi	DEBUG	Loading bootstrap scope from /home/data/maaz/Ads/20v50/firefox-bin/browser/features/webcompat@mozilla.org.xpi
2020-11-29 09:59:41,142 - Process-190[log-interceptor-1] - selenium_firefox     - DEBUG   : BROWSER 1: driver: 1606661981128	addons.xpi	DEBUG	Calling bootstrap method install on webcompat@mozilla.org version 1.0
2020-11-29 09:59:41,143 - Process-190[log-interceptor-1] - selenium_firefox     - DEBUG   : BROWSER 1: driver: 1606661981128	addons.xpi-utils	DEBUG	Make addon app-system-defaults:webcompat@mozilla.org visible
2020-11-29 09:59:41,143 - Process-190[log-interceptor-1] - selenium_firefox     - DEBUG   : BROWSER 1: driver: 1606661981128	addons.xpi	DEBUG	Add-on @openwpm blocks e10s rollout.
2020-11-29 09:59:41,143 - Process-190[log-interceptor-1] - selenium_firefox     - DEBUG   : BROWSER 1: driver: 1606661981128	DeferredSave.extensions.json	DEBUG	Save changes
2020-11-29 09:59:41,143 - Process-190[log-interceptor-1] - selenium_firefox     - DEBUG   : BROWSER 1: driver: 1606661981128	addons.manager	DEBUG	Registering startup change 'installed' for firefox@getpocket.com
2020-11-29 09:59:41,143 - Process-190[log-interceptor-1] - selenium_firefox     - DEBUG   : BROWSER 1: driver: 1606661981130	addons.xpi	DEBUG	Loading bootstrap scope from /home/data/maaz/Ads/20v50/firefox-bin/browser/features/firefox@getpocket.com.xpi
2020-11-29 09:59:41,143 - Process-190[log-interceptor-1] - selenium_firefox     - DEBUG   : BROWSER 1: driver: 1606661981132	addons.xpi	DEBUG	Calling bootstrap method install on firefox@getpocket.com version 1.0.5
2020-11-29 09:59:41,143 - Process-190[log-interceptor-1] - selenium_firefox     - DEBUG   : BROWSER 1: driver: 1606661981132	addons.xpi-utils	DEBUG	Make addon app-system-defaults:firefox@getpocket.com visible
2020-11-29 09:59:41,143 - Process-190[log-interceptor-1] - selenium_firefox     - DEBUG   : BROWSER 1: driver: 1606661981132	addons.xpi	DEBUG	Add-on @openwpm blocks e10s rollout.
2020-11-29 09:59:41,143 - Process-190[log-interceptor-1] - selenium_firefox     - DEBUG   : BROWSER 1: driver: 1606661981132	DeferredSave.extensions.json	DEBUG	Save changes
2020-11-29 09:59:41,143 - Process-190[log-interceptor-1] - selenium_firefox     - DEBUG   : BROWSER 1: driver: 1606661981134	addons.manager	DEBUG	Registering startup change 'installed' for aushelper@mozilla.org
2020-11-29 09:59:41,143 - Process-190[log-interceptor-1] - selenium_firefox     - DEBUG   : BROWSER 1: driver: 1606661981134	addons.xpi	DEBUG	Loading bootstrap scope from /home/data/maaz/Ads/20v50/firefox-bin/browser/features/aushelper@mozilla.org.xpi
2020-11-29 09:59:41,164 - Process-190[log-interceptor-1] - selenium_firefox     - DEBUG   : BROWSER 1: driver: 1606661981136	addons.xpi	DEBUG	Calling bootstrap method install on aushelper@mozilla.org version 2.0
2020-11-29 09:59:41,164 - Process-190[log-interceptor-1] - selenium_firefox     - DEBUG   : BROWSER 1: driver: 1606661981136	addons.xpi-utils	DEBUG	Make addon app-system-defaults:aushelper@mozilla.org visible
2020-11-29 09:59:41,164 - Process-190[log-interceptor-1] - selenium_firefox     - DEBUG   : BROWSER 1: driver: 1606661981136	addons.xpi	DEBUG	Add-on @openwpm blocks e10s rollout.
2020-11-29 09:59:41,164 - Process-190[log-interceptor-1] - selenium_firefox     - DEBUG   : BROWSER 1: driver: 1606661981136	DeferredSave.extensions.json	DEBUG	Save changes
2020-11-29 09:59:41,164 - Process-190[log-interceptor-1] - selenium_firefox     - DEBUG   : BROWSER 1: driver: 1606661981136	addons.xpi-utils	DEBUG	Make addon app-global:{972ce4c6-7e08-4474-a285-3208198ce6fd} visible
2020-11-29 09:59:41,165 - Process-190[log-interceptor-1] - selenium_firefox     - DEBUG   : BROWSER 1: driver: 1606661981136	addons.xpi	DEBUG	Add-on @openwpm blocks e10s rollout.
2020-11-29 09:59:41,165 - Process-190[log-interceptor-1] - selenium_firefox     - DEBUG   : BROWSER 1: driver: 1606661981136	DeferredSave.extensions.json	DEBUG	Save changes
2020-11-29 09:59:41,165 - Process-190[log-interceptor-1] - selenium_firefox     - DEBUG   : BROWSER 1: driver: 1606661981138	addons.xpi	DEBUG	Updating XPIState for {"id":"@openwpm","syncGUID":"{20fd2f1e-cec3-4944-b031-32f4f01a3b44}","location":"app-profile","version":"0.0.1","type":"extension","internalName":null,"updateURL":null,"updateKey":null,"optionsURL":null,"optionsType":null,"aboutURL":null,"icons":{},"iconURL":null,"icon64URL":null,"defaultLocale":{"name":"openwpm","description":"Extension with socket interface into OpenWPM","creator":"Steven Englehardt","homepageURL":null},"visible":true,"active":true,"userDisabled":false,"appDisabled":false,"descriptor":"/home/data/tmp/rust_mozprofile.toK0p9BWstZC/extensions/@openwpm","installDate":1606661980000,"updateDate":1606661980000,"applyBackgroundUpdates":1,"bootstrap":true,"skinnable":false,"size":84784,"sourceURI":null,"releaseNotesURI":null,"softDisabled":false,"foreignInstall":true,"hasBinaryComponents":false,"strictCompatibility":false,"locales":[],"targetApplications":[{"id":"{ec8030f7-c20a-464f-9b0e-13a3a9e97384}","minVersion":"38.0a1","maxVersion":"*"}],"targetPlatforms":[],"multiprocessCompatible":false,"signedState":0,"seen":true,"dependencies":[],"hasEmbeddedWebExtension":false,"mpcOptedOut":false}
2020-11-29 09:59:41,165 - Process-190[log-interceptor-1] - selenium_firefox     - DEBUG   : BROWSER 1: driver: 1606661981138	addons.xpi	DEBUG	getModTime: Recursive scan of @openwpm
2020-11-29 09:59:41,165 - Process-190[log-interceptor-1] - selenium_firefox     - DEBUG   : BROWSER 1: driver: 1606661981138	addons.xpi	DEBUG	Updating XPIState for {"id":"e10srollout@mozilla.org","syncGUID":"{88e8e911-30e2-46fa-b358-e02b78a6ed27}","location":"app-system-defaults","version":"1.10","type":"extension","internalName":null,"updateURL":null,"updateKey":null,"optionsURL":null,"optionsType":null,"aboutURL":null,"icons":{},"iconURL":null,"icon64URL":null,"defaultLocale":{"name":"Multi-process staged rollout","description":"Staged rollout of Firefox multi-process feature.","creator":null,"homepageURL":null},"visible":true,"active":true,"userDisabled":false,"appDisabled":false,"descriptor":"/home/data/maaz/Ads/20v50/firefox-bin/browser/features/e10srollout@mozilla.org.xpi","installDate":1606628784000,"updateDate":1606628784000,"applyBackgroundUpdates":1,"bootstrap":true,"skinnable":false,"size":8145,"sourceURI":null,"releaseNotesURI":null,"softDisabled":false,"foreignInstall":false,"hasBinaryComponents":false,"strictCompatibility":false,"locales":[],"targetApplications":[{"id":"{ec8030f7-c20a-464f-9b0e-13a3a9e97384}","minVersion":"52.9.0","maxVersion":"52.*"}],"targetPlatforms":[],"multiprocessCompatible":true,"seen":true,"dependencies":[],"hasEmbeddedWebExtension":false,"mpcOptedOut":false}
2020-11-29 09:59:41,165 - Process-190[log-interceptor-1] - selenium_firefox     - DEBUG   : BROWSER 1: driver: 1606661981138	addons.xpi	DEBUG	getModTime: Recursive scan of e10srollout@mozilla.org
2020-11-29 09:59:41,165 - Process-190[log-interceptor-1] - selenium_firefox     - DEBUG   : BROWSER 1: driver: 1606661981138	addons.xpi	DEBUG	Updating XPIState for {"id":"webcompat@mozilla.org","syncGUID":"{d1844bfc-f6f2-4408-a243-738a41648842}","location":"app-system-defaults","version":"1.0","type":"extension","internalName":null,"updateURL":null,"updateKey":null,"optionsURL":null,"optionsType":null,"aboutURL":null,"icons":{},"iconURL":null,"icon64URL":null,"defaultLocale":{"name":"Web Compat","description":"Urgent post-release fixes for web compatibility.","creator":null,"homepageURL":null},"visible":true,"active":true,"userDisabled":false,"appDisabled":false,"descriptor":"/home/data/maaz/Ads/20v50/firefox-bin/browser/features/webcompat@mozilla.org.xpi","installDate":1606628784000,"updateDate":1606628784000,"applyBackgroundUpdates":1,"bootstrap":true,"skinnable":false,"size":1456,"sourceURI":null,"releaseNotesURI":null,"softDisabled":false,"foreignInstall":false,"hasBinaryComponents":false,"strictCompatibility":false,"locales":[],"targetApplications":[{"id":"{ec8030f7-c20a-464f-9b0e-13a3a9e97384}","minVersion":"52.9.0","maxVersion":"52.*"}],"targetPlatforms":[],"multiprocessCompatible":true,"seen":true,"dependencies":[],"hasEmbeddedWebExtension":false,"mpcOptedOut":false}
2020-11-29 09:59:41,165 - Process-190[log-interceptor-1] - selenium_firefox     - DEBUG   : BROWSER 1: driver: 1606661981138	addons.xpi	DEBUG	getModTime: Recursive scan of webcompat@mozilla.org
2020-11-29 09:59:41,165 - Process-190[log-interceptor-1] - selenium_firefox     - DEBUG   : BROWSER 1: driver: 1606661981140	addons.xpi	DEBUG	Updating XPIState for {"id":"firefox@getpocket.com","syncGUID":"{198e51b8-c319-4013-8c9d-1dbe2b553e74}","location":"app-system-defaults","version":"1.0.5","type":"extension","internalName":null,"updateURL":null,"updateKey":null,"optionsURL":null,"optionsType":null,"aboutURL":null,"icons":{},"iconURL":null,"icon64URL":null,"defaultLocale":{"name":"Pocket","description":"When you find something you want to view later, put it in Pocket.","creator":null,"homepageURL":null},"visible":true,"active":true,"userDisabled":false,"appDisabled":false,"descriptor":"/home/data/maaz/Ads/20v50/firefox-bin/browser/features/firefox@getpocket.com.xpi","installDate":1606628784000,"updateDate":1606628784000,"applyBackgroundUpdates":1,"bootstrap":true,"skinnable":false,"size":920281,"sourceURI":null,"releaseNotesURI":null,"softDisabled":false,"foreignInstall":false,"hasBinaryComponents":false,"strictCompatibility":false,"locales":[],"targetApplications":[{"id":"{ec8030f7-c20a-464f-9b0e-13a3a9e97384}","minVersion":"52.9.0","maxVersion":"52.*"}],"targetPlatforms":[],"multiprocessCompatible":true,"seen":true,"dependencies":[],"hasEmbeddedWebExtension":false,"mpcOptedOut":false}
2020-11-29 09:59:41,165 - Process-190[log-interceptor-1] - selenium_firefox     - DEBUG   : BROWSER 1: driver: 1606661981140	addons.xpi	DEBUG	getModTime: Recursive scan of firefox@getpocket.com
2020-11-29 09:59:41,165 - Process-190[log-interceptor-1] - selenium_firefox     - DEBUG   : BROWSER 1: driver: 1606661981140	addons.xpi	DEBUG	Updating XPIState for {"id":"aushelper@mozilla.org","syncGUID":"{f2075a54-eca7-4565-b80c-64699a2f3986}","location":"app-system-defaults","version":"2.0","type":"extension","internalName":null,"updateURL":null,"updateKey":null,"optionsURL":null,"optionsType":null,"aboutURL":null,"icons":{},"iconURL":null,"icon64URL":null,"defaultLocale":{"name":"Application Update Service Helper","description":"Sets value(s) in the update url based on custom checks.","creator":null,"homepageURL":null},"visible":true,"active":true,"userDisabled":false,"appDisabled":false,"descriptor":"/home/data/maaz/Ads/20v50/firefox-bin/browser/features/aushelper@mozilla.org.xpi","installDate":1606628784000,"updateDate":1606628784000,"applyBackgroundUpdates":1,"bootstrap":true,"skinnable":false,"size":8488,"sourceURI":null,"releaseNotesURI":null,"softDisabled":false,"foreignInstall":false,"hasBinaryComponents":false,"strictCompatibility":false,"locales":[],"targetApplications":[{"id":"{ec8030f7-c20a-464f-9b0e-13a3a9e97384}","minVersion":"52.9.0","maxVersion":"52.*"}],"targetPlatforms":[],"multiprocessCompatible":true,"seen":true,"dependencies":[],"hasEmbeddedWebExtension":false,"mpcOptedOut":false}
2020-11-29 09:59:41,165 - Process-190[log-interceptor-1] - selenium_firefox     - DEBUG   : BROWSER 1: driver: 1606661981140	addons.xpi	DEBUG	getModTime: Recursive scan of aushelper@mozilla.org
2020-11-29 09:59:41,166 - Process-190[log-interceptor-1] - selenium_firefox     - DEBUG   : BROWSER 1: driver: 1606661981140	addons.xpi	DEBUG	Updating XPIState for {"id":"{972ce4c6-7e08-4474-a285-3208198ce6fd}","syncGUID":"{faf9ddf3-1379-4b1f-92ee-842d525a3f98}","location":"app-global","version":"52.9.0","type":"theme","internalName":"classic/1.0","updateURL":null,"updateKey":null,"optionsURL":null,"optionsType":null,"aboutURL":null,"icons":{"32":"icon.png","48":"icon.png"},"iconURL":null,"icon64URL":null,"defaultLocale":{"name":"Default","description":"The default theme.","creator":"Mozilla","homepageURL":null,"contributors":["Mozilla Contributors"]},"visible":true,"active":true,"userDisabled":false,"appDisabled":false,"descriptor":"/home/data/maaz/Ads/20v50/firefox-bin/browser/extensions/{972ce4c6-7e08-4474-a285-3208198ce6fd}.xpi","installDate":1606628784000,"updateDate":1606628784000,"applyBackgroundUpdates":1,"skinnable":true,"size":4932,"sourceURI":null,"releaseNotesURI":null,"softDisabled":false,"foreignInstall":false,"hasBinaryComponents":false,"strictCompatibility":true,"locales":[],"targetApplications":[{"id":"{ec8030f7-c20a-464f-9b0e-13a3a9e97384}","minVersion":"52.9.0","maxVersion":"52.9.0"}],"targetPlatforms":[],"seen":true,"dependencies":[],"hasEmbeddedWebExtension":false}
2020-11-29 09:59:41,166 - Process-190[log-interceptor-1] - selenium_firefox     - DEBUG   : BROWSER 1: driver: 1606661981140	addons.xpi	DEBUG	getModTime: Recursive scan of {972ce4c6-7e08-4474-a285-3208198ce6fd}
2020-11-29 09:59:41,166 - Process-190[log-interceptor-1] - selenium_firefox     - DEBUG   : BROWSER 1: driver: 1606661981140	addons.xpi	DEBUG	Add-on @openwpm blocks e10s rollout.
2020-11-29 09:59:41,166 - Process-190[log-interceptor-1] - selenium_firefox     - DEBUG   : BROWSER 1: driver: 1606661981140	DeferredSave.extensions.json	DEBUG	Save changes
2020-11-29 09:59:41,166 - Process-190[log-interceptor-1] - selenium_firefox     - DEBUG   : BROWSER 1: driver: 1606661981140	addons.xpi	DEBUG	Updating database with changes to installed add-ons
2020-11-29 09:59:41,166 - Process-190[log-interceptor-1] - selenium_firefox     - DEBUG   : BROWSER 1: driver: 1606661981140	addons.xpi-utils	DEBUG	Updating add-on states
2020-11-29 09:59:41,166 - Process-190[log-interceptor-1] - selenium_firefox     - DEBUG   : BROWSER 1: driver: 1606661981142	addons.xpi-utils	DEBUG	Writing add-ons list
2020-11-29 09:59:41,166 - Process-190[log-interceptor-1] - selenium_firefox     - DEBUG   : BROWSER 1: driver: 1606661981144	addons.xpi	DEBUG	Registering manifest for /home/data/tmp/rust_mozprofile.toK0p9BWstZC/extensions/@openwpm
2020-11-29 09:59:41,166 - Process-190[log-interceptor-1] - selenium_firefox     - DEBUG   : BROWSER 1: driver: 1606661981144	addons.xpi	DEBUG	Calling bootstrap method startup on @openwpm version 0.0.1
2020-11-29 09:59:41,166 - Process-190[log-interceptor-1] - selenium_firefox     - DEBUG   : BROWSER 1: driver: 1606661981148	addons.xpi	DEBUG	Registering manifest for /home/data/maaz/Ads/20v50/firefox-bin/browser/features/aushelper@mozilla.org.xpi
2020-11-29 09:59:41,166 - Process-190[log-interceptor-1] - selenium_firefox     - DEBUG   : BROWSER 1: driver: 1606661981150	addons.xpi	DEBUG	Calling bootstrap method startup on aushelper@mozilla.org version 2.0
2020-11-29 09:59:41,166 - Process-190[log-interceptor-1] - selenium_firefox     - DEBUG   : BROWSER 1: driver: 1606661981150	addons.xpi	DEBUG	Registering manifest for /home/data/maaz/Ads/20v50/firefox-bin/browser/features/e10srollout@mozilla.org.xpi
2020-11-29 09:59:41,166 - Process-190[log-interceptor-1] - selenium_firefox     - DEBUG   : BROWSER 1: driver: 1606661981150	addons.xpi	DEBUG	Calling bootstrap method startup on e10srollout@mozilla.org version 1.10
2020-11-29 09:59:41,166 - Process-190[log-interceptor-1] - selenium_firefox     - DEBUG   : BROWSER 1: driver: 1606661981150	addons.xpi	DEBUG	Registering manifest for /home/data/maaz/Ads/20v50/firefox-bin/browser/features/firefox@getpocket.com.xpi
2020-11-29 09:59:41,167 - Process-190[log-interceptor-1] - selenium_firefox     - DEBUG   : BROWSER 1: driver: 1606661981152	addons.xpi	DEBUG	Calling bootstrap method startup on firefox@getpocket.com version 1.0.5
2020-11-29 09:59:41,167 - Process-190[log-interceptor-1] - selenium_firefox     - DEBUG   : BROWSER 1: driver: 1606661981152	addons.xpi	DEBUG	Registering manifest for /home/data/maaz/Ads/20v50/firefox-bin/browser/features/webcompat@mozilla.org.xpi
2020-11-29 09:59:41,167 - Process-190[log-interceptor-1] - selenium_firefox     - DEBUG   : BROWSER 1: driver: 1606661981152	addons.xpi	DEBUG	Calling bootstrap method startup on webcompat@mozilla.org version 1.0
2020-11-29 09:59:41,167 - Process-190[log-interceptor-1] - selenium_firefox     - DEBUG   : BROWSER 1: driver: 1606661981156	addons.manager	DEBUG	Registering shutdown blocker for XPIProvider
2020-11-29 09:59:41,167 - Process-190[log-interceptor-1] - selenium_firefox     - DEBUG   : BROWSER 1: driver: 1606661981156	addons.manager	DEBUG	Provider finished startup: XPIProvider
2020-11-29 09:59:41,167 - Process-190[log-interceptor-1] - selenium_firefox     - DEBUG   : BROWSER 1: driver: 1606661981156	addons.manager	DEBUG	Starting provider: LightweightThemeManager
2020-11-29 09:59:41,167 - Process-190[log-interceptor-1] - selenium_firefox     - DEBUG   : BROWSER 1: driver: 1606661981156	addons.manager	DEBUG	Registering shutdown blocker for LightweightThemeManager
2020-11-29 09:59:41,167 - Process-190[log-interceptor-1] - selenium_firefox     - DEBUG   : BROWSER 1: driver: 1606661981156	addons.manager	DEBUG	Provider finished startup: LightweightThemeManager
2020-11-29 09:59:41,167 - Process-190[log-interceptor-1] - selenium_firefox     - DEBUG   : BROWSER 1: driver: 1606661981156	addons.manager	DEBUG	Starting provider: GMPProvider
2020-11-29 09:59:43,909 - Process-190[MainThread] - BaseAggregator       - DEBUG   : Status update; current record queue size: 0
2020-11-29 09:59:46,034 - Process-190[MainThread] - FirefoxExtension     - DEBUG   : Cookie instrumentation enabled
2020-11-29 09:59:46,034 - Process-190[MainThread] - FirefoxExtension     - DEBUG   : HTTP Instrumentation enabled
2020-11-29 09:59:46,159 - Process-190[MainThread] - BrowserManager       - DEBUG   : BROWSER 1: Looking for extension port information in /tmp/rust_mozprofile.toK0p9BWstZC/
2020-11-29 09:59:46,160 - Process-190[MainThread] - BrowserManager       - DEBUG   : BROWSER 1: Connecting to extension on port 42619
2020-11-29 09:59:46,160 - Process-190[MainThread] - BrowserManager       - DEBUG   : BROWSER 1: BrowserManager ready.
2020-11-29 09:59:46,161 - Process-190[MainThread] - BrowserManager       - DEBUG   : BROWSER 1: Browser spawn sucessful!
2020-11-29 09:59:46,642 - Process-190[MainThread] - TaskManager          - INFO    : 

OpenWPM Version: 44dd020
Firefox Version: 52.9.0

========== Manager Configuration ==========
{
  "aggregator_address": [
    "127.0.0.1",
    36087
  ],
  "data_directory": "/home/data/maaz/Ads/20v50/data/20_50/control_5_10",
  "database_name": "/home/data/maaz/Ads/20v50/data/20_50/control_5_10/3_crawl-data.sqlite",
  "failure_limit": null,
  "log_directory": "/home/data/maaz/Ads/20v50/data/20_50/control_5_10",
  "log_file": "/home/data/maaz/Ads/20v50/data/20_50/control_5_10/openwpm.log",
  "logger_address": [
    "127.0.0.1",
    53479
  ],
  "num_browsers": 1,
  "output_format": "local",
  "screenshot_path": "/home/data/maaz/Ads/20v50/data/20_50/control_5_10/screenshots",
  "source_dump_path": "/home/data/maaz/Ads/20v50/data/20_50/control_5_10/sources",
  "testing": false
}

========== Browser Configuration ==========
Keys:
{
  "crawl_id": 0,
  "Ad_Sites": 1,
  "Browser_Config": 2,
  "Browser_Config_Def": 3,
  "Intent": 4,
  "Intent_Sites": 5,
  "Manager_Config": 6,
  "Manager_Config_Def": 7,
  "Number_of_Browsers": 8,
  "Persona_Name": 9,
  "Persona_Numb": 10,
  "Persona_Path": 11,
  "Sites": 12,
  "Storage_File": 13,
  "adblock-plus": 14,
  "bot_mitigation": 15,
  "browser": 16,
  "cookie_instrument": 17,
  "disable_flash": 18,
  "disconnect": 19,
  "donottrack": 20,
  "extension_enabled": 21,
  "ghostery": 22,
  "headless": 23,
  "http_instrument": 24,
  "https-everywhere": 25,
  "js_instrument": 26,
  "prefs": 27,
  "random_attributes": 28,
  "save_all_content": 29,
  "save_javascript": 30,
  "storage_file": 31,
  "tp_cookies": 32,
  "tracking-protection": 33,
  "ublock-origin": 34
}

  0  1                                 2                                                      3                            4         5    6                                                      7                              8  9               10  11             12    13          14     15    16       17    18     19     20     21    22     23    24    25     26     27    28     29     30     31          32      33     34
---  --------------------------------  -----------------------------------------------------  ---------------------------  --------  ---  -----------------------------------------------------  ---------------------------  ---  ------------  ----  -------------  ----  ----------  -----  ----  -------  ----  -----  -----  -----  ----  -----  ----  ----  -----  -----  ----  -----  -----  -----  ----------  ------  -----  -----
  1  [u'https://www.accuweather.com']  config/20_50/Control/5_Control_browser_params_10.json  default_browser_params.json  NoIntent  []   config/20_50/Control/5_Control_manager_params_10.json  default_manager_params.json    1  Control.json    10  data/personas  []    storage.js  False  True  firefox  True  False  False  False  True  False  True  True  False  False  {}    False  False  False  storage.js  always  False  False

========== Input profile tar files ==========
{
  "1": "data/20_50/control_5_10"
}

========== Output (archive) profile dirs ==========
{
  "1": "data/20_50/control_5_10"
}


2020-11-29 09:59:48,915 - Process-190[MainThread] - BaseAggregator       - DEBUG   : Status update; current record queue size: 0
2020-11-29 09:59:53,921 - Process-190[MainThread] - BaseAggregator       - DEBUG   : Status update; current record queue size: 0
2020-11-29 09:59:58,928 - Process-190[MainThread] - BaseAggregator       - DEBUG   : Status update; current record queue size: 0
2020-11-29 10:00:03,934 - Process-190[MainThread] - BaseAggregator       - DEBUG   : Status update; current record queue size: 0
2020-11-29 10:00:08,940 - Process-190[MainThread] - BaseAggregator       - DEBUG   : Status update; current record queue size: 0
2020-11-29 10:00:13,945 - Process-190[MainThread] - BaseAggregator       - DEBUG   : Status update; current record queue size: 0
2020-11-29 10:00:17,333 - Process-190[MainThread] - BrowserManager       - DEBUG   : BROWSER 1: Killing browser manager...
2020-11-29 10:00:17,333 - Process-190[MainThread] - BrowserManager       - DEBUG   : BROWSER 1: Attempting to kill BrowserManager with pid 51821. Display PID: 51854 | Display Port: 0 | Browser PID: 51933
2020-11-29 10:00:17,333 - Process-190[MainThread] - BrowserManager       - DEBUG   : BROWSER 1: Display process does not exit
2020-11-29 10:00:17,334 - Process-190[MainThread] - BrowserManager       - DEBUG   : BROWSER 1: Screen lockfile (/tmp/.X0-lock) already removed
2020-11-29 10:00:17,413 - Process-190[MainThread] - BrowserManager       - DEBUG   : BROWSER 1: Geckodriver process already killed.
2020-11-29 10:00:17,414 - Process-190[MainThread] - BrowserManager       - DEBUG   : BROWSER 1: during_init=False | profile_archive_dir=data/20_50/control_5_10
2020-11-29 10:00:17,414 - Process-190[MainThread] - BrowserManager       - DEBUG   : BROWSER 1: Archiving browser profile directory to data/20_50/control_5_10
2020-11-29 10:00:17,415 - Process-190[MainThread] - profile_commands     - DEBUG   : BROWSER 1: Backing up full profile from /tmp/rust_mozprofile.toK0p9BWstZC/ to data/20_50/control_5_10/profile.tar.gz
2020-11-29 10:00:17,547 - Process-190[MainThread] - profile_commands     - WARNING : BROWSER 1: /tmp/rust_mozprofile.toK0p9BWstZC/webapps NOT FOUND IN profile folder, skipping.
2020-11-29 10:00:17,551 - Process-190[MainThread] - profile_commands     - DEBUG   : BROWSER 1: SAVING /home/maaz/.macromedia/Flash_Player/#SharedObjects during flash file archive
2020-11-29 10:00:17,553 - Process-190[MainThread] - profile_commands     - DEBUG   : BROWSER 1: SAVING /home/maaz/.macromedia/Flash_Player/macromedia.com/support/flashplayer/sys during flash file archive
2020-11-29 10:00:17,560 - Process-190[MainThread] - BaseAggregator       - DEBUG   : Sending the shutdown signal to the LocalAggregator listener process...
2020-11-29 10:00:17,951 - Process-190[MainThread] - BaseAggregator       - INFO    : Received shutdown signal!
2020-11-29 10:00:20,988 - Process-190[MainThread] - BaseAggregator       - DEBUG   : LocalAggregator took 3.4264960289 seconds to close.
