2020-11-29 09:21:10,153 - Process-78 [MainThread] - BrowserManager       - DEBUG   : BROWSER 1: Spawn attempt 0 
2020-11-29 09:21:10,415 - Process-78 [MainThread] - deploy_firefox       - DEBUG   : BROWSER 1: OpenWPM Firefox extension loaded
2020-11-29 09:21:12,422 - Process-78 [log-interceptor-1] - selenium_firefox     - DEBUG   : BROWSER 1: driver: 1606659670464	geckodriver	INFO	Listening on 127.0.0.1:41061
2020-11-29 09:21:12,422 - Process-78 [log-interceptor-1] - selenium_firefox     - DEBUG   : BROWSER 1: driver: 1606659671542	mozprofile::profile	INFO	Using profile path /tmp/rust_mozprofile.ZfxZBWhqQ90S
2020-11-29 09:21:12,423 - Process-78 [log-interceptor-1] - selenium_firefox     - DEBUG   : BROWSER 1: driver: 1606659671547	geckodriver::marionette	INFO	Starting browser /home/data/maaz/Ads/20v50/firefox-bin/firefox-bin with args []
2020-11-29 09:21:12,423 - Process-78 [log-interceptor-1] - selenium_firefox     - DEBUG   : BROWSER 1: driver: 1606659671566	geckodriver::marionette	INFO	Connecting to Marionette on localhost:44737
2020-11-29 09:21:12,423 - Process-78 [log-interceptor-1] - selenium_firefox     - DEBUG   : BROWSER 1: driver: 1606659672200	addons.manager	DEBUG	Application has been upgraded
2020-11-29 09:21:12,423 - Process-78 [log-interceptor-1] - selenium_firefox     - DEBUG   : BROWSER 1: driver: 1606659672218	addons.manager	DEBUG	Loaded provider scope for resource://gre/modules/addons/XPIProvider.jsm: ["XPIProvider"]
2020-11-29 09:21:12,424 - Process-78 [log-interceptor-1] - selenium_firefox     - DEBUG   : BROWSER 1: driver: 1606659672222	addons.manager	DEBUG	Loaded provider scope for resource://gre/modules/LightweightThemeManager.jsm: ["LightweightThemeManager"]
2020-11-29 09:21:12,424 - Process-78 [log-interceptor-1] - selenium_firefox     - DEBUG   : BROWSER 1: driver: 1606659672224	addons.manager	DEBUG	Loaded provider scope for resource://gre/modules/addons/GMPProvider.jsm
2020-11-29 09:21:12,424 - Process-78 [log-interceptor-1] - selenium_firefox     - DEBUG   : BROWSER 1: driver: 1606659672226	addons.manager	DEBUG	Loaded provider scope for resource://gre/modules/addons/PluginProvider.jsm
2020-11-29 09:21:12,424 - Process-78 [log-interceptor-1] - selenium_firefox     - DEBUG   : BROWSER 1: driver: 1606659672228	addons.manager	DEBUG	Starting provider: XPIProvider
2020-11-29 09:21:12,425 - Process-78 [log-interceptor-1] - selenium_firefox     - DEBUG   : BROWSER 1: driver: 1606659672228	addons.xpi	DEBUG	startup
2020-11-29 09:21:12,425 - Process-78 [log-interceptor-1] - selenium_firefox     - DEBUG   : BROWSER 1: driver: 1606659672228	addons.xpi	INFO	Mapping @openwpm to /home/data/tmp/rust_mozprofile.ZfxZBWhqQ90S/extensions/@openwpm
2020-11-29 09:21:12,425 - Process-78 [log-interceptor-1] - selenium_firefox     - DEBUG   : BROWSER 1: driver: 1606659672228	addons.xpi	INFO	SystemAddonInstallLocation directory is missing
2020-11-29 09:21:12,425 - Process-78 [log-interceptor-1] - selenium_firefox     - DEBUG   : BROWSER 1: driver: 1606659672230	addons.xpi	INFO	Mapping e10srollout@mozilla.org to /home/data/maaz/Ads/20v50/firefox-bin/browser/features/e10srollout@mozilla.org.xpi
2020-11-29 09:21:12,425 - Process-78 [log-interceptor-1] - selenium_firefox     - DEBUG   : BROWSER 1: driver: 1606659672230	addons.xpi	INFO	Mapping webcompat@mozilla.org to /home/data/maaz/Ads/20v50/firefox-bin/browser/features/webcompat@mozilla.org.xpi
2020-11-29 09:21:12,426 - Process-78 [log-interceptor-1] - selenium_firefox     - DEBUG   : BROWSER 1: driver: 1606659672230	addons.xpi	INFO	Mapping firefox@getpocket.com to /home/data/maaz/Ads/20v50/firefox-bin/browser/features/firefox@getpocket.com.xpi
2020-11-29 09:21:12,426 - Process-78 [log-interceptor-1] - selenium_firefox     - DEBUG   : BROWSER 1: driver: 1606659672230	addons.xpi	INFO	Mapping aushelper@mozilla.org to /home/data/maaz/Ads/20v50/firefox-bin/browser/features/aushelper@mozilla.org.xpi
2020-11-29 09:21:12,426 - Process-78 [log-interceptor-1] - selenium_firefox     - DEBUG   : BROWSER 1: driver: 1606659672230	addons.xpi	INFO	Mapping {972ce4c6-7e08-4474-a285-3208198ce6fd} to /home/data/maaz/Ads/20v50/firefox-bin/browser/extensions/{972ce4c6-7e08-4474-a285-3208198ce6fd}.xpi
2020-11-29 09:21:12,426 - Process-78 [log-interceptor-1] - selenium_firefox     - DEBUG   : BROWSER 1: driver: 1606659672232	addons.xpi	DEBUG	checkForChanges
2020-11-29 09:21:12,426 - Process-78 [log-interceptor-1] - selenium_firefox     - DEBUG   : BROWSER 1: driver: 1606659672232	addons.xpi	INFO	SystemAddonInstallLocation directory is missing
2020-11-29 09:21:12,426 - Process-78 [log-interceptor-1] - selenium_firefox     - DEBUG   : BROWSER 1: driver: 1606659672232	addons.xpi	DEBUG	Loaded add-on state from prefs: {}
2020-11-29 09:21:12,426 - Process-78 [log-interceptor-1] - selenium_firefox     - DEBUG   : BROWSER 1: driver: 1606659672232	addons.xpi	DEBUG	New add-on @openwpm in app-profile
2020-11-29 09:21:12,426 - Process-78 [log-interceptor-1] - selenium_firefox     - DEBUG   : BROWSER 1: driver: 1606659672234	addons.xpi	DEBUG	getModTime: Recursive scan of @openwpm
2020-11-29 09:21:12,426 - Process-78 [log-interceptor-1] - selenium_firefox     - DEBUG   : BROWSER 1: driver: 1606659672234	addons.xpi	DEBUG	New add-on e10srollout@mozilla.org in app-system-defaults
2020-11-29 09:21:12,426 - Process-78 [log-interceptor-1] - selenium_firefox     - DEBUG   : BROWSER 1: driver: 1606659672236	addons.xpi	DEBUG	getModTime: Recursive scan of e10srollout@mozilla.org
2020-11-29 09:21:12,427 - Process-78 [log-interceptor-1] - selenium_firefox     - DEBUG   : BROWSER 1: driver: 1606659672236	addons.xpi	DEBUG	New add-on webcompat@mozilla.org in app-system-defaults
2020-11-29 09:21:12,427 - Process-78 [log-interceptor-1] - selenium_firefox     - DEBUG   : BROWSER 1: driver: 1606659672236	addons.xpi	DEBUG	getModTime: Recursive scan of webcompat@mozilla.org
2020-11-29 09:21:12,427 - Process-78 [log-interceptor-1] - selenium_firefox     - DEBUG   : BROWSER 1: driver: 1606659672236	addons.xpi	DEBUG	New add-on firefox@getpocket.com in app-system-defaults
2020-11-29 09:21:12,427 - Process-78 [log-interceptor-1] - selenium_firefox     - DEBUG   : BROWSER 1: driver: 1606659672236	addons.xpi	DEBUG	getModTime: Recursive scan of firefox@getpocket.com
2020-11-29 09:21:12,427 - Process-78 [log-interceptor-1] - selenium_firefox     - DEBUG   : BROWSER 1: driver: 1606659672238	addons.xpi	DEBUG	New add-on aushelper@mozilla.org in app-system-defaults
2020-11-29 09:21:12,427 - Process-78 [log-interceptor-1] - selenium_firefox     - DEBUG   : BROWSER 1: driver: 1606659672238	addons.xpi	DEBUG	getModTime: Recursive scan of aushelper@mozilla.org
2020-11-29 09:21:12,427 - Process-78 [log-interceptor-1] - selenium_firefox     - DEBUG   : BROWSER 1: driver: 1606659672238	addons.xpi	DEBUG	New add-on {972ce4c6-7e08-4474-a285-3208198ce6fd} in app-global
2020-11-29 09:21:12,427 - Process-78 [log-interceptor-1] - selenium_firefox     - DEBUG   : BROWSER 1: driver: 1606659672238	addons.xpi	DEBUG	getModTime: Recursive scan of {972ce4c6-7e08-4474-a285-3208198ce6fd}
2020-11-29 09:21:12,427 - Process-78 [log-interceptor-1] - selenium_firefox     - DEBUG   : BROWSER 1: driver: 1606659672238	addons.xpi	DEBUG	getInstallState changed: true, state: {"app-profile":{"@openwpm":{"d":"/home/data/tmp/rust_mozprofile.ZfxZBWhqQ90S/extensions/@openwpm","st":1606659671000,"mt":1606659671000}},"app-system-defaults":{"e10srollout@mozilla.org":{"d":"/home/data/maaz/Ads/20v50/firefox-bin/browser/features/e10srollout@mozilla.org.xpi","st":1606628784000},"webcompat@mozilla.org":{"d":"/home/data/maaz/Ads/20v50/firefox-bin/browser/features/webcompat@mozilla.org.xpi","st":1606628784000},"firefox@getpocket.com":{"d":"/home/data/maaz/Ads/20v50/firefox-bin/browser/features/firefox@getpocket.com.xpi","st":1606628784000},"aushelper@mozilla.org":{"d":"/home/data/maaz/Ads/20v50/firefox-bin/browser/features/aushelper@mozilla.org.xpi","st":1606628784000}},"app-global":{"{972ce4c6-7e08-4474-a285-3208198ce6fd}":{"d":"/home/data/maaz/Ads/20v50/firefox-bin/browser/extensions/{972ce4c6-7e08-4474-a285-3208198ce6fd}.xpi","st":1606628784000}}}
2020-11-29 09:21:12,427 - Process-78 [log-interceptor-1] - selenium_firefox     - DEBUG   : BROWSER 1: driver: 1606659672246	addons.xpi-utils	DEBUG	Opening XPI database /home/data/tmp/rust_mozprofile.ZfxZBWhqQ90S/extensions.json
2020-11-29 09:21:12,428 - Process-78 [log-interceptor-1] - selenium_firefox     - DEBUG   : BROWSER 1: driver: 1606659672246	addons.xpi-utils	DEBUG	New add-on @openwpm installed in app-profile
2020-11-29 09:21:12,428 - Process-78 [log-interceptor-1] - selenium_firefox     - DEBUG   : BROWSER 1: driver: *** Blocklist::_loadBlocklistFromFile: blocklist is disabled
2020-11-29 09:21:12,428 - Process-78 [log-interceptor-1] - selenium_firefox     - DEBUG   : BROWSER 1: driver: 1606659672264	DeferredSave.extensions.json	DEBUG	Save changes
2020-11-29 09:21:12,428 - Process-78 [log-interceptor-1] - selenium_firefox     - DEBUG   : BROWSER 1: driver: 1606659672266	addons.xpi-utils	DEBUG	New add-on e10srollout@mozilla.org installed in app-system-defaults
2020-11-29 09:21:12,428 - Process-78 [log-interceptor-1] - selenium_firefox     - DEBUG   : BROWSER 1: driver: 1606659672272	DeferredSave.extensions.json	DEBUG	Starting timer
2020-11-29 09:21:12,428 - Process-78 [log-interceptor-1] - selenium_firefox     - DEBUG   : BROWSER 1: driver: 1606659672274	DeferredSave.extensions.json	DEBUG	Save changes
2020-11-29 09:21:12,428 - Process-78 [log-interceptor-1] - selenium_firefox     - DEBUG   : BROWSER 1: driver: 1606659672274	addons.xpi-utils	DEBUG	New add-on webcompat@mozilla.org installed in app-system-defaults
2020-11-29 09:21:12,428 - Process-78 [log-interceptor-1] - selenium_firefox     - DEBUG   : BROWSER 1: driver: 1606659672280	DeferredSave.extensions.json	DEBUG	Save changes
2020-11-29 09:21:12,428 - Process-78 [log-interceptor-1] - selenium_firefox     - DEBUG   : BROWSER 1: driver: 1606659672280	addons.xpi-utils	DEBUG	New add-on firefox@getpocket.com installed in app-system-defaults
2020-11-29 09:21:12,428 - Process-78 [log-interceptor-1] - selenium_firefox     - DEBUG   : BROWSER 1: driver: 1606659672288	DeferredSave.extensions.json	DEBUG	Save changes
2020-11-29 09:21:12,429 - Process-78 [log-interceptor-1] - selenium_firefox     - DEBUG   : BROWSER 1: driver: 1606659672288	addons.xpi-utils	DEBUG	New add-on aushelper@mozilla.org installed in app-system-defaults
2020-11-29 09:21:12,429 - Process-78 [log-interceptor-1] - selenium_firefox     - DEBUG   : BROWSER 1: driver: 1606659672292	DeferredSave.extensions.json	DEBUG	Save changes
2020-11-29 09:21:12,429 - Process-78 [log-interceptor-1] - selenium_firefox     - DEBUG   : BROWSER 1: driver: 1606659672294	addons.xpi-utils	DEBUG	New add-on {972ce4c6-7e08-4474-a285-3208198ce6fd} installed in app-global
2020-11-29 09:21:12,429 - Process-78 [log-interceptor-1] - selenium_firefox     - DEBUG   : BROWSER 1: driver: 1606659672300	DeferredSave.extensions.json	DEBUG	Starting write
2020-11-29 09:21:12,429 - Process-78 [log-interceptor-1] - selenium_firefox     - DEBUG   : BROWSER 1: driver: 1606659672306	DeferredSave.extensions.json	DEBUG	Save changes
2020-11-29 09:21:12,429 - Process-78 [log-interceptor-1] - selenium_firefox     - DEBUG   : BROWSER 1: driver: 1606659672312	DeferredSave.extensions.json	DEBUG	Data changed while write in progress
2020-11-29 09:21:12,429 - Process-78 [log-interceptor-1] - selenium_firefox     - DEBUG   : BROWSER 1: driver: 1606659672314	addons.manager	DEBUG	Registering startup change 'installed' for @openwpm
2020-11-29 09:21:12,429 - Process-78 [log-interceptor-1] - selenium_firefox     - DEBUG   : BROWSER 1: driver: 1606659672314	addons.manager	DEBUG	Registering startup change 'installed' for @openwpm
2020-11-29 09:21:12,429 - Process-78 [log-interceptor-1] - selenium_firefox     - DEBUG   : BROWSER 1: driver: 1606659672324	addons.xpi	DEBUG	Loading bootstrap scope from /home/data/tmp/rust_mozprofile.ZfxZBWhqQ90S/extensions/@openwpm
2020-11-29 09:21:12,429 - Process-78 [log-interceptor-1] - selenium_firefox     - DEBUG   : BROWSER 1: driver: 1606659672392	addons.xpi	DEBUG	Calling bootstrap method install on @openwpm version 0.0.1
2020-11-29 09:21:12,429 - Process-78 [log-interceptor-1] - selenium_firefox     - DEBUG   : BROWSER 1: driver: 1606659672394	addons.xpi-utils	DEBUG	Make addon app-profile:@openwpm visible
2020-11-29 09:21:12,429 - Process-78 [log-interceptor-1] - selenium_firefox     - DEBUG   : BROWSER 1: driver: 1606659672398	addons.xpi	DEBUG	Add-on @openwpm blocks e10s rollout.
2020-11-29 09:21:12,430 - Process-78 [log-interceptor-1] - selenium_firefox     - DEBUG   : BROWSER 1: driver: 1606659672398	DeferredSave.extensions.json	DEBUG	Save changes
2020-11-29 09:21:12,430 - Process-78 [log-interceptor-1] - selenium_firefox     - DEBUG   : BROWSER 1: driver: 1606659672398	addons.manager	DEBUG	Registering startup change 'installed' for e10srollout@mozilla.org
2020-11-29 09:21:12,430 - Process-78 [log-interceptor-1] - selenium_firefox     - DEBUG   : BROWSER 1: driver: 1606659672400	addons.xpi	DEBUG	Loading bootstrap scope from /home/data/maaz/Ads/20v50/firefox-bin/browser/features/e10srollout@mozilla.org.xpi
2020-11-29 09:21:12,430 - Process-78 [log-interceptor-1] - selenium_firefox     - DEBUG   : BROWSER 1: driver: 1606659672402	addons.xpi	DEBUG	Calling bootstrap method install on e10srollout@mozilla.org version 1.10
2020-11-29 09:21:12,430 - Process-78 [log-interceptor-1] - selenium_firefox     - DEBUG   : BROWSER 1: driver: 1606659672404	addons.xpi	DEBUG	Add-on @openwpm blocks e10s rollout.
2020-11-29 09:21:12,430 - Process-78 [log-interceptor-1] - selenium_firefox     - DEBUG   : BROWSER 1: driver: 1606659672404	addons.xpi	DEBUG	Add-on @openwpm blocks e10s rollout.
2020-11-29 09:21:12,430 - Process-78 [log-interceptor-1] - selenium_firefox     - DEBUG   : BROWSER 1: driver: 1606659672404	addons.xpi-utils	DEBUG	Make addon app-system-defaults:e10srollout@mozilla.org visible
2020-11-29 09:21:12,430 - Process-78 [log-interceptor-1] - selenium_firefox     - DEBUG   : BROWSER 1: driver: 1606659672406	addons.xpi	DEBUG	Add-on @openwpm blocks e10s rollout.
2020-11-29 09:21:12,430 - Process-78 [log-interceptor-1] - selenium_firefox     - DEBUG   : BROWSER 1: driver: 1606659672406	DeferredSave.extensions.json	DEBUG	Save changes
2020-11-29 09:21:12,430 - Process-78 [log-interceptor-1] - selenium_firefox     - DEBUG   : BROWSER 1: driver: 1606659672406	addons.manager	DEBUG	Registering startup change 'installed' for webcompat@mozilla.org
2020-11-29 09:21:12,431 - Process-78 [log-interceptor-1] - selenium_firefox     - DEBUG   : BROWSER 1: driver: 1606659672406	addons.xpi	DEBUG	Loading bootstrap scope from /home/data/maaz/Ads/20v50/firefox-bin/browser/features/webcompat@mozilla.org.xpi
2020-11-29 09:21:12,431 - Process-78 [log-interceptor-1] - selenium_firefox     - DEBUG   : BROWSER 1: driver: 1606659672410	addons.xpi	DEBUG	Calling bootstrap method install on webcompat@mozilla.org version 1.0
2020-11-29 09:21:12,431 - Process-78 [log-interceptor-1] - selenium_firefox     - DEBUG   : BROWSER 1: driver: 1606659672410	addons.xpi-utils	DEBUG	Make addon app-system-defaults:webcompat@mozilla.org visible
2020-11-29 09:21:12,431 - Process-78 [log-interceptor-1] - selenium_firefox     - DEBUG   : BROWSER 1: driver: 1606659672410	addons.xpi	DEBUG	Add-on @openwpm blocks e10s rollout.
2020-11-29 09:21:12,431 - Process-78 [log-interceptor-1] - selenium_firefox     - DEBUG   : BROWSER 1: driver: 1606659672410	DeferredSave.extensions.json	DEBUG	Save changes
2020-11-29 09:21:12,431 - Process-78 [log-interceptor-1] - selenium_firefox     - DEBUG   : BROWSER 1: driver: 1606659672410	addons.manager	DEBUG	Registering startup change 'installed' for firefox@getpocket.com
2020-11-29 09:21:12,431 - Process-78 [log-interceptor-1] - selenium_firefox     - DEBUG   : BROWSER 1: driver: 1606659672410	addons.xpi	DEBUG	Loading bootstrap scope from /home/data/maaz/Ads/20v50/firefox-bin/browser/features/firefox@getpocket.com.xpi
2020-11-29 09:21:12,431 - Process-78 [log-interceptor-1] - selenium_firefox     - DEBUG   : BROWSER 1: driver: 1606659672416	addons.xpi	DEBUG	Calling bootstrap method install on firefox@getpocket.com version 1.0.5
2020-11-29 09:21:12,431 - Process-78 [log-interceptor-1] - selenium_firefox     - DEBUG   : BROWSER 1: driver: 1606659672416	addons.xpi-utils	DEBUG	Make addon app-system-defaults:firefox@getpocket.com visible
2020-11-29 09:21:12,431 - Process-78 [log-interceptor-1] - selenium_firefox     - DEBUG   : BROWSER 1: driver: 1606659672416	addons.xpi	DEBUG	Add-on @openwpm blocks e10s rollout.
2020-11-29 09:21:12,432 - Process-78 [log-interceptor-1] - selenium_firefox     - DEBUG   : BROWSER 1: driver: 1606659672416	DeferredSave.extensions.json	DEBUG	Save changes
2020-11-29 09:21:12,432 - Process-78 [log-interceptor-1] - selenium_firefox     - DEBUG   : BROWSER 1: driver: 1606659672418	addons.manager	DEBUG	Registering startup change 'installed' for aushelper@mozilla.org
2020-11-29 09:21:12,432 - Process-78 [log-interceptor-1] - selenium_firefox     - DEBUG   : BROWSER 1: driver: 1606659672418	addons.xpi	DEBUG	Loading bootstrap scope from /home/data/maaz/Ads/20v50/firefox-bin/browser/features/aushelper@mozilla.org.xpi
2020-11-29 09:21:12,464 - Process-78 [log-interceptor-1] - selenium_firefox     - DEBUG   : BROWSER 1: driver: 1606659672420	addons.xpi	DEBUG	Calling bootstrap method install on aushelper@mozilla.org version 2.0
2020-11-29 09:21:12,465 - Process-78 [log-interceptor-1] - selenium_firefox     - DEBUG   : BROWSER 1: driver: 1606659672422	addons.xpi-utils	DEBUG	Make addon app-system-defaults:aushelper@mozilla.org visible
2020-11-29 09:21:12,465 - Process-78 [log-interceptor-1] - selenium_firefox     - DEBUG   : BROWSER 1: driver: 1606659672422	addons.xpi	DEBUG	Add-on @openwpm blocks e10s rollout.
2020-11-29 09:21:12,465 - Process-78 [log-interceptor-1] - selenium_firefox     - DEBUG   : BROWSER 1: driver: 1606659672422	DeferredSave.extensions.json	DEBUG	Save changes
2020-11-29 09:21:12,465 - Process-78 [log-interceptor-1] - selenium_firefox     - DEBUG   : BROWSER 1: driver: 1606659672422	addons.xpi-utils	DEBUG	Make addon app-global:{972ce4c6-7e08-4474-a285-3208198ce6fd} visible
2020-11-29 09:21:12,465 - Process-78 [log-interceptor-1] - selenium_firefox     - DEBUG   : BROWSER 1: driver: 1606659672422	addons.xpi	DEBUG	Add-on @openwpm blocks e10s rollout.
2020-11-29 09:21:12,465 - Process-78 [log-interceptor-1] - selenium_firefox     - DEBUG   : BROWSER 1: driver: 1606659672422	DeferredSave.extensions.json	DEBUG	Save changes
2020-11-29 09:21:12,466 - Process-78 [log-interceptor-1] - selenium_firefox     - DEBUG   : BROWSER 1: driver: 1606659672424	addons.xpi	DEBUG	Updating XPIState for {"id":"@openwpm","syncGUID":"{743bedf4-b0b4-48c8-b404-493523571cce}","location":"app-profile","version":"0.0.1","type":"extension","internalName":null,"updateURL":null,"updateKey":null,"optionsURL":null,"optionsType":null,"aboutURL":null,"icons":{},"iconURL":null,"icon64URL":null,"defaultLocale":{"name":"openwpm","description":"Extension with socket interface into OpenWPM","creator":"Steven Englehardt","homepageURL":null},"visible":true,"active":true,"userDisabled":false,"appDisabled":false,"descriptor":"/home/data/tmp/rust_mozprofile.ZfxZBWhqQ90S/extensions/@openwpm","installDate":1606659671000,"updateDate":1606659671000,"applyBackgroundUpdates":1,"bootstrap":true,"skinnable":false,"size":84784,"sourceURI":null,"releaseNotesURI":null,"softDisabled":false,"foreignInstall":true,"hasBinaryComponents":false,"strictCompatibility":false,"locales":[],"targetApplications":[{"id":"{ec8030f7-c20a-464f-9b0e-13a3a9e97384}","minVersion":"38.0a1","maxVersion":"*"}],"targetPlatforms":[],"multiprocessCompatible":false,"signedState":0,"seen":true,"dependencies":[],"hasEmbeddedWebExtension":false,"mpcOptedOut":false}
2020-11-29 09:21:12,466 - Process-78 [log-interceptor-1] - selenium_firefox     - DEBUG   : BROWSER 1: driver: 1606659672424	addons.xpi	DEBUG	getModTime: Recursive scan of @openwpm
2020-11-29 09:21:12,466 - Process-78 [log-interceptor-1] - selenium_firefox     - DEBUG   : BROWSER 1: driver: 1606659672424	addons.xpi	DEBUG	Updating XPIState for {"id":"e10srollout@mozilla.org","syncGUID":"{6f8fd749-9e0b-47be-bd4d-912e3dc6a484}","location":"app-system-defaults","version":"1.10","type":"extension","internalName":null,"updateURL":null,"updateKey":null,"optionsURL":null,"optionsType":null,"aboutURL":null,"icons":{},"iconURL":null,"icon64URL":null,"defaultLocale":{"name":"Multi-process staged rollout","description":"Staged rollout of Firefox multi-process feature.","creator":null,"homepageURL":null},"visible":true,"active":true,"userDisabled":false,"appDisabled":false,"descriptor":"/home/data/maaz/Ads/20v50/firefox-bin/browser/features/e10srollout@mozilla.org.xpi","installDate":1606628784000,"updateDate":1606628784000,"applyBackgroundUpdates":1,"bootstrap":true,"skinnable":false,"size":8145,"sourceURI":null,"releaseNotesURI":null,"softDisabled":false,"foreignInstall":false,"hasBinaryComponents":false,"strictCompatibility":false,"locales":[],"targetApplications":[{"id":"{ec8030f7-c20a-464f-9b0e-13a3a9e97384}","minVersion":"52.9.0","maxVersion":"52.*"}],"targetPlatforms":[],"multiprocessCompatible":true,"seen":true,"dependencies":[],"hasEmbeddedWebExtension":false,"mpcOptedOut":false}
2020-11-29 09:21:12,466 - Process-78 [log-interceptor-1] - selenium_firefox     - DEBUG   : BROWSER 1: driver: 1606659672426	addons.xpi	DEBUG	getModTime: Recursive scan of e10srollout@mozilla.org
2020-11-29 09:21:12,466 - Process-78 [log-interceptor-1] - selenium_firefox     - DEBUG   : BROWSER 1: driver: 1606659672426	addons.xpi	DEBUG	Updating XPIState for {"id":"webcompat@mozilla.org","syncGUID":"{dfb9e0e8-144e-46c7-8881-50953087b9fd}","location":"app-system-defaults","version":"1.0","type":"extension","internalName":null,"updateURL":null,"updateKey":null,"optionsURL":null,"optionsType":null,"aboutURL":null,"icons":{},"iconURL":null,"icon64URL":null,"defaultLocale":{"name":"Web Compat","description":"Urgent post-release fixes for web compatibility.","creator":null,"homepageURL":null},"visible":true,"active":true,"userDisabled":false,"appDisabled":false,"descriptor":"/home/data/maaz/Ads/20v50/firefox-bin/browser/features/webcompat@mozilla.org.xpi","installDate":1606628784000,"updateDate":1606628784000,"applyBackgroundUpdates":1,"bootstrap":true,"skinnable":false,"size":1456,"sourceURI":null,"releaseNotesURI":null,"softDisabled":false,"foreignInstall":false,"hasBinaryComponents":false,"strictCompatibility":false,"locales":[],"targetApplications":[{"id":"{ec8030f7-c20a-464f-9b0e-13a3a9e97384}","minVersion":"52.9.0","maxVersion":"52.*"}],"targetPlatforms":[],"multiprocessCompatible":true,"seen":true,"dependencies":[],"hasEmbeddedWebExtension":false,"mpcOptedOut":false}
2020-11-29 09:21:12,466 - Process-78 [log-interceptor-1] - selenium_firefox     - DEBUG   : BROWSER 1: driver: 1606659672426	addons.xpi	DEBUG	getModTime: Recursive scan of webcompat@mozilla.org
2020-11-29 09:21:12,466 - Process-78 [log-interceptor-1] - selenium_firefox     - DEBUG   : BROWSER 1: driver: 1606659672426	addons.xpi	DEBUG	Updating XPIState for {"id":"firefox@getpocket.com","syncGUID":"{fb8145d8-fd97-4b22-9358-1dd7429146a5}","location":"app-system-defaults","version":"1.0.5","type":"extension","internalName":null,"updateURL":null,"updateKey":null,"optionsURL":null,"optionsType":null,"aboutURL":null,"icons":{},"iconURL":null,"icon64URL":null,"defaultLocale":{"name":"Pocket","description":"When you find something you want to view later, put it in Pocket.","creator":null,"homepageURL":null},"visible":true,"active":true,"userDisabled":false,"appDisabled":false,"descriptor":"/home/data/maaz/Ads/20v50/firefox-bin/browser/features/firefox@getpocket.com.xpi","installDate":1606628784000,"updateDate":1606628784000,"applyBackgroundUpdates":1,"bootstrap":true,"skinnable":false,"size":920281,"sourceURI":null,"releaseNotesURI":null,"softDisabled":false,"foreignInstall":false,"hasBinaryComponents":false,"strictCompatibility":false,"locales":[],"targetApplications":[{"id":"{ec8030f7-c20a-464f-9b0e-13a3a9e97384}","minVersion":"52.9.0","maxVersion":"52.*"}],"targetPlatforms":[],"multiprocessCompatible":true,"seen":true,"dependencies":[],"hasEmbeddedWebExtension":false,"mpcOptedOut":false}
2020-11-29 09:21:12,466 - Process-78 [log-interceptor-1] - selenium_firefox     - DEBUG   : BROWSER 1: driver: 1606659672426	addons.xpi	DEBUG	getModTime: Recursive scan of firefox@getpocket.com
2020-11-29 09:21:12,466 - Process-78 [log-interceptor-1] - selenium_firefox     - DEBUG   : BROWSER 1: driver: 1606659672428	addons.xpi	DEBUG	Updating XPIState for {"id":"aushelper@mozilla.org","syncGUID":"{1837444d-8ea5-4b52-89bb-e589456c1b05}","location":"app-system-defaults","version":"2.0","type":"extension","internalName":null,"updateURL":null,"updateKey":null,"optionsURL":null,"optionsType":null,"aboutURL":null,"icons":{},"iconURL":null,"icon64URL":null,"defaultLocale":{"name":"Application Update Service Helper","description":"Sets value(s) in the update url based on custom checks.","creator":null,"homepageURL":null},"visible":true,"active":true,"userDisabled":false,"appDisabled":false,"descriptor":"/home/data/maaz/Ads/20v50/firefox-bin/browser/features/aushelper@mozilla.org.xpi","installDate":1606628784000,"updateDate":1606628784000,"applyBackgroundUpdates":1,"bootstrap":true,"skinnable":false,"size":8488,"sourceURI":null,"releaseNotesURI":null,"softDisabled":false,"foreignInstall":false,"hasBinaryComponents":false,"strictCompatibility":false,"locales":[],"targetApplications":[{"id":"{ec8030f7-c20a-464f-9b0e-13a3a9e97384}","minVersion":"52.9.0","maxVersion":"52.*"}],"targetPlatforms":[],"multiprocessCompatible":true,"seen":true,"dependencies":[],"hasEmbeddedWebExtension":false,"mpcOptedOut":false}
2020-11-29 09:21:12,467 - Process-78 [log-interceptor-1] - selenium_firefox     - DEBUG   : BROWSER 1: driver: 1606659672428	addons.xpi	DEBUG	getModTime: Recursive scan of aushelper@mozilla.org
2020-11-29 09:21:12,467 - Process-78 [log-interceptor-1] - selenium_firefox     - DEBUG   : BROWSER 1: driver: 1606659672428	addons.xpi	DEBUG	Updating XPIState for {"id":"{972ce4c6-7e08-4474-a285-3208198ce6fd}","syncGUID":"{871466fa-1c7a-410d-8bb8-2e92d40b4b4a}","location":"app-global","version":"52.9.0","type":"theme","internalName":"classic/1.0","updateURL":null,"updateKey":null,"optionsURL":null,"optionsType":null,"aboutURL":null,"icons":{"32":"icon.png","48":"icon.png"},"iconURL":null,"icon64URL":null,"defaultLocale":{"name":"Default","description":"The default theme.","creator":"Mozilla","homepageURL":null,"contributors":["Mozilla Contributors"]},"visible":true,"active":true,"userDisabled":false,"appDisabled":false,"descriptor":"/home/data/maaz/Ads/20v50/firefox-bin/browser/extensions/{972ce4c6-7e08-4474-a285-3208198ce6fd}.xpi","installDate":1606628784000,"updateDate":1606628784000,"applyBackgroundUpdates":1,"skinnable":true,"size":4932,"sourceURI":null,"releaseNotesURI":null,"softDisabled":false,"foreignInstall":false,"hasBinaryComponents":false,"strictCompatibility":true,"locales":[],"targetApplications":[{"id":"{ec8030f7-c20a-464f-9b0e-13a3a9e97384}","minVersion":"52.9.0","maxVersion":"52.9.0"}],"targetPlatforms":[],"seen":true,"dependencies":[],"hasEmbeddedWebExtension":false}
2020-11-29 09:21:12,467 - Process-78 [log-interceptor-1] - selenium_firefox     - DEBUG   : BROWSER 1: driver: 1606659672428	addons.xpi	DEBUG	getModTime: Recursive scan of {972ce4c6-7e08-4474-a285-3208198ce6fd}
2020-11-29 09:21:12,467 - Process-78 [log-interceptor-1] - selenium_firefox     - DEBUG   : BROWSER 1: driver: 1606659672430	addons.xpi	DEBUG	Add-on @openwpm blocks e10s rollout.
2020-11-29 09:21:12,467 - Process-78 [log-interceptor-1] - selenium_firefox     - DEBUG   : BROWSER 1: driver: 1606659672430	DeferredSave.extensions.json	DEBUG	Save changes
2020-11-29 09:21:12,467 - Process-78 [log-interceptor-1] - selenium_firefox     - DEBUG   : BROWSER 1: driver: 1606659672430	addons.xpi	DEBUG	Updating database with changes to installed add-ons
2020-11-29 09:21:12,467 - Process-78 [log-interceptor-1] - selenium_firefox     - DEBUG   : BROWSER 1: driver: 1606659672430	addons.xpi-utils	DEBUG	Updating add-on states
2020-11-29 09:21:12,467 - Process-78 [log-interceptor-1] - selenium_firefox     - DEBUG   : BROWSER 1: driver: 1606659672430	addons.xpi-utils	DEBUG	Writing add-ons list
2020-11-29 09:21:12,467 - Process-78 [log-interceptor-1] - selenium_firefox     - DEBUG   : BROWSER 1: driver: 1606659672434	addons.xpi	DEBUG	Registering manifest for /home/data/tmp/rust_mozprofile.ZfxZBWhqQ90S/extensions/@openwpm
2020-11-29 09:21:12,467 - Process-78 [log-interceptor-1] - selenium_firefox     - DEBUG   : BROWSER 1: driver: 1606659672436	addons.xpi	DEBUG	Calling bootstrap method startup on @openwpm version 0.0.1
2020-11-29 09:21:12,467 - Process-78 [log-interceptor-1] - selenium_firefox     - DEBUG   : BROWSER 1: driver: 1606659672442	addons.xpi	DEBUG	Registering manifest for /home/data/maaz/Ads/20v50/firefox-bin/browser/features/aushelper@mozilla.org.xpi
2020-11-29 09:21:12,468 - Process-78 [log-interceptor-1] - selenium_firefox     - DEBUG   : BROWSER 1: driver: 1606659672442	addons.xpi	DEBUG	Calling bootstrap method startup on aushelper@mozilla.org version 2.0
2020-11-29 09:21:12,468 - Process-78 [log-interceptor-1] - selenium_firefox     - DEBUG   : BROWSER 1: driver: 1606659672444	addons.xpi	DEBUG	Registering manifest for /home/data/maaz/Ads/20v50/firefox-bin/browser/features/e10srollout@mozilla.org.xpi
2020-11-29 09:21:12,468 - Process-78 [log-interceptor-1] - selenium_firefox     - DEBUG   : BROWSER 1: driver: 1606659672444	addons.xpi	DEBUG	Calling bootstrap method startup on e10srollout@mozilla.org version 1.10
2020-11-29 09:21:12,468 - Process-78 [log-interceptor-1] - selenium_firefox     - DEBUG   : BROWSER 1: driver: 1606659672444	addons.xpi	DEBUG	Registering manifest for /home/data/maaz/Ads/20v50/firefox-bin/browser/features/firefox@getpocket.com.xpi
2020-11-29 09:21:12,468 - Process-78 [log-interceptor-1] - selenium_firefox     - DEBUG   : BROWSER 1: driver: 1606659672446	addons.xpi	DEBUG	Calling bootstrap method startup on firefox@getpocket.com version 1.0.5
2020-11-29 09:21:12,468 - Process-78 [log-interceptor-1] - selenium_firefox     - DEBUG   : BROWSER 1: driver: 1606659672448	addons.xpi	DEBUG	Registering manifest for /home/data/maaz/Ads/20v50/firefox-bin/browser/features/webcompat@mozilla.org.xpi
2020-11-29 09:21:12,468 - Process-78 [log-interceptor-1] - selenium_firefox     - DEBUG   : BROWSER 1: driver: 1606659672448	addons.xpi	DEBUG	Calling bootstrap method startup on webcompat@mozilla.org version 1.0
2020-11-29 09:21:12,468 - Process-78 [log-interceptor-1] - selenium_firefox     - DEBUG   : BROWSER 1: driver: 1606659672452	addons.manager	DEBUG	Registering shutdown blocker for XPIProvider
2020-11-29 09:21:12,468 - Process-78 [log-interceptor-1] - selenium_firefox     - DEBUG   : BROWSER 1: driver: 1606659672452	addons.manager	DEBUG	Provider finished startup: XPIProvider
2020-11-29 09:21:12,468 - Process-78 [log-interceptor-1] - selenium_firefox     - DEBUG   : BROWSER 1: driver: 1606659672452	addons.manager	DEBUG	Starting provider: LightweightThemeManager
2020-11-29 09:21:12,468 - Process-78 [log-interceptor-1] - selenium_firefox     - DEBUG   : BROWSER 1: driver: 1606659672452	addons.manager	DEBUG	Registering shutdown blocker for LightweightThemeManager
2020-11-29 09:21:12,469 - Process-78 [log-interceptor-1] - selenium_firefox     - DEBUG   : BROWSER 1: driver: 1606659672454	addons.manager	DEBUG	Provider finished startup: LightweightThemeManager
2020-11-29 09:21:12,469 - Process-78 [log-interceptor-1] - selenium_firefox     - DEBUG   : BROWSER 1: driver: 1606659672454	addons.manager	DEBUG	Starting provider: GMPProvider
2020-11-29 09:21:15,158 - Process-78 [MainThread] - BaseAggregator       - DEBUG   : Status update; current record queue size: 0
2020-11-29 09:21:19,371 - Process-78 [MainThread] - FirefoxExtension     - DEBUG   : Cookie instrumentation enabled
2020-11-29 09:21:19,372 - Process-78 [MainThread] - FirefoxExtension     - DEBUG   : HTTP Instrumentation enabled
2020-11-29 09:21:19,516 - Process-78 [MainThread] - BrowserManager       - DEBUG   : BROWSER 1: Looking for extension port information in /tmp/rust_mozprofile.ZfxZBWhqQ90S/
2020-11-29 09:21:19,516 - Process-78 [MainThread] - BrowserManager       - DEBUG   : BROWSER 1: Connecting to extension on port 33633
2020-11-29 09:21:19,517 - Process-78 [MainThread] - BrowserManager       - DEBUG   : BROWSER 1: BrowserManager ready.
2020-11-29 09:21:19,517 - Process-78 [MainThread] - BrowserManager       - DEBUG   : BROWSER 1: Browser spawn sucessful!
2020-11-29 09:21:20,165 - Process-78 [MainThread] - BaseAggregator       - DEBUG   : Status update; current record queue size: 0
2020-11-29 09:21:20,721 - Process-78 [MainThread] - TaskManager          - INFO    : 

OpenWPM Version: 44dd020
Firefox Version: 52.9.0

========== Manager Configuration ==========
{
  "aggregator_address": [
    "127.0.0.1",
    34275
  ],
  "data_directory": "/home/data/maaz/Ads/20v50/data/20_50/control_5_4",
  "database_name": "/home/data/maaz/Ads/20v50/data/20_50/control_5_4/2_crawl-data.sqlite",
  "failure_limit": null,
  "log_directory": "/home/data/maaz/Ads/20v50/data/20_50/control_5_4",
  "log_file": "/home/data/maaz/Ads/20v50/data/20_50/control_5_4/openwpm.log",
  "logger_address": [
    "127.0.0.1",
    36947
  ],
  "num_browsers": 1,
  "output_format": "local",
  "screenshot_path": "/home/data/maaz/Ads/20v50/data/20_50/control_5_4/screenshots",
  "source_dump_path": "/home/data/maaz/Ads/20v50/data/20_50/control_5_4/sources",
  "testing": false
}

========== Browser Configuration ==========
Keys:
{
  "crawl_id": 0,
  "Ad_Sites": 1,
  "Browser_Config": 2,
  "Browser_Config_Def": 3,
  "Intent": 4,
  "Intent_Sites": 5,
  "Manager_Config": 6,
  "Manager_Config_Def": 7,
  "Number_of_Browsers": 8,
  "Persona_Name": 9,
  "Persona_Numb": 10,
  "Persona_Path": 11,
  "Sites": 12,
  "Storage_File": 13,
  "adblock-plus": 14,
  "bot_mitigation": 15,
  "browser": 16,
  "cookie_instrument": 17,
  "disable_flash": 18,
  "disconnect": 19,
  "donottrack": 20,
  "extension_enabled": 21,
  "ghostery": 22,
  "headless": 23,
  "http_instrument": 24,
  "https-everywhere": 25,
  "js_instrument": 26,
  "prefs": 27,
  "random_attributes": 28,
  "save_all_content": 29,
  "save_javascript": 30,
  "storage_file": 31,
  "tp_cookies": 32,
  "tracking-protection": 33,
  "ublock-origin": 34
}

  0  1                                 2                                                     3                            4         5    6                                                     7                              8  9               10  11             12    13          14     15    16       17    18     19     20     21    22     23    24    25     26     27    28     29     30     31          32      33     34
---  --------------------------------  ----------------------------------------------------  ---------------------------  --------  ---  ----------------------------------------------------  ---------------------------  ---  ------------  ----  -------------  ----  ----------  -----  ----  -------  ----  -----  -----  -----  ----  -----  ----  ----  -----  -----  ----  -----  -----  -----  ----------  ------  -----  -----
  1  [u'https://www.accuweather.com']  config/20_50/Control/5_Control_browser_params_4.json  default_browser_params.json  NoIntent  []   config/20_50/Control/5_Control_manager_params_4.json  default_manager_params.json    1  Control.json     4  data/personas  []    storage.js  False  True  firefox  True  False  False  False  True  False  True  True  False  False  {}    False  False  False  storage.js  always  False  False

========== Input profile tar files ==========
  No profile tar files specified

========== Output (archive) profile dirs ==========
{
  "1": "data/20_50/control_5_4"
}


2020-11-29 09:21:20,722 - Process-78 [MainThread] - TaskManager          - DEBUG   : Checking command failure status indicator...
2020-11-29 09:21:20,823 - Process-78 [MainThread] - BrowserManager       - DEBUG   : BROWSER 1: Joining command thread
2020-11-29 09:21:20,826 - Process-78 [MainThread] - BrowserManager       - INFO    : BROWSER 1: EXECUTING COMMAND: ('GET', u'https://www.accuweather.com', 1, 1)
2020-11-29 09:21:21,896 - Process-78 [MainThread] - FirefoxExtension     - DEBUG   : Visit Id: 1
2020-11-29 09:21:25,364 - Process-78 [MainThread] - BaseAggregator       - DEBUG   : Status update; current record queue size: 108
2020-11-29 09:21:30,582 - Process-78 [MainThread] - BaseAggregator       - DEBUG   : Status update; current record queue size: 0
2020-11-29 09:21:35,923 - Process-78 [MainThread] - BaseAggregator       - DEBUG   : Status update; current record queue size: 0
2020-11-29 09:21:40,929 - Process-78 [MainThread] - BaseAggregator       - DEBUG   : Status update; current record queue size: 0
2020-11-29 09:21:46,226 - Process-78 [MainThread] - BaseAggregator       - DEBUG   : Status update; current record queue size: 0
2020-11-29 09:21:51,547 - Process-78 [MainThread] - BaseAggregator       - DEBUG   : Status update; current record queue size: 0
2020-11-29 09:21:56,553 - Process-78 [MainThread] - BaseAggregator       - DEBUG   : Status update; current record queue size: 0
2020-11-29 09:22:01,559 - Process-78 [MainThread] - BaseAggregator       - DEBUG   : Status update; current record queue size: 0
2020-11-29 09:22:06,565 - Process-78 [MainThread] - BaseAggregator       - DEBUG   : Status update; current record queue size: 0
2020-11-29 09:22:11,571 - Process-78 [MainThread] - BaseAggregator       - DEBUG   : Status update; current record queue size: 0
2020-11-29 09:22:16,577 - Process-78 [MainThread] - BaseAggregator       - DEBUG   : Status update; current record queue size: 0
2020-11-29 09:22:21,583 - Process-78 [MainThread] - BaseAggregator       - DEBUG   : Status update; current record queue size: 0
2020-11-29 09:22:26,589 - Process-78 [MainThread] - BaseAggregator       - DEBUG   : Status update; current record queue size: 0
2020-11-29 09:22:31,595 - Process-78 [MainThread] - BaseAggregator       - DEBUG   : Status update; current record queue size: 0
2020-11-29 09:22:36,601 - Process-78 [MainThread] - BaseAggregator       - DEBUG   : Status update; current record queue size: 0
2020-11-29 09:22:41,607 - Process-78 [MainThread] - BaseAggregator       - DEBUG   : Status update; current record queue size: 0
2020-11-29 09:22:46,613 - Process-78 [MainThread] - BaseAggregator       - DEBUG   : Status update; current record queue size: 0
2020-11-29 09:22:51,619 - Process-78 [MainThread] - BaseAggregator       - DEBUG   : Status update; current record queue size: 0
2020-11-29 09:22:56,625 - Process-78 [MainThread] - BaseAggregator       - DEBUG   : Status update; current record queue size: 0
2020-11-29 09:23:01,632 - Process-78 [MainThread] - BaseAggregator       - DEBUG   : Status update; current record queue size: 0
2020-11-29 09:23:06,638 - Process-78 [MainThread] - BaseAggregator       - DEBUG   : Status update; current record queue size: 0
2020-11-29 09:23:11,645 - Process-78 [MainThread] - BaseAggregator       - DEBUG   : Status update; current record queue size: 0
2020-11-29 09:23:16,651 - Process-78 [MainThread] - BaseAggregator       - DEBUG   : Status update; current record queue size: 0
2020-11-29 09:23:21,657 - Process-78 [MainThread] - BaseAggregator       - DEBUG   : Status update; current record queue size: 0
2020-11-29 09:23:26,662 - Process-78 [MainThread] - BaseAggregator       - DEBUG   : Status update; current record queue size: 0
2020-11-29 09:23:31,669 - Process-78 [MainThread] - BaseAggregator       - DEBUG   : Status update; current record queue size: 0
2020-11-29 09:23:36,674 - Process-78 [MainThread] - BaseAggregator       - DEBUG   : Status update; current record queue size: 0
2020-11-29 09:23:41,679 - Process-78 [MainThread] - BaseAggregator       - DEBUG   : Status update; current record queue size: 0
2020-11-29 09:23:46,685 - Process-78 [MainThread] - BaseAggregator       - DEBUG   : Status update; current record queue size: 0
2020-11-29 09:23:51,691 - Process-78 [MainThread] - BaseAggregator       - DEBUG   : Status update; current record queue size: 0
2020-11-29 09:23:56,696 - Process-78 [MainThread] - BaseAggregator       - DEBUG   : Status update; current record queue size: 0
2020-11-29 09:24:01,702 - Process-78 [MainThread] - BaseAggregator       - DEBUG   : Status update; current record queue size: 0
2020-11-29 09:24:06,708 - Process-78 [MainThread] - BaseAggregator       - DEBUG   : Status update; current record queue size: 0
2020-11-29 09:24:11,715 - Process-78 [MainThread] - BaseAggregator       - DEBUG   : Status update; current record queue size: 0
2020-11-29 09:24:16,721 - Process-78 [MainThread] - BaseAggregator       - DEBUG   : Status update; current record queue size: 0
2020-11-29 09:24:21,725 - Process-78 [MainThread] - BaseAggregator       - DEBUG   : Status update; current record queue size: 0
2020-11-29 09:24:26,730 - Process-78 [MainThread] - BaseAggregator       - DEBUG   : Status update; current record queue size: 0
2020-11-29 09:24:31,736 - Process-78 [MainThread] - BaseAggregator       - DEBUG   : Status update; current record queue size: 0
2020-11-29 09:24:36,741 - Process-78 [MainThread] - BaseAggregator       - DEBUG   : Status update; current record queue size: 0
2020-11-29 09:24:41,747 - Process-78 [MainThread] - BaseAggregator       - DEBUG   : Status update; current record queue size: 0
2020-11-29 09:24:46,753 - Process-78 [MainThread] - BaseAggregator       - DEBUG   : Status update; current record queue size: 0
2020-11-29 09:24:51,759 - Process-78 [MainThread] - BaseAggregator       - DEBUG   : Status update; current record queue size: 0
2020-11-29 09:24:56,765 - Process-78 [MainThread] - BaseAggregator       - DEBUG   : Status update; current record queue size: 0
2020-11-29 09:25:01,769 - Process-78 [MainThread] - BaseAggregator       - DEBUG   : Status update; current record queue size: 0
2020-11-29 09:25:06,775 - Process-78 [MainThread] - BaseAggregator       - DEBUG   : Status update; current record queue size: 0
2020-11-29 09:25:11,781 - Process-78 [MainThread] - BaseAggregator       - DEBUG   : Status update; current record queue size: 0
2020-11-29 09:25:16,787 - Process-78 [MainThread] - BaseAggregator       - DEBUG   : Status update; current record queue size: 0
2020-11-29 09:25:21,793 - Process-78 [MainThread] - BaseAggregator       - DEBUG   : Status update; current record queue size: 0
2020-11-29 09:25:26,799 - Process-78 [MainThread] - BaseAggregator       - DEBUG   : Status update; current record queue size: 0
2020-11-29 09:25:31,805 - Process-78 [MainThread] - BaseAggregator       - DEBUG   : Status update; current record queue size: 0
2020-11-29 09:25:36,810 - Process-78 [MainThread] - BaseAggregator       - DEBUG   : Status update; current record queue size: 0
2020-11-29 09:25:41,816 - Process-78 [MainThread] - BaseAggregator       - DEBUG   : Status update; current record queue size: 0
2020-11-29 09:25:46,822 - Process-78 [MainThread] - BaseAggregator       - DEBUG   : Status update; current record queue size: 0
2020-11-29 09:25:51,828 - Process-78 [MainThread] - BaseAggregator       - DEBUG   : Status update; current record queue size: 0
2020-11-29 09:25:56,834 - Process-78 [MainThread] - BaseAggregator       - DEBUG   : Status update; current record queue size: 0
2020-11-29 09:26:01,840 - Process-78 [MainThread] - BaseAggregator       - DEBUG   : Status update; current record queue size: 0
2020-11-29 09:26:06,846 - Process-78 [MainThread] - BaseAggregator       - DEBUG   : Status update; current record queue size: 0
2020-11-29 09:26:11,851 - Process-78 [MainThread] - BaseAggregator       - DEBUG   : Status update; current record queue size: 0
2020-11-29 09:26:16,857 - Process-78 [MainThread] - BaseAggregator       - DEBUG   : Status update; current record queue size: 0
2020-11-29 09:26:21,864 - Process-78 [MainThread] - BaseAggregator       - DEBUG   : Status update; current record queue size: 0
2020-11-29 09:26:26,871 - Process-78 [MainThread] - BaseAggregator       - DEBUG   : Status update; current record queue size: 0
2020-11-29 09:26:31,876 - Process-78 [MainThread] - BaseAggregator       - DEBUG   : Status update; current record queue size: 0
2020-11-29 09:26:36,881 - Process-78 [MainThread] - BaseAggregator       - DEBUG   : Status update; current record queue size: 0
2020-11-29 09:26:41,888 - Process-78 [MainThread] - BaseAggregator       - DEBUG   : Status update; current record queue size: 0
2020-11-29 09:26:46,894 - Process-78 [MainThread] - BaseAggregator       - DEBUG   : Status update; current record queue size: 0
2020-11-29 09:26:51,900 - Process-78 [MainThread] - BaseAggregator       - DEBUG   : Status update; current record queue size: 0
2020-11-29 09:26:56,906 - Process-78 [MainThread] - BaseAggregator       - DEBUG   : Status update; current record queue size: 0
2020-11-29 09:27:01,912 - Process-78 [MainThread] - BaseAggregator       - DEBUG   : Status update; current record queue size: 0
2020-11-29 09:27:06,918 - Process-78 [MainThread] - BaseAggregator       - DEBUG   : Status update; current record queue size: 0
2020-11-29 09:27:11,924 - Process-78 [MainThread] - BaseAggregator       - DEBUG   : Status update; current record queue size: 0
2020-11-29 09:27:16,929 - Process-78 [MainThread] - BaseAggregator       - DEBUG   : Status update; current record queue size: 0
2020-11-29 09:27:21,935 - Process-78 [MainThread] - BaseAggregator       - DEBUG   : Status update; current record queue size: 0
2020-11-29 09:27:26,941 - Process-78 [MainThread] - BaseAggregator       - DEBUG   : Status update; current record queue size: 0
2020-11-29 09:27:31,947 - Process-78 [MainThread] - BaseAggregator       - DEBUG   : Status update; current record queue size: 0
2020-11-29 09:27:36,953 - Process-78 [MainThread] - BaseAggregator       - DEBUG   : Status update; current record queue size: 0
2020-11-29 09:27:41,959 - Process-78 [MainThread] - BaseAggregator       - DEBUG   : Status update; current record queue size: 0
2020-11-29 09:27:46,965 - Process-78 [MainThread] - BaseAggregator       - DEBUG   : Status update; current record queue size: 0
2020-11-29 09:27:51,971 - Process-78 [MainThread] - BaseAggregator       - DEBUG   : Status update; current record queue size: 0
2020-11-29 09:27:56,977 - Process-78 [MainThread] - BaseAggregator       - DEBUG   : Status update; current record queue size: 0
2020-11-29 09:28:01,984 - Process-78 [MainThread] - BaseAggregator       - DEBUG   : Status update; current record queue size: 0
2020-11-29 09:28:06,989 - Process-78 [MainThread] - BaseAggregator       - DEBUG   : Status update; current record queue size: 0
2020-11-29 09:28:11,996 - Process-78 [MainThread] - BaseAggregator       - DEBUG   : Status update; current record queue size: 0
2020-11-29 09:28:17,002 - Process-78 [MainThread] - BaseAggregator       - DEBUG   : Status update; current record queue size: 0
2020-11-29 09:28:22,008 - Process-78 [MainThread] - BaseAggregator       - DEBUG   : Status update; current record queue size: 0
2020-11-29 09:28:27,014 - Process-78 [MainThread] - BaseAggregator       - DEBUG   : Status update; current record queue size: 0
2020-11-29 09:28:32,020 - Process-78 [MainThread] - BaseAggregator       - DEBUG   : Status update; current record queue size: 0
2020-11-29 09:28:37,027 - Process-78 [MainThread] - BaseAggregator       - DEBUG   : Status update; current record queue size: 0
2020-11-29 09:28:42,032 - Process-78 [MainThread] - BaseAggregator       - DEBUG   : Status update; current record queue size: 0
2020-11-29 09:28:47,039 - Process-78 [MainThread] - BaseAggregator       - DEBUG   : Status update; current record queue size: 0
2020-11-29 09:28:52,045 - Process-78 [MainThread] - BaseAggregator       - DEBUG   : Status update; current record queue size: 0
2020-11-29 09:28:57,051 - Process-78 [MainThread] - BaseAggregator       - DEBUG   : Status update; current record queue size: 0
2020-11-29 09:29:02,057 - Process-78 [MainThread] - BaseAggregator       - DEBUG   : Status update; current record queue size: 0
2020-11-29 09:29:07,062 - Process-78 [MainThread] - BaseAggregator       - DEBUG   : Status update; current record queue size: 0
2020-11-29 09:29:12,068 - Process-78 [MainThread] - BaseAggregator       - DEBUG   : Status update; current record queue size: 0
2020-11-29 09:29:17,075 - Process-78 [MainThread] - BaseAggregator       - DEBUG   : Status update; current record queue size: 0
2020-11-29 09:29:22,081 - Process-78 [MainThread] - BaseAggregator       - DEBUG   : Status update; current record queue size: 0
2020-11-29 09:29:27,087 - Process-78 [MainThread] - BaseAggregator       - DEBUG   : Status update; current record queue size: 0
2020-11-29 09:29:32,093 - Process-78 [MainThread] - BaseAggregator       - DEBUG   : Status update; current record queue size: 0
2020-11-29 09:29:37,097 - Process-78 [MainThread] - BaseAggregator       - DEBUG   : Status update; current record queue size: 0
2020-11-29 09:29:40,923 - Process-78 [Thread-2  ] - TaskManager          - INFO    : BROWSER 1: Timeout while executing command, GET, killing browser manager
2020-11-29 09:29:40,924 - Process-78 [Thread-2  ] - TaskManager          - DEBUG   : BROWSER 1: Browser restart required
2020-11-29 09:29:42,236 - Process-78 [MainThread] - BaseAggregator       - DEBUG   : Status update; current record queue size: 0
2020-11-29 09:29:42,959 - Process-78 [MainThread] - BrowserManager       - DEBUG   : BROWSER 1: 502.135021 seconds to join command thread
2020-11-29 09:29:42,960 - Process-78 [MainThread] - BrowserManager       - DEBUG   : BROWSER 1: Killing browser manager...
2020-11-29 09:29:42,960 - Process-78 [MainThread] - BrowserManager       - DEBUG   : BROWSER 1: Attempting to kill BrowserManager with pid 30509. Display PID: 30574 | Display Port: 0 | Browser PID: 30753
2020-11-29 09:29:42,960 - Process-78 [MainThread] - BrowserManager       - DEBUG   : BROWSER 1: Screen lockfile (/tmp/.X0-lock) already removed
2020-11-29 09:29:43,075 - Process-78 [MainThread] - BrowserManager       - DEBUG   : BROWSER 1: Geckodriver process already killed.
2020-11-29 09:29:43,075 - Process-78 [MainThread] - BrowserManager       - DEBUG   : BROWSER 1: during_init=False | profile_archive_dir=data/20_50/control_5_4
2020-11-29 09:29:43,075 - Process-78 [MainThread] - BrowserManager       - DEBUG   : BROWSER 1: Archiving browser profile directory to data/20_50/control_5_4
2020-11-29 09:29:43,077 - Process-78 [MainThread] - profile_commands     - DEBUG   : BROWSER 1: Backing up full profile from /tmp/rust_mozprofile.ZfxZBWhqQ90S/ to data/20_50/control_5_4/profile.tar.gz
2020-11-29 09:29:43,199 - Process-78 [MainThread] - profile_commands     - WARNING : BROWSER 1: /tmp/rust_mozprofile.ZfxZBWhqQ90S/webapps NOT FOUND IN profile folder, skipping.
2020-11-29 09:29:43,202 - Process-78 [MainThread] - profile_commands     - DEBUG   : BROWSER 1: SAVING /home/maaz/.macromedia/Flash_Player/#SharedObjects during flash file archive
2020-11-29 09:29:43,203 - Process-78 [MainThread] - profile_commands     - DEBUG   : BROWSER 1: SAVING /home/maaz/.macromedia/Flash_Player/macromedia.com/support/flashplayer/sys during flash file archive
2020-11-29 09:29:43,213 - Process-78 [MainThread] - BaseAggregator       - DEBUG   : Sending the shutdown signal to the LocalAggregator listener process...
2020-11-29 09:29:43,238 - Process-78 [MainThread] - BaseAggregator       - INFO    : Received shutdown signal!
2020-11-29 09:29:46,284 - Process-78 [MainThread] - BaseAggregator       - DEBUG   : LocalAggregator took 3.0705640316 seconds to close.
2020-11-29 09:56:59,500 - Process-148[MainThread] - BrowserManager       - DEBUG   : BROWSER 1: Spawn attempt 0 
2020-11-29 09:56:59,523 - Process-148[MainThread] - deploy_firefox       - DEBUG   : BROWSER 1: Loading initial browser profile from: data/20_50/control_5_4
2020-11-29 09:56:59,524 - Process-148[MainThread] - profile_commands     - DEBUG   : BROWSER 1: Copying profile tar from data/20_50/control_5_4/profile.tar.gz to /tmp/tmp1q2sM2/
2020-11-29 09:56:59,660 - Process-148[MainThread] - profile_commands     - DEBUG   : BROWSER 1: Tarfile extracted
2020-11-29 09:56:59,660 - Process-148[MainThread] - profile_commands     - DEBUG   : BROWSER 1: CLEARING /home/maaz/.macromedia/Flash_Player/#SharedObjects before loading flash files
2020-11-29 09:56:59,661 - Process-148[MainThread] - profile_commands     - DEBUG   : BROWSER 1: CLEARING /home/maaz/.macromedia/Flash_Player/macromedia.com/support/flashplayer/sys before loading flash files
2020-11-29 09:56:59,847 - Process-148[MainThread] - deploy_firefox       - DEBUG   : BROWSER 1: OpenWPM Firefox extension loaded
2020-11-29 09:57:01,964 - Process-148[log-interceptor-1] - selenium_firefox     - DEBUG   : BROWSER 1: driver: 1606661819884	geckodriver	INFO	Listening on 127.0.0.1:59803
2020-11-29 09:57:01,965 - Process-148[log-interceptor-1] - selenium_firefox     - DEBUG   : BROWSER 1: driver: 1606661821038	mozprofile::profile	INFO	Using profile path /tmp/rust_mozprofile.xjzQ4vwC1F4H
2020-11-29 09:57:01,965 - Process-148[log-interceptor-1] - selenium_firefox     - DEBUG   : BROWSER 1: driver: 1606661821207	geckodriver::marionette	INFO	Starting browser /home/data/maaz/Ads/20v50/firefox-bin/firefox-bin with args []
2020-11-29 09:57:01,965 - Process-148[log-interceptor-1] - selenium_firefox     - DEBUG   : BROWSER 1: driver: 1606661821230	geckodriver::marionette	INFO	Connecting to Marionette on localhost:34037
2020-11-29 09:57:01,965 - Process-148[log-interceptor-1] - selenium_firefox     - DEBUG   : BROWSER 1: driver: 1606661821752	addons.manager	DEBUG	Application has been upgraded
2020-11-29 09:57:01,965 - Process-148[log-interceptor-1] - selenium_firefox     - DEBUG   : BROWSER 1: driver: 1606661821776	addons.manager	DEBUG	Loaded provider scope for resource://gre/modules/addons/XPIProvider.jsm: ["XPIProvider"]
2020-11-29 09:57:01,965 - Process-148[log-interceptor-1] - selenium_firefox     - DEBUG   : BROWSER 1: driver: 1606661821778	addons.manager	DEBUG	Loaded provider scope for resource://gre/modules/LightweightThemeManager.jsm: ["LightweightThemeManager"]
2020-11-29 09:57:01,966 - Process-148[log-interceptor-1] - selenium_firefox     - DEBUG   : BROWSER 1: driver: 1606661821782	addons.manager	DEBUG	Loaded provider scope for resource://gre/modules/addons/GMPProvider.jsm
2020-11-29 09:57:01,966 - Process-148[log-interceptor-1] - selenium_firefox     - DEBUG   : BROWSER 1: driver: 1606661821784	addons.manager	DEBUG	Loaded provider scope for resource://gre/modules/addons/PluginProvider.jsm
2020-11-29 09:57:01,966 - Process-148[log-interceptor-1] - selenium_firefox     - DEBUG   : BROWSER 1: driver: 1606661821784	addons.manager	DEBUG	Starting provider: XPIProvider
2020-11-29 09:57:01,966 - Process-148[log-interceptor-1] - selenium_firefox     - DEBUG   : BROWSER 1: driver: 1606661821784	addons.xpi	DEBUG	startup
2020-11-29 09:57:01,966 - Process-148[log-interceptor-1] - selenium_firefox     - DEBUG   : BROWSER 1: driver: 1606661821786	addons.xpi	INFO	Mapping @openwpm to /home/data/tmp/rust_mozprofile.xjzQ4vwC1F4H/extensions/@openwpm
2020-11-29 09:57:01,966 - Process-148[log-interceptor-1] - selenium_firefox     - DEBUG   : BROWSER 1: driver: 1606661821786	addons.xpi	INFO	SystemAddonInstallLocation directory is missing
2020-11-29 09:57:01,966 - Process-148[log-interceptor-1] - selenium_firefox     - DEBUG   : BROWSER 1: driver: 1606661821786	addons.xpi	INFO	Mapping e10srollout@mozilla.org to /home/data/maaz/Ads/20v50/firefox-bin/browser/features/e10srollout@mozilla.org.xpi
2020-11-29 09:57:01,966 - Process-148[log-interceptor-1] - selenium_firefox     - DEBUG   : BROWSER 1: driver: 1606661821786	addons.xpi	INFO	Mapping webcompat@mozilla.org to /home/data/maaz/Ads/20v50/firefox-bin/browser/features/webcompat@mozilla.org.xpi
2020-11-29 09:57:01,967 - Process-148[log-interceptor-1] - selenium_firefox     - DEBUG   : BROWSER 1: driver: 1606661821786	addons.xpi	INFO	Mapping firefox@getpocket.com to /home/data/maaz/Ads/20v50/firefox-bin/browser/features/firefox@getpocket.com.xpi
2020-11-29 09:57:01,967 - Process-148[log-interceptor-1] - selenium_firefox     - DEBUG   : BROWSER 1: driver: 1606661821786	addons.xpi	INFO	Mapping aushelper@mozilla.org to /home/data/maaz/Ads/20v50/firefox-bin/browser/features/aushelper@mozilla.org.xpi
2020-11-29 09:57:01,967 - Process-148[log-interceptor-1] - selenium_firefox     - DEBUG   : BROWSER 1: driver: 1606661821788	addons.xpi	INFO	Mapping {972ce4c6-7e08-4474-a285-3208198ce6fd} to /home/data/maaz/Ads/20v50/firefox-bin/browser/extensions/{972ce4c6-7e08-4474-a285-3208198ce6fd}.xpi
2020-11-29 09:57:01,967 - Process-148[log-interceptor-1] - selenium_firefox     - DEBUG   : BROWSER 1: driver: 1606661821788	addons.xpi	DEBUG	checkForChanges
2020-11-29 09:57:01,967 - Process-148[log-interceptor-1] - selenium_firefox     - DEBUG   : BROWSER 1: driver: 1606661821788	addons.xpi	INFO	SystemAddonInstallLocation directory is missing
2020-11-29 09:57:01,967 - Process-148[log-interceptor-1] - selenium_firefox     - DEBUG   : BROWSER 1: driver: 1606661821788	addons.xpi	DEBUG	Loaded add-on state from prefs: {}
2020-11-29 09:57:01,967 - Process-148[log-interceptor-1] - selenium_firefox     - DEBUG   : BROWSER 1: driver: 1606661821788	addons.xpi	DEBUG	New add-on @openwpm in app-profile
2020-11-29 09:57:01,967 - Process-148[log-interceptor-1] - selenium_firefox     - DEBUG   : BROWSER 1: driver: 1606661821790	addons.xpi	DEBUG	getModTime: Recursive scan of @openwpm
2020-11-29 09:57:01,967 - Process-148[log-interceptor-1] - selenium_firefox     - DEBUG   : BROWSER 1: driver: 1606661821792	addons.xpi	DEBUG	New add-on e10srollout@mozilla.org in app-system-defaults
2020-11-29 09:57:01,967 - Process-148[log-interceptor-1] - selenium_firefox     - DEBUG   : BROWSER 1: driver: 1606661821792	addons.xpi	DEBUG	getModTime: Recursive scan of e10srollout@mozilla.org
2020-11-29 09:57:01,968 - Process-148[log-interceptor-1] - selenium_firefox     - DEBUG   : BROWSER 1: driver: 1606661821792	addons.xpi	DEBUG	New add-on webcompat@mozilla.org in app-system-defaults
2020-11-29 09:57:01,968 - Process-148[log-interceptor-1] - selenium_firefox     - DEBUG   : BROWSER 1: driver: 1606661821792	addons.xpi	DEBUG	getModTime: Recursive scan of webcompat@mozilla.org
2020-11-29 09:57:01,968 - Process-148[log-interceptor-1] - selenium_firefox     - DEBUG   : BROWSER 1: driver: 1606661821794	addons.xpi	DEBUG	New add-on firefox@getpocket.com in app-system-defaults
2020-11-29 09:57:01,968 - Process-148[log-interceptor-1] - selenium_firefox     - DEBUG   : BROWSER 1: driver: 1606661821794	addons.xpi	DEBUG	getModTime: Recursive scan of firefox@getpocket.com
2020-11-29 09:57:01,968 - Process-148[log-interceptor-1] - selenium_firefox     - DEBUG   : BROWSER 1: driver: 1606661821794	addons.xpi	DEBUG	New add-on aushelper@mozilla.org in app-system-defaults
2020-11-29 09:57:01,968 - Process-148[log-interceptor-1] - selenium_firefox     - DEBUG   : BROWSER 1: driver: 1606661821794	addons.xpi	DEBUG	getModTime: Recursive scan of aushelper@mozilla.org
2020-11-29 09:57:01,968 - Process-148[log-interceptor-1] - selenium_firefox     - DEBUG   : BROWSER 1: driver: 1606661821794	addons.xpi	DEBUG	New add-on {972ce4c6-7e08-4474-a285-3208198ce6fd} in app-global
2020-11-29 09:57:01,968 - Process-148[log-interceptor-1] - selenium_firefox     - DEBUG   : BROWSER 1: driver: 1606661821794	addons.xpi	DEBUG	getModTime: Recursive scan of {972ce4c6-7e08-4474-a285-3208198ce6fd}
2020-11-29 09:57:01,968 - Process-148[log-interceptor-1] - selenium_firefox     - DEBUG   : BROWSER 1: driver: 1606661821794	addons.xpi	DEBUG	getInstallState changed: true, state: {"app-profile":{"@openwpm":{"d":"/home/data/tmp/rust_mozprofile.xjzQ4vwC1F4H/extensions/@openwpm","st":1606661821000,"mt":1606661821000}},"app-system-defaults":{"e10srollout@mozilla.org":{"d":"/home/data/maaz/Ads/20v50/firefox-bin/browser/features/e10srollout@mozilla.org.xpi","st":1606628784000},"webcompat@mozilla.org":{"d":"/home/data/maaz/Ads/20v50/firefox-bin/browser/features/webcompat@mozilla.org.xpi","st":1606628784000},"firefox@getpocket.com":{"d":"/home/data/maaz/Ads/20v50/firefox-bin/browser/features/firefox@getpocket.com.xpi","st":1606628784000},"aushelper@mozilla.org":{"d":"/home/data/maaz/Ads/20v50/firefox-bin/browser/features/aushelper@mozilla.org.xpi","st":1606628784000}},"app-global":{"{972ce4c6-7e08-4474-a285-3208198ce6fd}":{"d":"/home/data/maaz/Ads/20v50/firefox-bin/browser/extensions/{972ce4c6-7e08-4474-a285-3208198ce6fd}.xpi","st":1606628784000}}}
2020-11-29 09:57:01,968 - Process-148[log-interceptor-1] - selenium_firefox     - DEBUG   : BROWSER 1: driver: 1606661821802	addons.xpi-utils	DEBUG	Opening XPI database /home/data/tmp/rust_mozprofile.xjzQ4vwC1F4H/extensions.json
2020-11-29 09:57:01,969 - Process-148[log-interceptor-1] - selenium_firefox     - DEBUG   : BROWSER 1: driver: 1606661821804	addons.xpi-utils	DEBUG	New add-on @openwpm installed in app-profile
2020-11-29 09:57:01,969 - Process-148[log-interceptor-1] - selenium_firefox     - DEBUG   : BROWSER 1: driver: *** Blocklist::_loadBlocklistFromFile: blocklist is disabled
2020-11-29 09:57:01,969 - Process-148[log-interceptor-1] - selenium_firefox     - DEBUG   : BROWSER 1: driver: 1606661821820	DeferredSave.extensions.json	DEBUG	Save changes
2020-11-29 09:57:01,969 - Process-148[log-interceptor-1] - selenium_firefox     - DEBUG   : BROWSER 1: driver: 1606661821822	addons.xpi-utils	DEBUG	New add-on e10srollout@mozilla.org installed in app-system-defaults
2020-11-29 09:57:01,969 - Process-148[log-interceptor-1] - selenium_firefox     - DEBUG   : BROWSER 1: driver: 1606661821824	DeferredSave.extensions.json	DEBUG	Starting timer
2020-11-29 09:57:01,969 - Process-148[log-interceptor-1] - selenium_firefox     - DEBUG   : BROWSER 1: driver: 1606661821828	DeferredSave.extensions.json	DEBUG	Save changes
2020-11-29 09:57:01,969 - Process-148[log-interceptor-1] - selenium_firefox     - DEBUG   : BROWSER 1: driver: 1606661821828	addons.xpi-utils	DEBUG	New add-on webcompat@mozilla.org installed in app-system-defaults
2020-11-29 09:57:01,969 - Process-148[log-interceptor-1] - selenium_firefox     - DEBUG   : BROWSER 1: driver: 1606661821834	DeferredSave.extensions.json	DEBUG	Save changes
2020-11-29 09:57:01,969 - Process-148[log-interceptor-1] - selenium_firefox     - DEBUG   : BROWSER 1: driver: 1606661821836	addons.xpi-utils	DEBUG	New add-on firefox@getpocket.com installed in app-system-defaults
2020-11-29 09:57:01,969 - Process-148[log-interceptor-1] - selenium_firefox     - DEBUG   : BROWSER 1: driver: 1606661821842	DeferredSave.extensions.json	DEBUG	Save changes
2020-11-29 09:57:01,969 - Process-148[log-interceptor-1] - selenium_firefox     - DEBUG   : BROWSER 1: driver: 1606661821842	addons.xpi-utils	DEBUG	New add-on aushelper@mozilla.org installed in app-system-defaults
2020-11-29 09:57:01,970 - Process-148[log-interceptor-1] - selenium_firefox     - DEBUG   : BROWSER 1: driver: 1606661821848	DeferredSave.extensions.json	DEBUG	Save changes
2020-11-29 09:57:01,970 - Process-148[log-interceptor-1] - selenium_firefox     - DEBUG   : BROWSER 1: driver: 1606661821848	addons.xpi-utils	DEBUG	New add-on {972ce4c6-7e08-4474-a285-3208198ce6fd} installed in app-global
2020-11-29 09:57:01,970 - Process-148[log-interceptor-1] - selenium_firefox     - DEBUG   : BROWSER 1: driver: 1606661821854	DeferredSave.extensions.json	DEBUG	Starting write
2020-11-29 09:57:01,970 - Process-148[log-interceptor-1] - selenium_firefox     - DEBUG   : BROWSER 1: driver: 1606661821858	DeferredSave.extensions.json	DEBUG	Save changes
2020-11-29 09:57:01,970 - Process-148[log-interceptor-1] - selenium_firefox     - DEBUG   : BROWSER 1: driver: 1606661821860	DeferredSave.extensions.json	DEBUG	Data changed while write in progress
2020-11-29 09:57:01,970 - Process-148[log-interceptor-1] - selenium_firefox     - DEBUG   : BROWSER 1: driver: 1606661821860	addons.manager	DEBUG	Registering startup change 'installed' for @openwpm
2020-11-29 09:57:01,970 - Process-148[log-interceptor-1] - selenium_firefox     - DEBUG   : BROWSER 1: driver: 1606661821860	addons.manager	DEBUG	Registering startup change 'installed' for @openwpm
2020-11-29 09:57:01,970 - Process-148[log-interceptor-1] - selenium_firefox     - DEBUG   : BROWSER 1: driver: 1606661821870	addons.xpi	DEBUG	Loading bootstrap scope from /home/data/tmp/rust_mozprofile.xjzQ4vwC1F4H/extensions/@openwpm
2020-11-29 09:57:01,970 - Process-148[log-interceptor-1] - selenium_firefox     - DEBUG   : BROWSER 1: driver: 1606661821940	addons.xpi	DEBUG	Calling bootstrap method install on @openwpm version 0.0.1
2020-11-29 09:57:01,970 - Process-148[log-interceptor-1] - selenium_firefox     - DEBUG   : BROWSER 1: driver: 1606661821940	addons.xpi-utils	DEBUG	Make addon app-profile:@openwpm visible
2020-11-29 09:57:01,970 - Process-148[log-interceptor-1] - selenium_firefox     - DEBUG   : BROWSER 1: driver: 1606661821944	addons.xpi	DEBUG	Add-on @openwpm blocks e10s rollout.
2020-11-29 09:57:01,971 - Process-148[log-interceptor-1] - selenium_firefox     - DEBUG   : BROWSER 1: driver: 1606661821944	DeferredSave.extensions.json	DEBUG	Save changes
2020-11-29 09:57:01,971 - Process-148[log-interceptor-1] - selenium_firefox     - DEBUG   : BROWSER 1: driver: 1606661821944	addons.manager	DEBUG	Registering startup change 'installed' for e10srollout@mozilla.org
2020-11-29 09:57:01,971 - Process-148[log-interceptor-1] - selenium_firefox     - DEBUG   : BROWSER 1: driver: 1606661821946	addons.xpi	DEBUG	Loading bootstrap scope from /home/data/maaz/Ads/20v50/firefox-bin/browser/features/e10srollout@mozilla.org.xpi
2020-11-29 09:57:01,971 - Process-148[log-interceptor-1] - selenium_firefox     - DEBUG   : BROWSER 1: driver: 1606661821948	addons.xpi	DEBUG	Calling bootstrap method install on e10srollout@mozilla.org version 1.10
2020-11-29 09:57:01,971 - Process-148[log-interceptor-1] - selenium_firefox     - DEBUG   : BROWSER 1: driver: 1606661821948	addons.xpi	DEBUG	Add-on @openwpm blocks e10s rollout.
2020-11-29 09:57:01,971 - Process-148[log-interceptor-1] - selenium_firefox     - DEBUG   : BROWSER 1: driver: 1606661821948	addons.xpi	DEBUG	Add-on @openwpm blocks e10s rollout.
2020-11-29 09:57:01,971 - Process-148[log-interceptor-1] - selenium_firefox     - DEBUG   : BROWSER 1: driver: 1606661821950	addons.xpi-utils	DEBUG	Make addon app-system-defaults:e10srollout@mozilla.org visible
2020-11-29 09:57:01,971 - Process-148[log-interceptor-1] - selenium_firefox     - DEBUG   : BROWSER 1: driver: 1606661821950	addons.xpi	DEBUG	Add-on @openwpm blocks e10s rollout.
2020-11-29 09:57:01,971 - Process-148[log-interceptor-1] - selenium_firefox     - DEBUG   : BROWSER 1: driver: 1606661821950	DeferredSave.extensions.json	DEBUG	Save changes
2020-11-29 09:57:01,971 - Process-148[log-interceptor-1] - selenium_firefox     - DEBUG   : BROWSER 1: driver: 1606661821950	addons.manager	DEBUG	Registering startup change 'installed' for webcompat@mozilla.org
2020-11-29 09:57:01,971 - Process-148[log-interceptor-1] - selenium_firefox     - DEBUG   : BROWSER 1: driver: 1606661821952	addons.xpi	DEBUG	Loading bootstrap scope from /home/data/maaz/Ads/20v50/firefox-bin/browser/features/webcompat@mozilla.org.xpi
2020-11-29 09:57:01,972 - Process-148[log-interceptor-1] - selenium_firefox     - DEBUG   : BROWSER 1: driver: 1606661821954	addons.xpi	DEBUG	Calling bootstrap method install on webcompat@mozilla.org version 1.0
2020-11-29 09:57:01,972 - Process-148[log-interceptor-1] - selenium_firefox     - DEBUG   : BROWSER 1: driver: 1606661821954	addons.xpi-utils	DEBUG	Make addon app-system-defaults:webcompat@mozilla.org visible
2020-11-29 09:57:01,972 - Process-148[log-interceptor-1] - selenium_firefox     - DEBUG   : BROWSER 1: driver: 1606661821954	addons.xpi	DEBUG	Add-on @openwpm blocks e10s rollout.
2020-11-29 09:57:01,972 - Process-148[log-interceptor-1] - selenium_firefox     - DEBUG   : BROWSER 1: driver: 1606661821954	DeferredSave.extensions.json	DEBUG	Save changes
2020-11-29 09:57:01,972 - Process-148[log-interceptor-1] - selenium_firefox     - DEBUG   : BROWSER 1: driver: 1606661821954	addons.manager	DEBUG	Registering startup change 'installed' for firefox@getpocket.com
2020-11-29 09:57:01,972 - Process-148[log-interceptor-1] - selenium_firefox     - DEBUG   : BROWSER 1: driver: 1606661821954	addons.xpi	DEBUG	Loading bootstrap scope from /home/data/maaz/Ads/20v50/firefox-bin/browser/features/firefox@getpocket.com.xpi
2020-11-29 09:57:01,972 - Process-148[log-interceptor-1] - selenium_firefox     - DEBUG   : BROWSER 1: driver: 1606661821958	addons.xpi	DEBUG	Calling bootstrap method install on firefox@getpocket.com version 1.0.5
2020-11-29 09:57:01,972 - Process-148[log-interceptor-1] - selenium_firefox     - DEBUG   : BROWSER 1: driver: 1606661821960	addons.xpi-utils	DEBUG	Make addon app-system-defaults:firefox@getpocket.com visible
2020-11-29 09:57:01,972 - Process-148[log-interceptor-1] - selenium_firefox     - DEBUG   : BROWSER 1: driver: 1606661821960	addons.xpi	DEBUG	Add-on @openwpm blocks e10s rollout.
2020-11-29 09:57:01,972 - Process-148[log-interceptor-1] - selenium_firefox     - DEBUG   : BROWSER 1: driver: 1606661821960	DeferredSave.extensions.json	DEBUG	Save changes
2020-11-29 09:57:01,973 - Process-148[log-interceptor-1] - selenium_firefox     - DEBUG   : BROWSER 1: driver: 1606661821960	addons.manager	DEBUG	Registering startup change 'installed' for aushelper@mozilla.org
2020-11-29 09:57:01,973 - Process-148[log-interceptor-1] - selenium_firefox     - DEBUG   : BROWSER 1: driver: 1606661821960	addons.xpi	DEBUG	Loading bootstrap scope from /home/data/maaz/Ads/20v50/firefox-bin/browser/features/aushelper@mozilla.org.xpi
2020-11-29 09:57:02,001 - Process-148[log-interceptor-1] - selenium_firefox     - DEBUG   : BROWSER 1: driver: 1606661821964	addons.xpi	DEBUG	Calling bootstrap method install on aushelper@mozilla.org version 2.0
2020-11-29 09:57:02,001 - Process-148[log-interceptor-1] - selenium_firefox     - DEBUG   : BROWSER 1: driver: 1606661821964	addons.xpi-utils	DEBUG	Make addon app-system-defaults:aushelper@mozilla.org visible
2020-11-29 09:57:02,002 - Process-148[log-interceptor-1] - selenium_firefox     - DEBUG   : BROWSER 1: driver: 1606661821964	addons.xpi	DEBUG	Add-on @openwpm blocks e10s rollout.
2020-11-29 09:57:02,002 - Process-148[log-interceptor-1] - selenium_firefox     - DEBUG   : BROWSER 1: driver: 1606661821964	DeferredSave.extensions.json	DEBUG	Save changes
2020-11-29 09:57:02,002 - Process-148[log-interceptor-1] - selenium_firefox     - DEBUG   : BROWSER 1: driver: 1606661821964	addons.xpi-utils	DEBUG	Make addon app-global:{972ce4c6-7e08-4474-a285-3208198ce6fd} visible
2020-11-29 09:57:02,002 - Process-148[log-interceptor-1] - selenium_firefox     - DEBUG   : BROWSER 1: driver: 1606661821966	addons.xpi	DEBUG	Add-on @openwpm blocks e10s rollout.
2020-11-29 09:57:02,002 - Process-148[log-interceptor-1] - selenium_firefox     - DEBUG   : BROWSER 1: driver: 1606661821966	DeferredSave.extensions.json	DEBUG	Save changes
2020-11-29 09:57:02,002 - Process-148[log-interceptor-1] - selenium_firefox     - DEBUG   : BROWSER 1: driver: 1606661821966	addons.xpi	DEBUG	Updating XPIState for {"id":"@openwpm","syncGUID":"{da47b97e-7bfe-4213-b5c0-646be3cd9f94}","location":"app-profile","version":"0.0.1","type":"extension","internalName":null,"updateURL":null,"updateKey":null,"optionsURL":null,"optionsType":null,"aboutURL":null,"icons":{},"iconURL":null,"icon64URL":null,"defaultLocale":{"name":"openwpm","description":"Extension with socket interface into OpenWPM","creator":"Steven Englehardt","homepageURL":null},"visible":true,"active":true,"userDisabled":false,"appDisabled":false,"descriptor":"/home/data/tmp/rust_mozprofile.xjzQ4vwC1F4H/extensions/@openwpm","installDate":1606661821000,"updateDate":1606661821000,"applyBackgroundUpdates":1,"bootstrap":true,"skinnable":false,"size":84784,"sourceURI":null,"releaseNotesURI":null,"softDisabled":false,"foreignInstall":true,"hasBinaryComponents":false,"strictCompatibility":false,"locales":[],"targetApplications":[{"id":"{ec8030f7-c20a-464f-9b0e-13a3a9e97384}","minVersion":"38.0a1","maxVersion":"*"}],"targetPlatforms":[],"multiprocessCompatible":false,"signedState":0,"seen":true,"dependencies":[],"hasEmbeddedWebExtension":false,"mpcOptedOut":false}
2020-11-29 09:57:02,002 - Process-148[log-interceptor-1] - selenium_firefox     - DEBUG   : BROWSER 1: driver: 1606661821966	addons.xpi	DEBUG	getModTime: Recursive scan of @openwpm
2020-11-29 09:57:02,002 - Process-148[log-interceptor-1] - selenium_firefox     - DEBUG   : BROWSER 1: driver: 1606661821968	addons.xpi	DEBUG	Updating XPIState for {"id":"e10srollout@mozilla.org","syncGUID":"{4dc598d3-f5a3-45ff-ad0c-ba537124524d}","location":"app-system-defaults","version":"1.10","type":"extension","internalName":null,"updateURL":null,"updateKey":null,"optionsURL":null,"optionsType":null,"aboutURL":null,"icons":{},"iconURL":null,"icon64URL":null,"defaultLocale":{"name":"Multi-process staged rollout","description":"Staged rollout of Firefox multi-process feature.","creator":null,"homepageURL":null},"visible":true,"active":true,"userDisabled":false,"appDisabled":false,"descriptor":"/home/data/maaz/Ads/20v50/firefox-bin/browser/features/e10srollout@mozilla.org.xpi","installDate":1606628784000,"updateDate":1606628784000,"applyBackgroundUpdates":1,"bootstrap":true,"skinnable":false,"size":8145,"sourceURI":null,"releaseNotesURI":null,"softDisabled":false,"foreignInstall":false,"hasBinaryComponents":false,"strictCompatibility":false,"locales":[],"targetApplications":[{"id":"{ec8030f7-c20a-464f-9b0e-13a3a9e97384}","minVersion":"52.9.0","maxVersion":"52.*"}],"targetPlatforms":[],"multiprocessCompatible":true,"seen":true,"dependencies":[],"hasEmbeddedWebExtension":false,"mpcOptedOut":false}
2020-11-29 09:57:02,003 - Process-148[log-interceptor-1] - selenium_firefox     - DEBUG   : BROWSER 1: driver: 1606661821968	addons.xpi	DEBUG	getModTime: Recursive scan of e10srollout@mozilla.org
2020-11-29 09:57:02,003 - Process-148[log-interceptor-1] - selenium_firefox     - DEBUG   : BROWSER 1: driver: 1606661821968	addons.xpi	DEBUG	Updating XPIState for {"id":"webcompat@mozilla.org","syncGUID":"{4a0059d3-ecd1-4c02-9aed-5aa2475963c1}","location":"app-system-defaults","version":"1.0","type":"extension","internalName":null,"updateURL":null,"updateKey":null,"optionsURL":null,"optionsType":null,"aboutURL":null,"icons":{},"iconURL":null,"icon64URL":null,"defaultLocale":{"name":"Web Compat","description":"Urgent post-release fixes for web compatibility.","creator":null,"homepageURL":null},"visible":true,"active":true,"userDisabled":false,"appDisabled":false,"descriptor":"/home/data/maaz/Ads/20v50/firefox-bin/browser/features/webcompat@mozilla.org.xpi","installDate":1606628784000,"updateDate":1606628784000,"applyBackgroundUpdates":1,"bootstrap":true,"skinnable":false,"size":1456,"sourceURI":null,"releaseNotesURI":null,"softDisabled":false,"foreignInstall":false,"hasBinaryComponents":false,"strictCompatibility":false,"locales":[],"targetApplications":[{"id":"{ec8030f7-c20a-464f-9b0e-13a3a9e97384}","minVersion":"52.9.0","maxVersion":"52.*"}],"targetPlatforms":[],"multiprocessCompatible":true,"seen":true,"dependencies":[],"hasEmbeddedWebExtension":false,"mpcOptedOut":false}
2020-11-29 09:57:02,003 - Process-148[log-interceptor-1] - selenium_firefox     - DEBUG   : BROWSER 1: driver: 1606661821968	addons.xpi	DEBUG	getModTime: Recursive scan of webcompat@mozilla.org
2020-11-29 09:57:02,003 - Process-148[log-interceptor-1] - selenium_firefox     - DEBUG   : BROWSER 1: driver: 1606661821970	addons.xpi	DEBUG	Updating XPIState for {"id":"firefox@getpocket.com","syncGUID":"{daaa2796-e7f6-48ef-8436-16cbbee01359}","location":"app-system-defaults","version":"1.0.5","type":"extension","internalName":null,"updateURL":null,"updateKey":null,"optionsURL":null,"optionsType":null,"aboutURL":null,"icons":{},"iconURL":null,"icon64URL":null,"defaultLocale":{"name":"Pocket","description":"When you find something you want to view later, put it in Pocket.","creator":null,"homepageURL":null},"visible":true,"active":true,"userDisabled":false,"appDisabled":false,"descriptor":"/home/data/maaz/Ads/20v50/firefox-bin/browser/features/firefox@getpocket.com.xpi","installDate":1606628784000,"updateDate":1606628784000,"applyBackgroundUpdates":1,"bootstrap":true,"skinnable":false,"size":920281,"sourceURI":null,"releaseNotesURI":null,"softDisabled":false,"foreignInstall":false,"hasBinaryComponents":false,"strictCompatibility":false,"locales":[],"targetApplications":[{"id":"{ec8030f7-c20a-464f-9b0e-13a3a9e97384}","minVersion":"52.9.0","maxVersion":"52.*"}],"targetPlatforms":[],"multiprocessCompatible":true,"seen":true,"dependencies":[],"hasEmbeddedWebExtension":false,"mpcOptedOut":false}
2020-11-29 09:57:02,003 - Process-148[log-interceptor-1] - selenium_firefox     - DEBUG   : BROWSER 1: driver: 1606661821970	addons.xpi	DEBUG	getModTime: Recursive scan of firefox@getpocket.com
2020-11-29 09:57:02,003 - Process-148[log-interceptor-1] - selenium_firefox     - DEBUG   : BROWSER 1: driver: 1606661821970	addons.xpi	DEBUG	Updating XPIState for {"id":"aushelper@mozilla.org","syncGUID":"{dbe29103-ebbc-4f7e-bebe-8b61f5900c30}","location":"app-system-defaults","version":"2.0","type":"extension","internalName":null,"updateURL":null,"updateKey":null,"optionsURL":null,"optionsType":null,"aboutURL":null,"icons":{},"iconURL":null,"icon64URL":null,"defaultLocale":{"name":"Application Update Service Helper","description":"Sets value(s) in the update url based on custom checks.","creator":null,"homepageURL":null},"visible":true,"active":true,"userDisabled":false,"appDisabled":false,"descriptor":"/home/data/maaz/Ads/20v50/firefox-bin/browser/features/aushelper@mozilla.org.xpi","installDate":1606628784000,"updateDate":1606628784000,"applyBackgroundUpdates":1,"bootstrap":true,"skinnable":false,"size":8488,"sourceURI":null,"releaseNotesURI":null,"softDisabled":false,"foreignInstall":false,"hasBinaryComponents":false,"strictCompatibility":false,"locales":[],"targetApplications":[{"id":"{ec8030f7-c20a-464f-9b0e-13a3a9e97384}","minVersion":"52.9.0","maxVersion":"52.*"}],"targetPlatforms":[],"multiprocessCompatible":true,"seen":true,"dependencies":[],"hasEmbeddedWebExtension":false,"mpcOptedOut":false}
2020-11-29 09:57:02,003 - Process-148[log-interceptor-1] - selenium_firefox     - DEBUG   : BROWSER 1: driver: 1606661821970	addons.xpi	DEBUG	getModTime: Recursive scan of aushelper@mozilla.org
2020-11-29 09:57:02,003 - Process-148[log-interceptor-1] - selenium_firefox     - DEBUG   : BROWSER 1: driver: 1606661821970	addons.xpi	DEBUG	Updating XPIState for {"id":"{972ce4c6-7e08-4474-a285-3208198ce6fd}","syncGUID":"{07794b37-8548-413a-b836-e1e61302d9ab}","location":"app-global","version":"52.9.0","type":"theme","internalName":"classic/1.0","updateURL":null,"updateKey":null,"optionsURL":null,"optionsType":null,"aboutURL":null,"icons":{"32":"icon.png","48":"icon.png"},"iconURL":null,"icon64URL":null,"defaultLocale":{"name":"Default","description":"The default theme.","creator":"Mozilla","homepageURL":null,"contributors":["Mozilla Contributors"]},"visible":true,"active":true,"userDisabled":false,"appDisabled":false,"descriptor":"/home/data/maaz/Ads/20v50/firefox-bin/browser/extensions/{972ce4c6-7e08-4474-a285-3208198ce6fd}.xpi","installDate":1606628784000,"updateDate":1606628784000,"applyBackgroundUpdates":1,"skinnable":true,"size":4932,"sourceURI":null,"releaseNotesURI":null,"softDisabled":false,"foreignInstall":false,"hasBinaryComponents":false,"strictCompatibility":true,"locales":[],"targetApplications":[{"id":"{ec8030f7-c20a-464f-9b0e-13a3a9e97384}","minVersion":"52.9.0","maxVersion":"52.9.0"}],"targetPlatforms":[],"seen":true,"dependencies":[],"hasEmbeddedWebExtension":false}
2020-11-29 09:57:02,003 - Process-148[log-interceptor-1] - selenium_firefox     - DEBUG   : BROWSER 1: driver: 1606661821972	addons.xpi	DEBUG	getModTime: Recursive scan of {972ce4c6-7e08-4474-a285-3208198ce6fd}
2020-11-29 09:57:02,003 - Process-148[log-interceptor-1] - selenium_firefox     - DEBUG   : BROWSER 1: driver: 1606661821972	addons.xpi	DEBUG	Add-on @openwpm blocks e10s rollout.
2020-11-29 09:57:02,004 - Process-148[log-interceptor-1] - selenium_firefox     - DEBUG   : BROWSER 1: driver: 1606661821972	DeferredSave.extensions.json	DEBUG	Save changes
2020-11-29 09:57:02,004 - Process-148[log-interceptor-1] - selenium_firefox     - DEBUG   : BROWSER 1: driver: 1606661821972	addons.xpi	DEBUG	Updating database with changes to installed add-ons
2020-11-29 09:57:02,004 - Process-148[log-interceptor-1] - selenium_firefox     - DEBUG   : BROWSER 1: driver: 1606661821972	addons.xpi-utils	DEBUG	Updating add-on states
2020-11-29 09:57:02,004 - Process-148[log-interceptor-1] - selenium_firefox     - DEBUG   : BROWSER 1: driver: 1606661821974	addons.xpi-utils	DEBUG	Writing add-ons list
2020-11-29 09:57:02,004 - Process-148[log-interceptor-1] - selenium_firefox     - DEBUG   : BROWSER 1: driver: 1606661821976	addons.xpi	DEBUG	Registering manifest for /home/data/tmp/rust_mozprofile.xjzQ4vwC1F4H/extensions/@openwpm
2020-11-29 09:57:02,004 - Process-148[log-interceptor-1] - selenium_firefox     - DEBUG   : BROWSER 1: driver: 1606661821978	addons.xpi	DEBUG	Calling bootstrap method startup on @openwpm version 0.0.1
2020-11-29 09:57:02,004 - Process-148[log-interceptor-1] - selenium_firefox     - DEBUG   : BROWSER 1: driver: 1606661821982	addons.xpi	DEBUG	Registering manifest for /home/data/maaz/Ads/20v50/firefox-bin/browser/features/aushelper@mozilla.org.xpi
2020-11-29 09:57:02,004 - Process-148[log-interceptor-1] - selenium_firefox     - DEBUG   : BROWSER 1: driver: 1606661821984	addons.xpi	DEBUG	Calling bootstrap method startup on aushelper@mozilla.org version 2.0
2020-11-29 09:57:02,004 - Process-148[log-interceptor-1] - selenium_firefox     - DEBUG   : BROWSER 1: driver: 1606661821984	addons.xpi	DEBUG	Registering manifest for /home/data/maaz/Ads/20v50/firefox-bin/browser/features/e10srollout@mozilla.org.xpi
2020-11-29 09:57:02,004 - Process-148[log-interceptor-1] - selenium_firefox     - DEBUG   : BROWSER 1: driver: 1606661821984	addons.xpi	DEBUG	Calling bootstrap method startup on e10srollout@mozilla.org version 1.10
2020-11-29 09:57:02,004 - Process-148[log-interceptor-1] - selenium_firefox     - DEBUG   : BROWSER 1: driver: 1606661821986	addons.xpi	DEBUG	Registering manifest for /home/data/maaz/Ads/20v50/firefox-bin/browser/features/firefox@getpocket.com.xpi
2020-11-29 09:57:02,005 - Process-148[log-interceptor-1] - selenium_firefox     - DEBUG   : BROWSER 1: driver: 1606661821986	addons.xpi	DEBUG	Calling bootstrap method startup on firefox@getpocket.com version 1.0.5
2020-11-29 09:57:02,005 - Process-148[log-interceptor-1] - selenium_firefox     - DEBUG   : BROWSER 1: driver: 1606661821988	addons.xpi	DEBUG	Registering manifest for /home/data/maaz/Ads/20v50/firefox-bin/browser/features/webcompat@mozilla.org.xpi
2020-11-29 09:57:02,005 - Process-148[log-interceptor-1] - selenium_firefox     - DEBUG   : BROWSER 1: driver: 1606661821988	addons.xpi	DEBUG	Calling bootstrap method startup on webcompat@mozilla.org version 1.0
2020-11-29 09:57:02,005 - Process-148[log-interceptor-1] - selenium_firefox     - DEBUG   : BROWSER 1: driver: 1606661821992	addons.manager	DEBUG	Registering shutdown blocker for XPIProvider
2020-11-29 09:57:02,005 - Process-148[log-interceptor-1] - selenium_firefox     - DEBUG   : BROWSER 1: driver: 1606661821992	addons.manager	DEBUG	Provider finished startup: XPIProvider
2020-11-29 09:57:02,005 - Process-148[log-interceptor-1] - selenium_firefox     - DEBUG   : BROWSER 1: driver: 1606661821992	addons.manager	DEBUG	Starting provider: LightweightThemeManager
2020-11-29 09:57:02,005 - Process-148[log-interceptor-1] - selenium_firefox     - DEBUG   : BROWSER 1: driver: 1606661821992	addons.manager	DEBUG	Registering shutdown blocker for LightweightThemeManager
2020-11-29 09:57:02,005 - Process-148[log-interceptor-1] - selenium_firefox     - DEBUG   : BROWSER 1: driver: 1606661821992	addons.manager	DEBUG	Provider finished startup: LightweightThemeManager
2020-11-29 09:57:02,005 - Process-148[log-interceptor-1] - selenium_firefox     - DEBUG   : BROWSER 1: driver: 1606661821992	addons.manager	DEBUG	Starting provider: GMPProvider
2020-11-29 09:57:04,508 - Process-148[MainThread] - BaseAggregator       - DEBUG   : Status update; current record queue size: 0
2020-11-29 09:57:07,000 - Process-148[MainThread] - FirefoxExtension     - DEBUG   : Cookie instrumentation enabled
2020-11-29 09:57:07,001 - Process-148[MainThread] - FirefoxExtension     - DEBUG   : HTTP Instrumentation enabled
2020-11-29 09:57:07,086 - Process-148[MainThread] - BrowserManager       - DEBUG   : BROWSER 1: Looking for extension port information in /tmp/rust_mozprofile.xjzQ4vwC1F4H/
2020-11-29 09:57:07,087 - Process-148[MainThread] - BrowserManager       - DEBUG   : BROWSER 1: Connecting to extension on port 43949
2020-11-29 09:57:07,087 - Process-148[MainThread] - BrowserManager       - DEBUG   : BROWSER 1: BrowserManager ready.
2020-11-29 09:57:07,088 - Process-148[MainThread] - BrowserManager       - DEBUG   : BROWSER 1: Browser spawn sucessful!
2020-11-29 09:57:07,614 - Process-148[MainThread] - TaskManager          - INFO    : 

OpenWPM Version: 44dd020
Firefox Version: 52.9.0

========== Manager Configuration ==========
{
  "aggregator_address": [
    "127.0.0.1",
    48673
  ],
  "data_directory": "/home/data/maaz/Ads/20v50/data/20_50/control_5_4",
  "database_name": "/home/data/maaz/Ads/20v50/data/20_50/control_5_4/3_crawl-data.sqlite",
  "failure_limit": null,
  "log_directory": "/home/data/maaz/Ads/20v50/data/20_50/control_5_4",
  "log_file": "/home/data/maaz/Ads/20v50/data/20_50/control_5_4/openwpm.log",
  "logger_address": [
    "127.0.0.1",
    59569
  ],
  "num_browsers": 1,
  "output_format": "local",
  "screenshot_path": "/home/data/maaz/Ads/20v50/data/20_50/control_5_4/screenshots",
  "source_dump_path": "/home/data/maaz/Ads/20v50/data/20_50/control_5_4/sources",
  "testing": false
}

========== Browser Configuration ==========
Keys:
{
  "crawl_id": 0,
  "Ad_Sites": 1,
  "Browser_Config": 2,
  "Browser_Config_Def": 3,
  "Intent": 4,
  "Intent_Sites": 5,
  "Manager_Config": 6,
  "Manager_Config_Def": 7,
  "Number_of_Browsers": 8,
  "Persona_Name": 9,
  "Persona_Numb": 10,
  "Persona_Path": 11,
  "Sites": 12,
  "Storage_File": 13,
  "adblock-plus": 14,
  "bot_mitigation": 15,
  "browser": 16,
  "cookie_instrument": 17,
  "disable_flash": 18,
  "disconnect": 19,
  "donottrack": 20,
  "extension_enabled": 21,
  "ghostery": 22,
  "headless": 23,
  "http_instrument": 24,
  "https-everywhere": 25,
  "js_instrument": 26,
  "prefs": 27,
  "random_attributes": 28,
  "save_all_content": 29,
  "save_javascript": 30,
  "storage_file": 31,
  "tp_cookies": 32,
  "tracking-protection": 33,
  "ublock-origin": 34
}

  0  1                                 2                                                     3                            4         5    6                                                     7                              8  9               10  11             12    13          14     15    16       17    18     19     20     21    22     23    24    25     26     27    28     29     30     31          32      33     34
---  --------------------------------  ----------------------------------------------------  ---------------------------  --------  ---  ----------------------------------------------------  ---------------------------  ---  ------------  ----  -------------  ----  ----------  -----  ----  -------  ----  -----  -----  -----  ----  -----  ----  ----  -----  -----  ----  -----  -----  -----  ----------  ------  -----  -----
  1  [u'https://www.accuweather.com']  config/20_50/Control/5_Control_browser_params_4.json  default_browser_params.json  NoIntent  []   config/20_50/Control/5_Control_manager_params_4.json  default_manager_params.json    1  Control.json     4  data/personas  []    storage.js  False  True  firefox  True  False  False  False  True  False  True  True  False  False  {}    False  False  False  storage.js  always  False  False

========== Input profile tar files ==========
{
  "1": "data/20_50/control_5_4"
}

========== Output (archive) profile dirs ==========
{
  "1": "data/20_50/control_5_4"
}


2020-11-29 09:57:09,520 - Process-148[MainThread] - BaseAggregator       - DEBUG   : Status update; current record queue size: 0
2020-11-29 09:57:14,527 - Process-148[MainThread] - BaseAggregator       - DEBUG   : Status update; current record queue size: 0
2020-11-29 09:57:19,533 - Process-148[MainThread] - BaseAggregator       - DEBUG   : Status update; current record queue size: 0
2020-11-29 09:57:24,539 - Process-148[MainThread] - BaseAggregator       - DEBUG   : Status update; current record queue size: 0
2020-11-29 09:57:29,545 - Process-148[MainThread] - BaseAggregator       - DEBUG   : Status update; current record queue size: 0
2020-11-29 09:57:32,325 - Process-148[MainThread] - BrowserManager       - DEBUG   : BROWSER 1: Killing browser manager...
2020-11-29 09:57:32,325 - Process-148[MainThread] - BrowserManager       - DEBUG   : BROWSER 1: Attempting to kill BrowserManager with pid 46283. Display PID: 46373 | Display Port: 0 | Browser PID: 46433
2020-11-29 09:57:32,326 - Process-148[MainThread] - BrowserManager       - DEBUG   : BROWSER 1: Display process does not exit
2020-11-29 09:57:32,326 - Process-148[MainThread] - BrowserManager       - DEBUG   : BROWSER 1: Screen lockfile (/tmp/.X0-lock) already removed
2020-11-29 09:57:32,416 - Process-148[MainThread] - BrowserManager       - DEBUG   : BROWSER 1: Geckodriver process already killed.
2020-11-29 09:57:32,416 - Process-148[MainThread] - BrowserManager       - DEBUG   : BROWSER 1: during_init=False | profile_archive_dir=data/20_50/control_5_4
2020-11-29 09:57:32,416 - Process-148[MainThread] - BrowserManager       - DEBUG   : BROWSER 1: Archiving browser profile directory to data/20_50/control_5_4
2020-11-29 09:57:32,417 - Process-148[MainThread] - profile_commands     - DEBUG   : BROWSER 1: Backing up full profile from /tmp/rust_mozprofile.xjzQ4vwC1F4H/ to data/20_50/control_5_4/profile.tar.gz
2020-11-29 09:57:32,531 - Process-148[MainThread] - profile_commands     - WARNING : BROWSER 1: /tmp/rust_mozprofile.xjzQ4vwC1F4H/webapps NOT FOUND IN profile folder, skipping.
2020-11-29 09:57:32,534 - Process-148[MainThread] - profile_commands     - DEBUG   : BROWSER 1: SAVING /home/maaz/.macromedia/Flash_Player/#SharedObjects during flash file archive
2020-11-29 09:57:32,536 - Process-148[MainThread] - profile_commands     - DEBUG   : BROWSER 1: SAVING /home/maaz/.macromedia/Flash_Player/macromedia.com/support/flashplayer/sys during flash file archive
2020-11-29 09:57:32,543 - Process-148[MainThread] - BaseAggregator       - DEBUG   : Sending the shutdown signal to the LocalAggregator listener process...
2020-11-29 09:57:32,549 - Process-148[MainThread] - BaseAggregator       - INFO    : Received shutdown signal!
2020-11-29 09:57:35,616 - Process-148[MainThread] - BaseAggregator       - DEBUG   : LocalAggregator took 3.07278585434 seconds to close.
