2020-11-28 20:59:50,658 - Process-3  [MainThread] - BrowserManager       - DEBUG   : BROWSER 1: Spawn attempt 0 
2020-11-28 20:59:51,737 - Process-3  [MainThread] - deploy_firefox       - DEBUG   : BROWSER 1: OpenWPM Firefox extension loaded
2020-11-28 20:59:55,505 - Process-3  [log-interceptor-1] - selenium_firefox     - DEBUG   : BROWSER 1: driver: 1606618791842	geckodriver	INFO	Listening on 127.0.0.1:50669
2020-11-28 20:59:55,506 - Process-3  [log-interceptor-1] - selenium_firefox     - DEBUG   : BROWSER 1: driver: 1606618793053	mozprofile::profile	INFO	Using profile path /tmp/rust_mozprofile.XaPsyx20zPq3
2020-11-28 20:59:55,506 - Process-3  [log-interceptor-1] - selenium_firefox     - DEBUG   : BROWSER 1: driver: 1606618793058	geckodriver::marionette	INFO	Starting browser /home/maazbinmusa/Desktop/20v50/firefox-bin/firefox-bin with args []
2020-11-28 20:59:55,507 - Process-3  [log-interceptor-1] - selenium_firefox     - DEBUG   : BROWSER 1: driver: 1606618793076	geckodriver::marionette	INFO	Connecting to Marionette on localhost:39747
2020-11-28 20:59:55,507 - Process-3  [log-interceptor-1] - selenium_firefox     - DEBUG   : BROWSER 1: driver: 1606618794322	addons.manager	DEBUG	Application has been upgraded
2020-11-28 20:59:55,507 - Process-3  [log-interceptor-1] - selenium_firefox     - DEBUG   : BROWSER 1: driver: 1606618794558	addons.manager	DEBUG	Loaded provider scope for resource://gre/modules/addons/XPIProvider.jsm: ["XPIProvider"]
2020-11-28 20:59:55,508 - Process-3  [log-interceptor-1] - selenium_firefox     - DEBUG   : BROWSER 1: driver: 1606618794572	addons.manager	DEBUG	Loaded provider scope for resource://gre/modules/LightweightThemeManager.jsm: ["LightweightThemeManager"]
2020-11-28 20:59:55,508 - Process-3  [log-interceptor-1] - selenium_firefox     - DEBUG   : BROWSER 1: driver: 1606618794590	addons.manager	DEBUG	Loaded provider scope for resource://gre/modules/addons/GMPProvider.jsm
2020-11-28 20:59:55,509 - Process-3  [log-interceptor-1] - selenium_firefox     - DEBUG   : BROWSER 1: driver: 1606618794600	addons.manager	DEBUG	Loaded provider scope for resource://gre/modules/addons/PluginProvider.jsm
2020-11-28 20:59:55,509 - Process-3  [log-interceptor-1] - selenium_firefox     - DEBUG   : BROWSER 1: driver: 1606618794604	addons.manager	DEBUG	Starting provider: XPIProvider
2020-11-28 20:59:55,509 - Process-3  [log-interceptor-1] - selenium_firefox     - DEBUG   : BROWSER 1: driver: 1606618794606	addons.xpi	DEBUG	startup
2020-11-28 20:59:55,510 - Process-3  [log-interceptor-1] - selenium_firefox     - DEBUG   : BROWSER 1: driver: 1606618794610	addons.xpi	INFO	Mapping @openwpm to /tmp/rust_mozprofile.XaPsyx20zPq3/extensions/@openwpm
2020-11-28 20:59:55,510 - Process-3  [log-interceptor-1] - selenium_firefox     - DEBUG   : BROWSER 1: driver: 1606618794612	addons.xpi	INFO	SystemAddonInstallLocation directory is missing
2020-11-28 20:59:55,510 - Process-3  [log-interceptor-1] - selenium_firefox     - DEBUG   : BROWSER 1: driver: 1606618794616	addons.xpi	INFO	Mapping webcompat@mozilla.org to /home/maazbinmusa/Desktop/20v50/firefox-bin/browser/features/webcompat@mozilla.org.xpi
2020-11-28 20:59:55,516 - Process-3  [log-interceptor-1] - selenium_firefox     - DEBUG   : BROWSER 1: driver: 1606618794618	addons.xpi	INFO	Mapping e10srollout@mozilla.org to /home/maazbinmusa/Desktop/20v50/firefox-bin/browser/features/e10srollout@mozilla.org.xpi
2020-11-28 20:59:55,520 - Process-3  [log-interceptor-1] - selenium_firefox     - DEBUG   : BROWSER 1: driver: 1606618794620	addons.xpi	INFO	Mapping firefox@getpocket.com to /home/maazbinmusa/Desktop/20v50/firefox-bin/browser/features/firefox@getpocket.com.xpi
2020-11-28 20:59:55,521 - Process-3  [log-interceptor-1] - selenium_firefox     - DEBUG   : BROWSER 1: driver: 1606618794622	addons.xpi	INFO	Mapping aushelper@mozilla.org to /home/maazbinmusa/Desktop/20v50/firefox-bin/browser/features/aushelper@mozilla.org.xpi
2020-11-28 20:59:55,521 - Process-3  [log-interceptor-1] - selenium_firefox     - DEBUG   : BROWSER 1: driver: 1606618794624	addons.xpi	INFO	Mapping {972ce4c6-7e08-4474-a285-3208198ce6fd} to /home/maazbinmusa/Desktop/20v50/firefox-bin/browser/extensions/{972ce4c6-7e08-4474-a285-3208198ce6fd}.xpi
2020-11-28 20:59:55,522 - Process-3  [log-interceptor-1] - selenium_firefox     - DEBUG   : BROWSER 1: driver: 1606618794628	addons.xpi	DEBUG	checkForChanges
2020-11-28 20:59:55,522 - Process-3  [log-interceptor-1] - selenium_firefox     - DEBUG   : BROWSER 1: driver: 1606618794628	addons.xpi	INFO	SystemAddonInstallLocation directory is missing
2020-11-28 20:59:55,523 - Process-3  [log-interceptor-1] - selenium_firefox     - DEBUG   : BROWSER 1: driver: 1606618794630	addons.xpi	DEBUG	Loaded add-on state from prefs: {}
2020-11-28 20:59:55,523 - Process-3  [log-interceptor-1] - selenium_firefox     - DEBUG   : BROWSER 1: driver: 1606618794632	addons.xpi	DEBUG	New add-on @openwpm in app-profile
2020-11-28 20:59:55,523 - Process-3  [log-interceptor-1] - selenium_firefox     - DEBUG   : BROWSER 1: driver: 1606618794634	addons.xpi	DEBUG	getModTime: Recursive scan of @openwpm
2020-11-28 20:59:55,523 - Process-3  [log-interceptor-1] - selenium_firefox     - DEBUG   : BROWSER 1: driver: 1606618794638	addons.xpi	DEBUG	New add-on webcompat@mozilla.org in app-system-defaults
2020-11-28 20:59:55,524 - Process-3  [log-interceptor-1] - selenium_firefox     - DEBUG   : BROWSER 1: driver: 1606618794640	addons.xpi	DEBUG	getModTime: Recursive scan of webcompat@mozilla.org
2020-11-28 20:59:55,524 - Process-3  [log-interceptor-1] - selenium_firefox     - DEBUG   : BROWSER 1: driver: 1606618794642	addons.xpi	DEBUG	New add-on e10srollout@mozilla.org in app-system-defaults
2020-11-28 20:59:55,524 - Process-3  [log-interceptor-1] - selenium_firefox     - DEBUG   : BROWSER 1: driver: 1606618794644	addons.xpi	DEBUG	getModTime: Recursive scan of e10srollout@mozilla.org
2020-11-28 20:59:55,524 - Process-3  [log-interceptor-1] - selenium_firefox     - DEBUG   : BROWSER 1: driver: 1606618794644	addons.xpi	DEBUG	New add-on firefox@getpocket.com in app-system-defaults
2020-11-28 20:59:55,525 - Process-3  [log-interceptor-1] - selenium_firefox     - DEBUG   : BROWSER 1: driver: 1606618794644	addons.xpi	DEBUG	getModTime: Recursive scan of firefox@getpocket.com
2020-11-28 20:59:55,525 - Process-3  [log-interceptor-1] - selenium_firefox     - DEBUG   : BROWSER 1: driver: 1606618794644	addons.xpi	DEBUG	New add-on aushelper@mozilla.org in app-system-defaults
2020-11-28 20:59:55,525 - Process-3  [log-interceptor-1] - selenium_firefox     - DEBUG   : BROWSER 1: driver: 1606618794646	addons.xpi	DEBUG	getModTime: Recursive scan of aushelper@mozilla.org
2020-11-28 20:59:55,525 - Process-3  [log-interceptor-1] - selenium_firefox     - DEBUG   : BROWSER 1: driver: 1606618794646	addons.xpi	DEBUG	New add-on {972ce4c6-7e08-4474-a285-3208198ce6fd} in app-global
2020-11-28 20:59:55,526 - Process-3  [log-interceptor-1] - selenium_firefox     - DEBUG   : BROWSER 1: driver: 1606618794648	addons.xpi	DEBUG	getModTime: Recursive scan of {972ce4c6-7e08-4474-a285-3208198ce6fd}
2020-11-28 20:59:55,526 - Process-3  [log-interceptor-1] - selenium_firefox     - DEBUG   : BROWSER 1: driver: 1606618794648	addons.xpi	DEBUG	getInstallState changed: true, state: {"app-profile":{"@openwpm":{"d":"/tmp/rust_mozprofile.XaPsyx20zPq3/extensions/@openwpm","st":1606618793000,"mt":1606618793000}},"app-system-defaults":{"webcompat@mozilla.org":{"d":"/home/maazbinmusa/Desktop/20v50/firefox-bin/browser/features/webcompat@mozilla.org.xpi","st":1606554842000},"e10srollout@mozilla.org":{"d":"/home/maazbinmusa/Desktop/20v50/firefox-bin/browser/features/e10srollout@mozilla.org.xpi","st":1606554842000},"firefox@getpocket.com":{"d":"/home/maazbinmusa/Desktop/20v50/firefox-bin/browser/features/firefox@getpocket.com.xpi","st":1606554842000},"aushelper@mozilla.org":{"d":"/home/maazbinmusa/Desktop/20v50/firefox-bin/browser/features/aushelper@mozilla.org.xpi","st":1606554842000}},"app-global":{"{972ce4c6-7e08-4474-a285-3208198ce6fd}":{"d":"/home/maazbinmusa/Desktop/20v50/firefox-bin/browser/extensions/{972ce4c6-7e08-4474-a285-3208198ce6fd}.xpi","st":1606554842000}}}
2020-11-28 20:59:55,526 - Process-3  [log-interceptor-1] - selenium_firefox     - DEBUG   : BROWSER 1: driver: 1606618794660	addons.xpi-utils	DEBUG	Opening XPI database /tmp/rust_mozprofile.XaPsyx20zPq3/extensions.json
2020-11-28 20:59:55,526 - Process-3  [log-interceptor-1] - selenium_firefox     - DEBUG   : BROWSER 1: driver: 1606618794662	addons.xpi-utils	DEBUG	New add-on @openwpm installed in app-profile
2020-11-28 20:59:55,527 - Process-3  [log-interceptor-1] - selenium_firefox     - DEBUG   : BROWSER 1: driver: *** Blocklist::_loadBlocklistFromFile: blocklist is disabled
2020-11-28 20:59:55,527 - Process-3  [log-interceptor-1] - selenium_firefox     - DEBUG   : BROWSER 1: driver: 1606618794752	DeferredSave.extensions.json	DEBUG	Save changes
2020-11-28 20:59:55,527 - Process-3  [log-interceptor-1] - selenium_firefox     - DEBUG   : BROWSER 1: driver: 1606618794754	addons.xpi-utils	DEBUG	New add-on webcompat@mozilla.org installed in app-system-defaults
2020-11-28 20:59:55,527 - Process-3  [log-interceptor-1] - selenium_firefox     - DEBUG   : BROWSER 1: driver: 1606618794796	DeferredSave.extensions.json	DEBUG	Starting timer
2020-11-28 20:59:55,527 - Process-3  [log-interceptor-1] - selenium_firefox     - DEBUG   : BROWSER 1: driver: 1606618794810	DeferredSave.extensions.json	DEBUG	Save changes
2020-11-28 20:59:55,528 - Process-3  [log-interceptor-1] - selenium_firefox     - DEBUG   : BROWSER 1: driver: 1606618794812	addons.xpi-utils	DEBUG	New add-on e10srollout@mozilla.org installed in app-system-defaults
2020-11-28 20:59:55,528 - Process-3  [log-interceptor-1] - selenium_firefox     - DEBUG   : BROWSER 1: driver: 1606618794838	DeferredSave.extensions.json	DEBUG	Save changes
2020-11-28 20:59:55,528 - Process-3  [log-interceptor-1] - selenium_firefox     - DEBUG   : BROWSER 1: driver: 1606618794842	addons.xpi-utils	DEBUG	New add-on firefox@getpocket.com installed in app-system-defaults
2020-11-28 20:59:55,529 - Process-3  [log-interceptor-1] - selenium_firefox     - DEBUG   : BROWSER 1: driver: 1606618794986	DeferredSave.extensions.json	DEBUG	Starting write
2020-11-28 20:59:55,529 - Process-3  [log-interceptor-1] - selenium_firefox     - DEBUG   : BROWSER 1: driver: 1606618795006	DeferredSave.extensions.json	DEBUG	Save changes
2020-11-28 20:59:55,529 - Process-3  [log-interceptor-1] - selenium_firefox     - DEBUG   : BROWSER 1: driver: 1606618795006	DeferredSave.extensions.json	DEBUG	Data changed while write in progress
2020-11-28 20:59:55,529 - Process-3  [log-interceptor-1] - selenium_firefox     - DEBUG   : BROWSER 1: driver: 1606618795006	addons.xpi-utils	DEBUG	New add-on aushelper@mozilla.org installed in app-system-defaults
2020-11-28 20:59:55,529 - Process-3  [log-interceptor-1] - selenium_firefox     - DEBUG   : BROWSER 1: driver: 1606618795042	DeferredSave.extensions.json	DEBUG	Save changes
2020-11-28 20:59:55,530 - Process-3  [log-interceptor-1] - selenium_firefox     - DEBUG   : BROWSER 1: driver: 1606618795044	addons.xpi-utils	DEBUG	New add-on {972ce4c6-7e08-4474-a285-3208198ce6fd} installed in app-global
2020-11-28 20:59:55,530 - Process-3  [log-interceptor-1] - selenium_firefox     - DEBUG   : BROWSER 1: driver: 1606618795090	DeferredSave.extensions.json	DEBUG	Save changes
2020-11-28 20:59:55,530 - Process-3  [log-interceptor-1] - selenium_firefox     - DEBUG   : BROWSER 1: driver: 1606618795094	addons.manager	DEBUG	Registering startup change 'installed' for @openwpm
2020-11-28 20:59:55,530 - Process-3  [log-interceptor-1] - selenium_firefox     - DEBUG   : BROWSER 1: driver: 1606618795094	addons.manager	DEBUG	Registering startup change 'installed' for @openwpm
2020-11-28 20:59:55,531 - Process-3  [log-interceptor-1] - selenium_firefox     - DEBUG   : BROWSER 1: driver: 1606618795142	addons.xpi	DEBUG	Loading bootstrap scope from /tmp/rust_mozprofile.XaPsyx20zPq3/extensions/@openwpm
2020-11-28 20:59:55,531 - Process-3  [log-interceptor-1] - selenium_firefox     - DEBUG   : BROWSER 1: driver: 1606618795452	addons.xpi	DEBUG	Calling bootstrap method install on @openwpm version 0.0.1
2020-11-28 20:59:55,531 - Process-3  [log-interceptor-1] - selenium_firefox     - DEBUG   : BROWSER 1: driver: 1606618795454	addons.xpi-utils	DEBUG	Make addon app-profile:@openwpm visible
2020-11-28 20:59:55,531 - Process-3  [log-interceptor-1] - selenium_firefox     - DEBUG   : BROWSER 1: driver: 1606618795474	addons.xpi	DEBUG	Add-on @openwpm blocks e10s rollout.
2020-11-28 20:59:55,532 - Process-3  [log-interceptor-1] - selenium_firefox     - DEBUG   : BROWSER 1: driver: 1606618795474	DeferredSave.extensions.json	DEBUG	Save changes
2020-11-28 20:59:55,532 - Process-3  [log-interceptor-1] - selenium_firefox     - DEBUG   : BROWSER 1: driver: 1606618795474	addons.manager	DEBUG	Registering startup change 'installed' for webcompat@mozilla.org
2020-11-28 20:59:55,532 - Process-3  [log-interceptor-1] - selenium_firefox     - DEBUG   : BROWSER 1: driver: 1606618795474	addons.xpi	DEBUG	Loading bootstrap scope from /home/maazbinmusa/Desktop/20v50/firefox-bin/browser/features/webcompat@mozilla.org.xpi
2020-11-28 20:59:55,532 - Process-3  [log-interceptor-1] - selenium_firefox     - DEBUG   : BROWSER 1: driver: 1606618795478	addons.xpi	DEBUG	Calling bootstrap method install on webcompat@mozilla.org version 1.0
2020-11-28 20:59:55,532 - Process-3  [log-interceptor-1] - selenium_firefox     - DEBUG   : BROWSER 1: driver: 1606618795478	addons.xpi-utils	DEBUG	Make addon app-system-defaults:webcompat@mozilla.org visible
2020-11-28 20:59:55,533 - Process-3  [log-interceptor-1] - selenium_firefox     - DEBUG   : BROWSER 1: driver: 1606618795478	addons.xpi	DEBUG	Add-on @openwpm blocks e10s rollout.
2020-11-28 20:59:55,533 - Process-3  [log-interceptor-1] - selenium_firefox     - DEBUG   : BROWSER 1: driver: 1606618795478	DeferredSave.extensions.json	DEBUG	Save changes
2020-11-28 20:59:55,533 - Process-3  [log-interceptor-1] - selenium_firefox     - DEBUG   : BROWSER 1: driver: 1606618795480	addons.manager	DEBUG	Registering startup change 'installed' for e10srollout@mozilla.org
2020-11-28 20:59:55,533 - Process-3  [log-interceptor-1] - selenium_firefox     - DEBUG   : BROWSER 1: driver: 1606618795482	addons.xpi	DEBUG	Loading bootstrap scope from /home/maazbinmusa/Desktop/20v50/firefox-bin/browser/features/e10srollout@mozilla.org.xpi
2020-11-28 20:59:55,535 - Process-3  [log-interceptor-1] - selenium_firefox     - DEBUG   : BROWSER 1: driver: 1606618795486	addons.xpi	DEBUG	Calling bootstrap method install on e10srollout@mozilla.org version 1.10
2020-11-28 20:59:55,536 - Process-3  [log-interceptor-1] - selenium_firefox     - DEBUG   : BROWSER 1: driver: 1606618795488	addons.xpi	DEBUG	Add-on @openwpm blocks e10s rollout.
2020-11-28 20:59:55,537 - Process-3  [log-interceptor-1] - selenium_firefox     - DEBUG   : BROWSER 1: driver: 1606618795488	addons.xpi	DEBUG	Add-on @openwpm blocks e10s rollout.
2020-11-28 20:59:55,555 - Process-3  [log-interceptor-1] - selenium_firefox     - DEBUG   : BROWSER 1: driver: 1606618795490	addons.xpi-utils	DEBUG	Make addon app-system-defaults:e10srollout@mozilla.org visible
2020-11-28 20:59:55,556 - Process-3  [log-interceptor-1] - selenium_firefox     - DEBUG   : BROWSER 1: driver: 1606618795490	addons.xpi	DEBUG	Add-on @openwpm blocks e10s rollout.
2020-11-28 20:59:55,556 - Process-3  [log-interceptor-1] - selenium_firefox     - DEBUG   : BROWSER 1: driver: 1606618795490	DeferredSave.extensions.json	DEBUG	Save changes
2020-11-28 20:59:55,556 - Process-3  [log-interceptor-1] - selenium_firefox     - DEBUG   : BROWSER 1: driver: 1606618795490	addons.manager	DEBUG	Registering startup change 'installed' for firefox@getpocket.com
2020-11-28 20:59:55,556 - Process-3  [log-interceptor-1] - selenium_firefox     - DEBUG   : BROWSER 1: driver: 1606618795492	addons.xpi	DEBUG	Loading bootstrap scope from /home/maazbinmusa/Desktop/20v50/firefox-bin/browser/features/firefox@getpocket.com.xpi
2020-11-28 20:59:55,556 - Process-3  [log-interceptor-1] - selenium_firefox     - DEBUG   : BROWSER 1: driver: 1606618795502	addons.xpi	DEBUG	Calling bootstrap method install on firefox@getpocket.com version 1.0.5
2020-11-28 20:59:55,557 - Process-3  [log-interceptor-1] - selenium_firefox     - DEBUG   : BROWSER 1: driver: 1606618795502	addons.xpi-utils	DEBUG	Make addon app-system-defaults:firefox@getpocket.com visible
2020-11-28 20:59:55,557 - Process-3  [log-interceptor-1] - selenium_firefox     - DEBUG   : BROWSER 1: driver: 1606618795502	addons.xpi	DEBUG	Add-on @openwpm blocks e10s rollout.
2020-11-28 20:59:55,557 - Process-3  [log-interceptor-1] - selenium_firefox     - DEBUG   : BROWSER 1: driver: 1606618795502	DeferredSave.extensions.json	DEBUG	Save changes
2020-11-28 20:59:55,557 - Process-3  [log-interceptor-1] - selenium_firefox     - DEBUG   : BROWSER 1: driver: 1606618795502	addons.manager	DEBUG	Registering startup change 'installed' for aushelper@mozilla.org
2020-11-28 20:59:55,601 - Process-3  [log-interceptor-1] - selenium_firefox     - DEBUG   : BROWSER 1: driver: 1606618795504	addons.xpi	DEBUG	Loading bootstrap scope from /home/maazbinmusa/Desktop/20v50/firefox-bin/browser/features/aushelper@mozilla.org.xpi
2020-11-28 20:59:55,601 - Process-3  [log-interceptor-1] - selenium_firefox     - DEBUG   : BROWSER 1: driver: 1606618795510	addons.xpi	DEBUG	Calling bootstrap method install on aushelper@mozilla.org version 2.0
2020-11-28 20:59:55,601 - Process-3  [log-interceptor-1] - selenium_firefox     - DEBUG   : BROWSER 1: driver: 1606618795510	addons.xpi-utils	DEBUG	Make addon app-system-defaults:aushelper@mozilla.org visible
2020-11-28 20:59:55,602 - Process-3  [log-interceptor-1] - selenium_firefox     - DEBUG   : BROWSER 1: driver: 1606618795514	addons.xpi	DEBUG	Add-on @openwpm blocks e10s rollout.
2020-11-28 20:59:55,602 - Process-3  [log-interceptor-1] - selenium_firefox     - DEBUG   : BROWSER 1: driver: 1606618795514	DeferredSave.extensions.json	DEBUG	Save changes
2020-11-28 20:59:55,602 - Process-3  [log-interceptor-1] - selenium_firefox     - DEBUG   : BROWSER 1: driver: 1606618795516	addons.xpi-utils	DEBUG	Make addon app-global:{972ce4c6-7e08-4474-a285-3208198ce6fd} visible
2020-11-28 20:59:55,602 - Process-3  [log-interceptor-1] - selenium_firefox     - DEBUG   : BROWSER 1: driver: 1606618795516	addons.xpi	DEBUG	Add-on @openwpm blocks e10s rollout.
2020-11-28 20:59:55,602 - Process-3  [log-interceptor-1] - selenium_firefox     - DEBUG   : BROWSER 1: driver: 1606618795516	DeferredSave.extensions.json	DEBUG	Save changes
2020-11-28 20:59:55,602 - Process-3  [log-interceptor-1] - selenium_firefox     - DEBUG   : BROWSER 1: driver: 1606618795518	addons.xpi	DEBUG	Updating XPIState for {"id":"@openwpm","syncGUID":"{9cd57c8d-e71a-453a-ad25-15787e68b98d}","location":"app-profile","version":"0.0.1","type":"extension","internalName":null,"updateURL":null,"updateKey":null,"optionsURL":null,"optionsType":null,"aboutURL":null,"icons":{},"iconURL":null,"icon64URL":null,"defaultLocale":{"name":"openwpm","description":"Extension with socket interface into OpenWPM","creator":"Steven Englehardt","homepageURL":null},"visible":true,"active":true,"userDisabled":false,"appDisabled":false,"descriptor":"/tmp/rust_mozprofile.XaPsyx20zPq3/extensions/@openwpm","installDate":1606618793000,"updateDate":1606618793000,"applyBackgroundUpdates":1,"bootstrap":true,"skinnable":false,"size":84784,"sourceURI":null,"releaseNotesURI":null,"softDisabled":false,"foreignInstall":true,"hasBinaryComponents":false,"strictCompatibility":false,"locales":[],"targetApplications":[{"id":"{ec8030f7-c20a-464f-9b0e-13a3a9e97384}","minVersion":"38.0a1","maxVersion":"*"}],"targetPlatforms":[],"multiprocessCompatible":false,"signedState":0,"seen":true,"dependencies":[],"hasEmbeddedWebExtension":false,"mpcOptedOut":false}
2020-11-28 20:59:55,603 - Process-3  [log-interceptor-1] - selenium_firefox     - DEBUG   : BROWSER 1: driver: 1606618795518	addons.xpi	DEBUG	getModTime: Recursive scan of @openwpm
2020-11-28 20:59:55,603 - Process-3  [log-interceptor-1] - selenium_firefox     - DEBUG   : BROWSER 1: driver: 1606618795522	addons.xpi	DEBUG	Updating XPIState for {"id":"webcompat@mozilla.org","syncGUID":"{777e2d7d-6d00-4f97-80c1-38506aead4ad}","location":"app-system-defaults","version":"1.0","type":"extension","internalName":null,"updateURL":null,"updateKey":null,"optionsURL":null,"optionsType":null,"aboutURL":null,"icons":{},"iconURL":null,"icon64URL":null,"defaultLocale":{"name":"Web Compat","description":"Urgent post-release fixes for web compatibility.","creator":null,"homepageURL":null},"visible":true,"active":true,"userDisabled":false,"appDisabled":false,"descriptor":"/home/maazbinmusa/Desktop/20v50/firefox-bin/browser/features/webcompat@mozilla.org.xpi","installDate":1606554842000,"updateDate":1606554842000,"applyBackgroundUpdates":1,"bootstrap":true,"skinnable":false,"size":1456,"sourceURI":null,"releaseNotesURI":null,"softDisabled":false,"foreignInstall":false,"hasBinaryComponents":false,"strictCompatibility":false,"locales":[],"targetApplications":[{"id":"{ec8030f7-c20a-464f-9b0e-13a3a9e97384}","minVersion":"52.9.0","maxVersion":"52.*"}],"targetPlatforms":[],"multiprocessCompatible":true,"seen":true,"dependencies":[],"hasEmbeddedWebExtension":false,"mpcOptedOut":false}
2020-11-28 20:59:55,603 - Process-3  [log-interceptor-1] - selenium_firefox     - DEBUG   : BROWSER 1: driver: 1606618795522	addons.xpi	DEBUG	getModTime: Recursive scan of webcompat@mozilla.org
2020-11-28 20:59:55,603 - Process-3  [log-interceptor-1] - selenium_firefox     - DEBUG   : BROWSER 1: driver: 1606618795524	addons.xpi	DEBUG	Updating XPIState for {"id":"e10srollout@mozilla.org","syncGUID":"{d49a674c-a4eb-4d90-907c-d4f1ca806404}","location":"app-system-defaults","version":"1.10","type":"extension","internalName":null,"updateURL":null,"updateKey":null,"optionsURL":null,"optionsType":null,"aboutURL":null,"icons":{},"iconURL":null,"icon64URL":null,"defaultLocale":{"name":"Multi-process staged rollout","description":"Staged rollout of Firefox multi-process feature.","creator":null,"homepageURL":null},"visible":true,"active":true,"userDisabled":false,"appDisabled":false,"descriptor":"/home/maazbinmusa/Desktop/20v50/firefox-bin/browser/features/e10srollout@mozilla.org.xpi","installDate":1606554842000,"updateDate":1606554842000,"applyBackgroundUpdates":1,"bootstrap":true,"skinnable":false,"size":8145,"sourceURI":null,"releaseNotesURI":null,"softDisabled":false,"foreignInstall":false,"hasBinaryComponents":false,"strictCompatibility":false,"locales":[],"targetApplications":[{"id":"{ec8030f7-c20a-464f-9b0e-13a3a9e97384}","minVersion":"52.9.0","maxVersion":"52.*"}],"targetPlatforms":[],"multiprocessCompatible":true,"seen":true,"dependencies":[],"hasEmbeddedWebExtension":false,"mpcOptedOut":false}
2020-11-28 20:59:55,603 - Process-3  [log-interceptor-1] - selenium_firefox     - DEBUG   : BROWSER 1: driver: 1606618795524	addons.xpi	DEBUG	getModTime: Recursive scan of e10srollout@mozilla.org
2020-11-28 20:59:55,604 - Process-3  [log-interceptor-1] - selenium_firefox     - DEBUG   : BROWSER 1: driver: 1606618795526	addons.xpi	DEBUG	Updating XPIState for {"id":"firefox@getpocket.com","syncGUID":"{90ac8165-b98a-4955-8b5e-5c65748d52eb}","location":"app-system-defaults","version":"1.0.5","type":"extension","internalName":null,"updateURL":null,"updateKey":null,"optionsURL":null,"optionsType":null,"aboutURL":null,"icons":{},"iconURL":null,"icon64URL":null,"defaultLocale":{"name":"Pocket","description":"When you find something you want to view later, put it in Pocket.","creator":null,"homepageURL":null},"visible":true,"active":true,"userDisabled":false,"appDisabled":false,"descriptor":"/home/maazbinmusa/Desktop/20v50/firefox-bin/browser/features/firefox@getpocket.com.xpi","installDate":1606554842000,"updateDate":1606554842000,"applyBackgroundUpdates":1,"bootstrap":true,"skinnable":false,"size":920281,"sourceURI":null,"releaseNotesURI":null,"softDisabled":false,"foreignInstall":false,"hasBinaryComponents":false,"strictCompatibility":false,"locales":[],"targetApplications":[{"id":"{ec8030f7-c20a-464f-9b0e-13a3a9e97384}","minVersion":"52.9.0","maxVersion":"52.*"}],"targetPlatforms":[],"multiprocessCompatible":true,"seen":true,"dependencies":[],"hasEmbeddedWebExtension":false,"mpcOptedOut":false}
2020-11-28 20:59:55,604 - Process-3  [log-interceptor-1] - selenium_firefox     - DEBUG   : BROWSER 1: driver: 1606618795526	addons.xpi	DEBUG	getModTime: Recursive scan of firefox@getpocket.com
2020-11-28 20:59:55,604 - Process-3  [log-interceptor-1] - selenium_firefox     - DEBUG   : BROWSER 1: driver: 1606618795526	addons.xpi	DEBUG	Updating XPIState for {"id":"aushelper@mozilla.org","syncGUID":"{02fa5024-280a-4788-825e-05e8271fa006}","location":"app-system-defaults","version":"2.0","type":"extension","internalName":null,"updateURL":null,"updateKey":null,"optionsURL":null,"optionsType":null,"aboutURL":null,"icons":{},"iconURL":null,"icon64URL":null,"defaultLocale":{"name":"Application Update Service Helper","description":"Sets value(s) in the update url based on custom checks.","creator":null,"homepageURL":null},"visible":true,"active":true,"userDisabled":false,"appDisabled":false,"descriptor":"/home/maazbinmusa/Desktop/20v50/firefox-bin/browser/features/aushelper@mozilla.org.xpi","installDate":1606554842000,"updateDate":1606554842000,"applyBackgroundUpdates":1,"bootstrap":true,"skinnable":false,"size":8488,"sourceURI":null,"releaseNotesURI":null,"softDisabled":false,"foreignInstall":false,"hasBinaryComponents":false,"strictCompatibility":false,"locales":[],"targetApplications":[{"id":"{ec8030f7-c20a-464f-9b0e-13a3a9e97384}","minVersion":"52.9.0","maxVersion":"52.*"}],"targetPlatforms":[],"multiprocessCompatible":true,"seen":true,"dependencies":[],"hasEmbeddedWebExtension":false,"mpcOptedOut":false}
2020-11-28 20:59:55,604 - Process-3  [log-interceptor-1] - selenium_firefox     - DEBUG   : BROWSER 1: driver: 1606618795528	addons.xpi	DEBUG	getModTime: Recursive scan of aushelper@mozilla.org
2020-11-28 20:59:55,604 - Process-3  [log-interceptor-1] - selenium_firefox     - DEBUG   : BROWSER 1: driver: 1606618795530	addons.xpi	DEBUG	Updating XPIState for {"id":"{972ce4c6-7e08-4474-a285-3208198ce6fd}","syncGUID":"{a408cbec-1e4c-407d-a883-4b0965856ee8}","location":"app-global","version":"52.9.0","type":"theme","internalName":"classic/1.0","updateURL":null,"updateKey":null,"optionsURL":null,"optionsType":null,"aboutURL":null,"icons":{"32":"icon.png","48":"icon.png"},"iconURL":null,"icon64URL":null,"defaultLocale":{"name":"Default","description":"The default theme.","creator":"Mozilla","homepageURL":null,"contributors":["Mozilla Contributors"]},"visible":true,"active":true,"userDisabled":false,"appDisabled":false,"descriptor":"/home/maazbinmusa/Desktop/20v50/firefox-bin/browser/extensions/{972ce4c6-7e08-4474-a285-3208198ce6fd}.xpi","installDate":1606554842000,"updateDate":1606554842000,"applyBackgroundUpdates":1,"skinnable":true,"size":4932,"sourceURI":null,"releaseNotesURI":null,"softDisabled":false,"foreignInstall":false,"hasBinaryComponents":false,"strictCompatibility":true,"locales":[],"targetApplications":[{"id":"{ec8030f7-c20a-464f-9b0e-13a3a9e97384}","minVersion":"52.9.0","maxVersion":"52.9.0"}],"targetPlatforms":[],"seen":true,"dependencies":[],"hasEmbeddedWebExtension":false}
2020-11-28 20:59:55,605 - Process-3  [log-interceptor-1] - selenium_firefox     - DEBUG   : BROWSER 1: driver: 1606618795530	addons.xpi	DEBUG	getModTime: Recursive scan of {972ce4c6-7e08-4474-a285-3208198ce6fd}
2020-11-28 20:59:55,606 - Process-3  [log-interceptor-1] - selenium_firefox     - DEBUG   : BROWSER 1: driver: 1606618795532	addons.xpi	DEBUG	Add-on @openwpm blocks e10s rollout.
2020-11-28 20:59:55,608 - Process-3  [log-interceptor-1] - selenium_firefox     - DEBUG   : BROWSER 1: driver: 1606618795532	DeferredSave.extensions.json	DEBUG	Save changes
2020-11-28 20:59:55,608 - Process-3  [log-interceptor-1] - selenium_firefox     - DEBUG   : BROWSER 1: driver: 1606618795532	addons.xpi	DEBUG	Updating database with changes to installed add-ons
2020-11-28 20:59:55,609 - Process-3  [log-interceptor-1] - selenium_firefox     - DEBUG   : BROWSER 1: driver: 1606618795532	addons.xpi-utils	DEBUG	Updating add-on states
2020-11-28 20:59:55,610 - Process-3  [log-interceptor-1] - selenium_firefox     - DEBUG   : BROWSER 1: driver: 1606618795536	addons.xpi-utils	DEBUG	Writing add-ons list
2020-11-28 20:59:55,610 - Process-3  [log-interceptor-1] - selenium_firefox     - DEBUG   : BROWSER 1: driver: 1606618795544	addons.xpi	DEBUG	Registering manifest for /tmp/rust_mozprofile.XaPsyx20zPq3/extensions/@openwpm
2020-11-28 20:59:55,610 - Process-3  [log-interceptor-1] - selenium_firefox     - DEBUG   : BROWSER 1: driver: 1606618795548	addons.xpi	DEBUG	Calling bootstrap method startup on @openwpm version 0.0.1
2020-11-28 20:59:55,611 - Process-3  [log-interceptor-1] - selenium_firefox     - DEBUG   : BROWSER 1: driver: 1606618795586	addons.xpi	DEBUG	Registering manifest for /home/maazbinmusa/Desktop/20v50/firefox-bin/browser/features/aushelper@mozilla.org.xpi
2020-11-28 20:59:55,611 - Process-3  [log-interceptor-1] - selenium_firefox     - DEBUG   : BROWSER 1: driver: 1606618795586	addons.xpi	DEBUG	Calling bootstrap method startup on aushelper@mozilla.org version 2.0
2020-11-28 20:59:55,611 - Process-3  [log-interceptor-1] - selenium_firefox     - DEBUG   : BROWSER 1: driver: 1606618795588	addons.xpi	DEBUG	Registering manifest for /home/maazbinmusa/Desktop/20v50/firefox-bin/browser/features/e10srollout@mozilla.org.xpi
2020-11-28 20:59:55,611 - Process-3  [log-interceptor-1] - selenium_firefox     - DEBUG   : BROWSER 1: driver: 1606618795588	addons.xpi	DEBUG	Calling bootstrap method startup on e10srollout@mozilla.org version 1.10
2020-11-28 20:59:55,611 - Process-3  [log-interceptor-1] - selenium_firefox     - DEBUG   : BROWSER 1: driver: 1606618795590	addons.xpi	DEBUG	Registering manifest for /home/maazbinmusa/Desktop/20v50/firefox-bin/browser/features/firefox@getpocket.com.xpi
2020-11-28 20:59:55,611 - Process-3  [log-interceptor-1] - selenium_firefox     - DEBUG   : BROWSER 1: driver: 1606618795592	addons.xpi	DEBUG	Calling bootstrap method startup on firefox@getpocket.com version 1.0.5
2020-11-28 20:59:55,611 - Process-3  [log-interceptor-1] - selenium_firefox     - DEBUG   : BROWSER 1: driver: 1606618795592	addons.xpi	DEBUG	Registering manifest for /home/maazbinmusa/Desktop/20v50/firefox-bin/browser/features/webcompat@mozilla.org.xpi
2020-11-28 20:59:55,611 - Process-3  [log-interceptor-1] - selenium_firefox     - DEBUG   : BROWSER 1: driver: 1606618795594	addons.xpi	DEBUG	Calling bootstrap method startup on webcompat@mozilla.org version 1.0
2020-11-28 20:59:55,612 - Process-3  [log-interceptor-1] - selenium_firefox     - DEBUG   : BROWSER 1: driver: 1606618795598	addons.manager	DEBUG	Registering shutdown blocker for XPIProvider
2020-11-28 20:59:55,612 - Process-3  [log-interceptor-1] - selenium_firefox     - DEBUG   : BROWSER 1: driver: 1606618795598	addons.manager	DEBUG	Provider finished startup: XPIProvider
2020-11-28 20:59:55,612 - Process-3  [log-interceptor-1] - selenium_firefox     - DEBUG   : BROWSER 1: driver: 1606618795598	addons.manager	DEBUG	Starting provider: LightweightThemeManager
2020-11-28 20:59:55,612 - Process-3  [log-interceptor-1] - selenium_firefox     - DEBUG   : BROWSER 1: driver: 1606618795598	addons.manager	DEBUG	Registering shutdown blocker for LightweightThemeManager
2020-11-28 20:59:55,612 - Process-3  [log-interceptor-1] - selenium_firefox     - DEBUG   : BROWSER 1: driver: 1606618795600	addons.manager	DEBUG	Provider finished startup: LightweightThemeManager
2020-11-28 20:59:55,662 - Process-3  [MainThread] - BaseAggregator       - DEBUG   : Status update; current record queue size: 0
2020-11-28 21:00:00,668 - Process-3  [MainThread] - BaseAggregator       - DEBUG   : Status update; current record queue size: 0
2020-11-28 21:00:00,875 - Process-3  [MainThread] - FirefoxExtension     - DEBUG   : Cookie instrumentation enabled
2020-11-28 21:00:00,875 - Process-3  [MainThread] - FirefoxExtension     - DEBUG   : HTTP Instrumentation enabled
2020-11-28 21:00:00,966 - Process-3  [MainThread] - BrowserManager       - DEBUG   : BROWSER 1: Looking for extension port information in /tmp/rust_mozprofile.XaPsyx20zPq3/
2020-11-28 21:00:00,966 - Process-3  [MainThread] - BrowserManager       - DEBUG   : BROWSER 1: Connecting to extension on port 40971
2020-11-28 21:00:00,966 - Process-3  [MainThread] - BrowserManager       - DEBUG   : BROWSER 1: BrowserManager ready.
2020-11-28 21:00:00,969 - Process-3  [MainThread] - BrowserManager       - DEBUG   : BROWSER 1: Browser spawn sucessful!
2020-11-28 21:00:03,241 - Process-3  [MainThread] - TaskManager          - INFO    : 

OpenWPM Version: 9a70964
Firefox Version: 52.9.0

========== Manager Configuration ==========
{
  "aggregator_address": [
    "127.0.0.1",
    51967
  ],
  "data_directory": "/home/maazbinmusa/Desktop/20v50/data/20_50/control_5_3",
  "database_name": "/home/maazbinmusa/Desktop/20v50/data/20_50/control_5_3/2_crawl-data.sqlite",
  "failure_limit": null,
  "log_directory": "/home/maazbinmusa/Desktop/20v50/data/20_50/control_5_3",
  "log_file": "/home/maazbinmusa/Desktop/20v50/data/20_50/control_5_3/openwpm.log",
  "logger_address": [
    "127.0.0.1",
    57003
  ],
  "num_browsers": 1,
  "output_format": "local",
  "screenshot_path": "/home/maazbinmusa/Desktop/20v50/data/20_50/control_5_3/screenshots",
  "source_dump_path": "/home/maazbinmusa/Desktop/20v50/data/20_50/control_5_3/sources",
  "testing": false
}

========== Browser Configuration ==========
Keys:
{
  "crawl_id": 0,
  "Ad_Sites": 1,
  "Browser_Config": 2,
  "Browser_Config_Def": 3,
  "Intent": 4,
  "Intent_Sites": 5,
  "Manager_Config": 6,
  "Manager_Config_Def": 7,
  "Number_of_Browsers": 8,
  "Persona_Name": 9,
  "Persona_Numb": 10,
  "Persona_Path": 11,
  "Sites": 12,
  "Storage_File": 13,
  "adblock-plus": 14,
  "bot_mitigation": 15,
  "browser": 16,
  "cookie_instrument": 17,
  "disable_flash": 18,
  "disconnect": 19,
  "donottrack": 20,
  "extension_enabled": 21,
  "ghostery": 22,
  "headless": 23,
  "http_instrument": 24,
  "https-everywhere": 25,
  "js_instrument": 26,
  "prefs": 27,
  "random_attributes": 28,
  "save_all_content": 29,
  "save_javascript": 30,
  "storage_file": 31,
  "tp_cookies": 32,
  "tracking-protection": 33,
  "ublock-origin": 34
}

  0  1                                 2                                                     3                            4         5    6                                                     7                              8  9               10  11             12    13          14     15    16       17    18     19     20     21    22     23    24    25     26     27    28     29     30     31          32      33     34
---  --------------------------------  ----------------------------------------------------  ---------------------------  --------  ---  ----------------------------------------------------  ---------------------------  ---  ------------  ----  -------------  ----  ----------  -----  ----  -------  ----  -----  -----  -----  ----  -----  ----  ----  -----  -----  ----  -----  -----  -----  ----------  ------  -----  -----
  1  [u'https://www.accuweather.com']  config/20_50/Control/5_Control_browser_params_3.json  default_browser_params.json  NoIntent  []   config/20_50/Control/5_Control_manager_params_3.json  default_manager_params.json    1  Control.json     3  data/personas  []    storage.js  False  True  firefox  True  False  False  False  True  False  True  True  False  False  {}    False  False  False  storage.js  always  False  False

========== Input profile tar files ==========
  No profile tar files specified

========== Output (archive) profile dirs ==========
{
  "1": "data/20_50/control_5_3"
}


2020-11-28 21:00:03,242 - Process-3  [MainThread] - TaskManager          - DEBUG   : Checking command failure status indicator...
2020-11-28 21:00:03,343 - Process-3  [MainThread] - BrowserManager       - DEBUG   : BROWSER 1: Joining command thread
2020-11-28 21:00:03,346 - Process-3  [MainThread] - BrowserManager       - INFO    : BROWSER 1: EXECUTING COMMAND: ('GET', u'https://www.accuweather.com', 1, 1)
2020-11-28 21:00:03,404 - Process-3  [MainThread] - FirefoxExtension     - DEBUG   : Visit Id: 1
2020-11-28 21:00:05,926 - Process-3  [MainThread] - BaseAggregator       - DEBUG   : Status update; current record queue size: 142
2020-11-28 21:00:11,296 - Process-3  [MainThread] - BaseAggregator       - DEBUG   : Status update; current record queue size: 110
2020-11-28 21:00:16,639 - Process-3  [MainThread] - BaseAggregator       - DEBUG   : Status update; current record queue size: 101
2020-11-28 21:00:21,946 - Process-3  [MainThread] - BaseAggregator       - DEBUG   : Status update; current record queue size: 55
2020-11-28 21:00:22,544 - Process-3  [MainThread] - FirefoxExtension     - DEBUG   : POST request parser: unknown stream type
2020-11-28 21:00:24,863 - Process-3  [MainThread] - FirefoxExtension     - DEBUG   : POST request parser: unknown stream type
2020-11-28 21:00:27,267 - Process-3  [MainThread] - BaseAggregator       - DEBUG   : Status update; current record queue size: 3
2020-11-28 21:00:32,540 - Process-3  [MainThread] - BaseAggregator       - DEBUG   : Status update; current record queue size: 2
2020-11-28 21:00:36,839 - Process-3  [MainThread] - BrowserManager       - INFO    : BROWSER 1: EXECUTING COMMAND: ('RUN_CUSTOM_FUNCTION', <function callGet at 0x7f73d4c97d50>, (u'data/20_50/control_5_3', '2'))
2020-11-28 21:00:36,894 - Process-3  [MainThread] - BrowserManager       - INFO    : BROWSER 1: EXECUTING COMMAND: ('RUN_CUSTOM_FUNCTION', <function real_time_ad at 0x7f73cf6e0150>, (u'data/20_50/control_5_3', '2'))
2020-11-28 21:00:37,816 - Process-3  [MainThread] - BaseAggregator       - DEBUG   : Status update; current record queue size: 3
2020-11-28 21:00:37,948 - Process-3  [MainThread] - BrowserManager       - INFO    : BROWSER 1: EXECUTING COMMAND: ('RUN_CUSTOM_FUNCTION', <function real_time_img at 0x7f73cf6e01d0>, (u'data/20_50/control_5_3', '2'))
2020-11-28 21:00:38,041 - Process-3  [MainThread] - FirefoxExtension     - DEBUG   : POST request parser: unknown stream type
